111111111001111000011111000110101101000010000101010101011011011110111011011011111010101100000100
111111000001111101111011111101111100000010000101010101011011011110111011011011111010101100000100
111110111010001100100101000001100000000010000101010101011011011110111011011011111010101100000100
111110100000110011101010011110110011000010000101010101011011011110111011011011111010101100000100
111110011111111110011111101000110001000010000101010101011011011110111011011011111010101100000100
111110011011011110001011000111110001000010000101010101011011011110111011011011111010101100000100
111101111010010010110000111110000111000010000101010101011011011110111011011011111010101100000100
111101100011100010011011100111010111000010000101010101011011011110111011011011111010101100000100
111100111001101111010010001011100000000010000101010101011011011110111011011011111010101100000100
111100110101101100101000011101001011000010000101010101011011011110111011011011111010101100000100
111011100110010000101101001010110011000010000101010101011011011110111011011011111010101100000100
111011011011111010010010111111100001000010000101010101011011011110111011011011111010101100000100
111011011011000101011100111000000000000010000101010101011011011110111011011011111010101100000100
111011001101010010110110110011000010000010000101010101011011011110111011011011111010101100000100
111010101111000110110011101110101000000010000101010101011011011110111011011011111010101100000100
111001010111110110111011100110010010000010000101010101011011011110111011011011111010101100000100
111000010000101011101000111100001011000010000101010101011011011110111011011011111010101100000100
111000001110011000111110111110001110000010000101010101011011011110111011011011111010101100000100
110111110111010100000010111010000100000010000101010101011011011110111011011011111010101100000100
110110110001100001100111110010010110000010000101010101011011011110111011011011111010101100000100
110110101111110010111101100011110101000010000101010101011011011110111011011011111010101100000100
110110000011001000010010101000000011000010000101010101011011011110111011011011111010101100000100
110101010000100100011011100100101001000010000101010101011011011110111011011011111010101100000100
110101000000011010011110101101111000000010000101010101011011011110111011011011111010101100000100
110100101010111111010011001000111100000010000101010101011011011110111011011011111010101100000100
110100011011101110000101111100100010000010000101010101011011011110111011011011111010101100000100
110100000110001011111101110011010111000010000101010101011011011110111011011011111010101100000100
110100000101101100010101101101101110000010000101010101011011011110111011011011111010101100000100
110011110000101111100100001011011011000010000101010101011011011110111011011011111010101100000100
110011100101101101001001111101110010000010000101010101011011011110111011011011111010101100000100
110011011110110101101100101100100011000010000101010101011011011110111011011011111010101100000100
110011001000010100000011010110101101000010000101010101011011011110111011011011111010101100000100
110010100011001010110011001101110111000010000101010101011011011110111011011011111010101100000100
110001110100100010001001111101110001000010000101010101011011011110111011011011111010101100000100
110000101100001111010101111111111111000010000101010101011011011110111011011011111010101100000100
110000011001110100000000010001010100000010000101010101011011011110111011011011111010101100000100
110000010111111000111000111100011111000010000101010101011011011110111011011011111010101100000100
110000001110010010000011001111110000000010000101010101011011011110111011011011111010101100000100
101111110001001100000010001010011001000010000101010101011011011110111011011011111010101100000100
101111011111100110100100110101111010000010000101010101011011011110111011011011111010101100000100
101111010010010000101000100010010010000010000101010101011011011110111011011011111010101100000100
101111000100100010010101000100011110000010000101010101011011011110111011011011111010101100000100
101110110001100000110100100100101000000010000101010101011011011110111011011011111010101100000100
101110101011000101010000000101010011000010000101010101011011011110111011011011111010101100000100
101101101001100101110100100101001001000010000101010101011011011110111011011011111010101100000100
101100110011111000011111100101100000000010000101010101011011011110111011011011111010101100000100
101100010110010111011110000010111000000010000101010101011011011110111011011011111010101100000100
101100010101100000100111011001110100000010000101010101011011011110111011011011111010101100000100
101100010001110011010011110100010100000010000101010101011011011110111011011011111010101100000100
101100000110001111011001001100100110000010000101010101011011011110111011011011111010101100000100
101100000011010001111110001100111100000010000101010101011011011110111011011011111010101100000100
101011101100110001010011010111111111000010000101010101011011011110111011011011111010101100000100
101011101001010001001010011010111111000010000101010101011011011110111011011011111010101100000100
101011100010100001100010110111010000000010000101010101011011011110111011011011111010101100000100
101011001010000100110101111101110011000010000101010101011011011110111011011011111010101100000100
101010111110011110010010110010000010000010000101010101011011011110111011011011111010101100000100
101010111011111100100100101000001000000010000101010101011011011110111011011011111010101100000100
101010010010001011000001000001010010000010000101010101011011011110111011011011111010101100000100
101001111011010101100011010001110000000010000101010101011011011110111011011011111010101100000100
101001101110100100110111010010111101000010000101010101011011011110111011011011111010101100000100
101001010101010101010001101010010011000010000101010101011011011110111011011011111010101100000100
101000010000001110110010001001111110000010000101010101011011011110111011011011111010101100000100
100111110011101011001100101000011110000010000101010101011011011110111011011011111010101100000100
100111101110000100011111011111111010000010000101010101011011011110111011011011111010101100000100
100111101101000111101001000010101001000010000101010101011011011110111011011011111010101100000100
100111100101110011010010101100001100000010000101010101011011011110111011011011111010101100000100
100111011011100110100111111001100010000010000101010101011011011110111011011011111010101100000100
100111010101101011101110100110001010000010000101010101011011011110111011011011111010101100000100
100111010001010001100011001001101111000010000101010101011011011110111011011011111010101100000100
100111000111001110011101000000110100000010000101010101011011011110111011011011111010101100000100
100110111010000011110001000110011000000010000101010101011011011110111011011011111010101100000100
100110111001111111101110100111100001000010000101010101011011011110111011011011111010101100000100
100110101000110000111010000100110111000010000101010101011011011110111011011011111010101100000100
100110011101110000000111001100110001000010000101010101011011011110111011011011111010101100000100
100110010001000100001011111010101001000010000101010101011011011110111011011011111010101100000100
100101111011100110111001001110001101000010000101010101011011011110111011011011111010101100000100
100101110011101111010110111100111010000010000101010101011011011110111011011011111010101100000100
100101101110100101000001110011011011000010000101010101011011011110111011011011111010101100000100
100101101100011000110010010101001100000010000101010101011011011110111011011011111010101100000100
100101000011100000110110110000110001000010000101010101011011011110111011011011111010101100000100
100100100010110101000111111001101011000010000101010101011011011110111011011011111010101100000100
100100100001101010100010100110000001000010000101010101011011011110111011011011111010101100000100
100100001010000011111011010101101011000010000101010101011011011110111011011011111010101100000100
100011111110011110110110101101100110000010000101010101011011011110111011011011111010101100000100
100011100011101100110001111011111100000010000101010101011011011110111011011011111010101100000100
100001110110101100001001100010110000000010000101010101011011011110111011011011111010101100000100
100001010110101001100101001111111100000010000101010101011011011110111011011011111010101100000100
100001010001000110100100001111111110000010000101010101011011011110111011011011111010101100000100
100001010000001110000110100101011001000010000101010101011011011110111011011011111010101100000100
100000110101001110000000110111000010000010000101010101011011011110111011011011111010101100000100
100000010100001001011010001010010100000010000101010101011011011110111011011011111010101100000100
100000010011110010000011011001101001000010000101010101011011011110111011011011111010101100000100
100000001111100011110011011011111100000010000101010101011011011110111011011011111010101100000100
011111111001111111001011100010000111000010000101010101011011011110111011011011111010101100000100
011111110101101101110000010001001101000010000101010101011011011110111011011011111010101100000100
011111100101001011100101100010111100000010000101010101011011011110111011011011111010101100000100
011110101000000100110100011010111110000010000101010101011011011110111011011011111010101100000100
011110100011000010001001001110110001000010000101010101011011011110111011011011111010101100000100
011110011100111101011000001000010001000010000101010101011011011110111011011011111010101100000100
011101110001111100000010100111000000000010000101010101011011011110111011011011111010101100000100
011101011000001110111000000000000111000010000101010101011011011110111011011011111010101100000100
011101010111001100100100000011011100000010000101010101011011011110111011011011111010101100000100
011100111101000111011100011101001100000010000101010101011011011110111011011011111010101100000100
011100010110000010101011110011100101000010000101010101011011011110111011011011111010101100000100
011100000100001011101111110010101111000010000101010101011011011110111011011011111010101100000100
011011111111011011100010001101010010000010000101010101011011011110111011011011111010101100000100
011011111110000101000011110101010000000010000101010101011011011110111011011011111010101100000100
011010111011000111110100111101111001000010000101010101011011011110111011011011111010101100000100
011010101101111110010100010101111010000010000101010101011011011110111011011011111010101100000100
011010100110001100011001101000011110000010000101010101011011011110111011011011111010101100000100
011010011111101101011110100101000011000010000101010101011011011110111011011011111010101100000100
011010010100011010111000000100010010000010000101010101011011011110111011011011111010101100000100
011010010010011011111011110001111111000010000101010101011011011110111011011011111010101100000100
011001110101010111111100010010111100000010000101010101011011011110111011011011111010101100000100
011001011001001010001111000010010111000010000101010101011011011110111011011011111010101100000100
011001010011100011101000000010100101000010000101010101011011011110111011011011111010101100000100
011001001010101001000001111010111110000010000101010101011011011110111011011011111010101100000100
011000110101001100110000110010000000000010000101010101011011011110111011011011111010101100000100
010111110110010111111100111101000111000010000101010101011011011110111011011011111010101100000100
010111110011100101000010101001011111000010000101010101011011011110111011011011111010101100000100
010111011111111100110110000100101110000010000101010101011011011110111011011011111010101100000100
010111000000111011010010011010100010000010000101010101011011011110111011011011111010101100000100
010110111010111110011011100000111001000010000101010101011011011110111011011011111010101100000100
010110100001001101001010111010100001000010000101010101011011011110111011011011111010101100000100
010110010011011001110111111011100010000010000101010101011011011110111011011011111010101100000100
010101100100111110111011111110111100000010000101010101011011011110111011011011111010101100000100
010101000000101101111010001011010101000010000101010101011011011110111011011011111010101100000100
010100100010001111111111101001101111000010000101010101011011011110111011011011111010101100000100
010100010111000100010010101000010100000010000101010101011011011110111011011011111010101100000100
010011001001100110101011000011011100000010000101010101011011011110111011011011111010101100000100
010010111011000011001001111110101011000010000101010101011011011110111011011011111010101100000100
010010001100111100000111101000111001000010000101010101011011011110111011011011111010101100000100
010001110001000110001100010000100010000010000101010101011011011110111011011011111010101100000100
010001101100011100110100011001110100000010000101010101011011011110111011011011111010101100000100
010001011100110000100101100001011111000010000101010101011011011110111011011011111010101100000100
010000110101001101011001101000110011000010000101010101011011011110111011011011111010101100000100
010000011111001110111001000100010110000010000101010101011011011110111011011011111010101100000100
010000011111001101101100110010010100000010000101010101011011011110111011011011111010101100000100
001111110110110110000000101111101101000010000101010101011011011110111011011011111010101100000100
001111100010011000000001110101111111000010000101010101011011011110111011011011111010101100000100
001111100000010001101111001100010110000010000101010101011011011110111011011011111010101100000100
001111001110111100100100101111110011000010000101010101011011011110111011011011111010101100000100
001111000111110100100100011101110010000010000101010101011011011110111011011011111010101100000100
001111000101001111100101101100110011000010000101010101011011011110111011011011111010101100000100
001110111110011000111101111001101100000010000101010101011011011110111011011011111010101100000100
001110110101011101000011011100101111000010000101010101011011011110111011011011111010101100000100
001110011101010110110000010000100000000010000101010101011011011110111011011011111010101100000100
001110010011101011000000011001001001000010000101010101011011011110111011011011111010101100000100
001110001000011100001100011001110100000010000101010101011011011110111011011011111010101100000100
001110000011100000100010101111110000000010000101010101011011011110111011011011111010101100000100
001101100001011001000011101100000101000010000101010101011011011110111011011011111010101100000100
001100110100001101011111111111010111000010000101010101011011011110111011011011111010101100000100
001100100001101101001011111101101101000010000101010101011011011110111011011011111010101100000100
001100010001101011110111101111010000000010000101010101011011011110111011011011111010101100000100
001100001011011011011111000100110101000010000101010101011011011110111011011011111010101100000100
001100001000011011001100010110100110000010000101010101011011011110111011011011111010101100000100
001100000011110110011010001100110000000010000101010101011011011110111011011011111010101100000100
001011101011101111001001001010010000000010000101010101011011011110111011011011111010101100000100
001011010101101011101110001011000111000010000101010101011011011110111011011011111010101100000100
001010111110010010011111110000001011000010000101010101011011011110111011011011111010101100000100
001010100001000101100000101111110011000010000101010101011011011110111011011011111010101100000100
001010011011010011010101000110011100000010000101010101011011011110111011011011111010101100000100
001010000101110101001010100001111011000010000101010101011011011110111011011011111010101100000100
001001101000100111100010011001101110000010000101010101011011011110111011011011111010101100000100
001001001000110100111000100011111000000010000101010101011011011110111011011011111010101100000100
001000111010000001101110000010000111000010000101010101011011011110111011011011111010101100000100
001000010110101010110110111000110010000010000101010101011011011110111011011011111010101100000100
000111010101010011010100100010111101000010000101010101011011011110111011011011111010101100000100
000111010000000001011101001000010101000010000101010101011011011110111011011011111010101100000100
000111001011101100010110111100001000000010000101010101011011011110111011011011111010101100000100
000111000001000111111110011010010010000010000101010101011011011110111011011011111010101100000100
000110110001001110000111100010101001000010000101010101011011011110111011011011111010101100000100
000110100111001100101100101100110111000010000101010101011011011110111011011011111010101100000100
000110001010000001110001001010001010000010000101010101011011011110111011011011111010101100000100
000101110010011111000111111000100101000010000101010101011011011110111011011011111010101100000100
000101101110100001011111101001111110000010000101010101011011011110111011011011111010101100000100
000101101010011001100100001100101111000010000101010101011011011110111011011011111010101100000100
000101100100111000111110000011110000000010000101010101011011011110111011011011111010101100000100
000101100011000111001010010000001111000010000101010101011011011110111011011011111010101100000100
000101001011111101110110010001011101000010000101010101011011011110111011011011111010101100000100
000100001011111110000011111111000000000010000101010101011011011110111011011011111010101100000100
000100000101100111101111010101011001000010000101010101011011011110111011011011111010101100000100
000100000011011011010011001010101001000010000101010101011011011110111011011011111010101100000100
000100000011010010111001101111010000000010000101010101011011011110111011011011111010101100000100
000011111111110100001001100010110110000010000101010101011011011110111011011011111010101100000100
000011001011100000110000001100010110000010000101010101011011011110111011011011111010101100000100
000011001000010110100011110000100111000010000101010101011011011110111011011011111010101100000100
000010011110011001001110011111100001000010000101010101011011011110111011011011111010101100000100
000010001100010100000101110001100101000010000101010101011011011110111011011011111010101100000100
000010000000001100011011111111000111000010000101010101011011011110111011011011111010101100000100
000001011111011001010111101111010101000010000101010101011011011110111011011011111010101100000100
000001001101101100011011000110101101000010000101010101011011011110111011011011111010101100000100
000001000001101110001010001001111000000010000101010101011011011110111011011011111010101100000100
000000111011001011111110110010001011000010000101010101011011011110111011011011111010101100000100
000000110111111010100100111101110010000010000101010101011011011110111011011011111010101100000100
000000110110010001010101101111111110000010000101010101011011011110111011011011111010101100000100
000000011111010010110011110001001001000010000101010101011011011110111011011011111010101100000100
000000010101001010100110010110101101000010000101010101011011011110111011011011111010101100000100
000000001000110110000010001100010001000010000101010101011011011110111011011011111010101100000100
000000000011011000000101011011011111000010000101010101011011011110111011011011111010101100000100
