111110000010000101011000010000000011011011111010010100000100111111110100100010010101110101011111
111110000010000101011000010000000011011011111010010100000100111111110000001110011110101101111010
111110000010000101011000010000000011011011111010010100000100111111101011011110110101111110010110
111110000010000101011000010000000011011011111010010100000100111111100111011100000010100011000001
111110000010000101011000010000000011011011111010010100000100111111100101110010101111010001011001
111110000010000101011000010000000011011011111010010100000100111111100001001001011110100111010110
111110000010000101011000010000000011011011111010010100000100111110111001010000010111010001001001
111110000010000101011000010000000011011011111010010100000100111110110100100110011011011001101101
111110000010000101011000010000000011011011111010010100000100111110110000001001101100010010001111
111110000010000101011000010000000011011011111010010100000100111110100111111101011111000111111011
111110000010000101011000010000000011011011111010010100000100111110011101011111010110100011111000
111110000010000101011000010000000011011011111010010100000100111110010101010101110111110001010000
111110000010000101011000010000000011011011111010010100000100111110001001010110001011111001011011
111110000010000101011000010000000011011011111010010100000100111110001001000010100110101101100100
111110000010000101011000010000000011011011111010010100000100111110000011111111011001011101000101
111110000010000101011000010000000011011011111010010100000100111101111001110110011000101111111011
111110000010000101011000010000000011011011111010010100000100111101101011110001110011011101001111
111110000010000101011000010000000011011011111010010100000100111101101011100011010111111110001011
111110000010000101011000010000000011011011111010010100000100111101100001101010001001101101100110
111110000010000101011000010000000011011011111010010100000100111101010101111100010000001000010001
111110000010000101011000010000000011011011111010010100000100111101010100100101101111001100010100
111110000010000101011000010000000011011011111010010100000100111101010001111001010110110101101001
111110000010000101011000010000000011011011111010010100000100111101001001000000111111100110001101
111110000010000101011000010000000011011011111010010100000100111100111101011011111111111101000100
111110000010000101011000010000000011011011111010010100000100111100110001101010110000111101011101
111110000010000101011000010000000011011011111010010100000100111100110000101010000011110110011111
111110000010000101011000010000000011011011111010010100000100111100011110001101110001000111010110
111110000010000101011000010000000011011011111010010100000100111100000011010011111110110010111111
111110000010000101011000010000000011011011111010010100000100111100000001101110101100000101110001
111110000010000101011000010000000011011011111010010100000100111011111110111110101110100000111010
111110000010000101011000010000000011011011111010010100000100111011111001001011101001001001011010
111110000010000101011000010000000011011011111010010100000100111011110101111100101100101001000010
111110000010000101011000010000000011011011111010010100000100111011110100001011000000101001011011
111110000010000101011000010000000011011011111010010100000100111011110011000101001010110000111010
111110000010000101011000010000000011011011111010010100000100111011101010100000101011010000000010
111110000010000101011000010000000011011011111010010100000100111011100100001011110100010100110001
111110000010000101011000010000000011011011111010010100000100111011011011101000000010000101101001
111110000010000101011000010000000011011011111010010100000100111011000001001101001001111101111001
111110000010000101011000010000000011011011111010010100000100111010110000100001011011100111111100
111110000010000101011000010000000011011011111010010100000100111010110000010110001100011011010000
111110000010000101011000010000000011011011111010010100000100111010011101000111001010100100010111
111110000010000101011000010000000011011011111010010100000100111010011001111101111001110100000011
111110000010000101011000010000000011011011111010010100000100111010011001100011010000010000010111
111110000010000101011000010000000011011011111010010100000100111010011001000000000010010111000011
111110000010000101011000010000000011011011111010010100000100111010010011011100101111000111000100
111110000010000101011000010000000011011011111010010100000100111010000110101011111111011111111111
111110000010000101011000010000000011011011111010010100000100111001111011001000110111100101110010
111110000010000101011000010000000011011011111010010100000100111001110111110110000011100011010110
111110000010000101011000010000000011011011111010010100000100111001110111010111000111100111010100
111110000010000101011000010000000011011011111010010100000100111001110100100110010110011100101001
111110000010000101011000010000000011011011111010010100000100111001100100001110110100110111101001
111110000010000101011000010000000011011011111010010100000100111001100010100001110111011111010011
111110000010000101011000010000000011011011111010010100000100111001100010011001101000111010101011
111110000010000101011000010000000011011011111010010100000100111001010101101011001100100000001000
111110000010000101011000010000000011011011111010010100000100111001001011111000001111000111111011
111110000010000101011000010000000011011011111010010100000100111001001000101001010011011001111111
111110000010000101011000010000000011011011111010010100000100111000110100100000010000110101010000
111110000010000101011000010000000011011011111010010100000100111000101110101100010011000101111100
111110000010000101011000010000000011011011111010010100000100111000100100011001101100110000100100
111110000010000101011000010000000011011011111010010100000100111000000001010111111011110101001001
111110000010000101011000010000000011011011111010010100000100110111111111101100100101101100110101
111110000010000101011000010000000011011011111010010100000100110111111111101010000100010111100101
111110000010000101011000010000000011011011111010010100000100110111110110101110001101111000101010
111110000010000101011000010000000011011011111010010100000100110111110011110100010001011100011010
111110000010000101011000010000000011011011111010010100000100110111101010000001110101010100111100
111110000010000101011000010000000011011011111010010100000100110111011111100001000101100100110111
111110000010000101011000010000000011011011111010010100000100110111011110111110110001000100111110
111110000010000101011000010000000011011011111010010100000100110111001110000111010011001010110101
111110000010000101011000010000000011011011111010010100000100110111000110010100011110001011000001
111110000010000101011000010000000011011011111010010100000100110111000010000111111111010010110100
111110000010000101011000010000000011011011111010010100000100110110101001011001001000011111110001
111110000010000101011000010000000011011011111010010100000100110110010101000111111110000101111000
111110000010000101011000010000000011011011111010010100000100110110010000100001001110101001010111
111110000010000101011000010000000011011011111010010100000100110110001101010110001110000000101010
111110000010000101011000010000000011011011111010010100000100110110001010010001000000000010101100
111110000010000101011000010000000011011011111010010100000100110101100101001100001111100011000111
111110000010000101011000010000000011011011111010010100000100110101000001101101000000010011100100
111110000010000101011000010000000011011011111010010100000100110100100010111111000000011110001001
111110000010000101011000010000000011011011111010010100000100110100011110101101011100101001111011
111110000010000101011000010000000011011011111010010100000100110100011000010001110101001000010110
111110000010000101011000010000000011011011111010010100000100110100010101101000110111001011110001
111110000010000101011000010000000011011011111010010100000100110100010010011001110001110101100011
111110000010000101011000010000000011011011111010010100000100110100010000100110101011101101100111
111110000010000101011000010000000011011011111010010100000100110100001111111011111001001100011100
111110000010000101011000010000000011011011111010010100000100110100001111011101001000110011010110
111110000010000101011000010000000011011011111010010100000100110100001110000011110011000111000010
111110000010000101011000010000000011011011111010010100000100110100001010000001101011101110011001
111110000010000101011000010000000011011011111010010100000100110100000010001010111110011001010110
111110000010000101011000010000000011011011111010010100000100110011111110110110011111101011110100
111110000010000101011000010000000011011011111010010100000100110011101011101001111010111011100011
111110000010000101011000010000000011011011111010010100000100110011100011110010100111010011101001
111110000010000101011000010000000011011011111010010100000100110011010100100000000100111001101110
111110000010000101011000010000000011011011111010010100000100110011001111110010110000111000010001
111110000010000101011000010000000011011011111010010100000100110011001111001110110011001110000010
111110000010000101011000010000000011011011111010010100000100110011001000011011101111001010101010
111110000010000101011000010000000011011011111010010100000100110010111110001010101111001110100010
111110000010000101011000010000000011011011111010010100000100110010111001100110100101011011000010
111110000010000101011000010000000011011011111010010100000100110010110010011001001010110111110011
111110000010000101011000010000000011011011111010010100000100110010101110110001010001111011011111
111110000010000101011000010000000011011011111010010100000100110010100011100110111111011110100100
111110000010000101011000010000000011011011111010010100000100110010010010001101110111011000111100
111110000010000101011000010000000011011011111010010100000100110010000001101011110110100001011100
111110000010000101011000010000000011011011111010010100000100110001111011001000000001101011111110
111110000010000101011000010000000011011011111010010100000100110001110000001011000110001011110111
111110000010000101011000010000000011011011111010010100000100110001100110001111101010111011101010
111110000010000101011000010000000011011011111010010100000100110001100001010010000100100010011000
111110000010000101011000010000000011011011111010010100000100110001011011111000010111101110010110
111110000010000101011000010000000011011011111010010100000100110001011010011010101100101101111001
111110000010000101011000010000000011011011111010010100000100110001011010000010111110101011001101
111110000010000101011000010000000011011011111010010100000100110001001011001100100100000100001001
111110000010000101011000010000000011011011111010010100000100110001000001000100000010101001100010
111110000010000101011000010000000011011011111010010100000100110000111110101000000110100101110110
111110000010000101011000010000000011011011111010010100000100110000101111110111011100101010101000
111110000010000101011000010000000011011011111010010100000100110000101100000110000100101000001000
111110000010000101011000010000000011011011111010010100000100110000100100111010001010101000111100
111110000010000101011000010000000011011011111010010100000100110000011011000011100110101111010100
111110000010000101011000010000000011011011111010010100000100110000011011000011011000000010000111
111110000010000101011000010000000011011011111010010100000100110000001110111011100100100100111000
111110000010000101011000010000000011011011111010010100000100110000001011110011010000101001110010
111110000010000101011000010000000011011011111010010100000100110000001010100011101010010111101100
111110000010000101011000010000000011011011111010010100000100110000000011001001100011101111000101
111110000010000101011000010000000011011011111010010100000100110000000010100011001101101110111000
111110000010000101011000010000000011011011111010010100000100101111111100101000111110101100011101
111110000010000101011000010000000011011011111010010100000100101111111010100111111100110110011100
111110000010000101011000010000000011011011111010010100000100101111110101001110111101100000000110
111110000010000101011000010000000011011011111010010100000100101111010011011011001101011000101000
111110000010000101011000010000000011011011111010010100000100101111001101110000000010000100000011
111110000010000101011000010000000011011011111010010100000100101111001100001010000111110110101100
111110000010000101011000010000000011011011111010010100000100101111000111000000011110100100110010
111110000010000101011000010000000011011011111010010100000100101111000001110111101000000101101111
111110000010000101011000010000000011011011111010010100000100101110110001001001111101100110001011
111110000010000101011000010000000011011011111010010100000100101110101100000100110100011011001111
111110000010000101011000010000000011011011111010010100000100101110010101100100010101111010100001
111110000010000101011000010000000011011011111010010100000100101101111100001110000111011010110110
111110000010000101011000010000000011011011111010010100000100101101101010110011000101101111101111
111110000010000101011000010000000011011011111010010100000100101101100100011001011101001001101011
111110000010000101011000010000000011011011111010010100000100101101011001011111000101011001110110
111110000010000101011000010000000011011011111010010100000100101101010000010100111111111111100101
111110000010000101011000010000000011011011111010010100000100101101001001111000111100100100110001
111110000010000101011000010000000011011011111010010100000100101101000111011000011001011111101000
111110000010000101011000010000000011011011111010010100000100101101000000111001100000111011010100
111110000010000101011000010000000011011011111010010100000100101100110000101111000000001000001110
111110000010000101011000010000000011011011111010010100000100101100100111111101001011011001101101
111110000010000101011000010000000011011011111010010100000100101100011100111110000011100111000100
111110000010000101011000010000000011011011111010010100000100101100011011001000100001010100111110
111110000010000101011000010000000011011011111010010100000100101100001101101100100011111111100100
111110000010000101011000010000000011011011111010010100000100101011111110111010111000010010100011
111110000010000101011000010000000011011011111010010100000100101011111110100100001011111101100111
111110000010000101011000010000000011011011111010010100000100101011111110010101000000101110100110
111110000010000101011000010000000011011011111010010100000100101011111100000101111001011001110110
111110000010000101011000010000000011011011111010010100000100101011110110110100101001011100000000
111110000010000101011000010000000011011011111010010100000100101011110101110011000111001100100100
111110000010000101011000010000000011011011111010010100000100101011110011000010010010111011101101
111110000010000101011000010000000011011011111010010100000100101011011100110000000010110111000001
111110000010000101011000010000000011011011111010010100000100101011011010111100010011010000010110
111110000010000101011000010000000011011011111010010100000100101011001111000100110101100011110001
111110000010000101011000010000000011011011111010010100000100101011000110011100111001111011010110
111110000010000101011000010000000011011011111010010100000100101010111100111011000000101000011110
111110000010000101011000010000000011011011111010010100000100101010111001010111110000011011000010
111110000010000101011000010000000011011011111010010100000100101010110011011100111010100000010011
111110000010000101011000010000000011011011111010010100000100101010101010000011110010010101111111
111110000010000101011000010000000011011011111010010100000100101010100010111000000001010010010000
111110000010000101011000010000000011011011111010010100000100101010011010111000001001001001010000
111110000010000101011000010000000011011011111010010100000100101010011010011110010000110000111111
111110000010000101011000010000000011011011111010010100000100101010000111001010001110100011111001
111110000010000101011000010000000011011011111010010100000100101001110001000001001100100011100111
111110000010000101011000010000000011011011111010010100000100101001110000011000001001101010101101
111110000010000101011000010000000011011011111010010100000100101001101111110000111100100101011101
111110000010000101011000010000000011011011111010010100000100101001101101101101101011011001101000
111110000010000101011000010000000011011011111010010100000100101001101011000110000011011000100011
111110000010000101011000010000000011011011111010010100000100101001101010111001010110110110000111
111110000010000101011000010000000011011011111010010100000100101001100001011110001010111000010100
111110000010000101011000010000000011011011111010010100000100101001011010110100011001100011001000
111110000010000101011000010000000011011011111010010100000100101001010011010010010011010111010111
111110000010000101011000010000000011011011111010010100000100101001001111111010001011100001101101
111110000010000101011000010000000011011011111010010100000100101001001010110110111001001011100011
111110000010000101011000010000000011011011111010010100000100101001000111101000010000111100010100
111110000010000101011000010000000011011011111010010100000100101000110101111011101100000011011010
111110000010000101011000010000000011011011111010010100000100101000100111101100010000100111101100
111110000010000101011000010000000011011011111010010100000100101000011010010001111011100100101110
111110000010000101011000010000000011011011111010010100000100101000011001000101001001001111100000
111110000010000101011000010000000011011011111010010100000100101000010100001001111111111001110110
111110000010000101011000010000000011011011111010010100000100101000001100111011110000010001000101
111110000010000101011000010000000011011011111010010100000100101000001100100010000100010011110011
111110000010000101011000010000000011011011111010010100000100101000000010000011010110100000101101
111110000010000101011000010000000011011011111010010100000100101000000001101000100011011101100101
111110000010000101011000010000000011011011111010010100000100100111111100110000001011101111011010
111110000010000101011000010000000011011011111010010100000100100111110111100010111111101101110110
111110000010000101011000010000000011011011111010010100000100100111110101110110111010100110110010
111110000010000101011000010000000011011011111010010100000100100111100110001001010111010110111100
111110000010000101011000010000000011011011111010010100000100100111100001111010101100110111101111
111110000010000101011000010000000011011011111010010100000100100111011011011100000111100111001100
111110000010000101011000010000000011011011111010010100000100100111011011011010111010100010000100
111110000010000101011000010000000011011011111010010100000100100111011001010010001001101101111110
111110000010000101011000010000000011011011111010010100000100100111010011110111000001010100111010
111110000010000101011000010000000011011011111010010100000100100111001100100110110000011100011011
111110000010000101011000010000000011011011111010010100000100100111000101110101110011000110110001
111110000010000101011000010000000011011011111010010100000100100110111111100000100000011001100110
111110000010000101011000010000000011011011111010010100000100100110111011110101000110101101100000
111110000010000101011000010000000011011011111010010100000100100110111010011100111100100110101010
111110000010000101011000010000000011011011111010010100000100100110111001111001100100010101101000
111110000010000101011000010000000011011011111010010100000100100110110010010100001011110111100101
111110000010000101011000010000000011011011111010010100000100100110011010000011010101010000101010
111110000010000101011000010000000011011011111010010100000100100110010100001101001101110000111010
111110000010000101011000010000000011011011111010010100000100100110010011010010100011010011010010
111110000010000101011000010000000011011011111010010100000100100110001111110111110001110110101111
111110000010000101011000010000000011011011111010010100000100100110000101110110101000111000001100
111110000010000101011000010000000011011011111010010100000100100110000011100111101010011100000111
111110000010000101011000010000000011011011111010010100000100100101110001101000010101001010100000
111110000010000101011000010000000011011011111010010100000100100101101001101010101010110111100000
111110000010000101011000010000000011011011111010010100000100100101100000100110000010111101000001
111110000010000101011000010000000011011011111010010100000100100100111100101100011100111101111001
111110000010000101011000010000000011011011111010010100000100100100111100000001101010100000011101
111110000010000101011000010000000011011011111010010100000100100100110000100001100100001111101100
111110000010000101011000010000000011011011111010010100000100100100101111001101111010000001101101
111110000010000101011000010000000011011011111010010100000100100100101110010111110000011101101101
111110000010000101011000010000000011011011111010010100000100100100011111111011110100100010100100
111110000010000101011000010000000011011011111010010100000100100100010110101110000010010011110011
111110000010000101011000010000000011011011111010010100000100100100000000011011010101011011011000
111110000010000101011000010000000011011011111010010100000100100100000000011000110111010010101011
111110000010000101011000010000000011011011111010010100000100100011101101010100110100001100001001
111110000010000101011000010000000011011011111010010100000100100011101010101101101010110100110100
111110000010000101011000010000000011011011111010010100000100100011100110011000000000101101110011
111110000010000101011000010000000011011011111010010100000100100011011011100101000001101100111100
111110000010000101011000010000000011011011111010010100000100100011011000110011011010110010011010
111110000010000101011000010000000011011011111010010100000100100011010110100100111111111101111100
111110000010000101011000010000000011011011111010010100000100100011001101111100101011000111001101
111110000010000101011000010000000011011011111010010100000100100011000000011001101011111011110110
111110000010000101011000010000000011011011111010010100000100100010111111000100001011111101010110
111110000010000101011000010000000011011011111010010100000100100010110110100010010110001111000111
111110000010000101011000010000000011011011111010010100000100100010101101000011110000010000000011
111110000010000101011000010000000011011011111010010100000100100010100100000000111100011001100110
111110000010000101011000010000000011011011111010010100000100100010011101100001110010100011010000
111110000010000101011000010000000011011011111010010100000100100010011000110010100000010111101111
111110000010000101011000010000000011011011111010010100000100100010010110101010010111000001010110
111110000010000101011000010000000011011011111010010100000100100010001001100010110110011110011001
111110000010000101011000010000000011011011111010010100000100100010000000110000110101111101110000
111110000010000101011000010000000011011011111010010100000100100001111111100001110011111101110000
111110000010000101011000010000000011011011111010010100000100100001110110010100001001000010101010
111110000010000101011000010000000011011011111010010100000100100001100101000111111001111111110010
111110000010000101011000010000000011011011111010010100000100100001011001111000011101010001001011
111110000010000101011000010000000011011011111010010100000100100001001110001101010011001011001010
111110000010000101011000010000000011011011111010010100000100100001000101011001001110100101101010
111110000010000101011000010000000011011011111010010100000100100001000010110110100101101011001001
111110000010000101011000010000000011011011111010010100000100100000111011110110111101100011101011
111110000010000101011000010000000011011011111010010100000100100000111011110011100111111000011100
111110000010000101011000010000000011011011111010010100000100100000111001110111011111111101000100
111110000010000101011000010000000011011011111010010100000100100000111000001100110101111000010111
111110000010000101011000010000000011011011111010010100000100100000110100111010010101000100100001
111110000010000101011000010000000011011011111010010100000100100000110100011000001100101101110111
111110000010000101011000010000000011011011111010010100000100100000100001100010111111001101111101
111110000010000101011000010000000011011011111010010100000100100000011110011001101001011011011010
111110000010000101011000010000000011011011111010010100000100100000011101011101110001111111000111
111110000010000101011000010000000011011011111010010100000100100000011000101000101101010010111100
111110000010000101011000010000000011011011111010010100000100100000010110011011000101000000101000
111110000010000101011000010000000011011011111010010100000100100000000100110011001000000000010100
111110000010000101011000010000000011011011111010010100000100011111111010000001110110111110111101
111110000010000101011000010000000011011011111010010100000100011111110011010011110100011001011101
111110000010000101011000010000000011011011111010010100000100011111110010001000111101011010010110
111110000010000101011000010000000011011011111010010100000100011111101001001100111110000110111011
111110000010000101011000010000000011011011111010010100000100011111101000101100001011000110001100
111110000010000101011000010000000011011011111010010100000100011111100101011001001101000100011111
111110000010000101011000010000000011011011111010010100000100011111100011111100000101100001010010
111110000010000101011000010000000011011011111010010100000100011111011001101110111011001010010101
111110000010000101011000010000000011011011111010010100000100011111010001000000011101100110000101
111110000010000101011000010000000011011011111010010100000100011111001101000000011111011111000100
111110000010000101011000010000000011011011111010010100000100011110101101010011110100010001101100
111110000010000101011000010000000011011011111010010100000100011110011011110000000111000111011100
111110000010000101011000010000000011011011111010010100000100011110011000001000001001110101011111
111110000010000101011000010000000011011011111010010100000100011110010101011110100111111000101111
111110000010000101011000010000000011011011111010010100000100011110010101010101110011000110000011
111110000010000101011000010000000011011011111010010100000100011110001101011001110100110011010110
111110000010000101011000010000000011011011111010010100000100011110000110111011000001101001010000
111110000010000101011000010000000011011011111010010100000100011110000100100001110110011110111011
111110000010000101011000010000000011011011111010010100000100011110000010011010011001101011111101
111110000010000101011000010000000011011011111010010100000100011110000000111011010100011001001011
111110000010000101011000010000000011011011111010010100000100011101110100011001000101110100101001
111110000010000101011000010000000011011011111010010100000100011101100110011110110110011111011100
111110000010000101011000010000000011011011111010010100000100011101100010101100001111000101100000
111110000010000101011000010000000011011011111010010100000100011101010100011011100110110100111101
111110000010000101011000010000000011011011111010010100000100011101000010000000110000111001011110
111110000010000101011000010000000011011011111010010100000100011100111110011110111111000110110001
111110000010000101011000010000000011011011111010010100000100011100110100001111100011001110011010
111110000010000101011000010000000011011011111010010100000100011100110010101001111110001110101001
111110000010000101011000010000000011011011111010010100000100011100101111011010000101101100110100
111110000010000101011000010000000011011011111010010100000100011100011011001110000011100000000010
111110000010000101011000010000000011011011111010010100000100011011111111110000000001011100000001
111110000010000101011000010000000011011011111010010100000100011011110101110001101001100110001011
111110000010000101011000010000000011011011111010010100000100011011110010011110111110100000101011
111110000010000101011000010000000011011011111010010100000100011011011111001101000101001110100100
111110000010000101011000010000000011011011111010010100000100011011011100011111111010111010011000
111110000010000101011000010000000011011011111010010100000100011011011010111001000011101011111111
111110000010000101011000010000000011011011111010010100000100011011010110010000111010101001001111
111110000010000101011000010000000011011011111010010100000100011011010010110110001101110011111100
111110000010000101011000010000000011011011111010010100000100011011001101011111101010101101100100
111110000010000101011000010000000011011011111010010100000100011011001000100111110111010000011100
111110000010000101011000010000000011011011111010010100000100011011000010000001110000110010101111
111110000010000101011000010000000011011011111010010100000100011010111011011101100001101101000100
111110000010000101011000010000000011011011111010010100000100011010110100110000001011000001110100
111110000010000101011000010000000011011011111010010100000100011010110010110100010100101000101100
111110000010000101011000010000000011011011111010010100000100011010100001011111110000101000110111
111110000010000101011000010000000011011011111010010100000100011010011001110111100110011011000111
111110000010000101011000010000000011011011111010010100000100011010010011010111111010011101010100
111110000010000101011000010000000011011011111010010100000100011010001100011111111011110111100111
111110000010000101011000010000000011011011111010010100000100011010001001001110010011000010001100
111110000010000101011000010000000011011011111010010100000100011010000101111011000100100001100101
111110000010000101011000010000000011011011111010010100000100011010000010000001111011111010111101
111110000010000101011000010000000011011011111010010100000100011001110111010101011110000000100110
111110000010000101011000010000000011011011111010010100000100011001110100111010101110110100001001
111110000010000101011000010000000011011011111010010100000100011001101110110011001111110000010010
111110000010000101011000010000000011011011111010010100000100011001101010011011011111100001000001
111110000010000101011000010000000011011011111010010100000100011001100100101100010000000101111011
111110000010000101011000010000000011011011111010010100000100011001100011001101000011001011110101
111110000010000101011000010000000011011011111010010100000100011001011101100101101011000111111011
111110000010000101011000010000000011011011111010010100000100011001011011000100100011100100110000
111110000010000101011000010000000011011011111010010100000100011001010101010100001011010100011011
111110000010000101011000010000000011011011111010010100000100011000111001101100101011100000011000
111110000010000101011000010000000011011011111010010100000100011000110001011010010110110111000101
111110000010000101011000010000000011011011111010010100000100011000101110010100100011101111110110
111110000010000101011000010000000011011011111010010100000100011000101001110101101001111000111010
111110000010000101011000010000000011011011111010010100000100011000100110000111001101011000111101
111110000010000101011000010000000011011011111010010100000100011000011101110011000101111000000110
111110000010000101011000010000000011011011111010010100000100011000000101011001010010000110100100
111110000010000101011000010000000011011011111010010100000100010111110001001010001010000101001110
111110000010000101011000010000000011011011111010010100000100010111101000111001000000011100100110
111110000010000101011000010000000011011011111010010100000100010111100111111111110111101011101110
111110000010000101011000010000000011011011111010010100000100010111000001010010010010010010110110
111110000010000101011000010000000011011011111010010100000100010110111111111011000110100110010000
111110000010000101011000010000000011011011111010010100000100010110110000110110100010110111001010
111110000010000101011000010000000011011011111010010100000100010110110000001111001110000000011111
111110000010000101011000010000000011011011111010010100000100010110101111111011101111101010011010
111110000010000101011000010000000011011011111010010100000100010110101110101111010101101110011010
111110000010000101011000010000000011011011111010010100000100010110101100100101011100111100000101
111110000010000101011000010000000011011011111010010100000100010110100101010000100100000110110011
111110000010000101011000010000000011011011111010010100000100010110100100010101111000111110100110
111110000010000101011000010000000011011011111010010100000100010110100100001010101000000100111101
111110000010000101011000010000000011011011111010010100000100010110010110101101100000111001110100
111110000010000101011000010000000011011011111010010100000100010110000011100101000000111101001110
111110000010000101011000010000000011011011111010010100000100010101110001110101100011010010111111
111110000010000101011000010000000011011011111010010100000100010101101001011110010000010110000000
111110000010000101011000010000000011011011111010010100000100010101100101001111100101110111011001
111110000010000101011000010000000011011011111010010100000100010101001110010100101001100111101111
111110000010000101011000010000000011011011111010010100000100010101000010010000111000101110011011
111110000010000101011000010000000011011011111010010100000100010100110101100111011011110010111001
111110000010000101011000010000000011011011111010010100000100010100100110100111011001100011001010
111110000010000101011000010000000011011011111010010100000100010100100001111101101001111000000100
111110000010000101011000010000000011011011111010010100000100010100011001010101001101101011100101
111110000010000101011000010000000011011011111010010100000100010100010011000100010100110101110110
111110000010000101011000010000000011011011111010010100000100010100010001011010100100110001110100
111110000010000101011000010000000011011011111010010100000100010100001111010100010101101101110010
111110000010000101011000010000000011011011111010010100000100010011111111011011100001101101100000
111110000010000101011000010000000011011011111010010100000100010011101001100001000001001000001000
111110000010000101011000010000000011011011111010010100000100010011101001011011001100010100011111
111110000010000101011000010000000011011011111010010100000100010011101000010111110101000111110101
111110000010000101011000010000000011011011111010010100000100010011100010110111011011001111011111
111110000010000101011000010000000011011011111010010100000100010011011111011000000101100010100011
111110000010000101011000010000000011011011111010010100000100010011011110110000011001111001111110
111110000010000101011000010000000011011011111010010100000100010011011000100111111010000110110101
111110000010000101011000010000000011011011111010010100000100010011010001010100001000001111110101
111110000010000101011000010000000011011011111010010100000100010011000011000000000001101100001111
111110000010000101011000010000000011011011111010010100000100010010111100110101110011111100111101
111110000010000101011000010000000011011011111010010100000100010010110100000111000101101110100111
111110000010000101011000010000000011011011111010010100000100010010101011001000011000000110110100
111110000010000101011000010000000011011011111010010100000100010010100100111111001101010000011001
111110000010000101011000010000000011011011111010010100000100010010001000111000001101100100001111
111110000010000101011000010000000011011011111010010100000100010001111110101100111111101110100011
111110000010000101011000010000000011011011111010010100000100010001111010101110010100111101001011
111110000010000101011000010000000011011011111010010100000100010001101010101110111000100000000001
111110000010000101011000010000000011011011111010010100000100010001100001100011010110101000000000
111110000010000101011000010000000011011011111010010100000100010001011000110001011110010001100111
111110000010000101011000010000000011011011111010010100000100010001010111100010101110110010101111
111110000010000101011000010000000011011011111010010100000100010001001111010110100110101011000100
111110000010000101011000010000000011011011111010010100000100010001001010111110100010101110111101
111110000010000101011000010000000011011011111010010100000100010001001000010001101010010010000110
111110000010000101011000010000000011011011111010010100000100010001000100011110010110110110001100
111110000010000101011000010000000011011011111010010100000100010000111110110110101010011000011010
111110000010000101011000010000000011011011111010010100000100010000111011110100101001011001011100
111110000010000101011000010000000011011011111010010100000100010000100001110000000111111000010001
111110000010000101011000010000000011011011111010010100000100010000011010001001100110110100000101
111110000010000101011000010000000011011011111010010100000100010000010110001101110100000101011100
111110000010000101011000010000000011011011111010010100000100010000010000100000101011001101111000
111110000010000101011000010000000011011011111010010100000100010000001011110011011010110010110111
111110000010000101011000010000000011011011111010010100000100010000000100010001100001010100101100
111110000010000101011000010000000011011011111010010100000100001111110011001011110110100101000010
111110000010000101011000010000000011011011111010010100000100001111101100001010101010100100001000
111110000010000101011000010000000011011011111010010100000100001111100010011110100011101010100011
111110000010000101011000010000000011011011111010010100000100001111010101011101110011001111111011
111110000010000101011000010000000011011011111010010100000100001111001011111100100010101001111001
111110000010000101011000010000000011011011111010010100000100001111000001100001101000000001110101
111110000010000101011000010000000011011011111010010100000100001110111101100010001110110000110010
111110000010000101011000010000000011011011111010010100000100001110111100110111111010011011001101
111110000010000101011000010000000011011011111010010100000100001110111001011010110001010010001010
111110000010000101011000010000000011011011111010010100000100001110101110011011001110010000100110
111110000010000101011000010000000011011011111010010100000100001110100101111010010011001011110100
111110000010000101011000010000000011011011111010010100000100001110011001000101001111011100011001
111110000010000101011000010000000011011011111010010100000100001110010011111100100101000010000111
111110000010000101011000010000000011011011111010010100000100001110001001110010000000001100001010
111110000010000101011000010000000011011011111010010100000100001110000110010011110100101101110100
111110000010000101011000010000000011011011111010010100000100001110000000100100000100000011111001
111110000010000101011000010000000011011011111010010100000100001101101101111011101111010111011110
111110000010000101011000010000000011011011111010010100000100001101100110111001101000010001010100
111110000010000101011000010000000011011011111010010100000100001101010111110010101001101001011101
111110000010000101011000010000000011011011111010010100000100001101001100000111101110100001110011
111110000010000101011000010000000011011011111010010100000100001100111110000011011010110000101011
111110000010000101011000010000000011011011111010010100000100001100100110111111100000010001100100
111110000010000101011000010000000011011011111010010100000100001100011101001001011001010011111110
111110000010000101011000010000000011011011111010010100000100001100010111101101110101101100111101
111110000010000101011000010000000011011011111010010100000100001100010001010101001001111000010101
111110000010000101011000010000000011011011111010010100000100001100001101000011110001010100101110
111110000010000101011000010000000011011011111010010100000100001100001000110001110101101001111110
111110000010000101011000010000000011011011111010010100000100001100000111011101000000100001000111
111110000010000101011000010000000011011011111010010100000100001011111001010101100000110111111001
111110000010000101011000010000000011011011111010010100000100001011101111110000100100011101010111
111110000010000101011000010000000011011011111010010100000100001011100110111101110110010010101111
111110000010000101011000010000000011011011111010010100000100001011100010111001100001000100101101
111110000010000101011000010000000011011011111010010100000100001011011010001110110110111011111101
111110000010000101011000010000000011011011111010010100000100001011010111111011101110100111011110
111110000010000101011000010000000011011011111010010100000100001011010011001100010010110100111110
111110000010000101011000010000000011011011111010010100000100001010110001011110111001101010001101
111110000010000101011000010000000011011011111010010100000100001010100111110101010000000100111111
111110000010000101011000010000000011011011111010010100000100001010011000000001100011100011100001
111110000010000101011000010000000011011011111010010100000100001010010001001011111010010000110101
111110000010000101011000010000000011011011111010010100000100001010010000111001100001100000001000
111110000010000101011000010000000011011011111010010100000100001010001010001110110110110000001000
111110000010000101011000010000000011011011111010010100000100001001101000001010000111111100100010
111110000010000101011000010000000011011011111010010100000100001001100110110110100010011101010000
111110000010000101011000010000000011011011111010010100000100001001010101001101000111010100011001
111110000010000101011000010000000011011011111010010100000100001001000000101111001000000011101101
111110000010000101011000010000000011011011111010010100000100001000111011111010011111100111011011
111110000010000101011000010000000011011011111010010100000100001000101110100000100000101110110011
111110000010000101011000010000000011011011111010010100000100001000101011110011001101001111000010
111110000010000101011000010000000011011011111010010100000100001000100111101110000110101101101001
111110000010000101011000010000000011011011111010010100000100001000100000000001000111100011110001
111110000010000101011000010000000011011011111010010100000100000111111010000111001111010100110101
111110000010000101011000010000000011011011111010010100000100000111110010010100000011110010000111
111110000010000101011000010000000011011011111010010100000100000111110000000100100101110011101101
111110000010000101011000010000000011011011111010010100000100000111100010100111100001011100101010
111110000010000101011000010000000011011011111010010100000100000111011011000101100101001000111100
111110000010000101011000010000000011011011111010010100000100000111011000001100100110101000101111
111110000010000101011000010000000011011011111010010100000100000111010111001110010111011010001110
111110000010000101011000010000000011011011111010010100000100000111000100011001100100010101010110
111110000010000101011000010000000011011011111010010100000100000110111111101010011000011111111001
111110000010000101011000010000000011011011111010010100000100000110110100111110001100111101111010
111110000010000101011000010000000011011011111010010100000100000110110010110001001010111000101000
111110000010000101011000010000000011011011111010010100000100000110101110010000010000000111100001
111110000010000101011000010000000011011011111010010100000100000110101011001001101101100001000010
111110000010000101011000010000000011011011111010010100000100000110100000100110110101110000101110
111110000010000101011000010000000011011011111010010100000100000110011100100001010000111110011110
111110000010000101011000010000000011011011111010010100000100000110010100101110001101111000111011
111110000010000101011000010000000011011011111010010100000100000110001001011010001111000001010000
111110000010000101011000010000000011011011111010010100000100000110000011101100101010011001110110
111110000010000101011000010000000011011011111010010100000100000101111010011001110000011010101101
111110000010000101011000010000000011011011111010010100000100000101101011110111101110111011011001
111110000010000101011000010000000011011011111010010100000100000101101000011110111101001110111011
111110000010000101011000010000000011011011111010010100000100000101100001100001000100000111100110
111110000010000101011000010000000011011011111010010100000100000101100001010111111001000100110011
111110000010000101011000010000000011011011111010010100000100000101100000010101001111101110100001
111110000010000101011000010000000011011011111010010100000100000101011110000101000001000101000101
111110000010000101011000010000000011011011111010010100000100000101010100101111000111011001111100
111110000010000101011000010000000011011011111010010100000100000101001010110010010100110111001000
111110000010000101011000010000000011011011111010010100000100000101000011100000001010000000000011
111110000010000101011000010000000011011011111010010100000100000101000010100100101001101010111111
111110000010000101011000010000000011011011111010010100000100000100111011111001011100011111111101
111110000010000101011000010000000011011011111010010100000100000100110010101110001011100110000001
111110000010000101011000010000000011011011111010010100000100000100101011010100011011111001010000
111110000010000101011000010000000011011011111010010100000100000100101001100101111101001101011001
111110000010000101011000010000000011011011111010010100000100000100010111111101111011100111110011
111110000010000101011000010000000011011011111010010100000100000100000111010110100110100101100111
111110000010000101011000010000000011011011111010010100000100000011111001111100100111000000001000
111110000010000101011000010000000011011011111010010100000100000011111000010010100111001010100110
111110000010000101011000010000000011011011111010010100000100000011011000010011011100010111010111
111110000010000101011000010000000011011011111010010100000100000011010011110111110011000000001100
111110000010000101011000010000000011011011111010010100000100000011010010111011100001011011010001
111110000010000101011000010000000011011011111010010100000100000011000001011110001111110100001000
111110000010000101011000010000000011011011111010010100000100000010111011011101100101111101101111
111110000010000101011000010000000011011011111010010100000100000010111001111010010101001100001000
111110000010000101011000010000000011011011111010010100000100000010101010000000000000010110000011
111110000010000101011000010000000011011011111010010100000100000010100111001111011001111011001111
111110000010000101011000010000000011011011111010010100000100000010011101111000010000010100100100
111110000010000101011000010000000011011011111010010100000100000010011011010111001100111011111100
111110000010000101011000010000000011011011111010010100000100000010010100111110011010100000110111
111110000010000101011000010000000011011011111010010100000100000010000100110010111011111101011000
111110000010000101011000010000000011011011111010010100000100000001111110100101100101100000101101
111110000010000101011000010000000011011011111010010100000100000001111100100011110110101011100000
111110000010000101011000010000000011011011111010010100000100000001111011111001100011001111101110
111110000010000101011000010000000011011011111010010100000100000001110111000011000011000001111000
111110000010000101011000010000000011011011111010010100000100000001110100111110001101000111011101
111110000010000101011000010000000011011011111010010100000100000001101111001110101111111101110001
111110000010000101011000010000000011011011111010010100000100000001101011111101011111111010101010
111110000010000101011000010000000011011011111010010100000100000001011000110001000110100011101110
111110000010000101011000010000000011011011111010010100000100000001010011101110011101011110110101
111110000010000101011000010000000011011011111010010100000100000001000101000100110011110000101000
111110000010000101011000010000000011011011111010010100000100000001000100011111111001111001000010
111110000010000101011000010000000011011011111010010100000100000000110001100111111110110000000110
111110000010000101011000010000000011011011111010010100000100000000101010000100011011011101000010
111110000010000101011000010000000011011011111010010100000100000000101000010011001101101100111010
111110000010000101011000010000000011011011111010010100000100000000001000111011011101111000111110
111110000010000101011000010000000011011011111010010100000100000000000100010101110111100010001010
111110000010000101011000010000000011011011111010010100000100000000000011111111111100011101101000
111110000010000101011000010000000011011011111010010100000100000000000001011011011110010010010100
