111110000010000101011000010000000011011011111010010100000100111111111110001100010001010110110010
111110000010000101011000010000000011011011111010010100000100111111110100011001111101011001110110
111110000010000101011000010000000011011011111010010100000100111111110001101001111000111011110100
111110000010000101011000010000000011011011111010010100000100111111101101110010000110000101000111
111110000010000101011000010000000011011011111010010100000100111111010101001011000100001001110101
111110000010000101011000010000000011011011111010010100000100111111010011000101000011101110101011
111110000010000101011000010000000011011011111010010100000100111111010010111000110110110100011110
111110000010000101011000010000000011011011111010010100000100111111001011010101101111000001100001
111110000010000101011000010000000011011011111010010100000100111111000000011010111110110100011111
111110000010000101011000010000000011011011111010010100000100111110111100100100101011000000011100
111110000010000101011000010000000011011011111010010100000100111110111001010011110110100110011100
111110000010000101011000010000000011011011111010010100000100111110110111110000110100101001000000
111110000010000101011000010000000011011011111010010100000100111110110101001001100000011100111110
111110000010000101011000010000000011011011111010010100000100111110110100011011110100101001100010
111110000010000101011000010000000011011011111010010100000100111110110011001110110101000101100010
111110000010000101011000010000000011011011111010010100000100111110101001101110111100110010001100
111110000010000101011000010000000011011011111010010100000100111110101001010111111000101011110110
111110000010000101011000010000000011011011111010010100000100111110101001000000100000101111000110
111110000010000101011000010000000011011011111010010100000100111110100010000101011101110001111111
111110000010000101011000010000000011011011111010010100000100111110011010110100000110011100110110
111110000010000101011000010000000011011011111010010100000100111110010101000110010111110011111110
111110000010000101011000010000000011011011111010010100000100111110001110000001111100010101000000
111110000010000101011000010000000011011011111010010100000100111110001010110000111111000110110011
111110000010000101011000010000000011011011111010010100000100111110001001101100101111010010001110
111110000010000101011000010000000011011011111010010100000100111101111110111011011111111110101011
111110000010000101011000010000000011011011111010010100000100111101111100010010111000101001000011
111110000010000101011000010000000011011011111010010100000100111101110101010100110100100001011101
111110000010000101011000010000000011011011111010010100000100111101110101010011101010011111111100
111110000010000101011000010000000011011011111010010100000100111101110001110011110100111010101000
111110000010000101011000010000000011011011111010010100000100111101101111100100000100111100001000
111110000010000101011000010000000011011011111010010100000100111101100011110110100000101110110000
111110000010000101011000010000000011011011111010010100000100111101100010101011001101100011100000
111110000010000101011000010000000011011011111010010100000100111101011010100111011001011011001011
111110000010000101011000010000000011011011111010010100000100111101011001101111111111100011011111
111110000010000101011000010000000011011011111010010100000100111101010011010011000001111011011110
111110000010000101011000010000000011011011111010010100000100111101001111100001011111010000011000
111110000010000101011000010000000011011011111010010100000100111101001010011001110110111100101001
111110000010000101011000010000000011011011111010010100000100111101000111110100100011000000011010
111110000010000101011000010000000011011011111010010100000100111101000100001001000110010111001000
111110000010000101011000010000000011011011111010010100000100111101000001111111000011111111110011
111110000010000101011000010000000011011011111010010100000100111100111111100010000111000100000010
111110000010000101011000010000000011011011111010010100000100111100111110001111011100011100001011
111110000010000101011000010000000011011011111010010100000100111100100100011101010011100110010000
111110000010000101011000010000000011011011111010010100000100111100100010101011001101001101101111
111110000010000101011000010000000011011011111010010100000100111100011111111110110110100110000111
111110000010000101011000010000000011011011111010010100000100111100011111100000011011110011100111
111110000010000101011000010000000011011011111010010100000100111100010100101101101011100111111010
111110000010000101011000010000000011011011111010010100000100111100010011001010101100000110000111
111110000010000101011000010000000011011011111010010100000100111100010000000110011011001100001100
111110000010000101011000010000000011011011111010010100000100111100000010100111100011111000110010
111110000010000101011000010000000011011011111010010100000100111011111010110111001100010001111100
111110000010000101011000010000000011011011111010010100000100111011111000010111111110000011101010
111110000010000101011000010000000011011011111010010100000100111011110100010101110000010000010111
111110000010000101011000010000000011011011111010010100000100111011110011101110011111000100101001
111110000010000101011000010000000011011011111010010100000100111011101111110000010111000100010101
111110000010000101011000010000000011011011111010010100000100111011101111101100100110000111111111
111110000010000101011000010000000011011011111010010100000100111011101111010110110010100010001000
111110000010000101011000010000000011011011111010010100000100111011101110011001001111100111101111
111110000010000101011000010000000011011011111010010100000100111011101110000011001111111001101100
111110000010000101011000010000000011011011111010010100000100111011101101101011110000011110000100
111110000010000101011000010000000011011011111010010100000100111011101010110001000110111010010110
111110000010000101011000010000000011011011111010010100000100111011011110000101100111001010111100
111110000010000101011000010000000011011011111010010100000100111011001100011110010111000000010111
111110000010000101011000010000000011011011111010010100000100111011000111110111100111001101101101
111110000010000101011000010000000011011011111010010100000100111011000011111110110010110010011011
111110000010000101011000010000000011011011111010010100000100111010111000111010111010000000101101
111110000010000101011000010000000011011011111010010100000100111010110001100101100111101111110000
111110000010000101011000010000000011011011111010010100000100111010100101101010011111110001000000
111110000010000101011000010000000011011011111010010100000100111010100001011101101111001111001010
111110000010000101011000010000000011011011111010010100000100111010011111001011100011110001011101
111110000010000101011000010000000011011011111010010100000100111010011011000000100100010000111010
111110000010000101011000010000000011011011111010010100000100111010011000100000001100110001000010
111110000010000101011000010000000011011011111010010100000100111010010011001010101111001111010110
111110000010000101011000010000000011011011111010010100000100111010001101010001110101110011100110
111110000010000101011000010000000011011011111010010100000100111010001100001110010110100010110100
111110000010000101011000010000000011011011111010010100000100111010001001010111101011101000111101
111110000010000101011000010000000011011011111010010100000100111010000011010001010011011110011000
111110000010000101011000010000000011011011111010010100000100111001111011111111001000001011110101
111110000010000101011000010000000011011011111010010100000100111001111001000001111100101100000010
111110000010000101011000010000000011011011111010010100000100111001110111011110111010110111010001
111110000010000101011000010000000011011011111010010100000100111001110101000111111110100000000110
111110000010000101011000010000000011011011111010010100000100111001110010100110111000010111000010
111110000010000101011000010000000011011011111010010100000100111001110000010110011001011100111010
111110000010000101011000010000000011011011111010010100000100111001101011111011011111010011110110
111110000010000101011000010000000011011011111010010100000100111001101001110000100011011000000011
111110000010000101011000010000000011011011111010010100000100111001101001000010101011010101100010
111110000010000101011000010000000011011011111010010100000100111001100101010011010000100010001110
111110000010000101011000010000000011011011111010010100000100111001100101000011010100000000101101
111110000010000101011000010000000011011011111010010100000100111001100000101000110001011011111100
111110000010000101011000010000000011011011111010010100000100111001100000100110011110001101001000
111110000010000101011000010000000011011011111010010100000100111001011010010101010101011001100101
111110000010000101011000010000000011011011111010010100000100111001010110001001101011100000010111
111110000010000101011000010000000011011011111010010100000100111001010010111001101001100000011101
111110000010000101011000010000000011011011111010010100000100111001010001000110101001010100000010
111110000010000101011000010000000011011011111010010100000100111001001001101111111101111000111001
111110000010000101011000010000000011011011111010010100000100111000111111000101010111011110101011
111110000010000101011000010000000011011011111010010100000100111000111101010100110101001100010100
111110000010000101011000010000000011011011111010010100000100111000111011100101110110011101110011
111110000010000101011000010000000011011011111010010100000100111000111010110101000010011100101001
111110000010000101011000010000000011011011111010010100000100111000110111111100011111000100110100
111110000010000101011000010000000011011011111010010100000100111000110100101011000010011001100001
111110000010000101011000010000000011011011111010010100000100111000110010011101011010001010001000
111110000010000101011000010000000011011011111010010100000100111000110000111000001001100000000111
111110000010000101011000010000000011011011111010010100000100111000101101000001111100001000100011
111110000010000101011000010000000011011011111010010100000100111000101010101001000011010110011010
111110000010000101011000010000000011011011111010010100000100111000101001001000011000000000111010
111110000010000101011000010000000011011011111010010100000100111000100101000001000111000100011100
111110000010000101011000010000000011011011111010010100000100111000100011110000110110101010000100
111110000010000101011000010000000011011011111010010100000100111000011111000110010101111101110110
111110000010000101011000010000000011011011111010010100000100111000011110010000000100100010100110
111110000010000101011000010000000011011011111010010100000100111000011001001000011110000100111100
111110000010000101011000010000000011011011111010010100000100111000011000000001101011010010000000
111110000010000101011000010000000011011011111010010100000100111000001110100101001110010110001010
111110000010000101011000010000000011011011111010010100000100111000001000101110000000000010000111
111110000010000101011000010000000011011011111010010100000100111000000000100010000111101111011010
111110000010000101011000010000000011011011111010010100000100110111111101001111010001111101111001
111110000010000101011000010000000011011011111010010100000100110111111001101111101110000101010100
111110000010000101011000010000000011011011111010010100000100110111110100110001011101001001001100
111110000010000101011000010000000011011011111010010100000100110111110100001001101101001001001100
111110000010000101011000010000000011011011111010010100000100110111101110101001110010111110111100
111110000010000101011000010000000011011011111010010100000100110111101001000011010010111111100110
111110000010000101011000010000000011011011111010010100000100110111101000000010111010011110100110
111110000010000101011000010000000011011011111010010100000100110111100110100100111100011000001111
111110000010000101011000010000000011011011111010010100000100110111100110000001010110100001011111
111110000010000101011000010000000011011011111010010100000100110111011100011011111001011100010110
111110000010000101011000010000000011011011111010010100000100110111011011111000001001001001010010
111110000010000101011000010000000011011011111010010100000100110111011011001111111010011001010111
111110000010000101011000010000000011011011111010010100000100110111011010011001010110000111001100
111110000010000101011000010000000011011011111010010100000100110111011000110100000110001100111010
111110000010000101011000010000000011011011111010010100000100110111001010110010001111100010111001
111110000010000101011000010000000011011011111010010100000100110111001001100010111001101110111110
111110000010000101011000010000000011011011111010010100000100110110111010011111111100011101110101
111110000010000101011000010000000011011011111010010100000100110110111010001010011001010110010001
111110000010000101011000010000000011011011111010010100000100110110110010100010111100101101001110
111110000010000101011000010000000011011011111010010100000100110110110010001001111001100000110101
111110000010000101011000010000000011011011111010010100000100110110101110001101010000111101010011
111110000010000101011000010000000011011011111010010100000100110110101010100000010110011011110000
111110000010000101011000010000000011011011111010010100000100110110100111100011000011010011111101
111110000010000101011000010000000011011011111010010100000100110110100110110000000001101101000111
111110000010000101011000010000000011011011111010010100000100110110100011101000000000010110011010
111110000010000101011000010000000011011011111010010100000100110110100011011011100010111100111110
111110000010000101011000010000000011011011111010010100000100110110100000011101001100000001111110
111110000010000101011000010000000011011011111010010100000100110110100000010011111001111010000101
111110000010000101011000010000000011011011111010010100000100110110011110100001011010001111100000
111110000010000101011000010000000011011011111010010100000100110110010111011000100100001110111100
111110000010000101011000010000000011011011111010010100000100110110010000011010010100001111010110
111110000010000101011000010000000011011011111010010100000100110110001111111100100000101111111000
111110000010000101011000010000000011011011111010010100000100110110000111101110001010000111101011
111110000010000101011000010000000011011011111010010100000100110110000100111100100011111111110001
111110000010000101011000010000000011011011111010010100000100110110000100100011110111111111011101
111110000010000101011000010000000011011011111010010100000100110110000011101010000010100110001101
111110000010000101011000010000000011011011111010010100000100110110000011011010101100011111001101
111110000010000101011000010000000011011011111010010100000100110110000001000001101000100110010110
111110000010000101011000010000000011011011111010010100000100110101111010111001001011000010100010
111110000010000101011000010000000011011011111010010100000100110101111010010100001101111100001001
111110000010000101011000010000000011011011111010010100000100110101110110101001001001111111010110
111110000010000101011000010000000011011011111010010100000100110101110011010100001011011000001111
111110000010000101011000010000000011011011111010010100000100110101101001110010100000011011110000
111110000010000101011000010000000011011011111010010100000100110101100101111100000010101001001011
111110000010000101011000010000000011011011111010010100000100110101011010010111001000111111011010
111110000010000101011000010000000011011011111010010100000100110101010111100010011111011111010000
111110000010000101011000010000000011011011111010010100000100110101001111110100000010110011110111
111110000010000101011000010000000011011011111010010100000100110101001110010111000010111101011010
111110000010000101011000010000000011011011111010010100000100110101001100000010011110011001000110
111110000010000101011000010000000011011011111010010100000100110101001001110100000001101110101111
111110000010000101011000010000000011011011111010010100000100110101000111010011111110111100011100
111110000010000101011000010000000011011011111010010100000100110101000101000010100110111010000100
111110000010000101011000010000000011011011111010010100000100110101000001100011000111011110000111
111110000010000101011000010000000011011011111010010100000100110101000001100001001101110110010001
111110000010000101011000010000000011011011111010010100000100110100111111111100111101000101101110
111110000010000101011000010000000011011011111010010100000100110100111100111110011101111001001010
111110000010000101011000010000000011011011111010010100000100110100111010101100000100010000100010
111110000010000101011000010000000011011011111010010100000100110100110010001011101001110100110011
111110000010000101011000010000000011011011111010010100000100110100101110000000111000010101001111
111110000010000101011000010000000011011011111010010100000100110100101100111110010000100111110100
111110000010000101011000010000000011011011111010010100000100110100101010011010100110001110111111
111110000010000101011000010000000011011011111010010100000100110100101000101011001010010100100000
111110000010000101011000010000000011011011111010010100000100110100100111110001001000011001111011
111110000010000101011000010000000011011011111010010100000100110100100001100000000101100010101111
111110000010000101011000010000000011011011111010010100000100110100011101111111110100110010110101
111110000010000101011000010000000011011011111010010100000100110100011101101110101001100111101101
111110000010000101011000010000000011011011111010010100000100110100011010001101001110010111111100
111110000010000101011000010000000011011011111010010100000100110100010001000101100001001110101111
111110000010000101011000010000000011011011111010010100000100110100000000110001000001001000111111
111110000010000101011000010000000011011011111010010100000100110011111111000000010001000010110010
111110000010000101011000010000000011011011111010010100000100110011110111101100110011101000111011
111110000010000101011000010000000011011011111010010100000100110011110110110110000101011110000001
111110000010000101011000010000000011011011111010010100000100110011110011000110010101111010111111
111110000010000101011000010000000011011011111010010100000100110011110001110010100000000000101000
111110000010000101011000010000000011011011111010010100000100110011101010110101001100101001010101
111110000010000101011000010000000011011011111010010100000100110011101010110011101000001001111101
111110000010000101011000010000000011011011111010010100000100110011101001011010001011111000011100
111110000010000101011000010000000011011011111010010100000100110011100101111011001011111101001111
111110000010000101011000010000000011011011111010010100000100110011100100011011011100111101111010
111110000010000101011000010000000011011011111010010100000100110011011111101100101110000010111000
111110000010000101011000010000000011011011111010010100000100110011011101111001100100011000001010
111110000010000101011000010000000011011011111010010100000100110011011011011011100001100011011000
111110000010000101011000010000000011011011111010010100000100110011011001001111010000110111110011
111110000010000101011000010000000011011011111010010100000100110011011000110110101110001110000101
111110000010000101011000010000000011011011111010010100000100110011010010111011111010110010101110
111110000010000101011000010000000011011011111010010100000100110011001101100100010011110010000100
111110000010000101011000010000000011011011111010010100000100110011001010010111000000100111111100
111110000010000101011000010000000011011011111010010100000100110011000100001111011001011100110001
111110000010000101011000010000000011011011111010010100000100110011000011110011110001100000010001
111110000010000101011000010000000011011011111010010100000100110010111110101001101111001100101101
111110000010000101011000010000000011011011111010010100000100110010111010000001110001101000011001
111110000010000101011000010000000011011011111010010100000100110010111000010101100100101110000010
111110000010000101011000010000000011011011111010010100000100110010110011111011000001101100011010
111110000010000101011000010000000011011011111010010100000100110010101110100001000000011111101001
111110000010000101011000010000000011011011111010010100000100110010100110101011110111011101011101
111110000010000101011000010000000011011011111010010100000100110010100101011100101001010111000011
111110000010000101011000010000000011011011111010010100000100110010100010101010111100110000010100
111110000010000101011000010000000011011011111010010100000100110010001111100111010010100011100011
111110000010000101011000010000000011011011111010010100000100110010001101100101011100010000100011
111110000010000101011000010000000011011011111010010100000100110010001000010100110100011000111100
111110000010000101011000010000000011011011111010010100000100110001110010111001110100000100011010
111110000010000101011000010000000011011011111010010100000100110001101001001001001010101011010110
111110000010000101011000010000000011011011111010010100000100110001100000001001001011101010001110
111110000010000101011000010000000011011011111010010100000100110001011111111010100000100100010001
111110000010000101011000010000000011011011111010010100000100110001010011110100110000110100010101
111110000010000101011000010000000011011011111010010100000100110001010010010100111111011011101110
111110000010000101011000010000000011011011111010010100000100110001001100111001110110001110000000
111110000010000101011000010000000011011011111010010100000100110001001001111111010110111111101111
111110000010000101011000010000000011011011111010010100000100110001001001001100000000100011010110
111110000010000101011000010000000011011011111010010100000100110000111111100111011100010001100110
111110000010000101011000010000000011011011111010010100000100110000110001100100010000100100101010
111110000010000101011000010000000011011011111010010100000100110000101100111011100011100101101011
111110000010000101011000010000000011011011111010010100000100110000101011100000100011100010011110
111110000010000101011000010000000011011011111010010100000100110000100111000101000100000110000110
111110000010000101011000010000000011011011111010010100000100110000100000110010100000001110101111
111110000010000101011000010000000011011011111010010100000100110000011101111110110001110101010001
111110000010000101011000010000000011011011111010010100000100110000011011111111100011010001011000
111110000010000101011000010000000011011011111010010100000100110000010001110001000110001011011111
111110000010000101011000010000000011011011111010010100000100110000000111010100011011110010100000
111110000010000101011000010000000011011011111010010100000100110000000100110111000101001110100110
111110000010000101011000010000000011011011111010010100000100110000000001110100110010001001110101
111110000010000101011000010000000011011011111010010100000100110000000000100111111101110000001001
111110000010000101011000010000000011011011111010010100000100101111111100110100011100100100110010
111110000010000101011000010000000011011011111010010100000100101111111011111111001011000000111011
111110000010000101011000010000000011011011111010010100000100101111110101110001001110010011000110
111110000010000101011000010000000011011011111010010100000100101111110001010011101011101100010011
111110000010000101011000010000000011011011111010010100000100101111101101100000001000001000001010
111110000010000101011000010000000011011011111010010100000100101111101011111111110000001111111101
111110000010000101011000010000000011011011111010010100000100101111101000010110010010011101101001
111110000010000101011000010000000011011011111010010100000100101111011111110010000011000101101000
111110000010000101011000010000000011011011111010010100000100101111011110001001000001100011011001
111110000010000101011000010000000011011011111010010100000100101111011001000111000000001110111010
111110000010000101011000010000000011011011111010010100000100101111010100110000011000111100000111
111110000010000101011000010000000011011011111010010100000100101111000010100000100111000110011000
111110000010000101011000010000000011011011111010010100000100101111000000101100000001110101001010
111110000010000101011000010000000011011011111010010100000100101110111111000001000110010001001111
111110000010000101011000010000000011011011111010010100000100101110111101111011110111101101100101
111110000010000101011000010000000011011011111010010100000100101110111000000001000100011001100101
111110000010000101011000010000000011011011111010010100000100101110101111110101101111001011111100
111110000010000101011000010000000011011011111010010100000100101110101111000101100001100110101100
111110000010000101011000010000000011011011111010010100000100101110101100110011011000011110001110
111110000010000101011000010000000011011011111010010100000100101110101001101011010011110111010010
111110000010000101011000010000000011011011111010010100000100101110100111010011100101000000111101
111110000010000101011000010000000011011011111010010100000100101110011111010101001011001000111010
111110000010000101011000010000000011011011111010010100000100101110011101011011110001110101100001
111110000010000101011000010000000011011011111010010100000100101110010011010011010110000110000011
111110000010000101011000010000000011011011111010010100000100101110010010011011100001111100001110
111110000010000101011000010000000011011011111010010100000100101110001111110011100100011111000011
111110000010000101011000010000000011011011111010010100000100101110001111110001010110110011010110
111110000010000101011000010000000011011011111010010100000100101110001010000101101001101001100110
111110000010000101011000010000000011011011111010010100000100101110000000001000010011001100101000
111110000010000101011000010000000011011011111010010100000100101101111101100010100110010001110100
111110000010000101011000010000000011011011111010010100000100101101110110110101110000111101110100
111110000010000101011000010000000011011011111010010100000100101101110010101100100100011100011001
111110000010000101011000010000000011011011111010010100000100101101101111001010001110000101110000
111110000010000101011000010000000011011011111010010100000100101101100110111111101101010110100001
111110000010000101011000010000000011011011111010010100000100101101100011001111010111111001010101
111110000010000101011000010000000011011011111010010100000100101101100010111100011000100110011010
111110000010000101011000010000000011011011111010010100000100101101100000101010010000111100011101
111110000010000101011000010000000011011011111010010100000100101101011100111011011101111111000111
111110000010000101011000010000000011011011111010010100000100101101011000010111001110100000101100
111110000010000101011000010000000011011011111010010100000100101101010011010101101111001101100101
111110000010000101011000010000000011011011111010010100000100101101010001100001011101100001111110
111110000010000101011000010000000011011011111010010100000100101101000111010110010001100101111010
111110000010000101011000010000000011011011111010010100000100101101000010111110101001011110001110
111110000010000101011000010000000011011011111010010100000100101100111011101000110100111111001010
111110000010000101011000010000000011011011111010010100000100101100110111000011011011011010010011
111110000010000101011000010000000011011011111010010100000100101100101111111001011001111001010000
111110000010000101011000010000000011011011111010010100000100101100101101001100100101101101000000
111110000010000101011000010000000011011011111010010100000100101100101100100010010011101110111001
111110000010000101011000010000000011011011111010010100000100101100101011110110111000000111100010
111110000010000101011000010000000011011011111010010100000100101100101011100111100110011101111111
111110000010000101011000010000000011011011111010010100000100101100101010011010001001111110100100
111110000010000101011000010000000011011011111010010100000100101100100110010010111000111101110010
111110000010000101011000010000000011011011111010010100000100101100100100010110001001010111100001
111110000010000101011000010000000011011011111010010100000100101100011110010101011001011101111111
111110000010000101011000010000000011011011111010010100000100101100011101100011101101011101100100
111110000010000101011000010000000011011011111010010100000100101100011000000000000011001111111001
111110000010000101011000010000000011011011111010010100000100101100010000101111000100000011100000
111110000010000101011000010000000011011011111010010100000100101100001111111111011101110010000010
111110000010000101011000010000000011011011111010010100000100101100001011100001110100001000001110
111110000010000101011000010000000011011011111010010100000100101100001011010010011110001110100010
111110000010000101011000010000000011011011111010010100000100101100000010100110100010111100000100
111110000010000101011000010000000011011011111010010100000100101100000010001000110011110111010010
111110000010000101011000010000000011011011111010010100000100101100000000101100001010011111101101
111110000010000101011000010000000011011011111010010100000100101011111001110101101111100100101001
111110000010000101011000010000000011011011111010010100000100101011100000001111111001100011100011
111110000010000101011000010000000011011011111010010100000100101011010110000011110101100011011000
111110000010000101011000010000000011011011111010010100000100101011010001101010101011010110010001
111110000010000101011000010000000011011011111010010100000100101011001001010111110001001101100101
111110000010000101011000010000000011011011111010010100000100101010111110010111100000000111010101
111110000010000101011000010000000011011011111010010100000100101010111101101011110010111101011111
111110000010000101011000010000000011011011111010010100000100101010110111100011010000100101110000
111110000010000101011000010000000011011011111010010100000100101010110011010111011000000111011110
111110000010000101011000010000000011011011111010010100000100101010101111101010110000001010000011
111110000010000101011000010000000011011011111010010100000100101010101101001111010110000101001100
111110000010000101011000010000000011011011111010010100000100101010101100110011111011010110000101
111110000010000101011000010000000011011011111010010100000100101010101100010001010100010000011110
111110000010000101011000010000000011011011111010010100000100101010011111000011000100101000111010
111110000010000101011000010000000011011011111010010100000100101010011110100101000100100101111101
111110000010000101011000010000000011011011111010010100000100101010011000110100100100001111101100
111110000010000101011000010000000011011011111010010100000100101010010000101001011110100010111011
111110000010000101011000010000000011011011111010010100000100101010001111010010010110010100000011
111110000010000101011000010000000011011011111010010100000100101010001011111110100011011111100100
111110000010000101011000010000000011011011111010010100000100101010001011000111010000111010110100
111110000010000101011000010000000011011011111010010100000100101010001001001110010010001100100011
111110000010000101011000010000000011011011111010010100000100101010000110111010111111011101111000
111110000010000101011000010000000011011011111010010100000100101010000011011011110111011110101011
111110000010000101011000010000000011011011111010010100000100101001111110110011011001000000011110
111110000010000101011000010000000011011011111010010100000100101001111100101000001010010101011011
111110000010000101011000010000000011011011111010010100000100101001111001001000100100100011010011
111110000010000101011000010000000011011011111010010100000100101001111000000100000101001110100110
111110000010000101011000010000000011011011111010010100000100101001110101001101110110001011100000
111110000010000101011000010000000011011011111010010100000100101001101101111010010010010100101100
111110000010000101011000010000000011011011111010010100000100101001101101101110110001110110010000
111110000010000101011000010000000011011011111010010100000100101001101101011101011100000010111010
111110000010000101011000010000000011011011111010010100000100101001101100111101110000101111100100
111110000010000101011000010000000011011011111010010100000100101001100101010111111000010000001000
111110000010000101011000010000000011011011111010010100000100101001100100110100001011111000011011
111110000010000101011000010000000011011011111010010100000100101001011010101101110000001110101100
111110000010000101011000010000000011011011111010010100000100101001011001111100110011010001001100
111110000010000101011000010000000011011011111010010100000100101001010011100001111101101001101001
111110000010000101011000010000000011011011111010010100000100101001010000010001011010011111101110
111110000010000101011000010000000011011011111010010100000100101001001111101100000101101111110110
111110000010000101011000010000000011011011111010010100000100101001001111011001001110110110001010
111110000010000101011000010000000011011011111010010100000100101001001101100011011010101110110111
111110000010000101011000010000000011011011111010010100000100101001001001001010100101111001101111
111110000010000101011000010000000011011011111010010100000100101001000111000000001111011011111010
111110000010000101011000010000000011011011111010010100000100101001000000000110101010111000010000
111110000010000101011000010000000011011011111010010100000100101000111100100010100101011011001000
111110000010000101011000010000000011011011111010010100000100101000110100001011011101011110111001
111110000010000101011000010000000011011011111010010100000100101000110011010001110011000010100110
111110000010000101011000010000000011011011111010010100000100101000110011001000011101010100000010
111110000010000101011000010000000011011011111010010100000100101000110001100010111000010110000001
111110000010000101011000010000000011011011111010010100000100101000101101111110101000001001011010
111110000010000101011000010000000011011011111010010100000100101000101001000000100001111100010101
111110000010000101011000010000000011011011111010010100000100101000100101100111000011001000111001
111110000010000101011000010000000011011011111010010100000100101000100101000000100110111111100001
111110000010000101011000010000000011011011111010010100000100101000100000111111000000010010101110
111110000010000101011000010000000011011011111010010100000100101000100000000100000001011000100010
111110000010000101011000010000000011011011111010010100000100101000010110001000110100111100010101
111110000010000101011000010000000011011011111010010100000100101000001111110000011001011010111111
111110000010000101011000010000000011011011111010010100000100101000001011111011010110110100100111
111110000010000101011000010000000011011011111010010100000100100111111111000000011100111101011110
111110000010000101011000010000000011011011111010010100000100100111110111110111111000111000001111
111110000010000101011000010000000011011011111010010100000100100111101110111000100011101001011011
111110000010000101011000010000000011011011111010010100000100100111101011100110010101001110110100
111110000010000101011000010000000011011011111010010100000100100111100010110011010001010100100101
111110000010000101011000010000000011011011111010010100000100100111011010011001011001001100101001
111110000010000101011000010000000011011011111010010100000100100111001111001100010001001111001001
111110000010000101011000010000000011011011111010010100000100100110111101110010000011011010100111
111110000010000101011000010000000011011011111010010100000100100110111001010011000010001000100001
111110000010000101011000010000000011011011111010010100000100100110111001001010110110011111001010
111110000010000101011000010000000011011011111010010100000100100110110010111000100010010110000010
111110000010000101011000010000000011011011111010010100000100100110101100001110000000111000011111
111110000010000101011000010000000011011011111010010100000100100110101010111110110000010000100011
111110000010000101011000010000000011011011111010010100000100100110101001001001110010111010001011
111110000010000101011000010000000011011011111010010100000100100110100010101001100000010101010001
111110000010000101011000010000000011011011111010010100000100100110011100110100111000111100001011
111110000010000101011000010000000011011011111010010100000100100110010111010001101111001110110110
111110000010000101011000010000000011011011111010010100000100100110001010000111101010000001011010
111110000010000101011000010000000011011011111010010100000100100110000110100100000011000010001000
111110000010000101011000010000000011011011111010010100000100100110000100100101011110010110000110
111110000010000101011000010000000011011011111010010100000100100110000011001110000001001110100001
111110000010000101011000010000000011011011111010010100000100100101111111000011110001100111110111
111110000010000101011000010000000011011011111010010100000100100101111010011010110010010011011100
111110000010000101011000010000000011011011111010010100000100100101110101110111110100100000011010
111110000010000101011000010000000011011011111010010100000100100101110101011101100001010110010111
111110000010000101011000010000000011011011111010010100000100100101110100011011010000001010010110
111110000010000101011000010000000011011011111010010100000100100101110010011011010011011001101100
111110000010000101011000010000000011011011111010010100000100100101110000110000101001110110101001
111110000010000101011000010000000011011011111010010100000100100101101100101001000110111001101101
111110000010000101011000010000000011011011111010010100000100100101100111010101100001101100011101
111110000010000101011000010000000011011011111010010100000100100101100110100110111111101001101010
111110000010000101011000010000000011011011111010010100000100100101100010011101111011010000000000
111110000010000101011000010000000011011011111010010100000100100101011100101100001111110010000011
111110000010000101011000010000000011011011111010010100000100100101011011111000111101010111101000
111110000010000101011000010000000011011011111010010100000100100101010100000000111001110011111100
111110000010000101011000010000000011011011111010010100000100100101001111001010000000011011101010
111110000010000101011000010000000011011011111010010100000100100101000000001000100100111111010010
111110000010000101011000010000000011011011111010010100000100100100111100010000010101100111000111
111110000010000101011000010000000011011011111010010100000100100100101100100000011101011000011000
111110000010000101011000010000000011011011111010010100000100100100101011111001111011101011011000
111110000010000101011000010000000011011011111010010100000100100100101001100001101100000000110001
111110000010000101011000010000000011011011111010010100000100100100101001011110111110011010010111
111110000010000101011000010000000011011011111010010100000100100100100111011001001000000000100010
111110000010000101011000010000000011011011111010010100000100100100100111001011010001001000100001
111110000010000101011000010000000011011011111010010100000100100100100001000000011111011101011110
111110000010000101011000010000000011011011111010010100000100100100011111100101000010110101000000
111110000010000101011000010000000011011011111010010100000100100100011111011100011111000101101010
111110000010000101011000010000000011011011111010010100000100100100011011000000111000111011101010
111110000010000101011000010000000011011011111010010100000100100100001010001101110111110111101101
111110000010000101011000010000000011011011111010010100000100100100000010111001110011111001010000
111110000010000101011000010000000011011011111010010100000100100011111111011100101011101010010111
111110000010000101011000010000000011011011111010010100000100100011111100101001101111000001110110
111110000010000101011000010000000011011011111010010100000100100011111000100000011010000011011001
111110000010000101011000010000000011011011111010010100000100100011111000011110001110100000101011
111110000010000101011000010000000011011011111010010100000100100011111000010100001100111011010001
111110000010000101011000010000000011011011111010010100000100100011110111110110010100101000010110
111110000010000101011000010000000011011011111010010100000100100011110100111110101110101011100111
111110000010000101011000010000000011011011111010010100000100100011101110001110011000111010100011
111110000010000101011000010000000011011011111010010100000100100011101011111100110011001101100110
111110000010000101011000010000000011011011111010010100000100100011101001010010110101000010001000
111110000010000101011000010000000011011011111010010100000100100011101000110110000100111010111011
111110000010000101011000010000000011011011111010010100000100100011100100111110110001000010000111
111110000010000101011000010000000011011011111010010100000100100011100010100000101111111011111010
111110000010000101011000010000000011011011111010010100000100100011100001000111011001000110000010
111110000010000101011000010000000011011011111010010100000100100011100000001100000111001010001011
111110000010000101011000010000000011011011111010010100000100100011011111000011001100001001001100
111110000010000101011000010000000011011011111010010100000100100011000101010000000111001101101010
111110000010000101011000010000000011011011111010010100000100100011000100000110110110001110010110
111110000010000101011000010000000011011011111010010100000100100011000010001100001001110001100101
111110000010000101011000010000000011011011111010010100000100100010111101111001011100011110101000
111110000010000101011000010000000011011011111010010100000100100010111101110011101010001010110001
111110000010000101011000010000000011011011111010010100000100100010111000110100111000100011111001
111110000010000101011000010000000011011011111010010100000100100010110010001100100100001111011111
111110000010000101011000010000000011011011111010010100000100100010110001111010010101010110011100
111110000010000101011000010000000011011011111010010100000100100010101000011110010001001011000000
111110000010000101011000010000000011011011111010010100000100100010100111100101010001110000000010
111110000010000101011000010000000011011011111010010100000100100010100101011101100100001011101111
111110000010000101011000010000000011011011111010010100000100100010011100101100011101100011001101
111110000010000101011000010000000011011011111010010100000100100010011010000100010111100011011111
111110000010000101011000010000000011011011111010010100000100100010010101010111001110101101101001
111110000010000101011000010000000011011011111010010100000100100010010000111011011001011101111011
111110000010000101011000010000000011011011111010010100000100100010010000100001000110001000011111
111110000010000101011000010000000011011011111010010100000100100010001110101111000010110010100001
111110000010000101011000010000000011011011111010010100000100100010001101101001011001101000011011
111110000010000101011000010000000011011011111010010100000100100010001101011111100000110100010010
111110000010000101011000010000000011011011111010010100000100100010001100100000010110010001011100
111110000010000101011000010000000011011011111010010100000100100010001000011110001111010001110000
111110000010000101011000010000000011011011111010010100000100100001111111100110110110000110001001
111110000010000101011000010000000011011011111010010100000100100001111111000001110100111100001100
111110000010000101011000010000000011011011111010010100000100100001111110110101010010010100001011
111110000010000101011000010000000011011011111010010100000100100001111110110100001011100100100100
111110000010000101011000010000000011011011111010010100000100100001111100011101000000001111000010
111110000010000101011000010000000011011011111010010100000100100001110111010101111101001111001110
111110000010000101011000010000000011011011111010010100000100100001110101100010010011111011111001
111110000010000101011000010000000011011011111010010100000100100001110010011001001001011111110110
111110000010000101011000010000000011011011111010010100000100100001101111010110010000110001111111
111110000010000101011000010000000011011011111010010100000100100001101011111101110110001000010011
111110000010000101011000010000000011011011111010010100000100100001101001001101111111101000011110
111110000010000101011000010000000011011011111010010100000100100001101000000011011111110101100101
111110000010000101011000010000000011011011111010010100000100100001100011110000010101001000100001
111110000010000101011000010000000011011011111010010100000100100001011000110000101110111110001011
111110000010000101011000010000000011011011111010010100000100100001011000011001110100101111101011
111110000010000101011000010000000011011011111010010100000100100001010111001010100110000111100010
111110000010000101011000010000000011011011111010010100000100100001010010111000010010110010110100
111110000010000101011000010000000011011011111010010100000100100001010000000101000001001011011111
111110000010000101011000010000000011011011111010010100000100100001001101011011100100110111001011
111110000010000101011000010000000011011011111010010100000100100001001011011101011101001010001101
111110000010000101011000010000000011011011111010010100000100100001000101011110000100100001111001
111110000010000101011000010000000011011011111010010100000100100001000100000000101110001110110110
111110000010000101011000010000000011011011111010010100000100100001000011011100010110111001001010
111110000010000101011000010000000011011011111010010100000100100000111100101000101111011000110010
111110000010000101011000010000000011011011111010010100000100100000111001011001101101000111100011
111110000010000101011000010000000011011011111010010100000100100000101110000011100010011011001001
111110000010000101011000010000000011011011111010010100000100100000101101110001111011110100100100
111110000010000101011000010000000011011011111010010100000100100000100101100101110010101011100100
111110000010000101011000010000000011011011111010010100000100100000100100111111010110010011100000
111110000010000101011000010000000011011011111010010100000100100000100010011110000010011110110000
111110000010000101011000010000000011011011111010010100000100100000011100010101100100010001110010
111110000010000101011000010000000011011011111010010100000100100000011000111001111000110011010111
111110000010000101011000010000000011011011111010010100000100100000010001000110101110010011001100
111110000010000101011000010000000011011011111010010100000100100000001110001000111011000101110000
111110000010000101011000010000000011011011111010010100000100100000000010010111010000001110100101
111110000010000101011000010000000011011011111010010100000100100000000000111110110001100110001100
111110000010000101011000010000000011011011111010010100000100011111111101111100111100111000011011
111110000010000101011000010000000011011011111010010100000100011111111001100100000000011011100100
111110000010000101011000010000000011011011111010010100000100011111110011111001101110111101010010
111110000010000101011000010000000011011011111010010100000100011111110011000010101001000010100101
111110000010000101011000010000000011011011111010010100000100011111110001010011000000111001011101
111110000010000101011000010000000011011011111010010100000100011111101011010110000100100000010001
111110000010000101011000010000000011011011111010010100000100011111100111111000000011111111010010
111110000010000101011000010000000011011011111010010100000100011111100111101000100101100101101010
111110000010000101011000010000000011011011111010010100000100011111011111111001010001010111001011
111110000010000101011000010000000011011011111010010100000100011111011110100110001001111110000100
111110000010000101011000010000000011011011111010010100000100011111011100010110100100101001111101
111110000010000101011000010000000011011011111010010100000100011111011001010110111111101000001001
111110000010000101011000010000000011011011111010010100000100011111010010100101010100011111111110
111110000010000101011000010000000011011011111010010100000100011111001010110101101100011100010111
111110000010000101011000010000000011011011111010010100000100011111000101110010000001011000101001
111110000010000101011000010000000011011011111010010100000100011110111111000011100011011000011101
111110000010000101011000010000000011011011111010010100000100011110111110011010010001100010111110
111110000010000101011000010000000011011011111010010100000100011110111000001001010111111110001000
111110000010000101011000010000000011011011111010010100000100011110110111110000100110000101111011
111110000010000101011000010000000011011011111010010100000100011110110101011100001000011100010000
111110000010000101011000010000000011011011111010010100000100011110110100011000111100101100101111
111110000010000101011000010000000011011011111010010100000100011110110100001010100110010100101100
111110000010000101011000010000000011011011111010010100000100011110101011110010111100100000011111
111110000010000101011000010000000011011011111010010100000100011110101000110011110011101110000100
111110000010000101011000010000000011011011111010010100000100011110100110111010001110100100101011
111110000010000101011000010000000011011011111010010100000100011110100101111001100000101001001111
111110000010000101011000010000000011011011111010010100000100011110100101001100110011110101100010
111110000010000101011000010000000011011011111010010100000100011110011010110000000001101010011011
111110000010000101011000010000000011011011111010010100000100011110010100000111110110111101010100
111110000010000101011000010000000011011011111010010100000100011110010010110001110000000000011110
111110000010000101011000010000000011011011111010010100000100011110001010011000000010000110011111
111110000010000101011000010000000011011011111010010100000100011110000100001101100101110100001101
111110000010000101011000010000000011011011111010010100000100011110000000110110110010001101111011
111110000010000101011000010000000011011011111010010100000100011101110111111100111000110110010011
111110000010000101011000010000000011011011111010010100000100011101110111101101011001110010001000
111110000010000101011000010000000011011011111010010100000100011101110111011000010110101000000110
111110000010000101011000010000000011011011111010010100000100011101110001010011100011011110011010
111110000010000101011000010000000011011011111010010100000100011101101010100011010010111001000100
111110000010000101011000010000000011011011111010010100000100011101100111011010111000001111001101
111110000010000101011000010000000011011011111010010100000100011101100101101110010001011000000100
111110000010000101011000010000000011011011111010010100000100011101100001000111000110000001011111
111110000010000101011000010000000011011011111010010100000100011101010101100000000011100010110000
111110000010000101011000010000000011011011111010010100000100011101010001101010111001111100000110
111110000010000101011000010000000011011011111010010100000100011101000111101110110000110010000100
111110000010000101011000010000000011011011111010010100000100011101000110010100100011000001110101
111110000010000101011000010000000011011011111010010100000100011101000101001100101000010111010110
111110000010000101011000010000000011011011111010010100000100011101000001100000000101100011011101
111110000010000101011000010000000011011011111010010100000100011100111000110010100000110100000101
111110000010000101011000010000000011011011111010010100000100011100111000101100110010111011010011
111110000010000101011000010000000011011011111010010100000100011100101100111001000001111010001000
111110000010000101011000010000000011011011111010010100000100011100101100000101111010000001111110
111110000010000101011000010000000011011011111010010100000100011100101010100100101000010011011100
111110000010000101011000010000000011011011111010010100000100011100100110011011010000101011001111
111110000010000101011000010000000011011011111010010100000100011100011101111000111001010011011000
111110000010000101011000010000000011011011111010010100000100011100011100001000101011101000010111
111110000010000101011000010000000011011011111010010100000100011100011011000011000000001001011001
111110000010000101011000010000000011011011111010010100000100011100011010100100001010110110111000
111110000010000101011000010000000011011011111010010100000100011100010100011100001011011011111011
111110000010000101011000010000000011011011111010010100000100011100001011100010000010111100001001
111110000010000101011000010000000011011011111010010100000100011100001010111001110100101011010101
111110000010000101011000010000000011011011111010010100000100011100001010010111011111010000001011
111110000010000101011000010000000011011011111010010100000100011100001010010011011011010101011011
111110000010000101011000010000000011011011111010010100000100011100000001111011111011001001011101
111110000010000101011000010000000011011011111010010100000100011100000001100001110100101111110011
111110000010000101011000010000000011011011111010010100000100011100000000111111101100011111000110
111110000010000101011000010000000011011011111010010100000100011100000000110010101110111111001111
111110000010000101011000010000000011011011111010010100000100011011111001110100111110100001111110
111110000010000101011000010000000011011011111010010100000100011011110110000111011111011111001100
111110000010000101011000010000000011011011111010010100000100011011110101010010100111101011110110
111110000010000101011000010000000011011011111010010100000100011011101110001110101100101110000010
111110000010000101011000010000000011011011111010010100000100011011101010000000101110010000111101
111110000010000101011000010000000011011011111010010100000100011011100111100100110110001010011010
111110000010000101011000010000000011011011111010010100000100011011100111001110011111011000001000
111110000010000101011000010000000011011011111010010100000100011011100010000000101001111001111110
111110000010000101011000010000000011011011111010010100000100011011100001011000001110110101101000
111110000010000101011000010000000011011011111010010100000100011011100000101111110011011110011010
111110000010000101011000010000000011011011111010010100000100011011100000100110111110101000011010
111110000010000101011000010000000011011011111010010100000100011011011111001001001000101000000110
111110000010000101011000010000000011011011111010010100000100011011010100011010011110101001111000
111110000010000101011000010000000011011011111010010100000100011011010100000111101011100110111000
111110000010000101011000010000000011011011111010010100000100011011010010111001101011111100001010
111110000010000101011000010000000011011011111010010100000100011011001001111110101100001011100110
111110000010000101011000010000000011011011111010010100000100011011000100011011011000010010100101
111110000010000101011000010000000011011011111010010100000100011011000011110001110010001111100011
111110000010000101011000010000000011011011111010010100000100011011000011001010011010001101000100
111110000010000101011000010000000011011011111010010100000100011010111010001110000100000011000010
111110000010000101011000010000000011011011111010010100000100011010110101011100110010001100111001
111110000010000101011000010000000011011011111010010100000100011010110010100111101111101101010111
111110000010000101011000010000000011011011111010010100000100011010110001110110001101111010010101
111110000010000101011000010000000011011011111010010100000100011010101110001011110111001101100001
111110000010000101011000010000000011011011111010010100000100011010100110001110001110111100010000
111110000010000101011000010000000011011011111010010100000100011010100110001010110110011101101100
111110000010000101011000010000000011011011111010010100000100011010100010100010000101011000010100
111110000010000101011000010000000011011011111010010100000100011010100010011111101000010110000001
111110000010000101011000010000000011011011111010010100000100011010011111101000101001000001011000
111110000010000101011000010000000011011011111010010100000100011010011111011111001110011110001000
111110000010000101011000010000000011011011111010010100000100011010011110101001011110110111111010
111110000010000101011000010000000011011011111010010100000100011010011101101001100010001110110110
111110000010000101011000010000000011011011111010010100000100011010011100110000000001000001101000
111110000010000101011000010000000011011011111010010100000100011010011100000100101111111101011101
111110000010000101011000010000000011011011111010010100000100011010011011011001110110101111110010
111110000010000101011000010000000011011011111010010100000100011010011000010001110001100101001110
111110000010000101011000010000000011011011111010010100000100011010010111010111001111001111001000
111110000010000101011000010000000011011011111010010100000100011010010010010000000100101000110111
111110000010000101011000010000000011011011111010010100000100011010010001110101001101011011000010
111110000010000101011000010000000011011011111010010100000100011010001001100011110110011111010000
111110000010000101011000010000000011011011111010010100000100011010000111110001000111100000101011
111110000010000101011000010000000011011011111010010100000100011010000110000101110000000010010000
111110000010000101011000010000000011011011111010010100000100011010000100010110000100000111110100
111110000010000101011000010000000011011011111010010100000100011010000011100010110110110010111110
111110000010000101011000010000000011011011111010010100000100011001111101011100010010100111010001
111110000010000101011000010000000011011011111010010100000100011001111010110000011110101010000101
111110000010000101011000010000000011011011111010010100000100011001110111110111110001111110010011
111110000010000101011000010000000011011011111010010100000100011001110110111010110101111011011100
111110000010000101011000010000000011011011111010010100000100011001110100010010100110011000010001
111110000010000101011000010000000011011011111010010100000100011001110100010000100011000001000100
111110000010000101011000010000000011011011111010010100000100011001101111101001001011100110101000
111110000010000101011000010000000011011011111010010100000100011001101101101101101010010010101101
111110000010000101011000010000000011011011111010010100000100011001101100001100011110100010110000
111110000010000101011000010000000011011011111010010100000100011001101001101010101110111110011010
111110000010000101011000010000000011011011111010010100000100011001010110001010000010110111111010
111110000010000101011000010000000011011011111010010100000100011001010101000011001001110110101100
111110000010000101011000010000000011011011111010010100000100011001010011000101000100111101010011
111110000010000101011000010000000011011011111010010100000100011001010001011110100110110111100010
111110000010000101011000010000000011011011111010010100000100011001010000011110011100010110011110
111110000010000101011000010000000011011011111010010100000100011001001111000011101100000011111001
111110000010000101011000010000000011011011111010010100000100011001001110111001101111011000011111
111110000010000101011000010000000011011011111010010100000100011001001010100101010110111010011100
111110000010000101011000010000000011011011111010010100000100011000111100011101100110001011001010
111110000010000101011000010000000011011011111010010100000100011000110110001001001110110010100001
111110000010000101011000010000000011011011111010010100000100011000110101110101111010101011110110
111110000010000101011000010000000011011011111010010100000100011000110001011010010011110100110111
111110000010000101011000010000000011011011111010010100000100011000110000100111111100001001010101
111110000010000101011000010000000011011011111010010100000100011000101101010001110100000001101010
111110000010000101011000010000000011011011111010010100000100011000100011101010111110010100110000
111110000010000101011000010000000011011011111010010100000100011000100000001010010110101000010001
111110000010000101011000010000000011011011111010010100000100011000011000101001011101010101100100
111110000010000101011000010000000011011011111010010100000100011000010101001100101111101001100010
111110000010000101011000010000000011011011111010010100000100011000010000000101101111100011010100
111110000010000101011000010000000011011011111010010100000100011000000100101001011110100111101100
111110000010000101011000010000000011011011111010010100000100011000000011011001011111100110101011
111110000010000101011000010000000011011011111010010100000100011000000000110000100001110011011110
111110000010000101011000010000000011011011111010010100000100011000000000101000010101011101110001
111110000010000101011000010000000011011011111010010100000100010111110110110110001001011111101001
111110000010000101011000010000000011011011111010010100000100010111101111011010101000111101101010
111110000010000101011000010000000011011011111010010100000100010111101111010001010110001110101100
111110000010000101011000010000000011011011111010010100000100010111101100000110010111110000110000
111110000010000101011000010000000011011011111010010100000100010111101011100001000011101111010011
111110000010000101011000010000000011011011111010010100000100010111100110110010001000100111011010
111110000010000101011000010000000011011011111010010100000100010111100110011100110011101111001001
111110000010000101011000010000000011011011111010010100000100010111010111111011001001111101101100
111110000010000101011000010000000011011011111010010100000100010111010111001110100001111100111100
111110000010000101011000010000000011011011111010010100000100010111010000101111101010011110011000
111110000010000101011000010000000011011011111010010100000100010111001011110001000101110011111111
111110000010000101011000010000000011011011111010010100000100010111000101100000111000101011110011
111110000010000101011000010000000011011011111010010100000100010111000101001011010101110101110000
111110000010000101011000010000000011011011111010010100000100010111000011000101010101001100001000
111110000010000101011000010000000011011011111010010100000100010110111110000111111001100010000100
111110000010000101011000010000000011011011111010010100000100010110111100000001011010111111101011
111110000010000101011000010000000011011011111010010100000100010110110111100110000000110010101001
111110000010000101011000010000000011011011111010010100000100010110110011010101010001111100101111
111110000010000101011000010000000011011011111010010100000100010110110011010001110010011000001100
111110000010000101011000010000000011011011111010010100000100010110101111110111011111110010110100
111110000010000101011000010000000011011011111010010100000100010110101001001101100111001001110101
111110000010000101011000010000000011011011111010010100000100010110100110110111111010100010111000
111110000010000101011000010000000011011011111010010100000100010110100101011110111101001000111001
111110000010000101011000010000000011011011111010010100000100010110100001110110110010101110100101
111110000010000101011000010000000011011011111010010100000100010110011011111011100000110111010101
111110000010000101011000010000000011011011111010010100000100010110011011001000010010011011101100
111110000010000101011000010000000011011011111010010100000100010110011000110011011100111010010100
111110000010000101011000010000000011011011111010010100000100010110010011010001000110010100111010
111110000010000101011000010000000011011011111010010100000100010101110110100101011001000110100000
111110000010000101011000010000000011011011111010010100000100010101110010000101011010000101001110
111110000010000101011000010000000011011011111010010100000100010101101010100010110111011111000001
111110000010000101011000010000000011011011111010010100000100010101101000010110110111111011110101
111110000010000101011000010000000011011011111010010100000100010101100010010100110000011101110000
111110000010000101011000010000000011011011111010010100000100010101100010000101011000000101000100
111110000010000101011000010000000011011011111010010100000100010101100000101001111111110010001100
111110000010000101011000010000000011011011111010010100000100010101011111011101110110111110001100
111110000010000101011000010000000011011011111010010100000100010101011111010101001001111000011111
111110000010000101011000010000000011011011111010010100000100010101010100011110010101100011011111
111110000010000101011000010000000011011011111010010100000100010101001110101101011011001101011010
111110000010000101011000010000000011011011111010010100000100010101000100000110110000010111000111
111110000010000101011000010000000011011011111010010100000100010101000010000001111100111100011011
111110000010000101011000010000000011011011111010010100000100010100110111111110110001000111011000
111110000010000101011000010000000011011011111010010100000100010100101011001010000011110110000101
111110000010000101011000010000000011011011111010010100000100010100100001111101100101011111100001
111110000010000101011000010000000011011011111010010100000100010100100000101111100111110100100011
111110000010000101011000010000000011011011111010010100000100010100011110111111001111110001001000
111110000010000101011000010000000011011011111010010100000100010100011110000000000001111101011011
111110000010000101011000010000000011011011111010010100000100010100011000010111010000001110010100
111110000010000101011000010000000011011011111010010100000100010100001101011001010000101001001010
111110000010000101011000010000000011011011111010010100000100010100001010101110100110010001110100
111110000010000101011000010000000011011011111010010100000100010100001010000110100110101011111100
111110000010000101011000010000000011011011111010010100000100010100000000000100000000111111111100
111110000010000101011000010000000011011011111010010100000100010011110111111000000001101111100101
111110000010000101011000010000000011011011111010010100000100010011110100001110111010101010001010
111110000010000101011000010000000011011011111010010100000100010011101101011110111111011010101001
111110000010000101011000010000000011011011111010010100000100010011100011101000010000001010001101
111110000010000101011000010000000011011011111010010100000100010011011101011000100011110010111101
111110000010000101011000010000000011011011111010010100000100010011010011101110101011001010010101
111110000010000101011000010000000011011011111010010100000100010011010000010010000100011100100110
111110000010000101011000010000000011011011111010010100000100010011001110110000011111001010111111
111110000010000101011000010000000011011011111010010100000100010011001000101111001000010110110011
111110000010000101011000010000000011011011111010010100000100010011000111011000000101001111011110
111110000010000101011000010000000011011011111010010100000100010011000111001111101010001011110101
111110000010000101011000010000000011011011111010010100000100010011000110100010001100100111000011
111110000010000101011000010000000011011011111010010100000100010011000100110101010010000100010110
111110000010000101011000010000000011011011111010010100000100010011000011101010101010001111000110
111110000010000101011000010000000011011011111010010100000100010010111110010011010000000001010101
111110000010000101011000010000000011011011111010010100000100010010111001001000100010001111000111
111110000010000101011000010000000011011011111010010100000100010010111000001101000101000111000111
111110000010000101011000010000000011011011111010010100000100010010110111101110000000001011010010
111110000010000101011000010000000011011011111010010100000100010010110001111010000100110011100101
111110000010000101011000010000000011011011111010010100000100010010011101000101010000101100111010
111110000010000101011000010000000011011011111010010100000100010010011001100101110100111100110000
111110000010000101011000010000000011011011111010010100000100010010010100011001001001001101000000
111110000010000101011000010000000011011011111010010100000100010010010000110110100011010011010000
111110000010000101011000010000000011011011111010010100000100010010000111010111000111101111101011
111110000010000101011000010000000011011011111010010100000100010001111110000001110111010110011111
111110000010000101011000010000000011011011111010010100000100010001110111001101101101010010010111
111110000010000101011000010000000011011011111010010100000100010001110100110101111111010100000001
111110000010000101011000010000000011011011111010010100000100010001110010110100000111010000101111
111110000010000101011000010000000011011011111010010100000100010001101011011001100001101001111101
111110000010000101011000010000000011011011111010010100000100010001101010011000011000111101011110
111110000010000101011000010000000011011011111010010100000100010001100111001110111101101010110110
111110000010000101011000010000000011011011111010010100000100010001100000101110101010101110101001
111110000010000101011000010000000011011011111010010100000100010001010111101100011000110110001010
111110000010000101011000010000000011011011111010010100000100010001010110111010010101101000001010
111110000010000101011000010000000011011011111010010100000100010001010010101110101101101111010000
111110000010000101011000010000000011011011111010010100000100010001010010011010110101101101010001
111110000010000101011000010000000011011011111010010100000100010001010010001000011010110101101001
111110000010000101011000010000000011011011111010010100000100010001001110011011101111110001000101
111110000010000101011000010000000011011011111010010100000100010001001001011100010000011110101111
111110000010000101011000010000000011011011111010010100000100010001000110001101001100101001001010
111110000010000101011000010000000011011011111010010100000100010001000010100010101110101100100101
111110000010000101011000010000000011011011111010010100000100010001000010000100001011001111000011
111110000010000101011000010000000011011011111010010100000100010001000010000001101010011010011110
111110000010000101011000010000000011011011111010010100000100010000111111110110011101010011110111
111110000010000101011000010000000011011011111010010100000100010000111010001110001001111101010111
111110000010000101011000010000000011011011111010010100000100010000110111010011010111100111101010
111110000010000101011000010000000011011011111010010100000100010000110101010001001100000111000100
111110000010000101011000010000000011011011111010010100000100010000110100101110101101000101001111
111110000010000101011000010000000011011011111010010100000100010000101100110101001011111010100000
111110000010000101011000010000000011011011111010010100000100010000101011011101001001111101001001
111110000010000101011000010000000011011011111010010100000100010000100101000100110111011110011101
111110000010000101011000010000000011011011111010010100000100010000100011101011110111001001110111
111110000010000101011000010000000011011011111010010100000100010000100010101101011111010100100000
111110000010000101011000010000000011011011111010010100000100010000011111010010100110000010101101
111110000010000101011000010000000011011011111010010100000100010000011100100010001100111001110110
111110000010000101011000010000000011011011111010010100000100010000011010110110010111101101111100
111110000010000101011000010000000011011011111010010100000100010000011001101001011011101101100000
111110000010000101011000010000000011011011111010010100000100010000010111111100010000111111110010
111110000010000101011000010000000011011011111010010100000100010000010111001001110110011001100000
111110000010000101011000010000000011011011111010010100000100010000001110011001011100101100001101
111110000010000101011000010000000011011011111010010100000100010000001101100001111001000010010100
111110000010000101011000010000000011011011111010010100000100010000001010110100000100001011001001
111110000010000101011000010000000011011011111010010100000100010000001000011000000000110111100000
111110000010000101011000010000000011011011111010010100000100010000000111110111011010000000110000
111110000010000101011000010000000011011011111010010100000100010000000101101001101101000110011100
111110000010000101011000010000000011011011111010010100000100010000000100101001110111110011000111
111110000010000101011000010000000011011011111010010100000100010000000001000100100111010010011000
111110000010000101011000010000000011011011111010010100000100010000000000111111011001111010011111
111110000010000101011000010000000011011011111010010100000100001111111011001100101000000001110010
111110000010000101011000010000000011011011111010010100000100001111110111100101101111101111000111
111110000010000101011000010000000011011011111010010100000100001111110101010011111000111010111100
111110000010000101011000010000000011011011111010010100000100001111110000101111101101000100101010
111110000010000101011000010000000011011011111010010100000100001111101101000001110010111100000000
111110000010000101011000010000000011011011111010010100000100001111101100101101110001011101000111
111110000010000101011000010000000011011011111010010100000100001111101001111111101000100110000011
111110000010000101011000010000000011011011111010010100000100001111101001111101000111100110011100
111110000010000101011000010000000011011011111010010100000100001111101000001001001000000010100010
111110000010000101011000010000000011011011111010010100000100001111100100011011101100100101000000
111110000010000101011000010000000011011011111010010100000100001111100001111010110111100010001100
111110000010000101011000010000000011011011111010010100000100001111100000101101111111100111010111
111110000010000101011000010000000011011011111010010100000100001111100000101011100000010111010110
111110000010000101011000010000000011011011111010010100000100001111011110111001001101001001011101
111110000010000101011000010000000011011011111010010100000100001111010111001100010001000001000000
111110000010000101011000010000000011011011111010010100000100001111001101000111010000001011011110
111110000010000101011000010000000011011011111010010100000100001111000101100100000010000101011000
111110000010000101011000010000000011011011111010010100000100001111000011010011010101000001011010
111110000010000101011000010000000011011011111010010100000100001111000010001101011000111011101010
111110000010000101011000010000000011011011111010010100000100001111000000010011100110101101101011
111110000010000101011000010000000011011011111010010100000100001110111110010010100000010100000001
111110000010000101011000010000000011011011111010010100000100001110111101110101110100011100001101
111110000010000101011000010000000011011011111010010100000100001110110011110101011001000010010011
111110000010000101011000010000000011011011111010010100000100001110110011000101011010011111011001
111110000010000101011000010000000011011011111010010100000100001110110000010100100110010101011100
111110000010000101011000010000000011011011111010010100000100001110101111010011111111111101000111
111110000010000101011000010000000011011011111010010100000100001110101110010101101010010000011111
111110000010000101011000010000000011011011111010010100000100001110101101000011010100101000110010
111110000010000101011000010000000011011011111010010100000100001110101001110100101001110001010000
111110000010000101011000010000000011011011111010010100000100001110101000110011101101101010100111
111110000010000101011000010000000011011011111010010100000100001110100011100000011111111100010010
111110000010000101011000010000000011011011111010010100000100001110011011101111001010011110101000
111110000010000101011000010000000011011011111010010100000100001110011011010011100000000011110101
111110000010000101011000010000000011011011111010010100000100001110010110000000001101111110010000
111110000010000101011000010000000011011011111010010100000100001110010101111010001000100100111101
111110000010000101011000010000000011011011111010010100000100001110010010111010001010000010101011
111110000010000101011000010000000011011011111010010100000100001110001111000000100011010100110100
111110000010000101011000010000000011011011111010010100000100001110001110100001101001011111011111
111110000010000101011000010000000011011011111010010100000100001110000110011010010010010111001010
111110000010000101011000010000000011011011111010010100000100001110000110000101100011101011000111
111110000010000101011000010000000011011011111010010100000100001110000101000011101011101011100010
111110000010000101011000010000000011011011111010010100000100001110000011011101111110001100101100
111110000010000101011000010000000011011011111010010100000100001110000010100100100111111001001110
111110000010000101011000010000000011011011111010010100000100001101111101110111010100100101100111
111110000010000101011000010000000011011011111010010100000100001101111010000010011110110000000100
111110000010000101011000010000000011011011111010010100000100001101111001100111001110010100000101
111110000010000101011000010000000011011011111010010100000100001101110110111001000110111010100100
111110000010000101011000010000000011011011111010010100000100001101110000100110101100010100001111
111110000010000101011000010000000011011011111010010100000100001101101100100110011010100011110011
111110000010000101011000010000000011011011111010010100000100001101101011100010011001100101011111
111110000010000101011000010000000011011011111010010100000100001101100001101111010010000110100011
111110000010000101011000010000000011011011111010010100000100001101001110111010000000000101000000
111110000010000101011000010000000011011011111010010100000100001101001110110110011001001010001011
111110000010000101011000010000000011011011111010010100000100001101001100111111001001010010001010
111110000010000101011000010000000011011011111010010100000100001101001010000001001001101000010011
111110000010000101011000010000000011011011111010010100000100001101001001010010000010110101100001
111110000010000101011000010000000011011011111010010100000100001101001000101010110011110111100000
111110000010000101011000010000000011011011111010010100000100001101000000110001101011100001100001
111110000010000101011000010000000011011011111010010100000100001101000000000010011100001010100010
111110000010000101011000010000000011011011111010010100000100001100110100110110111100011101001101
111110000010000101011000010000000011011011111010010100000100001100110011111110111000100011011111
111110000010000101011000010000000011011011111010010100000100001100101110110011101101001100000011
111110000010000101011000010000000011011011111010010100000100001100101110100110011111101000100111
111110000010000101011000010000000011011011111010010100000100001100101100000110111011010010001001
111110000010000101011000010000000011011011111010010100000100001100100111110101010010101111010101
111110000010000101011000010000000011011011111010010100000100001100011111111111110011011001110100
111110000010000101011000010000000011011011111010010100000100001100011100110010111001011101011000
111110000010000101011000010000000011011011111010010100000100001100000111000101000010000010010101
111110000010000101011000010000000011011011111010010100000100001100000011011101010100010110011010
111110000010000101011000010000000011011011111010010100000100001011111110110100100101011111101001
111110000010000101011000010000000011011011111010010100000100001011111101010010000011011010111100
111110000010000101011000010000000011011011111010010100000100001011110101010100000100100011111010
111110000010000101011000010000000011011011111010010100000100001011101000010000101010101100001001
111110000010000101011000010000000011011011111010010100000100001011100100100011001111101111000000
111110000010000101011000010000000011011011111010010100000100001011011111101011011111111111001111
111110000010000101011000010000000011011011111010010100000100001011011010111110110000110000000011
111110000010000101011000010000000011011011111010010100000100001011010011111100111000110101011110
111110000010000101011000010000000011011011111010010100000100001011001011111010110011011011011110
111110000010000101011000010000000011011011111010010100000100001011000010010111011010010111010101
111110000010000101011000010000000011011011111010010100000100001010111001100111011110100000010110
111110000010000101011000010000000011011011111010010100000100001010111001010110001010101100010111
111110000010000101011000010000000011011011111010010100000100001010110101010000000010110100001010
111110000010000101011000010000000011011011111010010100000100001010101110101111100101000100101000
111110000010000101011000010000000011011011111010010100000100001010101001011001000111001011001110
111110000010000101011000010000000011011011111010010100000100001010100000110011100111111011000101
111110000010000101011000010000000011011011111010010100000100001010011111000100101100110111000011
111110000010000101011000010000000011011011111010010100000100001010001100100101111001111101101111
111110000010000101011000010000000011011011111010010100000100001010001100010010100101110101001010
111110000010000101011000010000000011011011111010010100000100001001111111110011100001000001110100
111110000010000101011000010000000011011011111010010100000100001001111011101011111010011111110000
111110000010000101011000010000000011011011111010010100000100001001110100010110100100110001101011
111110000010000101011000010000000011011011111010010100000100001001110000100011100111111100001110
111110000010000101011000010000000011011011111010010100000100001001110000001100001111000001110100
111110000010000101011000010000000011011011111010010100000100001001101101110001001111000000111111
111110000010000101011000010000000011011011111010010100000100001001100101000100111011010110011100
111110000010000101011000010000000011011011111010010100000100001001100100101101100101111111001001
111110000010000101011000010000000011011011111010010100000100001001011110011110010101110011001110
111110000010000101011000010000000011011011111010010100000100001001011001000110111000101010010110
111110000010000101011000010000000011011011111010010100000100001001010110011110101101100101110011
111110000010000101011000010000000011011011111010010100000100001001010110011000110010101110111110
111110000010000101011000010000000011011011111010010100000100001001010011010100010100101101100100
111110000010000101011000010000000011011011111010010100000100001001010010001000001010100101101110
111110000010000101011000010000000011011011111010010100000100001001010001010110000111001111001000
111110000010000101011000010000000011011011111010010100000100001001010000111001110111000000010010
111110000010000101011000010000000011011011111010010100000100001001001100110110011100010010111101
111110000010000101011000010000000011011011111010010100000100001001001100010110110011010110001001
111110000010000101011000010000000011011011111010010100000100001001001010110101011111111100110110
111110000010000101011000010000000011011011111010010100000100001001001010010010011001000111100001
111110000010000101011000010000000011011011111010010100000100001001000101010001101101010101110001
111110000010000101011000010000000011011011111010010100000100001001000100110110100110101100011100
111110000010000101011000010000000011011011111010010100000100001001000000101110011011011101000110
111110000010000101011000010000000011011011111010010100000100001000111010110010101010110110000001
111110000010000101011000010000000011011011111010010100000100001000111000000101011101101111010001
111110000010000101011000010000000011011011111010010100000100001000110111110101111110101010010110
111110000010000101011000010000000011011011111010010100000100001000101110000010101010011111111011
111110000010000101011000010000000011011011111010010100000100001000100111111001010010111001111111
111110000010000101011000010000000011011011111010010100000100001000100100110100111101100010001001
111110000010000101011000010000000011011011111010010100000100001000011111100011000011010101100011
111110000010000101011000010000000011011011111010010100000100001000011100011100111000011010000111
111110000010000101011000010000000011011011111010010100000100001000010111111001011001011000100110
111110000010000101011000010000000011011011111010010100000100001000010110000100001000010000010000
111110000010000101011000010000000011011011111010010100000100001000000001010101010010110011000000
111110000010000101011000010000000011011011111010010100000100000111111111111100000001000010101011
111110000010000101011000010000000011011011111010010100000100000111111111111001001101101010011111
111110000010000101011000010000000011011011111010010100000100000111111011000101000011101100000001
111110000010000101011000010000000011011011111010010100000100000111110111100000110110111110100001
111110000010000101011000010000000011011011111010010100000100000111110110110001001001110010011100
111110000010000101011000010000000011011011111010010100000100000111110101010100101011101101001101
111110000010000101011000010000000011011011111010010100000100000111110011111110100100100010111011
111110000010000101011000010000000011011011111010010100000100000111110000100000111111100100001010
111110000010000101011000010000000011011011111010010100000100000111101100110100100000001111010110
111110000010000101011000010000000011011011111010010100000100000111101100011011110100101001110110
111110000010000101011000010000000011011011111010010100000100000111100011011010111011110011011000
111110000010000101011000010000000011011011111010010100000100000111011111010010010101101001111111
111110000010000101011000010000000011011011111010010100000100000111011100110000110110110010110101
111110000010000101011000010000000011011011111010010100000100000111010001111010001111011011011100
111110000010000101011000010000000011011011111010010100000100000111001111011001111100101111110000
111110000010000101011000010000000011011011111010010100000100000111001100000001110110010100001011
111110000010000101011000010000000011011011111010010100000100000111001001110101011010100110001110
111110000010000101011000010000000011011011111010010100000100000111000010110101010000011011010011
111110000010000101011000010000000011011011111010010100000100000110111101110110001001111110101001
111110000010000101011000010000000011011011111010010100000100000110111101101110110100111011011100
111110000010000101011000010000000011011011111010010100000100000110111011000100100100111101000100
111110000010000101011000010000000011011011111010010100000100000110110011001101100100100111001011
111110000010000101011000010000000011011011111010010100000100000110110010100011001010011001000011
111110000010000101011000010000000011011011111010010100000100000110110001100000100001110101100011
111110000010000101011000010000000011011011111010010100000100000110101110010000010110010100010001
111110000010000101011000010000000011011011111010010100000100000110101000101111100011100010011011
111110000010000101011000010000000011011011111010010100000100000110100111001011100110100101110011
111110000010000101011000010000000011011011111010010100000100000110100011110101010000011010100100
111110000010000101011000010000000011011011111010010100000100000110011000100101001111110111011011
111110000010000101011000010000000011011011111010010100000100000110010011110010101010010111001000
111110000010000101011000010000000011011011111010010100000100000110010001000111010000000110100111
111110000010000101011000010000000011011011111010010100000100000110001111110011111110000100011100
111110000010000101011000010000000011011011111010010100000100000110001110000100000001100000000011
111110000010000101011000010000000011011011111010010100000100000110000011001001001001111100111011
111110000010000101011000010000000011011011111010010100000100000101111101101110001110110010000110
111110000010000101011000010000000011011011111010010100000100000101111011101011110110011000010100
111110000010000101011000010000000011011011111010010100000100000101111001111110111111101100101010
111110000010000101011000010000000011011011111010010100000100000101110010011111101101100101001000
111110000010000101011000010000000011011011111010010100000100000101101100111100100110101000100100
111110000010000101011000010000000011011011111010010100000100000101101001010110111101000000001011
111110000010000101011000010000000011011011111010010100000100000101100001110000100110000111100011
111110000010000101011000010000000011011011111010010100000100000101011110111101110011110001101101
111110000010000101011000010000000011011011111010010100000100000101011101001101100110001111101111
111110000010000101011000010000000011011011111010010100000100000101011011000011111001010100110010
111110000010000101011000010000000011011011111010010100000100000101011010100011010001010000000101
111110000010000101011000010000000011011011111010010100000100000101011001100010101000011000100101
111110000010000101011000010000000011011011111010010100000100000101010100011011011110000000111000
111110000010000101011000010000000011011011111010010100000100000101010100001101110111110011101111
111110000010000101011000010000000011011011111010010100000100000101001100001010011010011010100111
111110000010000101011000010000000011011011111010010100000100000101001010110101011011101010100101
111110000010000101011000010000000011011011111010010100000100000101000010110001001100100011010101
111110000010000101011000010000000011011011111010010100000100000101000001111010100000000000011001
111110000010000101011000010000000011011011111010010100000100000100111110101001000111010000101100
111110000010000101011000010000000011011011111010010100000100000100110110011110101100100110000001
111110000010000101011000010000000011011011111010010100000100000100100000011010011100100110000011
111110000010000101011000010000000011011011111010010100000100000100100000001111100111111010010001
111110000010000101011000010000000011011011111010010100000100000100011100001000001010010011101110
111110000010000101011000010000000011011011111010010100000100000100011000100000111000001000111110
111110000010000101011000010000000011011011111010010100000100000100010111000110010010101000110101
111110000010000101011000010000000011011011111010010100000100000100010001111111111111100011010010
111110000010000101011000010000000011011011111010010100000100000100001101001111010100010101110000
111110000010000101011000010000000011011011111010010100000100000100001101001010010010010011100110
111110000010000101011000010000000011011011111010010100000100000100001000001110001110000000101011
111110000010000101011000010000000011011011111010010100000100000100000010000011110101100101111101
111110000010000101011000010000000011011011111010010100000100000100000001100010111001011001000110
111110000010000101011000010000000011011011111010010100000100000100000000000011010011011001011010
111110000010000101011000010000000011011011111010010100000100000011111111000100111101100100110111
111110000010000101011000010000000011011011111010010100000100000011101010000101001100101101111110
111110000010000101011000010000000011011011111010010100000100000011100110101001110111001110100101
111110000010000101011000010000000011011011111010010100000100000011100001100011001110011100010001
111110000010000101011000010000000011011011111010010100000100000011100000101010111100011011100010
111110000010000101011000010000000011011011111010010100000100000011011001100101100110101000111101
111110000010000101011000010000000011011011111010010100000100000011010111000011000010110110110100
111110000010000101011000010000000011011011111010010100000100000011010110100111100010101110101100
111110000010000101011000010000000011011011111010010100000100000011010110000110000101101010010010
111110000010000101011000010000000011011011111010010100000100000011001111101000010000000101010011
111110000010000101011000010000000011011011111010010100000100000011001100101111110101001110110110
111110000010000101011000010000000011011011111010010100000100000011001010100010110100010000000001
111110000010000101011000010000000011011011111010010100000100000011001001100111001001001011100111
111110000010000101011000010000000011011011111010010100000100000011001001010010001001100101000101
111110000010000101011000010000000011011011111010010100000100000011000110011110010100000010101010
111110000010000101011000010000000011011011111010010100000100000011000011100101000011100001111010
111110000010000101011000010000000011011011111010010100000100000010111110010100111100111100001100
111110000010000101011000010000000011011011111010010100000100000010111011000001111011011100101100
111110000010000101011000010000000011011011111010010100000100000010111001001011000100110000001001
111110000010000101011000010000000011011011111010010100000100000010110101110000001100011001111001
111110000010000101011000010000000011011011111010010100000100000010110011100010110111100101000100
111110000010000101011000010000000011011011111010010100000100000010101111110001101010011100000011
111110000010000101011000010000000011011011111010010100000100000010100111111001010100000000101000
111110000010000101011000010000000011011011111010010100000100000010100011000001101011111100111110
111110000010000101011000010000000011011011111010010100000100000010100010101000010010110100000101
111110000010000101011000010000000011011011111010010100000100000010100000011111010100111001010111
111110000010000101011000010000000011011011111010010100000100000010011110101010000100011001111000
111110000010000101011000010000000011011011111010010100000100000010011010101101010101110101100011
111110000010000101011000010000000011011011111010010100000100000010011010011001100101111000100111
111110000010000101011000010000000011011011111010010100000100000010001111101101101000000011000111
111110000010000101011000010000000011011011111010010100000100000010001110011111011010111011000001
111110000010000101011000010000000011011011111010010100000100000010001010010101001000101000101110
111110000010000101011000010000000011011011111010010100000100000010000111110000111111001010001101
111110000010000101011000010000000011011011111010010100000100000010000111001010011001110010101010
111110000010000101011000010000000011011011111010010100000100000010000110100011011000111100100010
111110000010000101011000010000000011011011111010010100000100000010000100110110100011001010010001
111110000010000101011000010000000011011011111010010100000100000010000100110000110101101010001010
111110000010000101011000010000000011011011111010010100000100000001111101111110100101111001100010
111110000010000101011000010000000011011011111010010100000100000001111011011000101100001001111111
111110000010000101011000010000000011011011111010010100000100000001111011010100110000110001000001
111110000010000101011000010000000011011011111010010100000100000001111001010100001111110011010010
111110000010000101011000010000000011011011111010010100000100000001110100111001000011001101000110
111110000010000101011000010000000011011011111010010100000100000001110000000011001111100011100000
111110000010000101011000010000000011011011111010010100000100000001101100111111101110000010110111
111110000010000101011000010000000011011011111010010100000100000001101000101011001011100101000010
111110000010000101011000010000000011011011111010010100000100000001100010000111011111100100000100
111110000010000101011000010000000011011011111010010100000100000001011101101101100101000000000110
111110000010000101011000010000000011011011111010010100000100000001011000001011100001011111111001
111110000010000101011000010000000011011011111010010100000100000001010101111001101111001010001101
111110000010000101011000010000000011011011111010010100000100000001010000101101110001001110001110
111110000010000101011000010000000011011011111010010100000100000001001100111110011000100011001110
111110000010000101011000010000000011011011111010010100000100000001001100100101001110111011010101
111110000010000101011000010000000011011011111010010100000100000001001100011010000110001000001111
111110000010000101011000010000000011011011111010010100000100000001001000101101110101011001110000
111110000010000101011000010000000011011011111010010100000100000001000111100001100011111111111100
111110000010000101011000010000000011011011111010010100000100000001000011110010111100100011111110
111110000010000101011000010000000011011011111010010100000100000000111110111000011100100110101101
111110000010000101011000010000000011011011111010010100000100000000111100110110111101101001101101
111110000010000101011000010000000011011011111010010100000100000000111011000001001111110101010111
111110000010000101011000010000000011011011111010010100000100000000111010000011110000010100100101
111110000010000101011000010000000011011011111010010100000100000000110110001011101011011111110001
111110000010000101011000010000000011011011111010010100000100000000110100001011000100001111010000
111110000010000101011000010000000011011011111010010100000100000000101011111011001001110101010010
111110000010000101011000010000000011011011111010010100000100000000011111101000110101001010110111
111110000010000101011000010000000011011011111010010100000100000000011111000110110001111100100100
111110000010000101011000010000000011011011111010010100000100000000011000011111111100110010100111
111110000010000101011000010000000011011011111010010100000100000000010011000001110000001000100110
111110000010000101011000010000000011011011111010010100000100000000001011011100011101110010101010
