101110011000100010001110011101100100000101111101110011110010011100000001100011101010001100101111
110111111111000100101000101001111000111001001010001110001011101011100011100010011011000001111000
000001011111101110001000001111110111110001010100001101100000000100000101101111111100100011101101
000010001100011101110000111000100111010010010010100110100000000000000000101001101111111101001110
000011110100111100100011010110100110101101110001110101001011001000100000000001100101100010100011
000100000110011101110010110110111000010111100001100010100001101001001000011111011100100101001101
000101011000001110011001011010010100111001001101010100110000011101010001110100101111101110010111
000111001101001010111101101110100101010111100100100001100100101000110110110000100010100010000111
000111110011111100111101100101001000000000011011011100010010011110010101101001110111110010111111
001010011111100001101010010101110010110000100111100001000101111010000111001011000001100101011011
001010100100101101111010101101000111011110110010000101000110001000101111101001010010110101101101
001011010111001110001101110011001111110000111010101001000011010111000110011001101100101101101011
001100000001000100011010011010001100011111001110010110101101001110010011111111000101001001000110
001101000000111101001011101011011011110101111101111101101000001111110111101100100010011101000001
001111000011011101001101100111100001000110101010000100001000100010111010111110000011001001000101
001111101101001110001010000011111001101010110011101010111000001000001001000000000011100010101000
010000101100111101100110000001010110000001110000110101001111100111101111111011101111110101101011
010000110111100001111000011110111011011001010110001010001110001101010110100111011010000111100001
010001011001111000000001101110010010000100110011101001011111101100100000011100111011110010011100
010001111110110111000111100010101011010111110001110101000001101011001000101011111101011100110110
010100110001010011000110110010100001100111000000000101101010111100011011010100010110010110000100
010101000110001110101010000000101100101110111111000110111010100100010100010000010000100111111101
010101110110000100000001011010000101000010010010101000110111000100010010100110001000010101100101
011001111010000110111111110110000011010011011101101010011101111110010111111000110011111010110011
011100100110110110010011111101101101001111010000111101000100001111110001000000000010010100111100
100010010011110010111010000110011001010011010100110000110111110001111101010100110110011000000000
100011011101011001011011100010000110100011000111001010011011011110110101111101101000011011110101
100100001100000111110011100111100010110011100100100000010011100011010110001000000010010111111100
100100010110111000111010110010000011000000000000011000011100111110100011110000011111001111000111
100101000100101100101100011111000100100001100011111101001000110001100001110101111001111100011000
101000000101100001110111000100011101001001101110000010111101011001010000000111000100010001111011
101010010101011111110101100110000111010111001101001111101010011001000101010010111011010011110110
101011110100011110101100110110001111011100010110110010111110000001001100100010011111100111101001
101100101000010011110010100011100001011110010000111100111100011011110110001100100000100011010100
101101110010100000000000011011110100110110110101010011001100101010001000010110110011001001100100
110000000011000010001010110001110100001110110000111010001010110111001100001110100001010001110111
110001000110100000010111111100010000110101100000100000011110111000010011001000011101101001001001
110011100100101001110111000110101100000010000111000011101010110000101100001010110100111000100001
111001011100000011000011010101110101001111010101011101011010101000011011010101000011001100100100
111010101110000000001011100000000111101101111011110011010100010001110001100011111010011010110100
111010110111110011110101110110111100110001000000101110111000100001010100011000011110000101010001
111101011111101110100010011100111001101011110001000011110010011100000000100101010011110110100011
111110001011111000110011101001010010010101011000000101101000011101110100101000100101001010111000
111110011010000000010111010001111110000111010011110000010101011101110000110111011011011001000001
111111011010010011001010101100101111100011000100110111100011110101100110100001111000000010000001
000000101000010110010110011101111011101110000001110100111100000101000100001101011100010111010000
000001000011110111010101000011101101010101011001110000111111101011110100011001111110100110111001
000010010110001100100000000101111001001100100011000101010000011011100010100100010010101111010000
000011001110111111111001111010010101111010011100010011111000011100001100001110011111011011010100
000011011100010110100010011000110100101011110110101000001010001011001100101101110000011111000000
000100011000001000110111010000000111011010011100111011010001110000100110011101101000011011010100
000100100110110010100011000010110000100000110010110011101000000111010100000000010001010110011011
000100101010010101001000010010000100100110001101001110100001101110111001010010000001011110010001
000110000011111110110011010011111111000001100010111010001110011001001110101100100100000010010001
001000000111100001001100111010011010010111000000101000001110010001001010011111110000100110110100
001000100011010111111001000011001011010011101111010000111011101101110001010110111010011110000101
001000101100101010010100011001110111100001111000100111010101010111001110101100000000010101110011
001000110010111110111000010000101011010101100010111100100101001110110110111100100111001111111101
001001010001110101010001000100001100110111101101110001101101100111001101111100111011100011100000
001010001001010010101100111001111101001011100101111001000111110000011100001111110100100001110011
001100101010000010010110110011000111111011101110101001001100110011110101010011010001011101101101
001101101111010010010011111000100000110110000011011100111001010000111111111111101111111000011010
001110000000001111100101000111100011111011111011101010010011110110110101111110110011100001110111
001110011111111011100010110100101100110111001100101010001111100011111100000010001111100010100010
001110110000110111001000100000110111001001110001010001101001010001000110010010111101001110101000
001111010101011101101100111110101110011110010000110000101100000010001010101100100100101001001011
001111011110010100110011011100100000010010100100011100011001000001010000111101001110010001011100
001111110111100100101011001110100010010101110001111011100011011110011001100110101010110111010111
010010010011100100111001101001011111010011111000010010001011010111000110111001010011100001010010
010010011010010010001000001101010110101101001111001000001000110100101001110011111000110101001001
010010110000000111111110011000100100001101000011110111100100010010000011011011011110011101011011
010011000100010000101111001101010001011001110010100000001010000100010011101100101110101001111011
010011010010010100000000011101011110011011011000111111110010101011000100110000010000111110010100
010011110010100011100101110110100111010101110011101000000000110101000001101100110011110000110010
010100000011001010010111001110010000101001101111100000001000011011101000011100101010110101011011
010100100000111101001011001010011110000100011100111001000101111000101011000001010011110110101001
010100101110000101101010000011001111011110000100100110110010100001101010110110101010111001000101
010101010111111101110010111100100111101010110000111011111110101111101010100110001000000100001000
010110001010111110011000011000000010001110011101001101001000001000111100001000010111011000011111
010111001011110010010010001110010101010010000000001011011010011000010000110011111100101110110101
010111010110001101110110111111011110110001010110011111010110011111101110000010011011110101111010
010111011000000100011110000101010000111010010011010011101111111111010000000000110111010000001010
010111101111011111011001100100000000110001110101110101010011110011000011111000010100110101000100
010111111101110001000010100101110011110011011010001000111100110111010100111101111001011111111001
011000100110101000011010010011011001000111001000000110110010010110010010100111110110011001000000
011000101001100011111000110010001010111111010111100011001001100001011101101111001001111010001010
011001000001100100001101000001110110000111001001000110010010001111100010100001101101101010011000
011001100010010110110011010100001001100001101101111011111100001101010000111100000111110010010010
011010000000010110010110011101011101110000010001110000010111000100110010111001110110011101101100
011010001110101010101010010100010010111000101011010100111001101110111110111001011110010000101001
011010011100110110011001101010100001010011000011110110000001110000100010010111110010101001100011
011010101101000000110101000010010011010110111001011100010011010011010111101111111000001101100011
011010111001010010100111100111111110110010011000110000100011011111100011001110010111001000110010
011011000110000010001100101101100101001010011001100110011100010001100001101000111111101100111111
011011001110000110110000101111010110010010010101001111101011011001010111110100101010101000101001
011011011010010101010101101010101101111101111101111111101011111000111001001000010110001111110111
011011100101110100101111100010100101110110001100111001111000100110010001111011010101011000011000
011011101111100010010111110001110110101000010000110011101110100110000001010010110101000101000000
011011110001110000011111010111100001000101001000011000101000001010101110111000000111011000101100
011100001110001010110001111101011011000011001100100011011000101101110110001010110011100101000111
011100111001110111000111111110001100100110110001100011010110101001101100001111010001110001011001
011101000000111101100100110010101011100000010110100100011101101100010110110110000100001101110101
011101010110101001100011101100100101111111100011110110000010001101100001010101001100010110010000
011101100001101010010100000000001111001011011010001101011110101001010011010000110111000000111001
011101101001011111111101111001111000011010000100100111000111011110100111110111010000011001110000
011110010011110000001010101111001110110011011100010101011011100110000100011111010111001000001101
011110011110011110011101101000010100011101100001000000111111111010011110010010000100000111011011
011110110001111110011110110010110101110111101111100010001101111110100101011010011111000101111011
011110111100111001010111010110001111100010011111101010010000110110101010100011010011001001010011
011111010011000111101101110010010110001111111110100000110100001100001001111000011100001110100010
011111011101011100011110011100111111001101010010001010111101010001100111011111100010001001100110
011111101000000000101101010101111100001101111110000011001000010001000101110101010001010100111111
011111110100010001110000111110111101001001101111011110011010001011010010111011011000000110111100
011111111110010110101010111001111101000100101001001011001001000111100110110110010010101101010011
100000010110111001111111001111111110100010101001101001100110001000101000000010110101010110000011
100000100110111000001000101000111010000001101011101011000110000010110111011110001100110011011100
100001000110110010110011010011001111010010100111010110010000011110000110000111000100001010111111
100001001101010111010001110110001001110110010000010000011111011111000001110111000011001001110000
100001100110110111111011011100111010111110000000011110011000100100001011111100010111011001000001
100001101011010101110100101111101110100001110110011010000010111001100000110111000011010111000100
100010100100100101001010000100110000010110010100100101100010010010100011000001000101100101111101
100011001101100001111111100111111110001000110110100111111111101111000010110101111100111111000110
100101011000100000110010111101111101100000110101001111011100010011011010111000000011111110100111
100101110010000111110110100101001100111110011111011010101000001111010000110111000100000101000111
100110010101110101100001110100011010110011011111110010101011100100011001001110101011010010101001
100110100101001111001110101100000011111000011011100000010111110010011000000010100100111100000010
100110101101100101001101001011001111010100111000110001000111111110001011101010000100100001110101
100111010111101101001010011011000101111001101010100010000100000001100000000101110011111010011000
100111100100010011001110100110100001010001001001111101010011111101001110011001001110000100010110
100111110110010100010110100111000100101110110000100101000101000100001001110001100000001110100101
101001011011010110100011000111110110100101011110011111010110100011001001100001111100001110010011
101010100001011111001011001010100010111000010110111011101110000001000001101110011111110001110110
101010101001111010001110010110001111100000010101001000101010100100111101000110000011000111100010
101011010001101001110101100010000101111011000110111011101100111011111110001000100000110010111011
101011011100000101011101011001111110011011001011000110010011111110101000001111010111011001101010
101011100110001000011000100000011010101100001111011101001101110101011010011011011111000000010111
101011101101001111101010001011110101100011001010011111100001010111101100001001111010111101111001
101100001010110110110111110001000100110010011011110011111101000111111001001010011100111110110011
101100110010100001011000010111111010110010001010110000010111110010010001011111001000100000101011
101100111110000001100011001100000011111110011110101100100110011101111011011011101110110111101000
101101011000110101000010101010100011101001000000010011100010111111001011110100001111101011111101
101101100110111000010111001101010111010111011101011111001000110111011111011001111011100011011000
101101101011000010010010100111111010101001101011000101000110111101001011101010101001111000010100
101111000110001011101000000000101010011110110011011100101101100100111100010101111111111010111100
101111001100011000111111001011000101010011110110001011011011010100000000110011000110000001100101
101111101111011010010000110010001010111000110010110011010011001100110011001110110011011110100001
110001010001010011000111101010110101101101001010000111110100101110100010001010010100110101000011
110001011110000011010100111110011000101000010111000000110101011111010000001001000001100011111010
110011110000000100111010010011100110001010100100111111011111000111110010101101100110010010111010
110100000101110001100010100000111101001110111010101010110001100111000110111000001111011111110000
110100011001101011011101100100101101101111011000111111100110001000111110110111011101010111011111
110100111011000010011001011110110100010011100111100100101010101110000000100100001110011111000000
110101001001111110010101010111011100011111110100101011000110110011100111001111010101110011011000
110101011010010001110001111001101100001011001010101000010011100100010001110000101000000110100111
110101101101011011111101100010011010100110000011010100001010010101100001100100111110111110111000
110110010010110010011011010100110011001000101110000101000000111111000011110101110011010011000001
110110011111010001101001001100001100001100011011111000100111000110000000101110101100111110001110
110110110100110110100010000100100111010010111111000101000011010011010001110011001011010010111100
110110111100000100011110011001011100011000100011010001110110000010101011101100001010010010011111
110111010011001110001111111101010111001010011110000110001111100000110110110111011110011010010111
111000001100110000010010001100011111101001110100001100111101010101111011110101001011010011100101
111000111111000000011000000111001110000110011101001011001010000100001001100011001011010000100101
111001001000001010010101011011011010011010101000000111100000001000011011110110011101011000011111
111010000111100101000000011011101100010101100110100110100111000100101010001011110000010010001101
111010001010100111011101010001101001000001100010111110100010001001001101010010000001110111110011
111010010001011111101011001000001000111000101011011000100010010000100011111001110111010100000100
111010011100011110001011101001101100110000001011111010010011101111010100100111000010011010100010
111011001001010101000001101010100101110010010011111000000000000110001010100011000111100100100101
111011010011010001100100000011010101111101111100001000101110111001000010101100011010111110111100
111011011011101001000101101000010001100001001000010101010010010001000111001111000101110011111100
111011100101101100000000000101001111010101001001100011010100110100011000010111111010101101101100
111100001011001100010011000001000011111010111111111100011010010010010111111110010100001100001010
111100010010110101010110011001011110011000011101111010101101100001010000101001011001000001000110
111100100101010010010011000111111101111010101001010101000100010011110100101010001000000000001000
111100101100011101010001100111110110000001110000100111001110101001000001001000111010110101110010
111100111100011001101111000001110111111100000001101101111011011101100100000000100111001001100101
111101000001111001011101101000001111110010000000110000101011100001011101011011111000011110000011
111101001100110100111001100100010111110100001110100110110101001000101011011100110001100111001111
111101110110111100010100110100101110000100110111100011101110100100111001000110101000000110110011
111110110110011100100001100101110010110000000100101101100000010110111110111010001010010111011100
111110111000101011010010000000011000111111101100001100111011111100110000000010001110111011000010
111111001000011000011011010100010111010110000000010011100010100110101010010010011100110110111010
000000010110011000000011100110110010011110110000000011010100011001001000101111011001110011010100
000001101010011100111100110011010101110001000010101001010011100001010111110010111000011100101001
000001101100001011111110101001110111110101011001000101001101010000110110111011101101111110010100
000010011001110001100000110000001010100100011111010001101101001001001111100111111111110010101010
000010011111100011000011000010110001001001100100011010000010001101001111100111111110001101001011
000010101001101010111100101100010011101101111001011100010110111001101101110101111000100111100010
000010110011001011010001010111001110110011111111101101101010001110111111111111111100100010011100
000011010010000100010010111011011100000101101100000010111010011010111000100010000111011101100000
000011101000110110010111100000101001100000100110100001111110110100011101110011101101010000100001
000011101100001010010110101100001010010011011110001101110100100100110101101010110110100010110001
000100110001000101100100100110110010101110010101101010110100010001001011001101101000110011000101
000100110101101001000000001011000110111100001100110011011110000011010100001100111000010000001100
000101000010111010100100010111001111101000110100001011110110010101010010011111111011110001001010
000101100010111010010100001000011110100110110001000001111110100011011000001101110010101100000101
000101100101010011100100011111010011011100010011001111010000101101011111100000001010101001110100
000101111000100111010001110110010101011010110010100100110111101001110010100101100001110001000110
000101111110001010111001000101100101001001011111101100100100101001100011000111111001010110101001
000110001011100101111111001100111100111011001011101001001100001011110110110000100011010010011100
000110001100000000110100110111000101110101010011001100111111100111010000110001011100001101100001
000110011000000000010110110100000100101100100010111000100001011111100110000011100000100111000011
000110011111011000000010000111000101100000001011111010101000011111010101110110001111101101010001
000110101101100000001000000111000100011010100110101101010101001111111011111101001010111100011001
000110111010110111000000100110100111000111001101000110001110001100010101010011011110011001010101
000110111100101001000000101100000000110000110000010111111010001100101100100101010010100010010000
000111011010010101100001110011110010110111001011010101001011010110111100001110110001100101110001
000111100001111000100011000010000100111100101100010101000111111111010101001001100000100111010110
000111100110111111011000111110001100110101011111101000111111011010000111111100010001100101100111
001000001010001010111001011001001001110010011000000111010111010101101111011011100000100111000100
001000010011111110111101111011010000101101000010011100001100100110101110011001111000010001100111
001000010110000000001100111001110100000011111101001101001101111111000011100000111011110010001100
001001011011100110010111100101010100101010101011001011000000010111100001000110111001010101100100
001001011100011000111001101100111101001001111110011011100000101110010101000101010110000001110101
001001110000110010110000101011101011111100110000001001010010111001010110110111111111101000010010
001010111010011111011010010100110011011100100011100000101101101000011010110010010011111011110011
001010111100111100111010010010111011111011000001010010010110001100000010100111100001000101100110
001011000011001111001100011000111001001011100111111111100111111000000000101110100010001010100011
001011000101101110111001011000101010111011000011100101011000010000000000000011001011001100010110
001011101001111011011010001100001011011010001101111011011001011000101100101101100001010100011010
001011111010100001000110011010100010101001101101110100111110101011101010010110000010010011100000
001100100100101111001001010001000100001011100100101001001101011111000010001110001010111101011011
001101010000110011010110111111011011110111011010110101110000010011011000101011011000101000011011
001101010110111001001001010010010000010000101001100000000001001001001101111001111001001001001100
001101110010010010011011100111110010000110000100010001111001110101101000010100000011001101100001
001110001010100110011110111011100011110000111001100011010101111101000010011010001010111100101001
001110001110100001100101101011100100001100001110111010100000001110111001101110001001110010000001
001110010010111110010011110000111001110101001011000011001010010011111100101110100010001110010011
001110100001110001000110100111010110010001101001001100010100011011001001010000010000000100111010
001110101010000011001010011111010110110001000111001110110000101111111110100110001101110100100101
001110101110011001011010101110001100011101100011000111100010101100000101001110011100001110101111
001110111010001100010011101000010000011001101100110001001011111011011001110000000111110111100100
010000001011000010011000111001000000110010011010001110000001000101101110110010110101010100001101
010000011110100110011101000001000000100000110110000011001111011010000000010110100101101110000000
010001000011101101110110110010100110110000101010101100011011110001000100110110000001110000111110
010001000110110010011000111100111110011010010110100011010101010100101111110001111001100010110111
010001100010001101111010111101100111001001001010010001000110001101111010110001111011000100101100
010001100100110001100110111111000000101100001101111010111111010000001111100100100010011010100001
010010100010101101101101111010110001111100011001111000100010001101011001010100000000110100011111
010010100110011011100111011101100010011001101011011100011001000011110110011000000111000111011110
010010101001111010100100000000100100111011001010111001110011100110001011011101000110000100101010
010010101101110101100101110001011101101011010010000010100110011010111000000000000100111001000100
010010111100110111000110001101101111010100101001001101010011110001100001001100011110000100111011
010011001011010111111000110100111101001101100010011000111101000100100110000011101111111010111011
010011001100110110101011000100110110010111101110011111100010000001011100101111000101010000100011
010011011000011111001101001000000010011100000100110000001100110100001011110011010101000011011010
010011011101111101110100100001101010101101001000000001010010100001001010110001011101110101000110
010011100000001111010111110010111010100010101000111100010000100110011100000010100111110001101000
010011100100010000010011010011011110000101010111011110011100001000110010010111000010101000110101
010011101000110100010101100011101011101101111100000001111101110010110101101001101011111001000011
010011101111010010000011111001000100101101101011001000101001001011101110011010000101111110100011
010011111111000001100101111001101101111011000110100111110111100100010100100101100001000000000010
010100001001011010110001001010010110111010110111000011111000011001000100010100001001111100010111
010100001111010010100001110110100001100110110010001111000001110010110100111000101001110000011011
010100011010101010111111111100001100001011100000010011010000111000000001011011110000011100010011
010100011100111011001101010011001001010001100001100010101011101110111001000101010111111101111000
010101011001000101110011010101110111110111001000010100000010110111011110101101100001010010101010
010101011100000011110101110100110100000001101100001010101111011010010001111000111101101100010111
010101100111111011111000001000010000100010000111100001010010011111101100011110100000010000110110
010110000000100110011110000010111100000010110111010011100011010111011000110111011111110011110111
010110010011101101000001111010010101010111111100001110010100100101110100011101011100000110011000
010110010101000100100000110100100000010010001110110011111111010000111100001110101101111110001010
010110110000111010100010101100011000100111101101000010001101110011001010100101101111110001110000
010110110110001100001011010111101100000000111111010011111110010010110000011011101101010111010010
010111000110101000101101110001001101000011100111000011110100100001111110111000011101001010000001
010111100000001000010101111111111101100001110000111111011100000111111111011100110011011010100101
010111100101111110110110110100100010001111101010010111101001010011100101100111110000000110001001
011000010100101010110000110101111101010011101101011001010000111101101000101001110110010011000000
011001010000111111000001110111101011001101111010011011110101010001101000111000001101100111110110
011001010100011101001011100011100010010110011000010100001000011101101001001100001010110001001101
011001101000010001111110111010101001000001100101100101111110110101110100110100011000101010010111
011001101110001110111000111100010010000000011000100010110101001100011000000010011010111011111010
011011010011101001001000010000110001100110001010000110010110011011011000001010011010110010000000
011011010100001111100101010100010100100001000011110001101010111111011011011000011010000100100010
011011111000111000111110101010100101110101100111000101110100101000110000011011001100100101000000
011110000000000101010010011001010001011011011010100110000101010101000110111100100010111100100100
011110000110101011011101110110100100001101011101101110101111110111101011000001111010101100001001
011111000001111110001101101111110111100110100111100000100011011000111010101111101000111000111101
011111000110111110001000110001111001101001101000101110110011010000010011010110111001000010010000
100000000101111010100110011011001101100001010000111001110110001001111111101110110001111010101101
100000001011000110111111011101101011111010010100111110101111100100100000100011001110010100110111
100000001110000010001110101111100100101000001111110100010001011100000100010000010110011011001100
100000101011011001100100000100111111011011100101000010111110100000010001110101100101000100110001
100000101100110111011101110010101110110101100100110010011110000001001001101100111010101100100000
100000110110001011000100011100011110000011001010111000101101111000000100100111101110111001100000
100001010000100100010111111000001010010101001000011010000000101011010100101001101011011011011000
100001111011000100110001001101011100110011111110011110100110111010110111010011000011100110100011
100010000010100111001110001001111001100010011110011100111110110011011010111010000100011010010100
100010000100100000000010110001101101101010111001010011101001101011111000011101000000110100010001
100011100011111101110111101000010110000001000101010001001010011110110100111001101000100111100101
100011100100101011011001100011111101001001011001011000110010010001000111100000000010001100010011
100100101011001001000010100111101110001000010101001001001101000101100011011111011110000101010101
100100101101011011000110100000111110100110101001110010010111000111110111111000101110001111110000
100100111001101101110011101101100100011100001101001101100101110000111101101001010110000001010011
100100111111000111101110100111001000111110100110100010000101011101000110000111000101011101101010
100110000010001001100100100111101101011101000011110001111110000101001011101001010110101111110111
100110000110111011010111010011011011101001111101101010001010111101011111001000001100101010110111
100110110000001110011011001100011111101100010000010010111001001001100101010010111011110011000001
100111101001010000101000001001010101010000001101010001101000110100100011000101110010001010110100
100111101101101111001101010101001100100111100000010111000011001010001011000000011111110001001001
100111111011101110101010010110011100100010101010010000100111101100111101001100111000111010101001
101000010011100110001010100110110111011110001100010101011010000001010100011110000101101101010100
101000010101101111010001110110111101111001001001010001111100001101011111110010001001101111101100
101000110000000000010100100000000111111101001110110000110010101000100011001111000001101011101010
101000111011111111011101001000111010000110100111110001111011110111011100000111100001000010000011
101000111100000101110101000111110101101001010110010101011001011100111101110101110110110100001110
101001000010101001111000100001001100100111110111101000000011101001101001110110000011010000111110
101001000100111101110111111000100100011000011001010101110011010100010110000101100110110100101011
101001010110001111111001001110101001111111011001100101100010001011011000111101110110010000110011
101001111011101101100000010110001000110110010001110111001100000111011010000111010110000011110011
101001111100101010000101111101000110111011011010101011011110011011011000111110110000101001011100
101010001011011101101100101000101010111001010000011100010000010110001000001000101100000110001010
101010001111000000001100000101001001001100001100110010011001011001000110100011101011110110110011
101010110101100100100000000010010000000010110010001110100011001000101011011110011000100101010111
101011000011001100010111100010101010010110111010010000010010100110101101110101001110010011000011
101011000100000110011000100001010110011101101111010010111000011000111010100100110010100011101010
101101010000010010101010111100010011011100010100010110001100111000100001000100011001110100111101
101101010101010000101111100111110100010110010100011101001101101011101010011001010011110111001101
101110110010011011000100110100111111111000000011000001010001000100000110011011111111000010010111
101110110100011011000101010010011111111010110001000010110000001100111000111111100010110100111101
101111011000100000010101111100011111011111011111110001110101111011101110100011101001111100100100
101111011100110111000010001000011110111110110100010010011100011001001111111111111001000011001110
101111100000100100000100010001111100100110101011111110101000010011000100111110111101111111010011
110000011001110000110010101011111111111111111001100110100000111111010111010001010000111100110011
110000011101001101011100110001100011111000010000101011010111111000010000001010001011100010001100
110000110000100010101001101011111010000110000011000000110011000101101100010110000001000100101001
110000111011101110110110000110101001010100111111001010111001001000010101011001001001001001110111
110000111101100011110110000101101011011100001010000010001000010010001100000000011000111010101110
110001110010111011101100011001111011010011010001010100100010110000000100101101100111010000011101
110001110100100001000001010100001011011100010110001000010001001100010111111011000100000000011000
110010011111100110111110100000111110100001100001100100110001110010100000101101100010001100011101
110011001011100101100110110000101011111001000011100010110000101000101101000100000000110110000000
110011001111000110010000110000110111011000111110100111110101111111011100000001110010101000010101
110011111111100011010100001011110010010000010110111101111011100110011010100001001000010110011000
110100001001010011100010000010111101001110011111010001101011111000100001100100111100111101111110
110100001101010000001010100010110001110011111101010100111010000010001000111111011011010101000010
110100010010011001001010101110110001111101101010110011100010101110011011100111000100111001110110
110100010110110111010011110101101110011000100000110101110101001100010100101010110111101001000011
110100101011000111110011001111111110001001011110101110001001010110110101111110111001101100001100
110100101100101110001011001010101100100111011101011001111110100110100011010000001111011111101000
110100110001010011100001110010011100110111000001000111000001000100010110100000110100010111000111
110101000001111000011001010001100011100000010100001011001011111111110001000000111001110011011111
110101110011110011011111111010011010010111001110100101110101010101111000011101011111100010001011
110101110100011000111101100011101001101010011010100110111011000111011000001111101011111100100011
110111001111100100100010000111110100000111100011101000110111010111011101011111011110001100011101
110111011010010110010010011110000101001011000000010011011001011111100100110111011001100111111011
110111011100100011101010011010011101110101101100001100101010001001001010110011010000000011101001
111000000011011111101111110000100110110101010110010110100101111101010101110111110000100110010001
111000000100010111011011101100010111100010010100110010111010110011000001110000001101010100000011
111000010011101001100110001011010100010111110001011100011001100011011110110111111000001011100110
111000101010010101111101000100011001100000000000000001100010111000011101011101010100110001000110
111000101111010011010000011110011110110110000100110011101000010001110111011101010110000001010010
111001000000111010110100001010000110001111010100100101000000111000001111010101110011111101010101
111001101000010110011101100110100111011111001011110000101010000010101000000000100100110101011000
111001101101001100001100110001111000101001101001010010101101101011010011101110101101010001011100
111011000010001001101110101001010111000011111111111001010110000010001111000101111010011000111101
111011000100101101011100000101010011101010010111010001110000011000011000010110000100111100001001
111011101011001000000011000100111100111000000011000000101000010100111111110100011101101010100001
111011110000000111010011000000110100100110001101110100001011000000101010011100100110101110000011
111011111010010101000111111110111101010100110000001011010101110101010101001011111100111001011110
111100011001010010110011110111100111001100011001011111000110010101101100011010101111001011011011
111100011101010001011011000110000100111010001110000000000101110110010100001111100011101100111101
111100110000000101110000110100110010010001101010001010001110000000000110011100001011100000111010
111100110100011011111100101001111011000000001111000010101100011100101100101101011011011000011101
111101111100000101100001010111001100010101101001011100011001000110111010001011101010101001100010
111110100101101110000100010001110111001001111110100011111000110100011000000100111101011001001001
111110101010000110100110000011001100010111110010110111010110010001100101110111101001101111010110
111110101111001101110010011110000011001111100101111110101110110111101111000100111101100100001010
111111000001000110010100001100000000110001111111110100010111000001111001010001100010100110001100
111111101000001010110101111111011110110100100100111000110000101101010001001011010011001110001010
111111101110011011110010001110011010111110110110011001001001011000100000101100110011100010001000
111111110101010110001110001001011110101011011001100011011000000101011001101101100001001010101110
000000000111111010010101001111111000010101110011000110011011100111110110101101010011000011110001
000000100101100101001001101011110000001110100100101000111011110000011011100111001011001000100010
000000100110110100000011111000110000110110010011010101011011011001101111000011101111111101110110
000000111100000101011101000001110100010110000100001110111011111100001001111000111110110111101100
000000111111110110111100100000100101101000001100011100001001111001011100100011110101010100001011
000001001100111000111010111011101111010000010111001000010111001001100111011000001111000100111100
000001001110000001100100010010010010111111010111100100010111010011101000111111100011010110101010
000010100000011111111111000110110101001010100101100110000011010111010111000111001100101101111011
000010110101010110000001101011111001110000110000101111010110111100010110101101011110010110011111
000010110110011011000111110001000101111011001110101100101001100111010100011011110100000000001111
000011010110101011100100100011010000111111001111000010011110101111011010111011100101110100110110
000100010100110001011011111110110111011010001110101101000101111110111001100000000110011110110011
000100010111111011111010010101110111111100000010111010101010100100010001010100010100010011110000
000101000101011101000000110101010110000111101100101100101100111100000001000001100011110101110111
000101001110001001111101010110010011001001101001101000011001000101001101100110011000110000100010
000111010100001101101101111110101101010100000011111011000010001010011001011000000100100110101100
000111010110100000010001100010001001100001110110010001001101101110111001110010011111011101000001
000111011101011000111010000101110101111011010100100010101100000110100101101100011101101110010000
000111011111000100101100001110101011011000010110101001000100101110101000101101111110101000100111
000111101000011111000111010101101001011111011010110101000110001000000101100010110111110100110010
000111101010111101001111000000101101110110110110110110100101001001111100100101001001001011110100
001000001101101000110101101111010110010110010111111100010001110010101000010011100011000000011001
001000001110011001010001010111101011110110110010111000011011001101100111000001010111101011000001
001001110100011101011111010110001000000001110000110011011001000011001010000001010000100111100110
001001110111000010101101011101110100011111111000110011001101101111100100111100110010110101111100
001010000000001011001111011100001101000011101011001110000010110101001100010010000011011111000110
001010000011001111110011110111110101111110010011001111011100110100011011000011100101100010010010
001010110100010101100110100010001001110001111100011110001110011001110010010001101100011110110110
001011001101100101001000111100100010001100101110101111000010101100000010001000011010000110110100
001011001111001111101101000110101011000001100100010000111011010000101010111010110100011101101101
001011100001111011000100110010010000101101110011101001100011101110110001010110101110000010111001
001011100011110100111100001011000001110110101111101011111100110111001000000011110110011100111010
001011110000000110100101011001001000110011101010010100011001000001110011000000110010001101101011
001011110011100011110011000010110111010110100001111010110001010000010001100010100100010010111001
001011111101001010000011110110010001110110110001011101101010110011000101011100101000110100111110
001011111110000101101010110110000000111101110011011000110100101010010100010000101011111011110110
001100011011001100101010100100111011011001101111111000101000001100001111101101101110000000001111
001100100001101000010000011111111001100000001010100101100110001101010010101000011111101110110111
001100100010010111001001110111001110001100111100101010111101111011001001101111010001111001010011
001101011000001100101001110111000110111000100100010100011011011010011110100100100101010110000101
001101011010101111011101111110011001110111011010000110010111100111000101001101101000111001011000
001101110101101000010110100110001110011100000001100100101001110001010101011011011000011000110000
001101110110111011110100100001111001111110011001100101100011110011111010101101000101011100000010
001110010100111010010111000011000001001111110101110110011011100001011010111000111000100111100100
001110010110011010000101010110110101111100000110111011010011110110101010100011011100101010110000
001110100101011111011001100011011110111010010000001101101011100100111110100111110011101001000100
001110100110011010100100010101010010011001100100111111010100100001110110000010110001011001111011
001110111101000110111011100111011000101000100100011100110101110010011010001011101001000011101001
001110111111010101101100101101001110011001101001110000000010000010011110101010100011000110001001
001111111110011100000101111001100100101101010111101111100101101000110101000010011110111110110111
010000000101000011010111000000110111011001000010110001110010011010110010010110110011011001010001
010000000110000101100110000000011011111110010010101100111011011011100110101000000100001100001011
010000011000011100110011010011010100110101110010001100010100110111111010011011111110000010001000
010000011011011001000111100110101001001111000000011110010010111000011110000101101011010110010101
010001101001110010001010001011110111011101110000010101000011011011000011110011111101000001001101
010001101011000100001101011011101011010110010100011000110010110100000010010100001100010111110000
010010001001001000000010100011100000100001010101001010111010001101111101101110110010000010110001
010010001011111111100110100011111011010111011100001000000111100110100001010001000001000000000100
010010111000101010011011100110111001000101111101010000011010010110110110010010101010110100111000
010101100000100101110111110001011011010111011100111100110111001100000111010001111010101111101001
010101100010000111110000011111010010100110010000111000101011001011101000111000001101100101001000
010110011000000000001010001000100000111001111010100010011101100001101111011000100010001000100001
010110011011101001010100000011000101100011011100011010011000001000110001001010101011111101111010
010110100101000010110101111011100010100101000111010101011000011000001010011100011001110111011000
010110100110111010001110000101110111010010001101100010000011110100101100011001101110100001100100
011001001100110110010010100011100111000000110110100101101101000000011111111011111101010101001100
011001001111010001101001000100110100000101001100110111101110101111001110010100000101000101110001
011010010000110011111011111101100000010001100111000010000001010111001111000001101001111000010010
011010010010110111100110100010011110011001001110111100101010110011101111000010110110100001100110
011010100100100011101101000011000011010110001101001000101000111000101110001001000111001110010111
011010100110000100011111101001011100001100011011110011101001010011110100000010100100011100001011
011100110110010000011001101101100111110101101000111100100001001111010011100100010001001100000000
011101001100111010101111100011001111110101011111000101110110110010011010111110011111010111111100
011101001111101101110010101011000101000011100100001100010001001110000000011001000110110000000111
011101011000110100001111011011010111000101110001111001001110001010010100100010001010001000110101
011101011011101110010111010101100100010101001101101100101000100111111011000000011111011001010010
011110100000100001011101100100110111010101011100000010101001011111011010101010101110101101001100
011110100011001010011101000110010110000100000011101001010001100100101111110011010000100011010110
011111001100011010100011001001000100011001111011111111011110110110001110000001110100101111011000
011111001110010010010000110111001010111110000000100001011111101010010101101000001000001010001011
100000000000000111111100110100001011011110010111010010001000101111111000100110100000001111101101
100000000010110011100010110011001101001011100110110001100001110110010001010100011000100001101001
100000011110000111001011101101110000101010101100010101111101100101010011011010001100011100100001
100011111111100101001010101100111001101111100100001001110010111001100111001001000101110001100101
100101010001110110111101000011110010101001000111111101100001111010001100110100111010011001110100
100101010011011011100000110010000110101111100110010101011010010000001111110100011110010000111011
100101111101111000011000010000100100010111101001101000111111001110110110101100110101000101001110
100101111111001011010011011010001110011101101100101101011111101111010011001010001001010011011000
100111000111111101101001011001111110011001100000000011100110100010001001111000000101110100110110
101000100100001110001110111001101010111110110101100101001100010110010110011110100001000100000100
101000100110110000111010011010010011100111100100100111000010010111010101110000111001000101011011
101000101100001000110100001001110010100100110001010001110110100011111101110111010110000111111010
101000101111110111000000110011011000001000100111010111011110011110110101110101101001000110000111
101000110101001111010100110110100101000010101010001101011010001100011100111010111011110011000011
101000110110100100011100101100011001000101110000111010101010111101110101110100111101101001001011
101001010000101111100010001111110011110000010111000000011010100011001111011001010101010011101001
101001100000010111110100000101010000101001001101101100111001011110100010011100000010100011010011
101001101001010101010010000110000111110110100011100011001100001000001110101010110111111010001111
101001101011000000000000010100010111111111010111100101000111011011100001010001010000001010101010
101001101100110110100101010000111110000000001011000110111110010110100011110001111101110101011101
101001101110101110000001101011101100110101011011111110101100011001000000101101111101110111110110
101010110011101000110110101101111011011110111001110110011111001000100110111011100000011101110101
101010111000000100111100001010001000011111000100000101011111100111110100010111001111101001110010
101010111011101011100101000101100111001010000011100101101001111101001001101000111011101010100111
101100000000100011100101001011010001101001101101111000100001001010100100011111101001000100110101
101100000011110111101100011010010101000000110010010011101100000001001001100101010111111000111100
101100000100011101000110001011100001111001010111101001001001110101110000001010001011110110001000
101100000111101111100000100001010110110001101101001011000101001000110111110001000111101001110111
101100011000001010000101001101001011001010101101000001010011100010011011111000010000001000101101
101111100101111111011100110000110011111100101011011010010101000110111110001110110001100111000010
101111100110000111000001111100110111110011100010111111100100000100101000000000100011010011100011
110011000000101001010111111011000010100001010011000110010001111000010001111011111100001000011101
110100110100000001011001010001110001011100001000100100001101011111011010000101100010110001100110
110100110111000000001000111001001001100101111110101010101011110000101010101100001001010000111100
110101100000100011111111110001001100101011111010111001001001100100110101110100100000111000110001
110101100011100001001100000111010110011111001101100100000100110000001100101000111011100110010001
110101111000110000110001100110111110011010001000110110101011110100001101001101011000110111111011
110101111011001011101110100001101111101000010000001111111101000011101000010011111111101101111110
110111000001100011011101011000101010100111101100111101010001111010010101011000100000010000000000
110111000010000001101010110011101011100000001001110000110111101100101011101110110101000100111101
111000010101111110001100100010011111010100110001011100110101011101100010001101101000110000001001
111000010111001000110101001010011100000010010101010000001001101110111111011011001100001101111001
111000100001100001000001001110010111110110110101010000101011110010111000111100100111101010100001
111000100011101100001111011001110000100110110101111001111010010011011111010011101011101001010010
111000100100111010010111000110011011001001011011000110100100011111100111010000001001111000100110
111000100110110111110100100110110010000010000001110001100100000000111001111101011011111011011110
111001000110110001101100110110111001000011011010110010111110110100100100110001001010100011010011
111011101111001101011011101100110001101011010011010001110000110111110101100110101100000001110001
111011111101100111000101001000001010001100110100110010001110100001101010001000110100101110101010
111011111110101000001100100001011000111100000010111011110000101010011011100100011101110010011001
111100000001111010110110110111110001000010110001111110110110010010000000011111001010111000111101
111101111001010111010101010001101110011011011011110011001110001001001110001011000100111000100101
111101111010101000000100010110001010101000011101100011000111000000001110010010101100100000111011
111110100000100000101001110001001001000101010011001000011001111000110111001101010100001110000011
111110100011000101100010101011000100100111110111000101100010101011010101000101010101111100101010
000000000100000001101101001001111000101011001001101010111100011101101110101110100111001010110001
000000000101100110001000110000110110000111011110111001011000000000101111001101111010010100001011
000000100010001000111010110101010011001101000010111010110111001011011011101000001001110001110100
000000100011000000111011110111010010001000011111011111000001001001100111100010000001010010010011
000000110101101110010101101010011100011000100011010101110000111011110010001011110111101001000000
000001110000010111100111101101100111111000111011100000100111101011010011110000010100000110110001
000001110001111011110001001100100111001101101110101011101101100011001100101111010110101000011011
000001111110101100001100111000101010101100010000000111011100010001010110111110011001000111100111
000010101100011110111110001101010001101001101011010000100011001110000101000001010011011001001011
000010101101010101101001111110001101010010011100010010111001110110100100111010111110000101010110
000011010101110011000100100101101001000011101010010100100100110101001000000011011010000101000101
000110101010000110001001111110111011001000011011101101001011010010100001101101011111110100100101
000110101011111110011101111000010111011100010000011010101000010001010001111111110000001101001001
001000111010110110110011010001000101010100110000010001111010101111010000010110000101110110010111
001000111011111111001011010100010010110000101111011101110010101000110101110101011110011101101000
001001111100101001100001010110100011101110001110001111010110011110001000001001110000110111010000
001001111101011100000000111001000000111111011001100010100011111110011110111011001111000100010100
001100111000000111100000101100111001000000000001110110110111100000111111010010010111100111000011
001100111001001100000110110111111101100111010011010110011001001011011111100100010011100111101011
001111111100110000001000110011001011100011011000111110110101110001011101000010101101001000000101
001111111101101010000000010001010011101000101111100010010001011001100111110101000000110100011101
010001101110000011100010000001000100100000110110101101100001101011011111111001010010001011111000
010001101111101010101100011111110111101100000000110100110101111111101000100011011000000101110000
010010111010110010010001111000010111010110111101011011110010010001110100011011111011100001000101
010010111011111000000111110011010000110110010011010010101000100010001110110010010100011100101101
010011111010001001110001010101000110011000000111010101010001000101010011111000101010011110110110
010011111011110011100000101010100111100001111001000000111011100010011110100101001100000011010010
010101101000010110011001000000101111110111000000110001000011101111100111010111111011000111100001
010101101001110111000001100011101100100001000100111100001101000111101010110101100111000110000010
010110000100011111000110101000110010110011000001110110101001011110001001011111100111111010010100
010110000101001111101111011011011010111111100010101010100111100101001001000011110100111111101010
010110100010000110011110000110010101010101011000000110100110110000010011111100100001101100100111
010110100011101101111000000100000100000011010111001111010010100111011110100100011111101010000000
010110101110100101101000001111110101110110000110011000010001111101101111101010001101100010010011
010110101111010001000001110001001110110011100010101001011111111111110111111010000100111001111011
010111000010001111010001000101111000010011010011001011001000110111100111100110101101101011011010
010111000011110000001001101011001100110010101101000000110110011001111101101111110100010010101100
010111110110111000000000011110110111110010100010101000111000101110100000111000110010010000000010
010111110111111011001110110011110010111110110101011010110011001110010101111111100101100110110001
011000010010100000000111000111101011011111101111100111001000110011000110011110011000110101111011
011000010011110101001100110111100100101010010100111000101001101111110000100101111101001111011110
011001011000001111110110100011110110011001111000000011101010010011111000110001000100111110010001
011001011001011101011100100010001010001010010101111110000100010111110011101101011101110001110100
011111001010111110011000010111101001111110000011111000111100111000010010101101111101011101011111
011111001011111110101010000010101100100011100100100001010111000000011011100011000100010000010001
011111100010111100011101011001011001010010001011111100000011000111010010001010101111011000101101
011111100011011010110001010001110001001000010100010110000111000001010001010100110000100100111001
100010001100111000100010001011111010001110100010010000011101011000111110010101000001110100111000
100010001101011100100010111011011110000110101101100011100101111011011100110111111100110100000100
100010101010001000001010100111111001011010010011110001100000000000101111011010111110110100111101
100010101011011101111011001001010101101011011100101101011110000110101111010110000010001011010011
100011000100101110100101111110011001011010010100010011011001000101100010010011101111111001010000
100011000101000001100100001101010110011101111001001111000110001100100001011101001101001110001000
100011111100011101111111111100110101011101101001010101001011111110010010010011010110110111110000
100110011100101111100100000000000111000010000001000101001110101011101011000010110010010010111001
100110011101100100000010111100001101001101000011100001101010101000100110101010001110110010111100
100110110100010011100001001001111011000011110100011001101111001110101010110011111101010110001100
100110110101001000011000011000110111000110100100111010010010000110011010110000101000110011001110
100110111010101000110101001000110001010010011000010011110011110100010100000111001100110000001101
100110111011000100110111001110010110100110110111001001111100010100001010010101001100111101000010
101001010010110000110100001100011100100011110000001111111011100010000000101100011010010010100010
101001010011110100101010010110111101110100101111011100111111011011010101100101100010000010111100
101001100010001000100110001111010011000100101001011011001001100000110001111111110011001111011010
101001100011010000001100110001000100101011010100011011000110011010100100111010110010001010111100
110001111010011000111001010010111000101100011110011001011100100011011011100100000000010100000100
110001111011001111011001101101011111001111110001011100101001010110010100110100010011111011010100
110011000010010111000000111110101100011100011100001011010010011101000001110101111101011000000111
110011000011111110110010000100100001011011111001110101000111101101101110000001011011101110011010
110011010010000001110010000111000100110011000110101010110111001100001001011011011000111111101000
110011010011101001000010001001011010000000101111011010101101001000001001101010000110001110100110
110011111000001010011110101100011001111110111110011101011110000011001000000101101110100001111100
110011111001010000000011111101111101000111010001000010111101000010101111010001011111011000001110
110101010010100101100001010100101111111100110101100001111011000000110101111100011010111100000001
110101100110010111100000001011010101011110000011110001111100000011101000110111101101110000111010
110101100111000101011101101101100110010011001010001101111100011111100100011111100101010111100000
110111001010101010010000000111110111111100111011000110110000001100001111011111000101101001101111
110111001011001000101101110010100111000111100011110010000110010101000000100101000111000111000010
111011101100011001010001010110100000000001000100101110111110110011111101001000101101010011010111
111011101101110110110000000011111000001110111100001100000110011100010101011000101110111101110111
111100000010011001111110000010111000010010000000010000101101000101100001011100110010010111000101
111101101100110000011001100111010111010110100001010110010011010100110000000101110100111001011110
111101101101010110111111111001010111000101001001100000111011011111010000111000010101100110101000
111111110010110100111011011011101110110111100000111110111000110001011111111100001111100010000110
111111110011111111000010001110110010110100100011100100001100101111111101010110101111010011001001
111111111100001001110001010100110110011101101110001110100011100111001110110000010011011100101011
111111111101010110010011100000110011011111100100100111001011000000010000000111111001001010000111
000000010011001101011011001001010110000110101110100010000010101001101010000101101101111000000101
000000010011111100001100110111011010100101100000101101110010001000001111010110110110100101010001
000001111111010001010101000110101000101011001000000000111110111100111010101111100110100000101101
000001111111111010110010101010011110001001100000010111111100111111100011011000111000110101110000
000010100010010001100011010101011111001001100101001001011101011100010010101000011010001001000011
000010100010101011110110110001011100101101101000011001110101101010101110100010111111100100000100
000011010100011100110110001000111001110101000011111001001000000111100111100011001110010011010101
000011010100100010110110110110111111100100110011001100001101110011011011101111111001100010110111
000101000110001101100111100011101111010011011000100000100111011111010011101111100100000011111000
000101000110100001011001001011000110100101000011011011000000010001110000111100010001010010110001
001001100001010110110110110101111001111100111010111001111111000011110111111100001000110101000010
001001100001101110101000101001110110001101111000000111001000100000011010010101000010001011101011
001001100010011000110101110000101000010100110111001010110001011101011101100011011011110000010000
001001100010101111100001100100001000111000011000100001011001000001011100011000001100001011100101
001010000100010001110001001100000011110100001001111100010011110011000011010101110101001001010001
001010000100101011011011110001101000001000111110010000100011111010111011100001010011011010111100
001010110110011001100001110110100011110101100000010011010110111010111110111001000010010100110110
001010110110100101000111000001101101010010011001111111000000000001011100000011010010010110111000
001011101110011001100011110001011000001010011100100011011011100111010011101000001001110110001101
001011101110100011000011001011010001011101111110111101110110111100110011011111011111011100101011
001100010011010101111010101011010101100111111101101111011111111010110101001111000001000101001000
001100010011101011111010110101001101101010001011101100100111011110111001011010001100111000000011
010000001111010111001100100100110011100100101011100111010010001100000101100110110011111111011101
010000001111101010110000000010111110110001011011001111010000110011010101000110101010000010111000
011010110001001000010010010010101001101111011000010110100100110110000001001011111010111010010100
011010110001110011101101011010011011011101110110101010110101101001111001010100010111110010010110
011011111110001111100011000111100100001010010000011101111111011000101101010101001000111001000000
011011111110101101010001000000011101000001011010110010011000111111111111011101000001010110001010
100000110011010010000011110100010101101001001100000011010100101101000000100111100011100010101001
100000110011110111001111001100010010111100010000001100010001111101011111000110110011011010001001
100001010111000111101010110110101010101010011110001111111000011010011000110100110010001001110010
100001010111100001101010100110101010101111010000011011001100011101010110110000101110001100110011
100001111101001000110110101011000101110010100111001110001101001110000011111101100101111111101001
100001111101100101010001111010010111000111111100010101100111100011101011101000001000000110111100
100111011010111010001000000011111001100111000110101000010010101011100001011010000110110010011100
101010110001001111000111110110111101110101100000100000100011001010101000011110001011011001000100
101010110001111111111110011111101011110100110011101000010001010101001111110010001111111100100000
101100011010011100010011011111001100100111010011101000011000011000100001000110011111010110001000
101100011010111100011101101001101111001111100001000111101001111100110110000100001010100001011101
101111110101010101100011101100011010000011111101101001100100001010110011100001110011001100111111
101111110101110100111011110101000001111000011011011001101000001101100011000001100001010011011100
110001101001011100010100100011110101101000000000100010011011110110011110100101110000111101000110
110001101001100010110001101011101110000011111011101010011101001100000010110100000110111111111001
110010011010011110010010001010100110010011011011001101000010101000100100111010001001100101101011
110010011010110000010110101110100011011110000011111011101000011110011101101110100101110101011100
110101000100011111101101011010111010111110100100001100011111001011110111001010010010110101011000
110101000100101101011111100000111111101101001010001111111010010001010010101110101011000100000010
111001000100001110000100000111100100011110111010101111011000000010001011101011111100100101100001
111001000100101111101100001110110011101101100000111101000100011110100100000010110111111010011100
111001110010011011101111010010011101111011010001101000101100010001101000000100010100010000110100
111001110010111010100010110001000100100011111110001011011111111110111000111011111000010100011011
111011110101001111000011101101010101011001110100111101011100101110101110110000011010011101101101
111011110101111001100100010101000100001001011000010110101110110001110010110010000010101100000111
111100000011001111100010010111001111100000101011011001011110011110110100101110010011100100100001
111100000011101001101011000001000111011111011100011110100010011111111001000001000100101001001100
000000110100101010001001101010110011111101111000010011101001011101001100110111001010011111110101
000000110100111001110111001011011111111110000111100100000001111100111011001100001000110001001110
000101001101000000011010111000100001011000101010111101110001110101100110000011101011100110001101
000101001101010010101111110101100011111111011101100001000100010011111010011101011101101101000111
001000011010000100010100111001011011110010010111111010111111110011110101011000011111111101010001
001000011010010010110010010010100010010100110010000000101100000111100101111100010100000011011111
001100011001001111010000000011101000110000110010000110011110011001000000101100100111000100110110
001100011001011001101001101110011100001011001001001111111010110010011101010010110111100010001101
001101100111100100111111000010110110101011111101100111001100001000110001011110010011111010011001
001101100111110101010111101101000000110110110001100101001010111000010011010010100011100111100001
011100000001101111101100010110010101011011100000010011111110000111100001000000101000001111000110
011100000001110101111000101011010111010011111111001011100001000101011100101001110111001001111010
011100010100001011000001011000111110001101111001001100011110100001010000100101010111000111111000
011100010100010000111001101110001101111000010100001000110111000010010110110001010100001101100110
011100011100000010000101100101010100000001000000111110010101011010100001111110111111111111001100
011100011100010111011110010101011010100111111000011010010100010110100011110010000010100101010010
100011101110101101010101111111001110100100011110111001011111000101111100010101110010000110111110
100011101110111011001001101100000001101110010110101011100010010110011101001011101010001001101100
100011111101100001010111010110001011000101011011111110010010111101101000010010101110011001010001
100011111101111000111111110000101101011000100110101111100011000011000110110110011100000010101000
100111000101101110000001100101101011011010000111111100101011101000000101101110110000000011011001
100111000101110101001001110101011100010101100100100000000110110010011110011001010000101110111011
110000110110100010111000100011001110101110101010011101010101001010000011010110010101011101010100
110000110110111101110111111001000110011101101101111000100110011000010101111011010101101110000110
110010111101000001001100011101001100111010111111001110110100101001100010010110000010111000011011
110010111101011100000011110111100100000010100101010110010001001111011001001111011011001011110101
110101010011001000000111101010100110011111010110011011001111100011100101100110110101100111000010
110101010011011111010111010101101111111101011100101101001110000101101011110101110010000000010010
111000110100100100110001001011100011011110000010110110011000000000001101000111100100001110110101
111000110100111100001111000111000000010100000101000111101001000100011000101101010111101100110111
000011000001000100000110000101100100110101101110110011011100001110101101100101000111101000100011
000011000001001000010110011101000001010111000001000111110000110100100011110001000100001010101110
001011100111010011011100111000101100110111010101011110010001110001100011010100100011000111111001
001011100111011011100011100011101111010101001111111000100000101001110110010000110110100010010101
100111011010010001010111110101011011010100010101100011111101100110000100111100101110110100011111
100111011010011100001110110000011001000000110110100000111111100101100011001000001010110110110011
100111111110100110101000110110111010010000011010001011000111111001101110011000010111001101001011
100111111110101010101001101010001111100011010111110001001111101010010100110011100001011000000000
101001001010100101000011101100000101011100011111101110000011001101001000001101000101010000101010
101001001010101000011101000000110101111000001000000111000010111001101011111100011110110110011010
101101000111110010100101000001001001011110101111001101111100111101110100011111110110001100110101
101101000111111101111110001100000100010100101001110001100011111110010001111011011010000001011011
111111000100100010001001011011101111101000101010101111001101010100110100111100010110100101010010
111111000100101001001001011100010010111111110100001110000110111010010011101100100110110101101011
000110010001100001100110010110100011001000000000100110000110011101001010101011001000100001100101
000110010001100111000010101100101111010000000101111100110100101010010111001010010001111010110000
011100110101011000111101001010011010011111010001000001001010101101001000011010001011111111100000
011100110101011101111001001110010110010100101101100110100100001110100111011100011100100101010000
100000011101101001001000001000110101110111110010100111111110011011001100100010000101011101010001
100000011101101100010011010110011100111001001000011110111100111100001111000110101000010100101100
111111100001110000000101111000010111100111001110111110101111010111101010111001010000100011101101
111111100001110011110111110101110010101100110011010001100101001011100100101010101011011011100001
