000101100111000111101101111100100010011101001010110011101100011011110001010100001010011011100101
001000010011011000101010000111100000111110000111011101001101000111011101010000010011010110111101
001001010001001111110010011110101100001110010000011111010111101010000001101101011100110110100110
010001011101110011111101101101101110100011110010101001000110101011101001100101110000100011111100
010010101100010101011010001000100110110111011110111011110001111100011001010010101110101010011000
011011010000110101100011010000101100010111101010111100011010100110101101100001101100100001000100
011101011001100000001110101011010111010011110101100111010001011111101010000000011101010100001100
011111100110100111010101110000100100000101000011111111010100100101111010100000101100100011101110
101101000000001110010000011100001011000010010111100101010001100001000110001110000110011000110111
110110011010010011101101101011101010001110110000001001100111000111101110110010111111011110000010
000000110000010100100001001111000011001100010111100110010100101001111001101001011000100111000010
000010000110100010101011010111111011001001000111111001110100111001000111110100001000111100000001
000011011010011111001001101010110001000011101101111101000110001101000110111010110100000111011000
000100000110110110010010010100101000101110100001100001010011101000011001101011111001100101011001
000110000000110101110100000111000000010101110010000010110001111010011000111111001100010011111110
000110111100000001000101001000000010001101110001110001111001010111000001100101010000101111011010
000111000010110110001111011000011011110010100100000001111111001101101000100110111000101100101110
000111111011111010111010000100110011000011111011011011111010001011110010011000111001011100011100
001010010010000011100000011000011011011111111110111101000110101110111100101000101000110100111010
001011001010000001101110100101101011100001101011110111010011101001011101101100000110011011101110
001100001101100010000000010111101100001111000110000111000111011011100101111111001111101000011110
001101100001011000111100101000001100010101000001100101111001111011010001111011010011010110001011
001101111111100011100100101001001011101001100101001100110010110010001111101011100101100111011000
001110011000110001100011011100100011101011100001101001001010000110001101100101010111011110111000
001111100000101110100000001010111110111100000111110100000000000110001100110110101100111000101100
001111110110011100101011101111100000111000001100011100110001111110011011001101100110100111111110
010000000001011001011000110000000010001100011011001001111110001111000110110111100000001011100111
010000010001101001100101101110000101000011011010111101010001000110011000001100111110010101010101
010010000101001101011100111111000000000100010011111010101111100011101111101110101010111100001000
010011000101111110011011111011001111001101111010000100111100001101000101010010111100111110000010
010011101001000110111101010011000101000011100001110001110010000011001000010011111110101110111001
010011110101100101001100010011000111110101001111011010010100000110111011101001010111010100111000
010100011010001101100100101001101111111111011000100101111100111111111000111000111110011001011100
010100100110111010001110010011000110110001100100100000111100011111100000110010101000011110000010
010111010000100100100111111101100110011010100000001101001101010100101000100001001111011110110010
011001000001110000100100100111101100101011010000101110101101011010110001110110100110010000111101
011001010110111110110001100101001100110000011000000111010111001101011010110000011101100011100111
011010000110001000100100101000001101011001000011011110111000010111111110000001010000101101111100
011011110100011111010110001010001001111111111010111001111101011101111010101010111101111111111101
011101101001011001111110001000001010100100101010110111111111100001001011100011001000011100010011
011110011111001101010011101101111001010000100100001000001100000101001001001001110111000011100000
011111011100110111010010101110101000110101110110010110010100101010001000001000101010111011101011
100010010011110010011001100011110110111111001011100100111000101011110110101001101011010100010001
100010100010111000101011101010010000011011110111010001110100111001011000010010011011111000000100
100010111100011001100110110110001101011110011110101010001101010010011100000100110110100111101100
100011100101001111011101001111010100110001000111100001111000010001000001000000010110010100000000
100011110001000010101111110111010111010010010111101010100100000101101101111110010010101011100000
100100001010011000111101110101101000000111110000011011000110000111011100001100101110010111011101
100101011100010110110010101101000100000111110110001110010111011001001100011001111010111000100011
100101111111010101100100010111101001001010101111010111001000110110100101100001001110100000110010
100111000110010010101110101111010001001100111000010110110111001000011111011110010100011001011010
101000001011010110100100101011101011111101110110011100101010110010000101010101001001100110100110
101000101010101100101010000001011100111100000011110101110101101111010000000100110101111010101001
101010000011110111110111001101101001100111011101000011101001000111110000000010101000101100110010
101011001100001100011111001111101101000111011011110111110110101101111110001011001010110010100011
101100000100010100101001010101101111111110100010110111100111000000011111000110100001000010001010
101100010011111000101001010110001101000001011100111111011000100011011101101110001001001001111101
101110000110000101000001101010011000000000111011100000000100010000001011001000100000010010111000
101110111010110111110111100000010101101000000001110010111001011000000010010100011001000011011000
101111100101010111011110010000011000010010101011110011000100001010010000100101001100110110011011
110000001010100001001111110001111001110100110010001100001010011100100101101101100101100010110110
110000011010000010111011010110101111101001110100010000001001100000000010111111001110011101100001
110001100111000101001000000000110111000001110110111010010001000111111100001101000101111100010010
110010110011001000110100011101110110111001111010110101010011110110111010100000011101010111010001
110100011011001001010110111101010111101110111000010001110010001000001000001000011100100100100111
111001001011101011011001101100100000101001011110111101110010011011010110000000100001000001011100
111010001111101110111101011101010011110010001101110010100101010110101110001101011010010101110001
111010100000111001110000110100001000100011100111100111111101110011111110110101001011000100100011
111011101100110110100001000110110000110100011111100110111011011100100110010010010101001011000010
111111100100010100011001111011010101011011011111101001010100111100101110110110111111100010001110
111111111011010101111011101000000101111101010101011111011100101100100110111010100011111110010000
000000000011110110101110011001100110111010100110011000100110100010000111010100111110111001111101
000000001001001011000000011111111110111100011001000110000010110001010001011001001001101101001101
000000100000100111100000001001110011011011111101011001111001000111110001110111100111100011000110
000000101000010101110011101100100010001101011011100100000011001101101011101101010001101001000101
000010100111110001111101001110110111111000000111110000000110111110110011000100101010001110010011
000010101111011000001000110000100001110111111000011001111110111110101101010000000110010111001000
000011000011100111111111110111100111100011010010001111010011000010001111011010001100110110111111
000011110000100100101000001001101101111110100011101000001111101111000001001111111111100100011110
000100111100101010101100011001001110101011110110011100001010001111000000011101111011010111001111
000101010010110010111011100100010101010100000100110100100011010111001101011111001010110010111011
000101011011100001000110110101001010010111010010100011001001101011011000001101000100011100101011
000110010100100100111011011010110110100000100111110001111010101010101100001110111110101101001000
000110100001011101101000000110001000010010000000100001011001100110001111011101111100001100110010
000111011000101011001011010011001011010000100100001000111100010100001011000011101010010011000110
000111101001011000000011100101101001111010100011100100110110110100011001101010011011111010100000
001000100100101011101001100011011011101111001110001010010110001101010101000010110001011111100110
001000101101000001110111011001001101011000011101100111111000101010110111111110011111101010100011
001000110100011011101100101100111000000000110111110110000010100010101001011001111111011010011100
001001101001001001100110010101111010100011010001000101000001100100001110111001110110111011101011
001001110101111101100110100110011111101111101001100100111010000001110010001111100010110001001101
001001111010011010000101010101101001100011010011011100111110010100100111101001110000111000111011
001010001101101011101110000110000101010101111001011011100110101100101001011000011001110100010011
001010110010110100101101011101101110010011100010001100000010111001001000001001100001001001001011
001010111000100000010011100111011110111000111011010011000000110100101000100101100100010111011001
001011011111001101000011011001001000000111110110111100010010011001111001001000010100110100001101
001100010111100111110000010111010101111101000001010001001110110010100111111010011100100101010110
001100111101010010001101011111011101100100010011001100101011001011111101100101011100111011100000
001101010100101100110000100000001101100000110001010111010000010111010001000100100100110111001001
010000100010110001011101100001100011000000101111010111001001010000100111101100101011100101110000
010000101111111100001110111010001101110110101111110000010100010010100101101010111011110011100010
010001110001010010011101100101100111101010100101001101110111100111001110110101010010010101001101
010011010101111100000111001110011010010010011011101101100100100101111011111111000111101101111000
010011011100011000001011000000001100110010000101111101001101110010001100000001001101100010100101
010110011010100110101000000010011001000000110100000110011101101100000010110101010011000000110010
010110100101000001000111001000100000101111111111110111110101101011101101110111100010001010010000
010110101011101001000111011110111000001010111100010011101011001000000111100001011110110110001101
010111001001100111010000001110101101100111101001100010100011010100101111001001010101000000100011
010111101100111011001001011011110100101101010111010011101110100111011110100000000010011011101000
010111111010101001100010011011011111111010110101000010010100101100100100110001001000011101011100
011000000011101110011001111101010010110011101101001100010010010111101000011010000000001010101000
011000001001110101101111111000001111000111000110100001101010111111010101100000010000001000101000
011000100001101110111000101101101011000000110011110011111000100101011111100111110001101010110101
011000101101011011101001111110001001111101011010101111001001100011000101010000100000011000001010
011001101000011001000111011100010011111000011110011001110001001000010110010111111100111110001001
011010010001000010001110101101001001011100100101110011110010111001001011001000011010011100001001
011010011011110100000011000100111100011010010011101000001010011110011010100000011000101001011100
011010101101110001001010100110001111000000000011100000001011110101000010100010001101000000101001
011100000101001101001111000111010011100101011011001000101001000110110110111011000111101000100010
011100001110000010011100100110111110100011000000000101111111111100100001100100111010011100100010
011100010100011000011101010010000001110001110100011110001111000010111111011101000011001010000111
011100011001010101010010100000010000000001100011001100111100010100111011100111111011010011101000
011100101011101111001001011000110100110110110001111011000011001000000101101100011010100111000001
011110000011011110010110000111111101001111101100000011110111100101001110111010011110011110001110
011110100001010001010111000110110010011110001110001000101110010010101100000101111010000001000011
011110101110011010001011001111110001110100010101110010101000000100101111101110111101000011011100
100000010100110010010100011010110010001000101101111101010100000000000111101100110101011111011011
100000011100110101100010000110000011110001011010011111011000001110000000001000000110101111101001
100000110000000100110100011000010110101100000110010100001101101001111101110010100100110111111110
100000111011111110110110001111100100101101011110010001101001111111000111010010110110111101111011
100001010010110100111100110000011100001100111100001000101001110001110111111111000011011010001011
100001011000101100100001011111001010001010110001000001111110001100111111110100000111110001100100
100010000000100011000001111111000011100100100000111100011110001001001100101010100001111111110100
100010001100011110101111110101000010111100111001001110001010010010001111010101010000011001100011
100100100100101000000101111001001001000010100111101101101000000100101010001110000101010110000010
100100111010101010110010011010011100101000110110100111000000010100100000110110011111100111111110
100101100011100110001000110111011000100100011111111110010010011011111101000101101100011010001000
101000011010111011111100110000000010111111101011010011010000010010110110101110001011101110011000
101000111101101110111110110110101000110110111011010100111000000011111001111010101101100111000101
101001001010011111011100101110000111110111010111101101011010011001100000111000011110010111111000
101001110011100010011100100101001101010111010111000101010101010100001000101011111100010100111000
101001111110011110110111111100001101010000101011000010010100000111111101010111111000110011011011
101010011100010010010010010000101100101010111010011000011110111011001001110000010001001001001110
101010101000111110110010101000110100110110001111010010101111110001111000001111000111000001010000
101010110011101010011011101111101111100011011111111101001010011111100011010100000010001101111110
101010111000000000011010000111010000010011110010100100011011010010001101101010111011100011000011
101011010110110101010011111100100110100000011101110001000101010000110010110000011101001000011110
101011011100000101000100001101011101010001000110010010110000100001010001011000111110101011100111
101011101000010100111000101001100100000101011101000110111010111001011011010110011011000111010111
101100100110001001000111011001001000111000101101110010000110010111001101000010011001111001100010
101100101001110101111100010000010111001101110000010001011110011000011100000011100100101011110101
101100110011010100001010110000001101110010101101011101001000010110000100100101001010010110100111
101110010001001010010110101111111100011010011000100100000111010000011101010010101110101011101000
110001010111110111111101001010100101011101000111111011001010101000111011111100101100100000100101
110001110011000100000000110000000111110000000011000101100111000110101111110100000110110001011011
110001111101100101110101100110010110110111000100011000101101110010000001010110010111010000111001
110011000011001011100011000100001111011001101110001000111001001111111100010001000111000111111111
110011010001010110110101010111011110101100010010001011100101110110001001001101001000011101010011
110011011101010111011111001100101001110111010001010001101001101000000011000110001000010101111000
110011101101100111101111010000110000011100111101000011100000001000001101110110111110101000001100
110011110101110110111000011001101010110010011111110011111010000100111010010011100001011110111101
110011111101101010101111110111100111100001011001100111010000000101010011100101111010111000000111
110100000110101010001110111111000111110010011000001000111010101011111000100010111001000001101001
110100100111010001110111110111111001010000000100000110110111110000010001110001001010101100110010
110100110110011111111010000010100010010010111110111111001000010000000110100000001110010001010110
110101010111111011101111000011011100100110011111100000011100001000100100001100110000010110001010
110101011000110100111001101011111001010011011100011001100100001110100100001110011000001100111100
110101111101010010111111101001010010110001110100011101001011001100000100110000100100010011100100
110110110010001100111101100111001001001100100110010111111110001011101101011011100110111010010011
110110111110111010001000000010001000000000010001111011001000111110001001001101010010111011110011
110111000111110110101110011100001110111001011110110110101000001010000010111111010111001011001000
110111001011100000100001011010010010011100100011001111000111001111110100000110001000111010010111
110111010010110101000101111000000111100101100001110111011011111100111110100001010001000101110001
110111011101110011100010010001100100000101110100111100111010011111111110111000101110111100110111
110111101001100101001011011001110010101100010111011100010011001101010101111001110001111110001001
110111110011111110010100101000000111110111011001011111010110111101011101111010110001110000100110
110111111101010000101100110100010000010110101000111011010011100001010001110101001001001011101010
111000001101011111000110011101001001001111100101101000110000101001010011000011011110111111000101
111000010111010001000011111100011100000001101010011000011110110000101011101100101010010100101111
111001111101011110100101100010101000100110010111001000000111000011011011110011000001110001110000
111010010011011010110000101100000101000010111110010101001011000101110000111100000101111000111110
111010011111010100110011001101110111000010001110111010100010001101111100010110011100111101000010
111100011111100000011111100011010001111110010100100101111110001000001001000000110000010000100010
111100100101111101110101100010001000101010100111000010001000000110011110010010100111010011011110
111101010011010100100110011111110110100011100011000110001010100111010000000001101111001100010100
111101110011101100001001001110000110111001001010111110100011111011000111111100111010011100001110
111101111101011010001100000101000011010110100111110011000000100110001010110011100101111110111101
111110000100101110100100110101110011100010010001110000101001100000001001111011101111110000100010
111110001001101101110100100000001000010001100000110010010110110100100111101110000110110010101010
111110011101111100111011110110011110001110011000000011010111010111110100100101110101001110100000
111110110011000011110011100011110011111000111010100111111001000001010000010010110000100111111011
111110111100010000010100100010010111001000001100010010011111011010110110100010110011101100110101
111111000101111000010100110011110100110001101000101011010111111000001010101100100011100011011000
111111001001000001101000110100000101010000110011101000011110111110100011111010101111001101110100
000000011001001101000001111011000111101100110110000110010101110110011000110101101001101110000101
000001000000110001100001001101111100110010100010110100100111101101100001111010011001011111100010
000001000100110010111000111001101111000111010010010100010000001000010000111100011111000111110011
000001001001100101111000111111110110110010111000111010110000001110101001111110000111100001010100
000001001101100101100000111101111011110100101110001100100010000110011010011110000011001010110111
000001101110100001110000110000101011111101110110100010111101011010110111111010100011001010011100
000010011000111010111110001010110010100111111111110110101111011011000010111100000011101011101110
000010011101101000111100011010101101101111010101000000101011000101000100111111101010100010110100
000011001000101001111010111000101010110001110101001001101100110110011010000010101111101110101100
000011001111100110000100000111011110010011010111111000001111011100110101011110001001100000100100
000011111001000001110100001100011111000101001101011011010001011011111010100100101010110010000010
000011111101101110000000010110111111010011001011111101100011110100111000011001011111100001010001
000101001111100101001011000111010011110011000110010011101100000010111000011001100111101100011110
000110011000100011100100001101001011101011000110010000100000010010111100001011001010100001011000
000110011111001011100100101101101100110011110011000010010111011011001001011111111011100110100100
000110101010101101100010010010101000110000110111100110010101110110100101011111010100001101111101
000110101111011110000001000111010100101010110101100110111110000001100011101010100110110000011111
000111010011010100010011010110000001111000111110111101001010010111010100111010101100010111011010
000111010111000011001001001111011011110110111011100010100100001100100100011100100001110101000001
001000111101110101100100100101010111111111101101110101101001110100111011000110010111101001111110
001001100111000000110110000110000111100001011001000101100010010101010110110101101110011111001110
001010100010010110100001000101110111010011100011010011010000100101011110100000010000010011101111
001010100111110111110000011111100011010010000010000110100101000010111000101100111010111110100010
001011111010000010011110101011110011011110011100110110001001001111000100100001010100111100000100
001011111100001110010011001100101010001011010010101000110001100001101101000101100101011111000000
001100011000000000110101011001101100110110011010111001010011110101111011000011100100100111000111
001100100110011001001101111000010010110100011011100001000110011110100000010010010111001100101111
001100110011110001111011011001010001100100100101000100111011100011110100100101110001100011100100
001100110110001111101011001110000000011101100111101101011110110001101101110001001101011101010000
001101011011110111001111100100001011101010111101111011111010100001001001101111001110011011100011
001101011100100110100010101100010111110001010110100000011101100001101000101110000111011000110101
001110001000111111000100110101001101110101011110100000000110101101111111111010110101110110100101
010001100100110001100111101111000010100001111001001110000111010010100111110011010011010101011100
010010010111001110111111001110110010110100011011110011110110000110000000010101011111110111100000
010100000001000011110101101100010100010110110001100010011001010110010111000101010010100110100110
010100000100001101010010010001001110011010101010011010101111110000011110110100101001101110010111
010100110111111101011011010100011100010110000001110100101000010101101110000001001011011000101000
010101010010010100100100011101101110000111010101011100001101011100100100000111111111011101000010
010101010100010011000011011011000100101001010110100100010011110001110000010101111100101001000010
010101011011100001101000000000001110000010100010001100001001000111011001010000000000010101111010
010101011110010111010000111011100010111000001000101011000010001101101000001000011101101000101000
010101101010000011100010111010100110111101101001010000101101010000111001110101000000001011010001
010101101101100110110011101111010000000100100111000101011011000101100110011111111010100000101100
010111110100010010001000101000110101011000101110110010010110000011111000000000010111000110111100
011000111011000100001000101110100101100101010111100000101011011100101010110011000100001110000010
011001110000000010011010110000001010011011000111100111001110001000010101111011010010110100011110
011001110111100001001101001111001011111001110100110101100011011100001100101110010000101101101001
011011100011100111101000001111111111001110000000010010100011001000111110011111100110000110110111
011011100110000111001001010110110111111100001001110110010101001000000100110101100000010000110001
011011101000001110101111001100100111100000000101000011100011110111110010000111100010110101101110
011011101110010111101001100011100100100001001000000111001001011010011000000010101011101101100100
011100110111000001011111100100100001011011001010100011110111110011000100100001001110100101100010
011101110000010001101011110000110111010011110100110110001010010100010011100101011001101100010101
011110001000111011111001001001111100110001101101111100100110111110000000101011010001101111100101
011110001111011010100010011100010000000010010001101010001001001011101110010111010100010100011000
011110110110111001101011111010001101000101000111000111011011110101000011000101110011000000011111
011110111110110111010111000111101110000010111111011010101101100011001011001011110010110110101101
100000000000101111000010101001010010010011111100010111010001110011001001000111101100110010000011
100000000110000011110110101111011000011001100110101001101110001000111001011100100011001001001100
100000100011011000110011010100001111010001110011100001010010100110011000101110010101111000001100
100000100101011111100010001010101000010010000111111001101011101110111001101000111101011101100010
100001001001110001011010100000001001001000111100010010101111010100000010100000100100010110010001
100001001101000111000111001110101001110101011100100111111000100001000001011001110111010011101101
100001111010101011100101111000111001100111001000100011101001100001100101010011101010110000001011
100001111101001101000001001010110100111001000101001101100011001001101000110111100000100000111001
100100101011111100000010110001111011010010111101101111011000100100111001100000110101000100110000
100100110011001101111011010011010111000101101111000011110101001000000111101001010111111110001101
100100110111010110001010011001100111110100011001001001100001100011000000010001011010001100111100
100101001001011100110100111111000001010101001110010100100001101011010111010101000100111001100110
100101101001100001001000011000111010100100010010111011110100010110000000100100011000111101000000
100101101110101000100110111111011101101010010011001001111001100110000011001100110000001001110101
100111010010111110010100100101011111100101011100100101011000010000010000111000111110100111111111
100111101111111001111011110000111110111111001000100000000001000110000000010001100110011001101111
101001000001010011001110111010100010101000100110111111010001110111000110111010011000000110101110
101001000111000110110010100111110010111000100101101001100001001100110111010001000101011111111011
101101101000111011110010111011011100111101110001011101000111011011010000011011010000001111000000
101101101100110110001101111001101000000011011000101001011110100001111111100100011101000110100100
101110100110101110010000100001010010011001111111000001010001110100111111100000110111000010101111
101111001111010011000100111110001000101101101101110100101011100010101111100110111010011110001101
101111010011001111011011101111100100010000111000011100011111001101010101100010001011111000001100
101111010110011101000111111100100101001001100111001100110000010111011001001011101100000100000001
101111011000100011100000001101010100000101001001000011011011010000100111110101101000101100100010
101111011101011011111111110100101110001110001101100110000000100101100001100110100000011011011110
110000111011111110000111011101011001010011010100011011101010001001010000100010010010111110110011
110001000011001001101101111111011100101010001001001101000110110010101011100110000000010011000001
110001000110111110011110110101001110110000001011111110011101110101101001111110100011110111111000
110010010011001001000111111100011110100100110111110111001011101011111100110111001010100000111000
110010010101111110100111101100000000111110100101110010111110101110010101100111011011001001101101
110010011001100110010001110011111001011110110111010100000110010000010110110011100000001001000100
110010011111000010101100010111000111100101011001101100110100010100001011011001001110001010011101
110010100000111101000001101000000011100011001010000010101111101111011011111100000110111000000010
110010100100000001101001111110100011001111001001011011010110100011100000111101101000101000111110
110100001011010011110001111010000010011101000101010111111111101010111011110011011011011100011000
110100001101010011111001000110000001010010100100000101101110110000010111111010111110110010001000
110100101111110000110010000010001001010011111010110010110110000100000001101000101111000111010110
110101110001011101011000100101010101110001011110100101101101000001101100110110111100110100010001
110101110111001100111001011000000011100100001111110000000010000001000111110001111011010000111110
111000000010000101001011011011000110011111000111011010100010011111010010001000110011000101101010
111000011010001111000110000100001110001111110001000010101101011101001101010111100110010110010111
111000101010101001001110010001001000100100001010000000000011011010101001010111001001111111000100
111000101110100110100100000101000001101001111010010000001000101101101000111100101100100110011101
111001011001100111111001011011111000001111001010111011011011111011010001010110111010001100011101
111001011101100100110010001110111100010101110110101100010101010100110011100100001110110011000010
111010110001011110101010111111010011100100001110111001110001011111100101110101000101100101000011
111010110100010100111100000100001101001010100000111000110000110111110110001001111010010101000010
111100010000101100100011101010111101001011011100001101010111010001011111100011110110000111101101
111100010111010011101111000001010010000011110101000111001110101010000100001101001011001100101111
111100110011111110100001011100111101111011010100110100101000001110110111001011000001000110101100
111100110110101111110110101000100100011000111110010000110110100001110010010101111101001000111010
111101011001011010100100001000110000001100111100100100011011100111111111101011100111111010000111
111101011100100110110100000001010111010101010010111110110110111010110001000110110110010100001000
111110010000100011010101011111001101100100000001001001100011011111011001001010100110100000011110
111110010100010011001111010110110110110101010000000000100101000001011111100100101110110111010000
000000010000100110000101010110100100011100100100010011001000101100101000111110011010011110101000
000001011001000001100010111010011100011011001100101011110100101001100000001010010100000000001110
000001011011101011111110100111000000111010001001010010010101000000101100010101111111010100110101
000001100100001101010111000100111110011011111001001100100000111010100000000011101011101100000101
000001100111100010101010000000001101010000000010100111110111110110101110101011001101000011111011
000001101001110011101110110111101100011010111100010010001001011101110101010111111000111110111001
000001101011000011001000011000001101111111011100011111100110000100110000011101110010111000111110
000010010100010001110000010110101111010011111010110100101001101000101011000110110101111111101100
000010010111001111000110111011010011011110011101100011110110101101100101000010011001001111110101
000100110100011100111001101100110000111111010000011001110111010001011010110101110000100100011000
000100110111011100101011010111001101100110011110110011001101000100100100000100111110010000001110
000101001001110101110000100010101000011010100111100111100010101010001101110100101110011010101010
000111100101000011110100100011101111111000011000001110100101011110000001110111100100110011010100
000111100110000111001101010010011101001101101110110100110101011011111001110100101110011111111011
001000111001011110011110011101010000001001101011110010010100111010000001100010100010111011010000
001000111010011111011101100000001010110010010001111000011100000010000001011101110000111110011101
001001100001100010101000000110100000000100111001111110010101000000001001111010010000100101111011
001001100010101101100001000101101111110011110101101110111010000011000011101100101011101111010111
001011110100110010111110011000001101110010110011011110001001100010010000101010010100100111011011
001011110111111001101000111011100001011011011111110010011010000000011100101101001101100101011000
001100011100011100000001000110010011110010001100100110100001001010111001110100001000110100011110
001100011111100011101110010101001101011011010000000001000011011010110110111000110101010010110001
001101000100101011100101000111111100010010101111001011001110001100101101110010010010110110011000
001101000110010011100100010000010111111100111100110001100011100000010001011111000100110011010100
001110100001000101111110001010000001111110111010100111001110000000100100001000011101010110000110
001110100011111010000001010111000101010100101100101010101111100000010110110001110111011111100101
001111000101110111110010010111001100111100101101100001000000100011101101011001101111001000101110
001111000111000011000000101100101101100000011010100001000101101101001101110111010110110110101111
010001100001100011001010101010011100010111101001010101000011001010000111100001101001111111100100
010001100010101111000111010000011101110110111101010110100000100000000000010111010101010011000101
010001111100110111000111110100111101111001011110110001101110100000111110110111010111110111101010
010001111111110010101010010100100111000000000100011011111001010001001111100010110111010101000100
010100110010100001011111101000100010001011110000100101110001111001010001110001111010011001101010
010101001111101110101100000001011000011111111110110011100001110100110111111001111001100111001000
010110010000111000000110101001111010010110111100001011011010010001111100001100111110010101011101
010110010010001101000101100000100110110100110100010001000001011011100110101100111011100010110011
010111100101101100111110101011111011010001100001110000110110010110000011010100101000100101000011
010111100110001101101010100111111111110010101100100110011010000100110101101111111010101101001101
010111110001011111001011110001100011111011101000001111100111110100100011010000011000110100101110
010111110011000001000111001100100011011100001000000000011000111000111110110110000010111101110001
011000010001101111101011110010101110011000001110001110101011101001101100000010110110011110111011
011000010010010110000111110001100101011000001111000000111001110111001110000011110001100000000011
011000111100011001011001111011101110111001011010100100011011111100111111010010011011110101100100
011100111001101010100000101101010100010101110000001000010100011101100100011010000111101111010100
011100111011001000011110000001111010000010111101110011011001101001100011000100000000111001010011
011101110100100100001111010110000111101111011101011100100000101100000000110110001101100010100001
011101110111111101001001111100000011001000111011011101101001011001101010011110000100011101000000
011101111100001010110000111110101001101000111111111001010011000011111111101111000110100000000001
011101111111010101010010010001011110101101100110011001011111111010000000001001011111001000110010
011110111001010001100111100101010000100100100111010101100101010100000101111100001011110100101000
100011000001000000100101011111110010101111000110111111000101100011001000110001110100010010100100
100011000010001010100100110011110100010001011100000111110000110110001000110100010010010110011100
100011000101011111100000110110110010000010111100001101001111010101001111101000100110011100111001
100011000110111100001010011100100101010001011110101111000010110010011010111101100111110101100001
100101001101010101010101101101001111110101000101110011010000001010011001010110110000011000111101
100101001110011001110111010110110101001000001011011001100010010110110111111011001100100110101001
100111010100001110111001001101100101010001001001010010100100011011010001101011110100100100000011
100111010110001010001111101011000101010000100110101100111000110011010110111000101110000011000110
100111011000010100001000110010111000101101110001101010110101011101000001111110100011100111011101
100111011010010010000111100011100100011001101000110101001010101110001011000001011010010100011011
100111101000010101011000001001110100000110010111111101101011000011100111111011010011111100000010
100111101010010110101001010100011111010110111101001100010100000011110101100101001011101110001011
100111110001010100001011010010000010110010101100110110010001001011001010001001110000100101101111
100111110011000000110100001111110011011110000000001010110000111011000111001010011100010010011001
101000010001101001101100110000111101000111000110101100101111010100001101011101111111111011110010
101000010011111011101000100000011100101011100111111101110001101110000101101010100101001100010011
101010010100111100111001111000000100000001101111011101110011001011000010001110110101110001000101
101010010110010111010000111010011000001011000000101100001000011101011010110111101100001011000100
101011100001101101000111000111010010000001000110111011000000101111011010111010101001101010110010
101011100010010001010110000010010010110110101111111000110000000010011001101010000101000110001101
101011110000000111100111101101100110010110110111010000101001000001100010101000011101011010010111
101011110011101100101101101100101010111101110100101011111010011110110111111101010000110101011010
101110011100101101011101011100001011111010001010011000101010010001010111110100110001000001000000
101110011110110110011010111111101101100111011111100100001011011111001000100011000110101000111111
101110100001101101101010101000101010100111011101100110010000000100111110111010111011110010101111
101110100010001111111010010101010110100000011010100010111011010101100111101110001101000110001111
101110101100111000000100110010000100001010001101111101101000011001011111010010110000101100010010
101110101111110011111011000100010101110001011101110010000101100011010111110111101001110011000010
101111001000011111011011110111011000011101010000011111000110111011011001011001111111011110001110
101111001011110000001101010111001010110111101100001010101001001111010001000011110100110111011010
110000111100111110000110101001110111001010010100001111111010110111001111010101110101101111111101
110000111111100001111011000011110001110111011111000000001001010000001001101010110001011110100101
110001001101001011101000010010101101100100001000100110100001110000001000110010010110111110111000
110001011111000010100110101110011110011001100101000011000100100101001001010111010101101111101111
110011001011000110000000111100010111100111100100110111000001001011010100001000111001011101111001
110011100100110010110101011111010110001101110101101111111111010100100110110110011010111101001010
110011100110010011100001101011110110101101110001101001010001110001011011001111011110010100111001
110100101001101010001111101111100110010100111111010001111110101001100001110101111100100111111001
110100101011000100011001001111011111101011110101101000100111100010101000010010110000011111101100
110111100000011101100011100000100100101101100101011010110001011011101111011101000110000111101111
110111100010100000101100111111110110101110001011000000111100100001011110100111101100011001100000
111000000100001000110110001000010000111100001100010101100001001110110100100111100100000010001111
111000000111011000001111101011100101010011000001011100001000111000011010100100000011001001011000
111000100101000001001110100101100011101101100110100100000110010101100101110100001011101000000110
111001110101110111100100010011101000011011011111110111010111101001101111101001001100010101101101
111001110111011011011111100000010111110111110000010000100011011011111011001101010101100000000101
111011110001000011001101101110110010001110101110000001110110111100010000101000000000000000111101
111011110011001101000100101000001100001100101100000000011001101110111010110111110101101010111000
000000011110111100001110101000101000000000111000000101001111000101001001010110100101101110001000
000100011010101110011010111000011000000101011110001001100110010100001100101110100100001111111011
000100011011100111000001111011100010011011010100000011010010000011010010011000100101010000101100
000101001010100101100110010000011110100110011110111111011111011111011111110100110000011001100111
000101001011101110010011001011111010111001111111010010111011101010100000001011101000010000011000
001110001110001110110110010010111010100100011011100100011100000100111001010100001011110001010101
001110001111000000101100010100110010100110010011111011101101111110111011010110001110111011110010
001110110110010000001101010111110011101000000001101000110011110010011000101101010100111111000011
001110110111001000010011111001011011111101100110111000110100101000111011110110101000011100001000
010100110000100100110110111101010000010011100101100101010000101100000011001100101000011001011000
010100110001001101101010001100110001110111011111001101111000111001010010010000011111001110011010
010101001100000101000000011100000000101001101101010001011111010010000100000011111101100101100101
010101001101101111000100000011100010101100010100101000101011000001000000011011010110111011100000
010110001110111010011001011000011011001111001100110011001000111111100111010010111110011011110100
010111000000111101100111001101000001010011111011010100001101010001011010000111001010110101110001
010111000001101111001011111101011101000111100011011101000111100001011100011001001111000110011010
010111100000000010110111111011001111000101101010000111010001010111100101110010100100110111010001
010111100001101110100100000001001111101100011010001010011111010010001100010001110100100001001001
011000111110111110011110001111011000101000001111100001000111101110101011111001001100011111010100
011000111111100101010100101111100100100100011000100011001110110100101101110100100010001011100100
011100110010100110000000000001000001010001111001111101110000111111101011101111001110011101110010
011100110011011110010100100011111110101000000100011110000100000111110101111010101111110001001100
011110110010110111100011010010101001111000100101100111001100011001010110111100000111100010110011
011110110011100100111101110111100010010010111110110101010010001011111001011110101100100111101100
011110111010101110000010011110101000100100101110100111111100110110111110100100000000100011011110
011110111011010111011100111111101101000101100000001010000001111010001000100100001110111011000010
100000001010110001111101000001100110111001000011000110111110000101100110111011100100011000111101
100000001011110111110100000000000011110000011011111011001100010001101100110000011001111001101111
100100101110111110110001110101100001001110010100011011010010011111111110110011000001111000001011
100100101111100100001101100000100000101000001111111101100111110011011101000101000111001010100100
101010100110111111011011100000101110010110101000100011110110010111101000110111111001100111100001
101010100111101001011000011111111011101110000101100000011010010011000001011110101011110101011110
101100111010111101011110010001001110000111101011110011000101001100000001111100111100110001101010
101100111011010110100101101001100100010011001101100001100100100111001111110110011111110000001010
110000110000101000010101100011001010110101010000011110110001111010111011000001111001101001011111
110000110001010111111000001101000100010010111001111001110110111000110111100011111010010011110000
110010001010011001101100001000101101001011010111000011100001011011011010111110100000100101011100
110010001011111001000000101011010010100111111110011011000100111010010110010100110101110010001010
110011001000000101010111010000100110111001110101000100001110010111000111100000011100101110111110
110011001001010011010000110001111110011000010011101101001000000011100000011001111011000001100110
110100111110100110000011000101110110011111001010000001100001010001001001110001001011011010000111
110100111111000011100010111101011110010000000000000011110000100001001010111111010000101011111000
111000011110111001011010011110010011101111101111111010000111000101001111101101001000101001110111
111000011111111011010101011100111110011100110110010110001001111000000111000000000101101010000100
111000100110100111111011011100110001001100100111100000110100111000101000001111010101001101100011
111000100111010000000000110001001010001010100110101011110110001000011010100011010011111111000100
111000111100001010011101101100001010111010100100010000001110101111110001000001101010011010101011
111000111101000111011001011000111100110011010000101111110001011000010011110001100110101110110101
111100101111001011010010011111101010110100101100001100110001100001010100000110000100011010100000
111101000000010011111101001001011011101001111001000100100111010011011111110100101010010110101001
111101000001001011001101001111101111000011110101000001010101010101111001110010101000010110011000
111101000100011000001100101101001001001111001001010000101100100010010101001110010011111110001000
111101000101111000111110101101101101001110101111011111011101000101000000111000100110011101111011
111101001110001001010010100000010011010100000000100110100100000110000000000100110111110100000000
111101001111010000111111000100110001001000000010010001101000100000001110000111110010001011100110
111111011100100111001110001100100100011010110000100000101100010110101001111100000000001101000111
111111011101011011100010110100100101001001111100110111110011110111101001110101000101111000000110
000000010011011000110011111111111001011111010100110010111100000001110000011100100111010011011010
000000010011101100000100010011100101011110111101111111010110000111101000111011001100100101101000
001011010011011010001001101101111001100111010100111000110010010010101100011010110010011000100011
001011010011110011001010101011011111000111101000000101111110101000111010111101011110001011100110
001100100000000000101000000110101111111001011111101000011111110000100011101111011001111101111011
001100100000101101111010100101010001101101010011000011001011100010010110001100010111100011110001
010010010000010100010111011001110111111110100100100011111100010011101000111101101101010000110100
010010010000100110110101011100100101011010000010001101110111101001110100101001010101110010000000
011001100001000110010110011000111111111010011111100101110001011101110001110001010000100011011100
011001100001110111001110011110011001101101011100001110010110001001110001000000111001010100101010
011010100101000011000010000110011000111010101100100101100011001010110000111011110001010010111111
011010100101101001001001100111010111100110010111110100000101010110101000110110010101111011001100
011100100010001101101011011101010101010100111010101000100001001110011010000110111000001011001101
011100100010101011010101111001111111111110001000110111101011111001001110101100001110001001100101
011111001111001000011001011011000011001000000000010000101101101100101111001110101101000010100010
011111001111111000011011010010000011100000111111000111101011111100001001010000010111010011010010
101000110110010101010011010100000011001001110101111110011001011011101110110100100010100011000110
101000110110101011110110000010110100011010011111011111011110110101000010000001000110011010000100
110001001111000001111010000000001010000010101101111110110111101100000101101011110111110001111010
110001001111101010101011010001001001101001011101110010001010110101101011100101001010111010101001
110001011100010100001111011110001001000100000011101011011011100100100100010011110101101001110011
110001011100100010010010110010010111111000111000000110010001101011101101111001011001001101000001
000000011111101101100011101011111000100010101110010100110010111111100000110100010110010001110001
000000011111110110100001001000001100100100100010000110101111011101110001010010010011111010010010
001010000000000011000011000010010000011000001100110001010110000001011101111011011001101101011001
001010000000010000001001101101000101100001110001111101010110100100100101101110111100011100110001
010100111100000000111010100001110011000111101110100001000011001110000011111010000111010010101101
010100111100011100111111111010110000111100011000000000000000001110101111101111000110010010000010
100100011011000110101001011100000000010011011100011111100011101110000110101010100000000010011001
100100011011010111010111010000111011101110100100010010111101111110100010110100110001001111000011
010110001111110100111010110001001000010000000010110111001111110100001100110001011001110111010010
010110001111111011111000000001100111011111010110000011010110001110100111001101001010101101000001
100110110011010010000010000011110110011110111100010101010111110101000011010000001110111001101100
100110110011011111001101110001000010001101100001111001100010011011000110001011011111000110110001
101111110011001001001000110100101011100110110111011110001001010111110000000000110010000101001010
101111110011001111101001000101011011111010110001100100011000110000010111000101000000011011101110
111100101110100001111010101110101111111001000111100010001000011110001000011101110001011100110100
111100101110100111011110010111010011011001111010011100011100101101001111011100110100111011000100
