000001101110100011110000110100011101000010000101010101011011011110111011011011111010101100000100
011010010010101100100111011001001001000010000101010101011011011110111011011011111010101100000100
011011111110110111101010010001000001000010000101010101011011011110111011011011111010101100000100
101111111011001010101110011100100110000010000101010101011011011110111011011011111010101100000100
110111001001100010001101001110010001000010000101010101011011011110111011011011111010101100000100
000010000000000010110001111101110101000010000101010101011011011110111011011011111010101100000100
000010011111011101100011010101101001000010000101010101011011011110111011011011111010101100000100
000011011000100101000001101011100011000010000101010101011011011110111011011011111010101100000100
000100111111101110010000111000111101000010000101010101011011011110111011011011111010101100000100
000101110000011111010101111111001001000010000101010101011011011110111011011011111010101100000100
001000111101010011101011000001001101000010000101010101011011011110111011011011111010101100000100
001001001101010100100001011010011011000010000101010101011011011110111011011011111010101100000100
001011011011100000110110110110111100000010000101010101011011011110111011011011111010101100000100
001011101001011001001101001101100000000010000101010101011011011110111011011011111010101100000100
001100111000110010100011111100011111000010000101010101011011011110111011011011111010101100000100
001101000010011101110001001010001110000010000101010101011011011110111011011011111010101100000100
001101010011100011110011011010011001000010000101010101011011011110111011011011111010101100000100
001110010111010101001000000010101000000010000101010101011011011110111011011011111010101100000100
001110111100101000101100111001110001000010000101010101011011011110111011011011111010101100000100
001111101011010101011011000101101111000010000101010101011011011110111011011011111010101100000100
001111111101001111011000010011000110000010000101010101011011011110111011011011111010101100000100
010000111011011011000010001111001010000010000101010101011011011110111011011011111010101100000100
010111010001000001010000010000001111000010000101010101011011011110111011011011111010101100000100
011000110000001110011010000011010111000010000101010101011011011110111011011011111010101100000100
011010110101111010101010110010010001000010000101010101011011011110111011011011111010101100000100
011011001000011011001100100110011000000010000101010101011011011110111011011011111010101100000100
011100011010101001010110110010000110000010000101010101011011011110111011011011111010101100000100
011101001000000111011010000110011011000010000101010101011011011110111011011011111010101100000100
011110011100111001110111100011010101000010000101010101011011011110111011011011111010101100000100
011111000011110100010000001100011101000010000101010101011011011110111011011011111010101100000100
011111111011001001101101010000011110000010000101010101011011011110111011011011111010101100000100
100000000001101000011110111110000011000010000101010101011011011110111011011011111010101100000100
100001000001000101111110100111110110000010000101010101011011011110111011011011111010101100000100
100001100010011110100101011000101100000010000101010101011011011110111011011011111010101100000100
100001110101111000010110011000010101000010000101010101011011011110111011011011111010101100000100
100010101101100101111011001100001101000010000101010101011011011110111011011011111010101100000100
100011000111000100111010000010101010000010000101010101011011011110111011011011111010101100000100
100011110000000110100110000100001000000010000101010101011011011110111011011011111010101100000100
100111010100001001110100101001000111000010000101010101011011011110111011011011111010101100000100
100111100101011000101111000110100011000010000101010101011011011110111011011011111010101100000100
101000010010010011001010011110110101000010000101010101011011011110111011011011111010101100000100
101010000011111101101010111100000101000010000101010101011011011110111011011011111010101100000100
101010011101001110101000111100001001000010000101010101011011011110111011011011111010101100000100
101100011110111001001101011111011011000010000101010101011011011110111011011011111010101100000100
101110001000010111011101010011111010000010000101010101011011011110111011011011111010101100000100
101110101000010111011101111101001000000010000101010101011011011110111011011011111010101100000100
110000000010011111001100011101001010000010000101010101011011011110111011011011111010101100000100
110000010101100100101000000110100011000010000101010101011011011110111011011011111010101100000100
110001001110110001111010110001111100000010000101010101011011011110111011011011111010101100000100
110011011100110011110111111011110010000010000101010101011011011110111011011011111010101100000100
110100011011110010100101111000001011000010000101010101011011011110111011011011111010101100000100
110101011001010100010111110100101000000010000101010101011011011110111011011011111010101100000100
111001000001010010111110100111110000000010000101010101011011011110111011011011111010101100000100
111001110000110110011010100011001001000010000101010101011011011110111011011011111010101100000100
111010000001111100011101011100001110000010000101010101011011011110111011011011111010101100000100
111011010000101100011010001100011001000010000101010101011011011110111011011011111010101100000100
111011101010000001100001100100011000000010000101010101011011011110111011011011111010101100000100
111011110010110001101110011000001111000010000101010101011011011110111011011011111010101100000100
111100001100111001100001101111001010000010000101010101011011011110111011011011111010101100000100
111101111001000011101110110011010010000010000101010101011011011110111011011011111010101100000100
111110111011101001000100101111101110000010000101010101011011011110111011011011111010101100000100
111111000010010101010000100110000110000010000101010101011011011110111011011011111010101100000100
111111100010000101010101100110100010000010000101010101011011011110111011011011111010101100000100
000001010110101101010110101000100101000010000101010101011011011110111011011011111010101100000100
000010100000000000100000001111000001000010000101010101011011011110111011011011111010101100000100
000010101100010011000100100000110010000010000101010101011011011110111011011011111010101100000100
000011000011000001111001000100100100000010000101010101011011011110111011011011111010101100000100
000100010000011011011010111110000101000010000101010101011011011110111011011011111010101100000100
000100011100010111111100111110000101000010000101010101011011011110111011011011111010101100000100
000100100101000100100011100111010011000010000101010101011011011110111011011011111010101100000100
000100101110011100001001100110111000000010000101010101011011011110111011011011111010101100000100
000101010000100001011001101001111100000010000101010101011011011110111011011011111010101100000100
000101101010101000011011000101000001000010000101010101011011011110111011011011111010101100000100
000110000011001101010010011111000011000010000101010101011011011110111011011011111010101100000100
000110010001110111100000110011001001000010000101010101011011011110111011011011111010101100000100
000110011000011110010010001011111100000010000101010101011011011110111011011011111010101100000100
000110100101111001011000100111001001000010000101010101011011011110111011011011111010101100000100
000110101010010010100001001000111100000010000101010101011011011110111011011011111010101100000100
000110110110111010101010110110001101000010000101010101011011011110111011011011111010101100000100
000111011111000011001110010000110010000010000101010101011011011110111011011011111010101100000100
001000000110110101011000110101011011000010000101010101011011011110111011011011111010101100000100
001000100100001010001110000111011001000010000101010101011011011110111011011011111010101100000100
001001010000001111010111111011100001000010000101010101011011011110111011011011111010101100000100
001001011010011001111000100100010101000010000101010101011011011110111011011011111010101100000100
001001101010000000000010000111010001000010000101010101011011011110111011011011111010101100000100
001001110010100110010011101110111001000010000101010101011011011110111011011011111010101100000100
001001111011110101111011110111100011000010000101010101011011011110111011011011111010101100000100
001010000001111000111100001000100111000010000101010101011011011110111011011011111010101100000100
001010001000101101000100111100000010000010000101010101011011011110111011011011111010101100000100
001011000101001100001011111011000001000010000101010101011011011110111011011011111010101100000100
001100010100100010010000101000110000000010000101010101011011011110111011011011111010101100000100
001100011010111011011001100010110001000010000101010101011011011110111011011011111010101100000100
001101100010010110111000100010001000000010000101010101011011011110111011011011111010101100000100
001101111101010110111011100101011010000010000101010101011011011110111011011011111010101100000100
001110000000110111110010111100010101000010000101010101011011011110111011011011111010101100000100
001110001110100101000100000100111011000010000101010101011011011110111011011011111010101100000100
001110101110010100101111000100101011000010000101010101011011011110111011011011111010101100000100
010000011000001110001010010000101100000010000101010101011011011110111011011011111010101100000100
010000100100110001010001010000000110000010000101010101011011011110111011011011111010101100000100
010000101011111111000111110100101010000010000101010101011011011110111011011011111010101100000100
010001010110001110001010000000100011000010000101010101011011011110111011011011111010101100000100
010001111100101101101001100110110000000010000101010101011011011110111011011011111010101100000100
010011000010010100001100110001000011000010000101010101011011011110111011011011111010101100000100
010011001111000010100010101001000101000010000101010101011011011110111011011011111010101100000100
010011100010000000010111010100101001000010000101010101011011011110111011011011111010101100000100
010011101000101011010000011110101010000010000101010101011011011110111011011011111010101100000100
010011110110111110100010011011111001000010000101010101011011011110111011011011111010101100000100
010011111111001101001011100110011011000010000101010101011011011110111011011011111010101100000100
010100011010111101011000010100001010000010000101010101011011011110111011011011111010101100000100
010110001100000101000010111010100101000010000101010101011011011110111011011011111010101100000100
010110010000101100001000111111011001000010000101010101011011011110111011011011111010101100000100
010110011110110110011010101100000101000010000101010101011011011110111011011011111010101100000100
010110100111110011111011110000010100000010000101010101011011011110111011011011111010101100000100
010110110110100100001100011110001000000010000101010101011011011110111011011011111010101100000100
010110111000100111000100000110101001000010000101010101011011011110111011011011111010101100000100
010111100110101010101010001111011011000010000101010101011011011110111011011011111010101100000100
010111111001010001101011111110010111000010000101010101011011011110111011011011111010101100000100
011000001010011000110000101110001011000010000101010101011011011110111011011011111010101100000100
011000010101000110110100001100101001000010000101010101011011011110111011011011111010101100000100
011000011100010101101011110110001000000010000101010101011011011110111011011011111010101100000100
011001010101100001010111001000011001000010000101010101011011011110111011011011111010101100000100
011001011011001011000110001111110101000010000101010101011011011110111011011011111010101100000100
011001101110010010000101100111010100000010000101010101011011011110111011011011111010101100000100
011010100011010010101000010111111000000010000101010101011011011110111011011011111010101100000100
011010101111101000001011010000101001000010000101010101011011011110111011011011111010101100000100
011011010010001001011100110001010011000010000101010101011011011110111011011011111010101100000100
011100000111111011011011000101011001000010000101010101011011011110111011011011111010101100000100
011100100111100000000011001100101011000010000101010101011011011110111011011011111010101100000100
011100101011100101011011010001001100000010000101010101011011011110111011011011111010101100000100
100000010011010001111000010000000101000010000101010101011011011110111011011011111010101100000100
100000011101010001000011011011110001000010000101010101011011011110111011011011111010101100000100
100000101111100100000110011110001111000010000101010101011011011110111011011011111010101100000100
100000110000111101001010000010101101000010000101010101011011011110111011011011111010101100000100
100000111010010011111001110000101011000010000101010101011011011110111011011011111010101100000100
100001010101001000001110011100100000000010000101010101011011011110111011011011111010101100000100
100001011111101000100111111000111001000010000101010101011011011110111011011011111010101100000100
100011101101101100001100011111011110000010000101010101011011011110111011011011111010101100000100
100100011101110010011001001000100101000010000101010101011011011110111011011011111010101100000100
100100101011110000100111011000111101000010000101010101011011011110111011011011111010101100000100
100101010011111010110110101100010011000010000101010101011011011110111011011011111010101100000100
100101100011101011110111111011101101000010000101010101011011011110111011011011111010101100000100
100101101110000110000111111110001000000010000101010101011011011110111011011011111010101100000100
100110000010101111010000001011011001000010000101010101011011011110111011011011111010101100000100
100110110011100000010100100111100100000010000101010101011011011110111011011011111010101100000100
100110111001001111111100101000101111000010000101010101011011011110111011011011111010101100000100
101000101011010111110001011100111001000010000101010101011011011110111011011011111010101100000100
101001010011000110001011100011100100000010000101010101011011011110111011011011111010101100000100
101001110000010010111111000001110010000010000101010101011011011110111011011011111010101100000100
101001111101111010100110100000001110000010000101010101011011011110111011011011111010101100000100
101010111010100110110111011001101011000010000101010101011011011110111011011011111010101100000100
101011000011101010001000011100011001000010000101010101011011011110111011011011111010101100000100
101011001110111100000110101110000101000010000101010101011011011110111011011011111010101100000100
101011011110001000010101101011010010000010000101010101011011011110111011011011111010101100000100
101011100101010111010011000000011100000010000101010101011011011110111011011011111010101100000100
101100100111111011101110100010001000000010000101010101011011011110111011011011111010101100000100
101100101000010001101101100101100011000010000101010101011011011110111011011011111010101100000100
101100111010100010111000001111100100000010000101010101011011011110111011011011111010101100000100
101101101010001100100000011110001100000010000101010101011011011110111011011011111010101100000100
101110010010100100000100111010100101000010000101010101011011011110111011011011111010101100000100
101111011111111110100010111111001101000010000101010101011011011110111011011011111010101100000100
110000110111100010001000111001011111000010000101010101011011011110111011011011111010101100000100
110001101101000111011001010100100110000010000101010101011011011110111011011011111010101100000100
110010010101110001111110011111000110000010000101010101011011011110111011011011111010101100000100
110010011111011101000100011100110000000010000101010101011011011110111011011011111010101100000100
110010110110101100110101111100011010000010000101010101011011011110111011011011111010101100000100
110100110010001110001010000110001111000010000101010101011011011110111011011011111010101100000100
110100111111101100001011111000010010000010000101010101011011011110111011011011111010101100000100
110101000110001111101111111110001010000010000101010101011011011110111011011011111010101100000100
110101001110001111111000101110101100000010000101010101011011011110111011011011111010101100000100
110101100110111001001011111011001000000010000101010101011011011110111011011011111010101100000100
110110010101011100101111111101001011000010000101010101011011011110111011011011111010101100000100
110110011011011111110101000110100011000010000101010101011011011110111011011011111010101100000100
110110110000010100101110010001100101000010000101010101011011011110111011011011111010101100000100
110111101001001111110010101000100010000010000101010101011011011110111011011011111010101100000100
110111110001010100100111101111111010000010000101010101011011011110111011011011111010101100000100
111000001011001011001010000011111010000010000101010101011011011110111011011011111010101100000100
111001011101000101101101010001111011000010000101010101011011011110111011011011111010101100000100
111010011101000111001001001011010000000010000101010101011011011110111011011011111010101100000100
111011000001001010100000000101100110000010000101010101011011011110111011011011111010101100000100
111011001011000001101111111111010110000010000101010101011011011110111011011011111010101100000100
111101011011100100111001011011010010000010000101010101011011011110111011011011111010101100000100
111101100001000000010010000000111001000010000101010101011011011110111011011011111010101100000100
111101101010110000010101111100110010000010000101010101011011011110111011011011111010101100000100
111110000010001111100111111110011011000010000101010101011011011110111011011011111010101100000100
000000000100010111110101110100100001000010000101010101011011011110111011011011111010101100000100
000000101010001111011000111110111001000010000101010101011011011110111011011011111010101100000100
000000101111000011001000101110011001000010000101010101011011011110111011011011111010101100000100
000000110011010110011111010001110111000010000101010101011011011110111011011011111010101100000100
000000110101111111100010101011110011000010000101010101011011011110111011011011111010101100000100
000001000001111110110011010110111101000010000101010101011011011110111011011011111010101100000100
000001001000011101110011001011001110000010000101010101011011011110111011011011111010101100000100
000001001111110011101101010110000000000010000101010101011011011110111011011011111010101100000100
000010111010111001001011111110100010000010000101010101011011011110111011011011111010101100000100
000011001000010100001110110110101001000010000101010101011011011110111011011011111010101100000100
000011001111101001011011010101001110000010000101010101011011011110111011011011111010101100000100
000011110010110010101111110100100110000010000101010101011011011110111011011011111010101100000100
000101000111101100111001001100110101000010000101010101011011011110111011011011111010101100000100
000101011010111010001101101101001101000010000101010101011011011110111011011011111010101100000100
000101011110111100010111111101011110000010000101010101011011011110111011011011111010101100000100
000110001001100101001011100001101011000010000101010101011011011110111011011011111010101100000100
000111000000101011001111000011101111000010000101010101011011011110111011011011111010101100000100
000111000111011010000111110000000011000010000101010101011011011110111011011011111010101100000100
000111001011001010001011111111011110000010000101010101011011011110111011011011111010101100000100
000111001100011100000110001100011010000010000101010101011011011110111011011011111010101100000100
000111010010101001001111101101011110000010000101010101011011011110111011011011111010101100000100
000111010110101000110011111111110100000010000101010101011011011110111011011011111010101100000100
000111100001010010100001111011101110000010000101010101011011011110111011011011111010101100000100
000111111001101011100110101000000110000010000101010101011011011110111011011011111010101100000100
000111111110101010111111100111000101000010000101010101011011011110111011011011111010101100000100
001001100111001010111111111011101100000010000101010101011011011110111011011011111010101100000100
001010100110101100011111011010011111000010000101010101011011011110111011011011111010101100000100
001010111100000111111000101001010010000010000101010101011011011110111011011011111010101100000100
001011111010100111100001101100000100000010000101010101011011011110111011011011111010101100000100
001100000001011000010101001101000001000010000101010101011011011110111011011011111010101100000100
001100000100110010101001000010101010000010000101010101011011011110111011011011111010101100000100
001100100011011000000111101000111011000010000101010101011011011110111011011011111010101100000100
001100100111111110010110001011110000000010000101010101011011011110111011011011111010101100000100
001101110000100010101000011100001011000010000101010101011011011110111011011011111010101100000100
010000010011001000000110000001100010000010000101010101011011011110111011011011111010101100000100
010001001101110000100001101010100100000010000101010101011011011110111011011011111010101100000100
010001011010101010011110001111110111000010000101010101011011011110111011011011111010101100000100
010001100011110110001001000110100110000010000101010101011011011110111011011011111010101100000100
010010001010000011110101110010000010000010000101010101011011011110111011011011111010101100000100
010010001111100001001100001000001111000010000101010101011011011110111011011011111010101100000100
010010101000100010001011000010011001000010000101010101011011011110111011011011111010101100000100
010010101101110000001000101101101101000010000101010101011011011110111011011011111010101100000100
010010111011000100000010000101011000000010000101010101011011011110111011011011111010101100000100
010010111101011100110111101101000110000010000101010101011011011110111011011011111010101100000100
010100000010010101110011001100100100000010000101010101011011011110111011011011111010101100000100
010100000111011001111100011011110010000010000101010101011011011110111011011011111010101100000100
010101101011111000101010110011000000000010000101010101011011011110111011011011111010101100000100
010101101110011001010111100001111000000010000101010101011011011110111011011011111010101100000100
010110101110010000100110100100001110000010000101010101011011011110111011011011111010101100000100
010111001000000010101101110011010010000010000101010101011011011110111011011011111010101100000100
010111001101111101011010000010100010000010000101010101011011011110111011011011111010101100000100
010111101010110100110111111000101111000010000101010101011011011110111011011011111010101100000100
010111110001010000000010100111000110000010000101010101011011011110111011011011111010101100000100
011001100011000111000011011110111011000010000101010101011011011110111011011011111010101100000100
011001110001011110100111011100101011000010000101010101011011011110111011011011111010101100000100
011001110111001010000010000011100111000010000101010101011011011110111011011011111010101100000100
011011011000100001110100111100110100000010000101010101011011011110111011011011111010101100000100
011011011100101011111101110001100010000010000101010101011011011110111011011011111010101100000100
011100001000000110010110101000100011000010000101010101011011011110111011011011111010101100000100
011100110011010100100111001100011011000010000101010101011011011110111011011011111010101100000100
011100110101110111001111001111010001000010000101010101011011011110111011011011111010101100000100
011100111001001010100001101011110001000010000101010101011011011110111011011011111010101100000100
011100111101100101000101010001000011000010000101010101011011011110111011011011111010101100000100
011101010010100011101010011100001000000010000101010101011011011110111011011011111010101100000100
011101100000111100000110010111011000000010000101010101011011011110111011011011111010101100000100
011101100110100101111010000001101111000010000101010101011011011110111011011011111010101100000100
011101110000011000010010100000010000000010000101010101011011011110111011011011111010101100000100
011101110101101010011101100100011011000010000101010101011011011110111011011011111010101100000100
011110001101100010011010011011110111000010000101010101011011011110111011011011111010101100000100
011110100011010001110110000101100100000010000101010101011011011110111011011011111010101100000100
011110100111001100010010011100010001000010000101010101011011011110111011011011111010101100000100
011111101011111010001011101011000011000010000101010101011011011110111011011011111010101100000100
100000100011101111101000011010100110000010000101010101011011011110111011011011111010101100000100
100000100111011010100101110101001001000010000101010101011011011110111011011011111010101100000100
100010000010011110101100010000111110000010000101010101011011011110111011011011111010101100000100
100010000111000001101110000100101010000010000101010101011011011110111011011011111010101100000100
100010110111001000111011101010011111000010000101010101011011011110111011011011111010101100000100
100011011000100001110101010000101111000010000101010101011011011110111011011011111010101100000100
100011011101011101110011001001101111000010000101010101011011011110111011011011111010101100000100
100011100101101011111101000101111011000010000101010101011011011110111011011011111010101100000100
100101111011110110111101000011011011000010000101010101011011011110111011011011111010101100000100
100101111110100101110100101101111010000010000101010101011011011110111011011011111010101100000100
100110101010010111000100010100101111000010000101010101011011011110111011011011111010101100000100
100111000110100100111110011011110000000010000101010101011011011110111011011011111010101100000100
101000001011101100010011010011000001000010000101010101011011011110111011011011111010101100000100
101000001101001111101010010001011000000010000101010101011011011110111011011011111010101100000100
101000100001110100111111110110001010000010000101010101011011011110111011011011111010101100000100
101000100110011100011011100001110010000010000101010101011011011110111011011011111010101100000100
101001101000101001111100110100100111000010000101010101011011011110111011011011111010101100000100
101001101100111000110011010100001100000010000101010101011011011110111011011011111010101100000100
101010100011100000100110011001111000000010000101010101011011011110111011011011111010101100000100
101010100110000100110101100111010100000010000101010101011011011110111011011011111010101100000100
101010110101011000110100100101100111000010000101010101011011011110111011011011111010101100000100
101011010011000111101110111111001101000010000101010101011011011110111011011011111010101100000100
101011110000101111110111011011110000000010000101010101011011011110111011011011111010101100000100
101101011010000110110110100101101011000010000101010101011011011110111011011011111010101100000100
101101011110110000111110101100100000000010000101010101011011011110111011011011111010101100000100
101110110100000001110010000010100101000010000101010101011011011110111011011011111010101100000100
101111010010001011011001000101011101000010000101010101011011011110111011011011111010101100000100
101111010110101110101110011011001001000010000101010101011011011110111011011011111010101100000100
110000111000100011100101111110011011000010000101010101011011011110111011011011111010101100000100
110010000111010010001001010111101000000010000101010101011011011110111011011011111010101100000100
110011001010001010101010001111001011000010000101010101011011011110111011011011111010101100000100
110011001111001000100101011110101010000010000101010101011011011110111011011011111010101100000100
110011100011001010000000011101011010000010000101010101011011011110111011011011111010101100000100
110011111110001110101111101101101100000010000101010101011011011110111011011011111010101100000100
110100001011110111100111100111100111000010000101010101011011011110111011011011111010101100000100
110100001110101010100001001100000000000010000101010101011011011110111011011011111010101100000100
110110001000110010010110110110110011000010000101010101011011011110111011011011111010101100000100
110110001110110011010000010001000100000010000101010101011011011110111011011011111010101100000100
111000111010101011110001000011000000000010000101010101011011011110111011011011111010101100000100
111000111100000110111001011011100000000010000101010101011011011110111011011011111010101100000100
111001010011000100000000101011010000000010000101010101011011011110111011011011111010101100000100
111001010101101011110111011001111001000010000101010101011011011110111011011011111010101100000100
111001101101101100111001001101101111000010000101010101011011011110111011011011111010101100000100
111010010001001000010101100111111100000010000101010101011011011110111011011011111010101100000100
111010101001011000101000100100011111000010000101010101011011011110111011011011111010101100000100
111010110010110010110001011001011001000010000101010101011011011110111011011011111010101100000100
111010110111101000110000100010100110000010000101010101011011011110111011011011111010101100000100
111100010001010111000100001110011001000010000101010101011011011110111011011011111010101100000100
111100010110011000000010110010010110000010000101010101011011011110111011011011111010101100000100
111101010110000000101101110010001001000010000101010101011011011110111011011011111010101100000100
111110001000111110100010001000001000000010000101010101011011011110111011011011111010101100000100
111110101010011111001110000011100010000010000101010101011011011110111011011011111010101100000100
111110101110111111100100101111110001000010000101010101011011011110111011011011111010101100000100
111111010010010101101111001110010010000010000101010101011011011110111011011011111010101100000100
111111010100010110001110101110000110000010000101010101011011011110111011011011111010101100000100
111111110100010010111110010111000000000010000101010101011011011110111011011011111010101100000100
000000100011001111010011111010001100000010000101010101011011011110111011011011111010101100000100
000001011000110100110111010100000101000010000101010101011011011110111011011011111010101100000100
000001011010001010011010010000011101000010000101010101011011011110111011011011111010101100000100
000010111101010101101101000111101010000010000101010101011011011110111011011011111010101100000100
000011100000110101111101101001110010000010000101010101011011011110111011011011111010101100000100
000011100010100111000100110011010001000010000101010101011011011110111011011011111010101100000100
000011110110110000000100010101001010000010000101010101011011011110111011011011111010101100000100
000101100000111000011111100010010011000010000101010101011011011110111011011011111010101100000100
000101100011010100101101001110011100000010000101010101011011011110111011011011111010101100000100
000110001101001100111010001000001000000010000101010101011011011110111011011011111010101100000100
000110111100111110110001010010100000000010000101010101011011011110111011011011111010101100000100
000110111110010101001101101001110111000010000101010101011011011110111011011011111010101100000100
001000011000010000001111100010111001000010000101010101011011011110111011011011111010101100000100
001000011010011000100100001111111001000010000101010101011011011110111011011011111010101100000100
001000101000000101111011011010100100000010000101010101011011011110111011011011111010101100000100
001010100000001111010101001000011111000010000101010101011011011110111011011011111010101100000100
001010100011000000110100111101111101000010000101010101011011011110111011011011111010101100000100
001010101110011000111000011010110001000010000101010101011011011110111011011011111010101100000100
001101101000111000001110000001000111000010000101010101011011011110111011011011111010101100000100
001101101011011001100000000010011101000010000101010101011011011110111011011011111010101100000100
001101110100110110011011111001100010000010000101010101011011011110111011011011111010101100000100
001101110111001001100011110111011011000010000101010101011011011110111011011011111010101100000100
001110100001010101000110110000010000000010000101010101011011011110111011011011111010101100000100
010000010101110111110111110101001111000010000101010101011011011110111011011011111010101100000100
010000010111000011101010100011100101000010000101010101011011011110111011011011111010101100000100
010001000000000100101100001100101011000010000101010101011011011110111011011011111010101100000100
010001000011010110101000011110111010000010000101010101011011011110111011011011111010101100000100
010001001000100011111000100000011000000010000101010101011011011110111011011011111010101100000100
010001001010101001011111010110001011000010000101010101011011011110111011011011111010101100000100
010001011101110000001010111110010010000010000101010101011011011110111011011011111010101100000100
010001011111100010010100101100100111000010000101010101011011011110111011011011111010101100000100
010001100110000011111111011010111011000010000101010101011011011110111011011011111010101100000100
010010011000101011101111001100110000000010000101010101011011011110111011011011111010101100000100
010010011011110011000010110110100010000010000101010101011011011110111011011011111010101100000100
010011010000000110111010111100011111000010000101010101011011011110111011011011111010101100000100
010011010010111000000001010110111000000010000101010101011011011110111011011011111010101100000100
010100101001111111100010010011011110000010000101010101011011011110111011011011111010101100000100
010100101011001110001101000100111111000010000101010101011011011110111011011011111010101100000100
010100101111010010011111111110001010000010000101010101011011011110111011011011111010101100000100
010101100101110101000010000101110000000010000101010101011011011110111011011011111010101100000100
010101100111101111011011100110010000000010000101010101011011011110111011011011111010101100000100
010101111101010001010010110110000111000010000101010101011011011110111011011011111010101100000100
010110000100110110111000110101010011000010000101010101011011011110111011011011111010101100000100
010110000111011110001101111001100011000010000101010101011011011110111011011011111010101100000100
010110101000001011101110011101001011000010000101010101011011011110111011011011111010101100000100
010110101011101010111101000101000100000010000101010101011011011110111011011011111010101100000100
010111101100010100011101111010010110000010000101010101011011011110111011011011111010101100000100
010111101110000011110010000110101110000010000101010101011011011110111011011011111010101100000100
011000101001001101100110010011011111000010000101010101011011011110111011011011111010101100000100
011000101100011011100001111000100000000010000101010101011011011110111011011011111010101100000100
011000101110110001010010111101010011000010000101010101011011011110111011011011111010101100000100
011001001001101110010001110001000101000010000101010101011011011110111011011011111010101100000100
011001001010011001101001011010001100000010000101010101011011011110111011011011111010101100000100
011001100100100101110000010110010101000010000101010101011011011110111011011011111010101100000100
011001100110010011110010010001000000000010000101010101011011011110111011011011111010101100000100
011110001001110110101101000111111111000010000101010101011011011110111011011011111010101100000100
011110001011111100001111100000011000000010000101010101011011011110111011011011111010101100000100
100010110001100010001110100111100101000010000101010101011011011110111011011011111010101100000100
100100010001001100010011011111001101000010000101010101011011011110111011011011111010101100000100
100100010010100111000100101100000011000010000101010101011011011110111011011011111010101100000100
100100111001101101100010100101010010000010000101010101011011011110111011011011111010101100000100
100100111011110000100110110111110010000010000101010101011011011110111011011011111010101100000100
100100111101001111010101001101000000000010000101010101011011011110111011011011111010101100000100
100100111110010110000101101011100010000010000101010101011011011110111011011011111010101100000100
100101001101111100010101000010011011000010000101010101011011011110111011011011111010101100000100
100101001111101101110001011101000001000010000101010101011011011110111011011011111010101100000100
100101011001101101001010100001100110000010000101010101011011011110111011011011111010101100000100
100101110000100111010110100111111000000010000101010101011011011110111011011011111010101100000100
100110001100010000010110001110110010000010000101010101011011011110111011011011111010101100000100
100110101100010000100111110100101011000010000101010101011011011110111011011011111010101100000100
100110101110011001010110111100101110000010000101010101011011011110111011011011111010101100000100
100111000001110011100010101010001101000010000101010101011011011110111011011011111010101100000100
100111000010011101100101010101001101000010000101010101011011011110111011011011111010101100000100
100111111001111100011111101001010010000010000101010101011011011110111011011011111010101100000100
100111111011010011001000010110111110000010000101010101011011011110111011011011111010101100000100
101000111101111001101011000000011001000010000101010101011011011110111011011011111010101100000100
101000111110001101111100011011000000000010000101010101011011011110111011011011111010101100000100
101001011101000001101010000110000001000010000101010101011011011110111011011011111010101100000100
101001100000000101001100101011111000000010000101010101011011011110111011011011111010101100000100
101001100011011000100010101111101001000010000101010101011011011110111011011011111010101100000100
101011101101010011011011110011111011000010000101010101011011011110111011011011111010101100000100
101011101111011100110000111011010000000010000101010101011011011110111011011011111010101100000100
101011110101101011010001000100011100000010000101010101011011011110111011011011111010101100000100
101011110110100001100010001111011100000010000101010101011011011110111011011011111010101100000100
101110011101000101011010111101101010000010000101010101011011011110111011011011111010101100000100
101110011111010110111111010011000111000010000101010101011011011110111011011011111010101100000100
110000111101010111111111111111100000000010000101010101011011011110111011011011111010101100000100
110000111111100000000011101001001000000010000101010101011011011110111011011011111010101100000100
110001010011110100111101101001110010000010000101010101011011011110111011011011111010101100000100
110010111101111111011011001111011001000010000101010101011011011110111011011011111010101100000100
110010111111110011011010011100001100000010000101010101011011011110111011011011111010101100000100
110011000101111110110111010101111101000010000101010101011011011110111011011011111010101100000100
110011100100101000111001000010001100000010000101010101011011011110111011011011111010101100000100
110011100111110111000010010001111111000010000101010101011011011110111011011011111010101100000100
110100000000110111000101100001001111000010000101010101011011011110111011011011111010101100000100
110100000011101101100111100101000001000010000101010101011011011110111011011011111010101100000100
110100101101011101110000010101000111000010000101010101011011011110111011011011111010101100000100
110100101110000111110000111010010110000010000101010101011011011110111011011011111010101100000100
110101111110010000011100000000101011000010000101010101011011011110111011011011111010101100000100
110110000001011000000011100101110000000010000101010101011011011110111011011011111010101100000100
110110000010111111110011110001011001000010000101010101011011011110111011011011111010101100000100
110110111010000000000100011111111010000010000101010101011011011110111011011011111010101100000100
110111100001111111000101000001110100000010000101010101011011011110111011011011111010101100000100
110111100010011001000100101010010011000010000101010101011011011110111011011011111010101100000100
111010101100110000100100100010011001000010000101010101011011011110111011011011111010101100000100
111010101110000110101110100000000110000010000101010101011011011110111011011011111010101100000100
111010111001100101101110100101001000000010000101010101011011011110111011011011111010101100000100
111010111010111110010101100101000100000010000101010101011011011110111011011011111010101100000100
111101010000100010000000001110001010000010000101010101011011011110111011011011111010101100000100
111101010010010010110100011010101101000010000101010101011011011110111011011011111010101100000100
111110001101001001011010001101111011000010000101010101011011011110111011011011111010101100000100
111110011000101110100110101100001010000010000101010101011011011110111011011011111010101100000100
111110100001111100100000110100010101000010000101010101011011011110111011011011111010101100000100
000000011010111110010001111010101010000010000101010101011011011110111011011011111010101100000100
000000011011001111101101000011001011000010000101010101011011011110111011011011111010101100000100
000000111000111100010001110000100011000010000101010101011011011110111011011011111010101100000100
000000111001001011110001010011011110000010000101010101011011011110111011011011111010101100000100
000001000100001011001010100000000001000010000101010101011011011110111011011011111010101100000100
000010111110101000100000000111111010000010000101010101011011011110111011011011111010101100000100
000010111111011001111001110101110111000010000101010101011011011110111011011011111010101100000100
000011110100000011010011100101000011000010000101010101011011011110111011011011111010101100000100
000011110101001000110001001100111010000010000101010101011011011110111011011011111010101100000100
000101000000111110100001011001100110000010000101010101011011011110111011011011111010101100000100
000101000001010010000000010111111111000010000101010101011011011110111011011011111010101100000100
000110001111001000101000010010010011000010000101010101011011011110111011011011111010101100000100
000110111010010010001001100000101001000010000101010101011011011110111011011011111010101100000100
000110111011101011001101010011010110000010000101010101011011011110111011011011111010101100000100
000111100110111111110010110010011010000010000101010101011011011110111011011011111010101100000100
000111100111011010101101000011101101000010000101010101011011011110111011011011111010101100000100
001001100010000100100010011001111110000010000101010101011011011110111011011011111010101100000100
001001100011100001111010010111011110000010000101010101011011011110111011011011111010101100000100
001011001000000100101001110100100011000010000101010101011011011110111011011011111010101100000100
001011001001011101000010110010111011000010000101010101011011011110111011011011111010101100000100
001011111100010001100010011010011010000010000101010101011011011110111011011011111010101100000100
001011111101001000100100011110000000000010000101010101011011011110111011011011111010101100000100
001110100010001111010110101101001011000010000101010101011011011110111011011011111010101100000100
001110100011100111010101100110011100000010000101010101011011011110111011011011111010101100000100
010001100100000110010110100110111110000010000101010101011011011110111011011011111010101100000100
010001100101101100010100100011011011000010000101010101011011011110111011011011111010101100000100
010001110000101110011000011110000111000010000101010101011011011110111011011011111010101100000100
010001110001010111110011000101010000000010000101010101011011011110111011011011111010101100000100
010100101100100111101110000000001010000010000101010101011011011110111011011011111010101100000100
010100101101000010100110001101101011000010000101010101011011011110111011011011111010101100000100
010100110101001101000100011000011010000010000101010101011011011110111011011011111010101100000100
010101011100100000101001001011110101000010000101010101011011011110111011011011111010101100000100
010101011101110100010101000101010000000010000101010101011011011110111011011011111010101100000100
010101111110010100000001001100010101000010000101010101011011011110111011011011111010101100000100
010101111111110101110001001000101011000010000101010101011011011110111011011011111010101100000100
011000101010000011010110110100101001000010000101010101011011011110111011011011111010101100000100
011000101011001111010001111110010010000010000101010101011011011110111011011011111010101100000100
100010110010100011010001000000100100000010000101010101011011011110111011011011111010101100000100
100010110011111100110100100001110111000010000101010101011011011110111011011011111010101100000100
100011100010100010000001010101100000000010000101010101011011011110111011011011111010101100000100
100011100011100010010111110010001111000010000101010101011011011110111011011011111010101100000100
100100001101111010110001000110000111000010000101010101011011011110111011011011111010101100000100
100100010110010101010011100101110000000010000101010101011011011110111011011011111010101100000100
100100010111110110010001101001010001000010000101010101011011011110111011011011111010101100000100
100100100100111011010110110001010000000010000101010101011011011110111011011011111010101100000100
100100100101000111101110101110110010000010000101010101011011011110111011011011111010101100000100
100101011010111000011001011000110100000010000101010101011011011110111011011011111010101100000100
100101011011010101100111000011010100000010000101010101011011011110111011011011111010101100000100
100111001100001000111001001101111111000010000101010101011011011110111011011011111010101100000100
100111001101010001011101001010110011000010000101010101011011011110111011011011111010101100000100
101001011110110110010000011100111100000010000101010101011011011110111011011011111010101100000100
101001011111100011001110110100101000000010000101010101011011011110111011011011111010101100000100
101001100110011111000000011010001110000010000101010101011011011110111011011011111010101100000100
101001100111110110011010011100100001000010000101010101011011011110111011011011111010101100000100
101100000100110000000110011111101101000010000101010101011011011110111011011011111010101100000100
101100000101100100100000010000011101000010000101010101011011011110111011011011111010101100000100
101110110000001111001110101001001000000010000101010101011011011110111011011011111010101100000100
101110110001101011011010011111110001000010000101010101011011011110111011011011111010101100000100
101110111110011010101001100101000100000010000101010101011011011110111011011011111010101100000100
101110111111100110110101001000011110000010000101010101011011011110111011011011111010101100000100
110001011110000000110001110110100001000010000101010101011011011110111011011011111010101100000100
110001100100010000111010011111111000000010000101010101011011011110111011011011111010101100000100
110001100101111001010110110011011001000010000101010101011011011110111011011011111010101100000100
110010101100000000110100101100001101000010000101010101011011011110111011011011111010101100000100
110010101101000111011111010101111011000010000101010101011011011110111011011011111010101100000100
110011000110100001011011100101011111000010000101010101011011011110111011011011111010101100000100
110011000111110111001110101110010110000010000101010101011011011110111011011011111010101100000100
110100000110011100001110001000011010000010000101010101011011011110111011011011111010101100000100
110100000111101110110001010111110000000010000101010101011011011110111011011011111010101100000100
110101111100011011111000110101000111000010000101010101011011011110111011011011111010101100000100
110101111101010111110111101010001010000010000101010101011011011110111011011011111010101100000100
110111111110100000100001100100010010000010000101010101011011011110111011011011111010101100000100
110111111111110010011010001111100011000010000101010101011011011110111011011011111010101100000100
111000000010111011001011011000010100000010000101010101011011011110111011011011111010101100000100
111000000011110101001110011000111101000010000101010101011011011110111011011011111010101100000100
111000100110011001110111100100001000000010000101010101011011011110111011011011111010101100000100
111000100111100110000111010101000101000010000101010101011011011110111011011011111010101100000100
111010010100100111010100101010101111000010000101010101011011011110111011011011111010101100000100
111010010101100010001111110001100111000010000101010101011011011110111011011011111010101100000100
111110011010100101110011001110101110000010000101010101011011011110111011011011111010101100000100
111110011011110111101011110111001011000010000101010101011011011110111011011011111010101100000100
111110100010000101001010000011111101000010000101010101011011011110111011011011111010101100000100
111110100011000111000000010001100001000010000101010101011011011110111011011011111010101100000100
111111011010111001011010001111001110000010000101010101011011011110111011011011111010101100000100
111111011011101010010010111100110111000010000101010101011011011110111011011011111010101100000100
000000000000011110101110101010010110000010000101010101011011011110111011011011111010101100000100
000000000000100100001101111010100000000010000101010101011011011110111011011011111010101100000100
000000011000010001001110101100011001000010000101010101011011011110111011011011111010101100000100
000000011000111010100010000001101110000010000101010101011011011110111011011011111010101100000100
000000100001001001000011010101010111000010000101010101011011011110111011011011111010101100000100
000000100001111000100110101111101110000010000101010101011011011110111011011011111010101100000100
000001000101000000001101010000101110000010000101010101011011011110111011011011111010101100000100
000001000101100101011011110010011110000010000101010101011011011110111011011011111010101100000100
001010101101011111110101010101110100000010000101010101011011011110111011011011111010101100000100
001010101101100011000000100110010110000010000101010101011011011110111011011011111010101100000100
010010011100010110100010011011001111000010000101010101011011011110111011011011111010101100000100
010010011100110001011110111111011110000010000101010101011011011110111011011011111010101100000100
011111101111010110100101110011111001000010000101010101011011011110111011011011111010101100000100
011111101111110110010000011000111011000010000101010101011011011110111011011011111010101100000100
100010001101001011001110011110010001000010000101010101011011011110111011011011111010101100000100
100010001101100011100011100101101111000010000101010101011011011110111011011011111010101100000100
100100001100100011100101100000100011000010000101010101011011011110111011011011111010101100000100
101000000101001111010011000011111100000010000101010101011011011110111011011011111010101100000100
101000000101111101001001010110010001000010000101010101011011011110111011011011111010101100000100
101010110001010001110001101000101011000010000101010101011011011110111011011011111010101100000100
101010110001101010000011100011011011000010000101010101011011011110111011011011111010101100000100
101100110111010010000100101111100010000010000101010101011011011110111011011011111010101100000100
101100110111110011100011001000110000000010000101010101011011011110111011011011111010101100000100
110001010001000101101010010100010001000010000101010101011011011110111011011011111010101100000100
110001010001110100100011001100010010000010000101010101011011011110111011011011111010101100000100
110010000001011101110101001111010110000010000101010101011011011110111011011011111010101100000100
110010000001101011100110001001011000000010000101010101011011011110111011011011111010101100000100
110011111001000101110110100011111111000010000101010101011011011110111011011011111010101100000100
110011111001100000110100110110110101000010000101010101011011011110111011011011111010101100000100
110101101001001111000001111000111001000010000101010101011011011110111011011011111010101100000100
110101101001110001010111001110101000000010000101010101011011011110111011011011111010101100000100
110101110010101011101010111110111100000010000101010101011011011110111011011011111010101100000100
111000010001000111001010011000001100000010000101010101011011011110111011011011111010101100000100
111000010001111011001000000111001100000010000101010101011011011110111011011011111010101100000100
111001101011011110110000100001100101000010000101010101011011011110111011011011111010101100000100
111001101011101011111100100100000101000010000101010101011011011110111011011011111010101100000100
111100111111011111111101100110001100000010000101010101011011011110111011011011111010101100000100
111100111111100001101001110111110101000010000101010101011011011110111011011011111010101100000100
000110001110100110100100110100100011000010000101010101011011011110111011011011111010101100000100
000110001110110000001101100111000110000010000101010101011011011110111011011011111010101100000100
001000101011101100010101100110000110000010000101010101011011011110111011011011111010101100000100
001000101011111110111011000000111000000010000101010101011011011110111011011011111010101100000100
001010111010001100110110101110011110000010000101010101011011011110111011011011111010101100000100
001010111010010000000110010010110000000010000101010101011011011110111011011011111010101100000100
010100010011101010000101011001010010000010000101010101011011011110111011011011111010101100000100
010100010011111110110000100110000100000010000101010101011011011110111011011011111010101100000100
010111110100001001100101100111110110000010000101010101011011011110111011011011111010101100000100
010111110100011100101001001011110111000010000101010101011011011110111011011011111010101100000100
011000000000001001111100000001011110000010000101010101011011011110111011011011111010101100000100
011000000000010111111000011001111011000010000101010101011011011110111011011011111010101100000100
011101010110100001110110101100010010000010000101010101011011011110111011011011111010101100000100
011101010110110111111010001000011110000010000101010101011011011110111011011011111010101100000100
011111010000001100011000011101110001000010000101010101011011011110111011011011111010101100000100
011111010000010010011100000100101000000010000101010101011011011110111011011011111010101100000100
100101110011101100111111111101110101000010000101010101011011011110111011011011111010101100000100
100101110011110110000110010010100111000010000101010101011011011110111011011011111010101100000100
100110001110101101111100100100101000000010000101010101011011011110111011011011111010101100000100
100110001110110101011011100011010111000010000101010101011011011110111011011011111010101100000100
101011010111100110101000010100010111000010000101010101011011011110111011011011111010101100000100
101011010111111010110100011110101101000010000101010101011011011110111011011011111010101100000100
101101100100100111101010001011001011000010000101010101011011011110111011011011111010101100000100
101101100100110101000111111011011111000010000101010101011011011110111011011011111010101100000100
110001010100101101100100111111001111000010000101010101011011011110111011011011111010101100000100
110001010100110101100101100001010100000010000101010101011011011110111011011011111010101100000100
110001100011000100001110100111000001000010000101010101011011011110111011011011111010101100000100
110001100011010110110001010100001011000010000101010101011011011110111011011011111010101100000100
110101110010000100010010001100101100000010000101010101011011011110111011011011111010101100000100
110101110010011010000101101111110001000010000101010101011011011110111011011011111010101100000100
110101110101000110011100100000100100000010000101010101011011011110111011011011111010101100000100
110101110101011101001110111111001010000010000101010101011011011110111011011011111010101100000100
110110111000100000101011011111100000000010000101010101011011011110111011011011111010101100000100
110110111000110010111000100110000100000010000101010101011011011110111011011011111010101100000100
111000011100100110010101111111010001000010000101010101011011011110111011011011111010101100000100
111000011100111010001110000000011001000010000101010101011011011110111011011011111010101100000100
111111110000100101001010011000100110000010000101010101011011011110111011011011111010101100000100
111111110000110001100001111010001110000010000101010101011011011110111011011011111010101100000100
001000001111100110011011010100100100000010000101010101011011011110111011011011111010101100000100
001000001111101011111011010011001110000010000101010101011011011110111011011011111010101100000100
011100001111100111111111000100011100000010000101010101011011011110111011011011111010101100000100
011100001111101000110101101011100100000010000101010101011011011110111011011011111010101100000100
110001011111010101001110111011101100000010000101010101011011011110111011011011111010101100000100
110001011111011111100010110001100011000010000101010101011011011110111011011011111010101100000100
100100001100010010101100101100011110000010000101010101011011011110111011011011111010101100000100
100100001100010110110100000100001110000010000101010101011011011110111011011011111010101100000100
111110001110100010111001110101100100000010000101010101011011011110111011011011111010101100000100
111110001110100101001011111000011001000010000101010101011011011110111011011011111010101100000100
010100110100011101000011001101101110000010000101010101011011011110111011011011111010101100000100
010100110100011111111111110110101110000010000101010101011011011110111011011011111010101100000100
100101110111111110100101110110111001000010000101010101011011011110111011011011111010101100000100
100101110111111110101001000111011111000010000101010101011011011110111011011011111010101100000100
