001000001100111101011110110110101101110000100011101100100101110011101010001101010100011100110001
011010101110001000000001000011010110001100000011101000001111111010101010000001111111010011001011
000100100100100100110011000000011100110010001101110000100000010000100011000011100100110001011111
000101010011010001111100000011001011010000101010010011010111010010110110001101001110101110110011
000110001110101110001011010101111000011010001111010111001010011011110110100111110000101010101110
001101100101010101100100101101111111100001100010001010110000111100011000000001111100011101111110
010010010001101000001111111001111010010001011000000100000010010110010101000110100111011010111000
010111010101011000100001100100010110101011100110011011000010010110010101111111101100100001100110
100111011001011000011100110101111111100101100000101001011101011011101100000110000011011110111010
110011111101011011001011110100010110111111101011010010011011011100000010000001100100111111011000
110111010100101101110001110001011110101011101110010100000001000111101101101100010010000011011110
000011011001010101011110000001011100110101110101000000101001111000110010011011100001100011011111
000011100000001101111111001000100000010011011010111001100101000101111101010011111100001000100100
001100010010011010111101100001000001011001000011101100000000110110010000111001000101011000111000
001110111101110111101111010000111101110011111110010111101111111111010110011101011101010110001000
010001110000111101111110110001010011111000001100110100011100100011010100011001111011011110001111
010101101110000000100100100001111101001011101100111111110111111010000111101101110010100111000001
010110000010000110100101111101101100101001000111000001111000000010001001111000100100000110101011
011001110000111101111110001000001011111011011101001000011110100101101000001101001110010110000100
100000011111001110001001101001110000001010100110000100101110110111000000110000101101010010000001
100001010100100001001010110110110101101010000000001111101110101100101101001100011111001001110010
101001010110110011010010101000000011110100100010100010000110000100110010101010000101111001100111
101001101100101101101011110011101110110110010001100111000011100000011010110101010101011001000011
101010101100100101000101011011100110100100110101100110000001100111011011000011101100010101000101
101011000111001000101010011110111110001001100100101011011011101011000110110100010110001010110011
101100010001110110001010111110110000010000111111000110110110111010000011010001111000010101111010
101110101000101000000000001010000110110001100011011010101100110011111100101111011100111100111010
110001010110010100101011111011000110100010111001011001101101000001011001110011111101111000010010
110001111100110011011010010001000011000110001100111101010111001001010010011010000001011110101001
110100001010111000101000110000011000101001111001001100101010100110101000111111001110011000111111
110101111001100010110011000001101101001000100100100011000000101011100001010100011011010101001100
111000011001001000001010100001101000000111100010101010111001011111100001000111100101100101101001
111000111001001011010111011010111011110110001011101100010001111111100101010110010010110111100001
111001101100011111110001000111111001100000100100000100001101011010001111001101100101110001010010
111010011101010111010110010101101000001101010011111001000101100001000001000011101110010011011010
111010101001111101101010100110101000000101010001100110110110000011000011110011111100110000111110
111100010000001100011010101101000010001101000111110001100011110110010011001001100101101010010011
111101101011011101100111010101001000101111101111110101001110101101111101100010101101010100011100
111110000100010000010010110011111000101110110101110011000001101101000101001111101011010000001001
111111000101111111011011011010011011001100110100110101110110011011101011100001011001110011010000
000001001111000100101101111010010000110001111101010110110110000000011001110011110101111011010110
000001010001101011111111000111010001001101001010101011111011111001000001111000011100001100011001
000001110110110101100110000011000110111000110010011000000010101000110010001110111101000001001010
000010000110101110110111011001001101111010111001010000000100101111111100000111001101100010011110
000010010001010111011111101001000010001001100001110100110000100000011111100110100100101001001000
000010101000000101100110111110101100111001010111101010001011100000011101011101101010000010111001
000111000001011110010101010011110100010011001101011011111111111101001001101111110000010010101100
000111111010001100011110111101110000010010100000110101010001111010000100101101100110000101101010
001011100110111101010011111010110111101111111110001000110000010000100011000100101100101011110001
001100110010000101101011000010100100001010000110111010010000010100000100100010011111110100111010
001111100111011100101110000000001000011001000000111101001111011011101001111110101001010001001101
010000100101101110011110000111010100000110010001001010000000000101101001111101101010100100011011
010000110111111110110001010110011101100101001010000001101101000101110100000111000000110110110000
010011000101110100001000111011000001100010000010001010011011101011110100000101010011001101010010
010011011110011101111101111111001010100111000000000111110000111100111010001111101111101011110000
010011110101110001110010010011100110010000101100101010101100101111100101101111000001101011101000
010100000000101011001101000100101001010010100010010110000110100010000110011001110010001001111011
010100010100001011001000111011111000100101101001100100111111000111011011111011100000001110000111
010101000000101011001101101010111000111000000001101111000111001111011101100010011100101111100010
010110100101000100100100000111010011101100010101000001011100110011010111001101000010001101101011
010110110000100011100100110100110000001011101101100001010000000111010010111111011100001110000000
011101000100011100110101111100101100101100001010111001111111001111101101010011100010000110000011
011101101101001011111001011001011111001001111101010111011111101110110100010111110100000000011001
011101111000001001101100100010001110000001011001000111000011111010000111010001101100111010111111
100000101011111100011011100110110100111010001000011110100110111101000010010001100010101101001100
100000111100100101011010100111101100100001001000101100011111100110000001000010010011100110011100
100001100111100100111001010100111101011011010000110001111101101100011011000100011010110001100011
100001110111101011111100000111100001010100000000001111101000001110101010010101101101101101001111
100010000100010000100010110010001000011001100110110000101010011001010000100010011101111001010001
100100010011001100111110101110001010000100011000011111111111010111010010010100100011001101010000
100100100101110000010111010011111111100110010110011111011011101111101010110001100111011111111011
100110000011001001010000010011101001100011001110000111100010001110110010101100110001010111000110
101100101011001100101110010101101011100000000101100111001011100011010101000100100111000010111110
101100110010000101011010100010000101011111010001000101110010000011010100010010110010001000101101
110000011011011011110001010001000100111001010100001101101011010100010010001111011010000001011011
110010001011011110111000001000111101010111110111100100111010011000000111010100101010110100010011
110010010100111001101011110010110001001010101110111111101111101011110111011011000001111000011010
110010110000101010011110101110101001101101110101000010111111011100100000111011100001101101000110
111011110110111001110010010011011111101111101010010111010100000000000001110100100000100001101111
111101000010110000000011100110111110010101100010111011100110000010110000000000001001011100000011
111101011110001110101011101011000101100010100110010111011100110001100111100010000111010101111101
111110110110110100101101010111110011010110100001000100111101110010010010010110011110100000010011
000000010011001011010101010101110110010010100110001010001111011101000101110111011101100110001001
000000011100001111110000000101110010011001101100110111101111100111001100000011000111110111000010
000001100111111111111100111011101001001110110101100000100101100101001011011111010110010001101011
000111010010101100001101111110001010001011001011010110011110100100101010010001110000000000101000
000111011011001010010000000000111010000011011101010010000011100011001001100110101010010011111111
001100100101001000100001110001111100001000010011011101010110100010011111001000000000110110001010
001100101111101111100010001010100111100001111001011100001000111110101110010001101011010001100011
001111010001101000010000000011011101101101101111110000101110011110011100000000100001100110010001
001111011101001000000110010010110100110111011111110010000011110010110001001001111011100011011011
010001010100110010110101110011010000110011110101001101000000010110110100100011101101101011011011
010100110110011110001000111001000101100011110101010011001100010101101011110110111111100110100001
010100111011110001010011100110100110101000110011100010000011000001100111001000011010000000011000
010101010001010101100101100010100110110001000001001100100100101111000101010100101100011101110100
010101011011011111101001001000101101101101111110010100100101000010100110011100001110010001001101
011000000011101011101110101110000001100101000101001100110101101110101101110001001011111101111111
011000001001101111111101001000101110000001101001110010010011010110000001111111000101101101010001
011000010100111110011111011101100011101000110000101101011110001100101101000001001110010001100111
011000011111100011100111100010100111101101111010000000111110110111100111110110110100100011000110
011100000010111111000100010100100101100111110000011010110101101011001100111101001110101111010011
011100101010101000000110011000101101010001110010011100010111011110110001011101101010110110101110
011101010001101101001000001111101001001011100010101101011000000001110110010001110100010011000011
011101011100010011011101001111011000010010111000111110001000001101111110011010110010101111101011
011110000010001010111010001100101001111110101100000000100011110000110101100111010111001110111010
011110001010001001111101101111000001100111011001110100011111010001000100111111101001011111111100
011111111000011101011000011110000010001100000001000011000111000111110111001001110100111011001001
100100000010101100111001110111001000001001100011101110000100101011101100110111100110111000100101
100100001111001011110100010010110110101101001011010111000010000001101111110011000010110001000110
100100111001100001110000101000011011100101110101011111000000011111101111010011001100011100101010
100110011101000100010101110010010000011000111110000110001000001110100001100001100001110001000100
101011100011011100010111100101100001100111101100111100110110110011110000111011101011001011111001
101011101111100001111111101000111110010101011100111011010010011100111101001100001011100111101100
101110010100001010110011001000001101000001001111000010001101011001010110000011110101010101001001
101110011110101100101010000100110111010111001111000101101101001001001110111001110010010010111001
101111010111011000010001110111110011000000110111110000011100010100000100100001011011101001010111
101111011001101101100011010110010011001100010101010010010110001010011101001100011111000011001111
101111100001001101101001110101011001000010011011000011101000010100000011111111011011100111000000
101111101000111001111110100111110110010111001110100011011000001011010110001100100101101000011111
110000000110100000001011101000011111110001010111000000111110111100110010001000001000101101000010
110000001100000000101011011001111101010111001111111101000100110101110101101110000001111100000111
110100110110110000101101111010110110101111111100101101101011111110110101001100001110001110111010
110100111101001100111000110101000001100111010111110011101011010011111001000110000110010000001111
110101000010101011100100100010000000110010111100110111010001001111001101001011000100011101111000
110101001000110101010011101101001110101000101101110010101001100010110001001011001111111001110010
110110000001101101011101111011001100010110000011010110001100000001011111101001110110111110010000
110110001000100010010110110001001100001001000000000001010101100100100001111100011011010100000010
111001000000110000000111110011110001000001100010000101001110111000100100101110010011000100010100
111001001001111110110010000101001111000010101110100110000111000110100100001100001101001101010111
111011100001010011011110001011101000101111011110101011110101000100100000100100010000100100110001
111011101100101101100111001010101010000101111110111101101100010010001110110101010110101111010001
111100110101111100100011001010010001110100111010000010001101001110000100011110101110110010001111
111100111101010001001110101110000001101101010000001100100011111010010110110111110110101011101001
111110100111110100001100101001011010011001101101001011111111011010010011101010101101110110100001
111110101010100000011100100110011110101011010110110101010100001110101101010111000101101111011110
111111101101001110111011010100000111001111010011111010011101001110101110000101001011011111110010
001011010001010000100101000000110010001000010101101100010110001010100101011010111101001111111010
001011011001011010110011100010000100101000111101110101001000011000010010110011000011100001101010
001011011101100000001010000010000111011101110000000001110101111000011100001100100111100110110110
001011110011110010000100110010100100111000110000111001100011111110110101011011100001111000000000
001011110100001110101111100101001010101010101111000100100111101111010101001001010100100111001001
001110000000001101111001111011010110000100010101101111001000000001000010010001010101100001100011
001110000110100001001111101000010010010010100000110010101100001010000101101111001010101101010111
010011101010010101100010000011100110010001111100111010101011101001111000110001100010011001000000
010011101100010101100101100100100100001000001101011110101110011110000001010011001101111000111001
010100101010110011011001101101011110001100101000100010011110100011001011000000100010100011101110
010100101101100111101001010110111100001010101010111110100001111001010111111110101101010011000010
011001000000011001111000001110110010000101110001001010001101010100101001010001111000001001110110
011001000111111101001011000010111111111111111010010010101011001111010101110100101111101000101110
011100100001101100110010111000000100011011111010001100000110010111101111011000111111001011000100
011100100100000000001111001101001010101110101101100110111100001110001010101101001001010110101101
011111100010010000000000001000100111111101010100011001111001001101101000011110001100100100101000
011111100101000001000111001011111011101010011110100001111010010110110100001001010001111110110101
100110010010101010010110100111101101100001101000110110101010011101101010100001001010001000001100
101000010011010101001000000101101111111001100001101010100000101101010111101001100011110010001001
101000010110001011000010101001011100010001000110010110111001011111101011010101010001110010010000
101000100000001000010001000101111001101000001011010001000100101100100110010001010001111000001111
110000100010111010111100100001110111000110101111011010101000011111101011111011011001110010000100
110000100101000000011110100010000010111101011011011000100110100011000111010100001010111111111111
110000101001111110001100110110100001011101111110000111000100000101010001111111010100101011001110
110000101110001110011000010100001110100100011101010000100001011110000101101110010101100110111001
000010110000100110011101011110110100001111100100001111110100010100010011010111111000111001011010
000010110010001101110010100110111101100111100000010100001101110111000111010111011000111000000001
000111100001111101011011000000011001011010100000101111111101100001001001001111010001101000100011
000111100011001110010101011100011000000100010110000111111011111011000100110100101000111111010101
001011010111011111000100000010000010110110010101000101011110011000101100000100011110000100101010
001110010011000110001110111111100001000111011000001000010100111011100011101111111110111001001100
001111111001110001001011110000001011000000101100001101100010011111010001100101111011011100000000
001111111010000000100010100100110110110110100101100110110010111100000001001100101111001001011011
011100001000011111000001100000010101111101100000110101100100000110110011010011101001100100110111
011100001011010010001111101100010101000011110101101111001101001111010100110000010101101111101101
100010011101000111000101110110110011101111110100000000111110011011101111110100000111000110010110
100010011110101000001001101101001110011011110010000010100001010010111100100001100010001011100111
100110010100001110010101001101111110010101100110000011110100101110101101000110001101100010011000
101010001001000111000101111000011100010101010110100010110010011001001100111010000010110110011010
101010001010100100010011011111100001101111010000011110000001111101000001110001011011010100110010
110010101001101110010001001001000011100010001111111011100110000111001111100011000010010100010100
110010101011101000010010011010110010011011111111001011010001011000000010001110000000111001011000
111111100101110001111110110111100111101101010100010111010100101011110000011010011011010010111100
111111100110001011011111010100000111000010100111011000100000101111001001010001011001001101101000
001011010100101010111110110000010010110101010100010111100110100011111010100000110010010001100010
001011010101111101100001111010110100111100001011000000000001110110111010101010110001110101010101
010001011000101111101011101001010001001010001001011100001011101111100101101111111100001011110101
010001011001000111011001101001110011111011100100111101010011011110101101110111010011000001100010
011111101000001110111011100110000100001110110010000011001010010011011001100101011111001000010001
011111101001010110110101011100010110011011100101011000001111011001000101101001001010111001100100
100100110010000011001101011011011111010110100110101000110111000001100110001100100111010010111001
100100110011010110011111111100010100001100101001111110100101101001101111011010010001101110111001
100110010110010010110001111100101100000000111111100100110101101011010011100010010010110110110011
100110010111001110110011111000101100110011110001010011111110000111000001010000100110110010010101
101101000000010111101110111110110000110010110000110001100101111011011100000101110100010000000101
101101000001111001001010111001001101001000111011110010011110010100001100100000000110001110011010
000001101000010010111001000111100110001111111111110001001000101010010000100101011111111111000110
000001101000110001110111001110000100010111101100111000011110101110101001000011100111101101100110
101000100101010001100011010000111010000101110001101000101011011011100010110011011110100001111111
101000100101111000110111010111100110000111111100001000010111011101100100110011110111001001010010
001110010001000010111111101100111010101000111111101111110011011001101110010100000010101110111010
001110010001011011000001000101110001101011001011010111011100011011101110111011100110111001110010
011111110011100001111011000110110010100100001010101011101001010111011111011100000010010001100000
011111110011100110100011101101001011001010111001110011110100011111100110101001100010110011011100
