111111111100110010001001011010111010110011001001011111111100001011000010011100100000111111011110
111111110100100100001001010011111000101000110010010110011101001000010110110110010010011100010011
111111101101100011101100010010111100111011001110011000001100101011110100010111000001110101011001
111111101101010011110001000001001010001110010100000011011101100100011001111101000000011100101000
111111011111000010110000000101101011011000001010100111101010100010100010111110001011100100100101
111111010110110001111110111010111001001110001001010101101011110001111110011000101000010101001011
111111001111101101111101111010000101010001010110011101010000110110100101010000100111110111011001
111111000011101011011101001011111100001100111100101011101000111101000111010110111001110100000100
111111000001010011101111001000011000110011000001001010100100101111010100110010110001000001100111
111110111100111001100000011100000100010001100010010101110111100111101011110011000110010001010000
111110111010000111100111011111011101011001001001010000101011000110000010111100110101110100101110
111110101111110000100010110100111010101001000100001111001000000100000001100111100011100000111101
111110101111011010110100111010110101000001101110110000101011010110110010111011011110000101010111
111110011111100110011100000000011011111110101110110101001001011111111010011001110100111100000100
111110011011100011000100101100100001011111100110101010101010001110101100001001010000110010110101
111110011000111111111101001111001000110001010101011100110111010100101110111001001110100001000001
111110010101011000110100001111110001111111011000011001000000010010110100100001001100101100000100
111110010100011000101111010001011010010001010000001000010100000100100000100001101101001110000110
111110010011101011000000001011000000110001111110011101110010110001011000110110000101000000110111
111110010000001010111101111111111101011000110111010011111001000101110011001001111100110101111011
111110001101000010000010100110111101000010010111010011111110001000000001100001010111000100011110
111101111101010111111100001010101100100011111111000010000001100100011000111111001100010111110010
111101111000000101100011011001110010001101000010110001001100101000100110111110001010001010111110
111101110011100110101011101111001101101000101010110010111110111011011000011001111010101000011001
111101101001000010100100000111010100000110101011011001110010101000101010001010110110011110101101
111101101000001011111110000111101110110001001101101001010001001111011000101100010001100001101011
111101101000001000001010001100111110101101101111011010011001001010001100110100011000000100101001
111101100100010111110011101100101001111011110100010001001011011000011001110110011011000000101111
111101011110111011111010110011100000110010011101110011100000001000011100010010101001110101000110
111101011100101110100000010111011111110000100001100001111001000110001110100100100111110010001001
111101011001010010011011111111101010001011001000000110000000001001110010001001000000111110110000
111101010100110011101111110110000000111101011001000000101101001010011001110111010111110101111101
111101001101100111110011010000111111101010111011110110110100100010001001011111101010010001010101
111101001011101010001010110011001010010100110100111001110100110110101110110101000100101010010011
111101001010010000111110001000000001000001010010010101111111001000110010011100110100011000000101
111101000110110001010100011100010001010010010001100010011111011110100101101011010111110001000111
111101000100000011101001111011001101101100100001011011001111110100111000011101000100101010110000
111100111010000100000000000110011111111111101011010011000100011110100010000100111110010001101000
111100111001000110011001110010100110001100001010101010110111001000011110010111001100101011101010
111100110111001111000111110101100101100001111100011001111011001001100100100011111011110010110101
111100110100010001110010010000001110010110100000100010100110101100111001100000001001101000011010
111100110001100100110011000100111000101101010100111001111001001110001111000000010011000111101111
111100101111011111101000101000100100001010101010110110111101110110110111110101011000001001010110
111100101110000000001001001000000001100100101111000111110001001001100101100101100010101110101110
111100101001011101000011010010101110001110010101011010011101000111011010001100001111100000111100
111100100101000111110000001001000101111100001101000011110111010101111011001001000111010001010011
111100100001100100000001111001011111001100101110111010100111111111010001101001011000111011110111
111100100000011000110111111110100100001110100100100010101111110111010100001001100000110100101100
111100011101100011111110100010001010110001110101101011011101110101101111011100110000101011111111
111100011000111001110011011101011111110011111000100010111100101111111010011101100111111010111111
111100010011011111111010111000100000001010000010101100101100001011010110011010111010100000010011
111100010011001010011100101010100111011001100001100011000011101000011110101111011110011101111000
111100001101010110011101010000101010010110111101001110011100101111101110111000011110010110011100
111100001010000111111101010110100111010100110010100011110111101100101000011011011111111010000110
111100000011010101001001101010100111011000101111010011100011011011100000011100010111000101001010
111011111110001010101000011011100001100110110110101011111100010000110100101011100110110011101100
111011111101000011110011001001000001001001111010010001001000001101110010100101001110010101001000
111011111011010000100001010011000010100100100100001010100010001001000100011010101110010100001101
111011110111101000100110100100001010001000000000011001110101100011110111001110000100111010111010
111011110001101111010110111011010010110110110011111101010110101111001100110001001101010010111100
111011101000011100001011110100111000001011011000110010110110010001010011100100101011010001100100
111011011011010010011011110001110101010010100111110111010101111110011111100011100001001100010111
111011011011001000100010111110010000011011010011101011010000010100101010111001100000010010101011
111011011010010001010010011100110110110011001000010100111010001100011010011000011001000010101011
111011011000000110111100011010010001100010100110011010011110000100100010011010000110101100001110
111011010001101110111001101000101100001011110001111111000101010100000011100000110111110000001111
111011010001100101111000101010111001101001101100011010000001000001001111011110001000101101011111
111011001111110100111110001001000000011100111011000101110010100001010010110001010010000000010110
111011001000000000101111100011110010001010010111110111111111100001111000000111001011011001001111
111011000010111101000110010011011011010001001110100100101110000001111001101011011110100110101001
111010111110111000111111101101001100100010101101100111011101100110110101100100001111011001001111
111010110111001011010001011101111100110000001001011000100000100001101010111011111100101100011111
111010110100111000100111110111010111001100101010010001010100110100101001001001110001011110101110
111010110001101000110100001101100000100000110110011101011101010010100111011100011110001000010110
111010100100010010011001111001011011100111111110001100000100101001101010101101111011011010111100
111010100000010010000110111100111111111010000100110000010111000100000001100011100101001000011000
111010011110000001100101110111001001101000010111001010011011111100101001101101001000000011001010
111010010101010000011011001000111111010110001011011100000000011010001011010011101001000110011110
111010010011110111010101001001001010111111011001011001110111010000100010110001001101101100001111
111010010001010100010101000101000000110110111111110101011011101101010010011000111001001110101011
111010001000110101110000011011101010110000101101010110001010101001010111001001101000110010010011
111010000111111010001000111111111101000100101110111111100100100010010100011101110001100011100111
111010000111100111101111110010000101011110001111011010001001010110111001110101100101110111111101
111001111000010100000001111011110100101000111101011010110010000001101011011100011001010100000101
111001110110011100010001101000000000001111111001011100001101011110100010110111111110111101011001
111001101100110111001000001010000011110001010010011001010000010011011010100011100011111100000111
111001101100000001011000100110000011000001001010000111010111000001111100000100110001101011100111
111001101011110000011111100011001100000000111011001101111000110011111111000001010111111111011101
111001101000110110010101011001001101011101001111110111110000000101100111110101101001111000001101
111001101000010111010010010011011111010100010011110110000010010111000100100100000001000100001011
111001100001110101010100111011001010101000101111111100001111100101000111101000000011110001100010
111001011111010000100011000110010111010001110100101100011000000101011001000000000110001110101000
111001011110001101100110100011010010010001110111000100100011011000110011010001101111010010010111
111001011101110111101101000011011110110110000011101100111111010001000110110100011010110000010010
111001011001100101010001111001001111111011001010111101010111101110111010100010011011110000000001
111001010100110100011000110101100011101001101101101111101111111110111111010111100000101100000111
111001010011101111001010101010010001101011000101000010000100111001010101010100011110101011101011
111001010010001000100111000100010101100101011110000111001011100011001001100010111101010000100000
111001001101011001110011101100000100000101100110100001000110000000101110000111010110011010011010
111001001011111011010110000011110110011001110011111110000100010101100111100011011011100111111100
111001001011110110001100101100111110111101101011001011110111101100110101001110000010000011100100
111001001010111000111010100100101100111100110010110000001100000111111001001101010011100101101101
111001001010001011100001011010001001011011001110101010011000110101111110111011001110111101100101
111001000101111001110101001110111111011101110101010111010100111100000001000111111001001111100010
111000111100110011101111011001111001101111100101101110011011000111101011010110101010001011101100
111000111001101001111010000110010001110001000001011000000100111000110011001110111111010110011011
111000111001011000111101001001001001001001101001000100000001101100011101111010000111011110010100
111000101110001011111011100000001110111110100001101101000000011100000100101101101011010111011101
111000101000000001001011010100100100101000100110010001001100010100001101110100111101011110101001
111000011111001110111000110000100111000011100110100110101101101101110111110110001001110101100001
111000001100011000100011011010101011001001101011101010010100111010111111011110101010111111011001
111000001010111001101111011010010110111010111100000000111110100000010001000011111101101101110010
111000001001110111111011101111011001000110011100000101100100100101001000001011111111000110011100
111000001000100011011000001010000010000110111011110100000000100001110000101101011111100111010001
111000000110011010101010100100001110101001001101101011011110100001010110111101100011111101101100
111000000001010101110100001111001100011000011001010011100000000010110001100010010011011001100100
111000000001001110000101100111000010000101010001000111010001001101000001110001010001001000110010
111000000000011110111001111011010000100101011101011010010010111110011011101001101101011100011011
110111111101010100100110111110000011100111000101110110001010100110101100000111101101110110110111
110111111100011110011111101011110000111010101000110010000000110001110000101111000111110110001101
110111110100000010001110001110100101000101110011001100101100010101110100111000100001011000000110
110111101111101111011101101100110100001101010111110110111101110000000111001010111000101111000010
110111100100010001010100101110111011001111011000010110100000011100101111000001101111101000000010
110111011111111011111100101000001000100111100011011001100011110010011110111100101011111110010000
110111011101001010010010111110011010001111011001101100010110010000111000101101011000101111110101
110111011011111100110110100000010001100100011111101000000010101011100111100110010110001100010001
110111011010101111110000101010101001110100110010010011010100101000001001111110111110001111110011
110111001001101111110101000110110011000100001000110110110010111100010111100000110100000001011000
110111000100010100000100000001110101110100011011100111101100100110000011010100110100001111011010
110110101110101111100001111110101100111011101111111110101001010110011111100001100011010110101110
110110101101001100000011001011000100000010101110010011010001101110100011000001111001001101001000
110110101011100001011100011011000001100000101101011100101000100001011011101110010000010100111011
110110011111101001010101000011010011111110100010001111010110111111111011100010011010110101001000
110110011110100101111000111100011001010010011110001101001100000010010100010110000010001111011011
110110011010000011110110110101001000111111101111000011101010001010011011111000000011011100011010
110110010111101100010101110111100110101001100000100000111000101101101000001100011101010111011000
110110010110011011011001011110010001010010101000110100101110011000011111100111000100000101010101
110110010011110110010000000011001010000001011000001110000100001001110101111100010001010101100110
110110001110110011001011010111000100110001100011101110101111100010111111000010100100101001101110
110110001110001110101100110110000101010100111001111111001101000011000010010100000011010010111011
110110001010100011011101110100001010011010001100001001010101001100101000000001010100011011000110
110101111000101011100100001001101101001011110100111000011010001100101001000110111111110011101111
110101110010110101001100000011111001111110100100011001100111111111100010101110000111111110110100
110101101001001111101110011100011001010100111001110000100111110001010101001110111000100100101111
110101101000111101010111010011000001000010001111100010110110000010111111001000001110110111000111
110101100100011011111010010001100010011100101011110101101011100011010001011110110100110100000000
110101100100001010111100100111001111010111111110011110100100010001011101100101110001101111011010
110101011110001101111000010000100001101010000111100010011100000000000001001001001110001011100011
110101010100011101000000010110010111011010001001000011101010100010001000110001011001010001010011
110101001011101110010101101100111110001110111010101011110101100110111010000001101001100000000000
110101001010111101011100100001100101010011001100100010110100110010011011001111001010000101011111
110101000100110000011011101100010111011000011011001010010011101010101010111111101111100010010000
110101000010111000101110100001110011011111111011011001011011000001011101000010111011110011010010
110100111011000101011111000010100000010010101011100001111000010010110000111010111111010011110111
110100111001010101000000010000010010000110101000111010100001110001001111101010001111010010101111
110100110110001000011110010110100001100110010010100010011000110100010010000000111000110110101100
110100110100101000100111011101001100001110110001101110111000001101001001100011100110000000100011
110100101101111000001011001011011010000101110000001111100000100100101010000100011001011000011101
110100100111100011000011111010110110111111001000101100100111110001010010110101111010001001010110
110100100101111001011000001101000100011011111001010010101111000110100100010101101111011100110110
110100011111001110101011110100000100110101101000110000100001010011010010101010100010010110101001
110100011110110101101111010111010110001011010011011000001100001101001110111111101111010100111110
110100011010111111010011101100010101000101110100100101001010110011010001110110111111001101011100
110100011000111101001100011101111111010000000101100110101001100000010010111110001100010001100001
110100011000001001110011011101110001100010010111101000001000011011011001001001111101010000111011
110100010001011101100110111001101100110000101100011001000011100010100101100000011111011110000101
110100001100111111000001111000100011111111100010100100000110101000001100101001011101001101101111
110100000100111100001110000010100010001110110000001100111100111001110100111011110101100001110001
110100000001110110011011001000010101100111000011101100001101011101000100100001111110011100100100
110011111110010011001001001000011101110101011110010111110100000001010101101111111111100110100001
110011111110010011000110110001000001110000001000011001001001100100110000110001001011111010011111
110011111101011010101010101100100001010100001101110110011001111010010100110111110000000110100110
110011111010100111101001001011111001001011110010010111110101101011110111100010000011010010001100
110011110100101101110110001010110110001111111100011011000000010001101110110010011110011110101000
110011110001101110101101101000101101011010110110010100011111001011111111110100101101110011100000
110011011100111011110010100000110100011110001111011010011010001100010111111101111010000100011100
110011001111101111110101111111101111100101001101101101011011111110010110110110010000000001010110
110011001111001001010010010100010100111001111100101101101000000110111010111101001111010011110000
110011001101100001110001010000010110001001111110110000011011110011110010110010000111011000000111
110011001011000111100010010110011000101101000100001101110101011000100001001101111010010001100011
110011001000111101100100100000100011011011110011010000110010011100111011100011100101101011011100
110011000110110101111111001000001110110011101001011111010001000111011110110001011101011001001101
110011000000000001011111010011000100101011001100000111011000100000011011111101110110011001100011
110010111110010011011011010110110110011111000001111010001101111000100111001100111001000111110001
110010111110000100001100101011011011100111001011000010011000010011111010110011001100001001001010
110010111000100100010010100101110111101001000011100110010110101011111110100100010001110110110010
110010110110101000000001100101101110100111100011011100001111011000110010101100101001010000110001
110010101111101001101001101101100100011000110011100111001100010100000011101010011001000101101110
110010101000011001101011111000011011011100010101001101110101011001100100001101100010101101010111
110010011101111111001111000100111110000000111011000010110011110010110101100110100010011010110100
110010011011001110000101101001101100000001010001101110101001101101011110011010110110100111010001
110010011001111101011100100001111110110100000110011110101000011101100110001101010001111011001010
110010010011111001001001010111111000011001100010000100101011111101011011000000110010111000110100
110010010011011010000011110110010001001000001001101010111100111000011000110101010111001101101011
110010010000101100010000011100101011100110110011111100010110111101011111111100100000111111000100
110010001101110100101110011000001100010001001010000010010011110110010010100010011000101110101011
110010000111011100110000010101000000111111111011111000101110110001100000001111100100001100000110
110010000111001000011011110000010110010011010011001101100011100100010111111001011011010000011000
110010000011011000111100001000111101111110100111001001101111000111111011011100110000010011001000
110001111101011100000001100010111100000010001010111101010100001000110100101111101101011011000010
110001111011010110111000000001100000111000111011011110001111100111110100001100110001100000101011
110001101010111100000011011011100111000011000000001111110000011101001100010010111101100001111010
110001100111010100011010111000100000110011101001110010100001000101100001010111000101010110110001
110001100010011010101101111110000110101001111111110101110000100011110110001101100001010110000100
110001011110011111001100001100000000100100011000000100101100011001100111110001110101011110010110
110001011101100001101110010010010100101101101111100001011001000110111011111011011011001010111011
110001011011101100011000111100010001111110011011110011101000001000111000011101000101010110111111
110001010110001011101011011010010111000000111111101101010010011101100011110001101100010011000000
110001010000110000011010010111001100111110011111100111101010010111100010101000010000011100010000
110001001001011000001001011111000011000001101101000111010110000010111110101000110001001001111001
110000111110001101111011111000001010000000011000000011010001100111110100100111110100111110011010
110000111101110111010000110011000010010001100110001011001000111110001100100000000100110011001011
110000111100001110011011110100000010001001001110010111000100011000001110111110101000110001111110
110000100101011001111001111000001111111111000010100100101000100101010100111011011101111110101110
110000100010110110000111010100011001010111100110110111111100001011010100111010111111010011101110
110000100010101011001011110111111010001010110001100000110011010001110101110001001011010111011101
110000010011101010000101111000010011001000001110011110000011001101111101010100001101111101111101
110000001001101011000111000111101010100111100000111010100000100001101100101001011110011111000001
110000001000011000010111001111001010000001011000111111110001011100101110101000100000110111110011
101111111100100011101101111100010011011001100010110010001111100000110011111111000011110000000101
101111101111101001110110110011010111110011101111100010100011000101010011000010000000010101111010
101111101110010111111011011100111000101011001100111111110100100100001001010000001101010010011000
101111101011000100010101000101011110011101000101010000111111001100010011010110011010111010001010
101111101000001101101110100000100100111110111111101001111111100001011001111100000110010001100000
101111010101011010011011101101110010000111110000001011010000010000001001010000100100101111001111
101111010001000111011101011100011111010011100001000000110011000111010111111110010000100000100100
101111010000110011110000101000111010000000101110000001011011000110001011001010110010100010110001
101111001100001101000010010100101100000100101000111110001100111100000111000010001000110011010101
101111001010010001111011010110011101010010101001111110010100101100111111111100011010011010100100
101111000111000111000001011011000011110101001110010100110100011001001110011001001110101011000010
101110111110100111110100101010011100010101110111001000101000000111111001001011000011000001010001
101110110001101100111100010111000101111010110100011000000110010101001001001000100011100000110100
101110101110101011100101011001100001101010010110011011000011111000100111101101111010101010001011
101110101100110011001000101000001110110001011101110101010000111000100000111101101000110110110110
101110011111011001110111110011001110111100010100111110001000011100000111001001010001110111100010
101110011111011000111000100011001001001110010110010100001100101000110101111011111001000011110100
101110011100110101001110111101011010010101110110111011111101111001010111001111011110010110100010
101110001110011111011111100100001110001101001100110101111110100110111001110101011101101111001100
101110001110010111010000110111011011000110001010101100011100010110100010110001110101101001100100
101110001101111100011011001000010110101000111100101111111101001011011110100111100101000101010010
101110001010111101111100110111100011001110011011010000110111001110111101110110000100011101011001
101110000010100110111010111111011011011111010110100111100101000110011111110000011011010000010000
101110000001000101111011111011101101000001111101100011100111001111111011000010101010111110001101
101101111101010010000001101001000111101000110011010010001100000001111100001001001001110010001111
101101111100100011100111100111000010101001100100111111111010000101010001101111001010011011000110
101101111011000110001011111000101010001000101100100110110010100000000000100010100001100100100001
101101110110001110001111010010111101110111000111011011111111111100010001000100001001100011111000
101101110110001010011001101100111101011110000000100001001100110111000001011101111010011101101000
101101110101010111000010100011010101011001111101011111110001001010001101101100011011001010101101
101101110100011000001100010000010101111011111010111010001001111011101111011001000011010100001100
101101101011010110011011111010001111001110000111101011101100001001110100000011101110001000001000
101101101011001010100010010110011101011101101110100001100011110100001010110000000001000110111110
101101101001110100101000111110101100111000110001000110001100100011100110111001111001010001101100
101101100110111100010111011001010001100101100001100111000001100001010101110100101110000011011011
101101100110000001100111010100000101000111100000101001100001010110001011000010000010101110110001
101101100000010000110110001000111000001100011010111000010001101101100111011101000011110111111010
101101011110011110110010011110010110011100110100101010101110001101010100100100101000001110011111
101101011011011001111010011000000111000010100000110100000110010001011011100100100010000111001010
101101011010101010111111111000010011010000010010110010110011100001001010001001100111010011001001
101101001100110011000110000001010011001111000101100001100101100011001111010110110010111111101001
101101000110101010100101100000100011101011011010101110111000001011111011110000111000001110101000
101101000011110101111111000110011011111100111001101011000010101101010011010010100111111010111011
101101000010111010000111000111011001011100101001110011100110011010010111001010000010110111000000
101101000000110111010000100111001100001010101100111110110011100100101000000011110010011100010110
101100101010010101110011101011011010110111001001001000010110011010010101010001101101000011110010
101100100100111011010110110110100001100010101010011001111101101111101110010001101000001111000000
101100100011001011011001011110110100101001001101100000110011110010110110010001000011100100011110
101100100001101110000010000000100111100110100100001100010011101011011101110000001001111000110010
101100011101010001101000011000100000110100100100100011111011100101110111000001011100101011100100
101100011010010111000000101011010101100011100011100000001010000100011111010100110111010111111100
101100010101110101101110011100111101011010111110101010100011101001011111001011110011011101000100
101100010101100111000000000011101111001001111100110011111110010010110011111011110100001100110000
101100000100101010011000010101111101001101010111001111011101110010000010011101011101011111101100
101100000001100100110100011010001110000000010101001110011111111100011000111010000001010110010011
101100000000011001101100011100100110001010000011011101100010111100011000111111011010100101011000
101011110101101001110111101101101111101001111111111100011110101111000111101101001111111100000001
101011101110011100011001110010000001001001111101001101111010111001001011010011011000000111000001
101011101100010001010100110011111001001111100010011100111111001000010111110110011011101111100000
101011101001111001111111101011010101100010101100011010000001001100100001100001100110000011011011
101011011100000101100001101101010110111100010111110111100000101000010111010010010110010010010100
101011010111000111000101001111010100101100110001010110100011010111001100000001000010011001000001
101011010101110100011000001101011011100001101001110011110010110001111101010111001001101111010101
101011010010010110000000010111000011100100101111010011001011111000001111111010101011011001011100
101011001000111001001100010111100110001110011110111110110010010101101111001001010111001001011011
101011001000000000101000101110101010110101101100110000100000001000000001101001011110110101001000
101011000011001100111101000011010011000000110110110000001110110010011101100010110111100100000100
101011000001001111110010000111010011010011110111100011101010011100001101111100001011100110011000
101010110001100010011110110001111000100101011000101101110000111001101111010101000010111001001100
101010110000110010110011110111000101111100110001110111000010001100000111011101001000000001011010
101010101111011010010011001010001110010001010001000110001110000100110000011111110011001011010111
101010101111001111101101001011011010001010011001001010000111011010001110010011100010011110010110
101010100111010010100100101010000101100110011111110010101001101100010110110010010100000001111101
101010100100011001111100011001000100110011110110100100111001100001000111100100101100110110011001
101010100100001001110000100111000011111111010111001000001010000111011010000101000000011101100011
101010011100100010100100010100100011001111111010111111010100010101101000010110101101010011101111
101010011000011110010101111001111110011000010010001111001001111101001011000010011101101101011001
101010010100101010011011011010001110001100111110000000100101111100110010101001000110110100011100
101010010010001001100001000001000110101101100100001110110101000010011100000111000010111101110101
101010001111001011010101000011110011010110100100110101001001010011101110100101110101100101010000
101010001110101111110010111100000010000100011000110000101100010100000000000110011001110000110010
101010001011011111111101110110010100110000000101010001011110100101011111111011001000011011000001
101010001001010110001110101111110111011101111111110101000001100000010100010101100101111010110101
101010000011111101001101011000101000000100011000010000110000000001010100000111011000011001111110
101001111111111010011010111101110101010010011100101111100000011011111001001111100111010111111100
101001111100011111010100101110101001111101100001110110100001011101010001000101101111010100101110
101001111011010001110010110001101101111000110111111011101000010000111110011010010101101010111111
101001111001100001110010111000011111000100000010000001010111110000010101000110110011110000110001
101001110111111101011010010011001011001000100010110110001011110001101101100010010001100110100111
101001110111000011111111010001111101101001010110111110011100101101000110001011000010011011010000
101001110011011110100111111101000010010000000000011000000110110001001110111100000100010111011101
101001101111100000101100011000001100000111100010011010111001101111111001100001111001111100110011
101001101101111010000101111100000001000111000001111101001011011001011000000000111111000101100010
101001011100001000101000000111101101000101010100001010100011000100111100010111011111101011001010
101001011011101001110001110001111111100101111111101101101010110000100000101010010000000001011001
101001010111011001100111000001000010100001101100110001110100011001100111000111001101010011101111
101001010110100100110101011110111110011111101101001100100010111000001101001101011110011110111000
101001001110100100100111001001111000011110100011101010100001111011111111001011011001010110100110
101001001100001111001010110101011110111010110010111011010001001101010111100000110100001010110110
101001000010100011100100110000111101110011000100001011110111110101101011101101101001000011110111
101000111110010010000010110111000000010000010001101001110101011101010001010100100110110110011000
101000111000111100111111000110101101111000110000111110101100001000011011110010101111110100101111
101000110101011110101100010111111001011001010001011100001001100110000011101001100110111101011110
101000110010010110011111010010010100100001011001000111111001110110111100001001010101010111011111
101000101111011100100100111011000110010101101110110111011000011111001010100111011111110111001000
101000101111011001101001000010010011110001000111000010111110010011000001010010000100111101101001
101000101101011000111111011000010011101011101101110010111111010011100100111101110111010001110101
101000101100000110101011011101101100011111110111000010001011110010000101111110100000111101011111
101000101010110010011001001001010011111011101101000111100111111101000101001101011000101011011100
101000011110011100010111000100111011011100111001010110110111111000100000101011101010100111011110
101000010000100101001100111010110011011001111100010010100001101100010000010110000110111011010101
101000001011100000100010101101101100010100000000000111111100001010100011001011111110001011001010
101000001000111111101011110000111011000111001101010011010011011101111100011110011100101011100100
101000001000111100100011010011010110100110100100010010111111000111100100000110010010010011000101
101000000110001010001011010010001111000110000100010010001000111011111011000011010111101001111011
101000000100100000110110000010100000110000000011111000011101011010110101000001000001000011111010
101000000010011101100001001011001111111110101001100101110110111100101011111011101110111100010000
100111111100110101000011101000101100101000001101000000010000110010011001111001011010101110001011
100111110111011101100010001010110011111101110111111001000001001111000101101011010110010010000010
100111110000110100100101010011011100000111100111011011001010001101000110110100000001110110011011
100111101011001000000000001111011101010110110000111001000010111000011111001111000111100000001101
100111011110101111010101100110111011101100101011010001110011111010011111001000000001000110011001
100111011101010000000001010010110111100110110111110100101111000100101010101100110111101001111110
100111010111111111100110011001111001000011110001011110111000001110101000010001010001100100001001
100111010011010111100000010111010111110111100011011100010000001010000101011110110100110010000010
100111010001100001100110101101100100110100001100010111110010110100010011101101000111110111100111
100111001111000001111011100111110010100001010111001001010111011011111000101011100010011010101011
100111001010001010011010010100000011101001001000100001001101000000110010100011011101100111011011
100111000111110011100111011100101000101110100110001101001010100100101101101100111100100100010100
100111000111101100010011010111011000000100111101010011000111101101000110000101010010111010001100
100111000100111100001101100000011101111110100010011111010001011100110001010101100010100100100001
100111000100011010010011110111100111011110111010011110101011100101010101110101000110100110000111
100110111101000010100110000001110001011111110110011101101100011010001000110110011000110011111101
100110110100010100110011111001101001000010100111001100100111101011110001111001000000100100011101
100110100101000101111010001001100101010010011110111101101110011000011001110010000101110000101101
100110100001101010100100011100110011110010110001111011010110001111110011010111001010010110101000
100110100000000100110011011011000011100010000101101001111110100011110001101001101110011110111111
100110011011100011110000111011001011010000011011110110001000010000100101011111110110101111000011
100110011011100001001100001001000001001101100110010101011011011100110110001000111101100101000111
100110011000000000101100000110100000001010101101011100000011110111100010111110001111101010111011
100110010100010101111000011011011101000111100101100100010111111100111010110001110111101010011110
100110000111101100100101011010100100010011010010011011001011001101101110101010101010000110111000
100110000001101101110000011000001110001111111101100110001110110001001101011000111010100100011001
100101111110011100100111100001000010010010001100110100000010000010110111000110010000011100111101
100101110110100110010110000100000000111110100011011001111010110000100100011010011001011110010000
100101110101001011100010111000101110010001110010100101101110110010001001010111101101000011110110
100101101000101100000100001001001110100111010010111110101101111000000010001110000000000101000001
100101101000100100101000001011000001100000011010101001101010010101010011111010010010011100111100
100101101000001001011010001011010000000000101111000101010001001011001010000010001010011110011010
100101100111101010110100110010100010011011010011111000011000010100011000000011111101000100011111
100101100010000010000011001111111100111100110111111001101000000011111011110101100001110111101010
100101100001000010100000011100111100110001110111110011001101010101000100010001111100110000000001
100101011001001101111001000100110011101100111111110110100101101011011110011100001001101011010000
100101001110100001101001010101110011100010010001011011100101000100011001111100101001111111000010
100101001001100001100100111011001101101111101111101000110111011000001000101011100001101000010000
100101001000100011101101111000001001011001001100000111101010110101111001001110110101001000001011
100101000001101011010000100001001010111000011011111011011001110001100111101011111100010001011100
100101000000001110111010010001111100001001011110110111101001010010000011001100101000101001000100
100100111101110100010000011111001011001010011111111000110101100000010010100101101010100001010001
100100111100111011101110111010111000010100011110100001000100111010000110011100111101110101000000
100100110111100001101011001101000101111001010100101100000100101001001011000000100101010011101011
100100110110010001101101100101001010111110000000001011000011101111111111010000110000011000100110
100100110001111100100000011101100001110100111101010100000110110011111101101110010100111100101000
100100101101010110110111010010001100110111011010011110110111011111010111010100100100010010110000
100100101100000001010101111011110011010100000101010101100001111110101011001101110010110111010000
100100100100100110010000100000010000110011001011111011010011100000000000010110000000100010110110
100100100001101111011000000100000001000000110100000011000001101000011111011000010100111010000100
100100011101111000101000111011000001000011100000101010001111100101101101101111100100000011110010
100100011101100000101110111001011111001110100110001110010001111111000000011100110111001001110111
100100010110111000000001110011010101001100000100111100101001100110010101001110110110110111110011
100100001110010001011010011101100100001010010011001110110010110101111100001001110110001101110111
100100000001111011111010110001001010000000110100001010010110001110101010000101000011110110111111
100100000001110110100011011011100011010111110010111100101000010101010011111101111001010110000000
100100000000110111101011110110010100110000011000111110100100000100011001101001011100000101010100
100011111011110001000101010000111010101101001101000001001000100010010110110010011000100110101111
100011111001110001000111010000100010111001011001100011001011001010101100110000000000110000101111
100011101101000011011000100000001011011101011101110001011111101001000000100101000011001110010000
100011100000010100001010000010110000101110011101000111010000010100000100101010101101001010010001
100011011101111101011111101101001111010011010100000101101101101011011000111010011101110110000011
100011010011111000011101100010101010011011001111011100101101000101110110001100100010111101000010
100011010001011101001111111110101110001110101110101010111000001011101000110101111110111111000010
100011001111001110110111010101101010101010011110101110110011011111001111101111111001011010101110
100011001110110000111100011000010001100100010010111011110010000010100100000001011111100010010010
100011001011001100011110110111000001000101110000011110010101111001000010100010110001110001111100
100010111100000100001111110100000011100011001011011000100110111000000001101001111110101000110011
100010110101000011011011000010101111101001111100101100100011110111010100100101010110111011110100
100010101110101010110101110000111100100010101110000001100111001010111000000100001100110110000100
100010100100110111101110101011101000001001010011100101010111011100100111101001100111110010001010
100010100001000011000000110010001110101011101100001001101010100101110001101100011000101100010101
100010100000110101000111111011101011000011011110000010010110100101101010001010111011001101010111
100010010011110100100000100010001110000111110001010011000100010001111001101011001110101001011100
100010010001010100010110101100011000001011011000111011010100001011000011000101101110111111100110
100010001001101000010111000111110010110110110000010101110011011010101111011001001000100010111001
100001111110110011110010111100100001101110111110000111110000001100111100111110000011111101101101
100001111010101110011010000101100110011001000011100100010111000100001110000010011000101001000011
100001111000011111100011011010001010000010000110010111010101101010001011100110110100101100100011
100001101100011001010111010010101111100010111101100111011100011110100101010001110010110011000110
100001101100000100011011001011110010111100001111101101100011010011111010000101011110100000101000
100001101011111111101000101100100110000010001111100111001110110101000000111000011101011101111100
100001101010101001100111100011010000001010101111011100001000111111111101100110110110101100010001
100001100111111101100000010000100001111101011110011100111001111111100110111110010000011101101101
100001100010110010110111101110110100101001110101010001001010100011010001001110110100001001010011
100001100001101000011010000001011101001011111001001110111111011100000001100010001001111110010010
100001010110111000010011001011100111001000100010000111001010000110000001000100100111010111001110
100001010001111011101100100011110000110100000001000111101000101101100101000111110100011100110001
100001010001110111111001011000010111011001000010100001000101010111101001101101011001010000000101
100001001010111110001111001100111100011111101010111100011001011001000000010101001110010101000100
100000111101011000101010110011100100100101000110010011001100011001100001011011000111111100000000
100000111011110100001110000111001000101010100101110101111001110001100010110001111100100110010000
100000110110110010100110011101100101010100110010011011010011001001111110010111101100000100010101
100000110000001001100001011001110001110111011101100011101001100101011101001111110000011001111100
100000101000101011011001111110010111001010010101001110000100010100111010010110101111001110111101
100000100111101001000011111111000100001001100000110011111111111101001010100100111110000000000011
100000100001001101110000100011110111101001010011101011000010010011101000110001000110101111011101
100000011111110011110001000110100010101001111111010011101101101111001111001100001100001111000100
100000011100000011110010001001111101101110010101110111101101010111010011001110100110001011010011
100000011011000000000001001110001011000111000100000000011011010101111001001010011001000100101010
100000010110100001010011110100001111111100000001010001000001001001001100111011010110000000110101
100000010101010101001101110110001000011010100110111011111011010111001011010100111100000010000010
100000010000101000110001101110001001100111000110111001110010101011110000010000101010101100011001
100000010000001111100010100111110010100010111100001101110011000100001111000000111100001110011111
100000001111001101000011001010000110110010110100100011110110101110011100101001100111010000100101
011111111100101101010110001010110110000110100111000011100001110101001100010110111000010011010000
011111110101011001111010101011101011110111100001011101110110001101010100000110111010011001110011
011111110001011001001110011101001011000000001111001111000001101110101000100110011100000110001011
011111101100100110110111100011101110010111010011100111011111111110000010000111110100011110001110
011111101000110100101010111010011001000000001001101110011100101100000100000011111001000100110011
011111011010000110011100010110000100001110111110010010000010011110101101101001110001110001010100
011111011001110010110111010001011001111111110100000001000101000110111011111000000011001001110111
011111010110101011100100110011100011010000101011010110011110001001101001011011010000011011011111
011111010011000011000100111111010100111000100000010010110010110111000000100101101000011101010000
011111010000000111100100010110000111100010100111110100011110101001010001010101101001000111000001
011111000100100110111011000110111101111100001011010011101100100111001101111111010011110110011111
011111000001011000001110111000111111001110011110110111011110111000110111101110011101000010111101
011110110101110000011111010110111000010011011110111001101111100011110110110010110110001001110000
011110110010111000011010101001000100011100001001011101110000111111000110011110100000111101111001
011110110010000011000111011011011000000101001001111001001011111000100111101110111010100000001011
011110101100010111000110101101100011000101011000100001011001001110000001100100011001100000010100
011110101100000111110110111101010100000100110010100110110110001000010010001100000010010010111101
011110011011101011010110111110101110001110010100101110101110000111011100000010010010100100001001
011110010111101010011101001010010010000111100001011110010010111101111101100000101001101000111001
011110010011111010011010101011100101010000111010000111100110110011001100001011001001010000011000
011110010010111110001110011101001101000100100000101001000000000101001110101000000100101110101010
011110001111010100010101010010011001000011010100111000001110011010001010011011001111000100011100
011110001010010110010010000110001111101000001000101100101101100011001111111110001100000110101110
011110000111111011110101001100010100101100011000000101001011110000111101101100100101011101110110
011110000000101000111110001000010111010110100110111010100001111001110011001101110101011000111110
011101111101101010111101001100000111001000111011110100011101110100000111000001100111100111111100
011101111100101011001111111111001000111000100010010011100110011001010101100110111001110101000110
011101111011110010011011001110010000011011101111010011000000011001001010001111000001111111101101
011101110011110000101001101100001010011111001100000001001011101001110000011101111010010111101100
011101101011011101101001111101010000011101110000000010111010000100001001001010101100110000000011
011101101010111110100011011101000011000100111000110011110110001100000110110100000101110011010100
011101011011001001100111100100101000011001101100111010101000011100111100001011010010100110001011
011101010100000000111100111100111001110001001010011011101110000101001001010110000101010100111111
011101010010100001010001100111110111110111010000100110001110111100000011001100001101111110101100
011101010010001010000001110100010011101000010000000001101011001111110000001110000010001011000010
011101001110011100000101101001111010011011100111011111110010111001100000100101110100100001000101
011101001110010110111101010011000000110000101001101010100000010100110011000000011010001010010010
011101001101010011100110010011000101101000011101011001100000101110101000001100110010011001011100
011101000111011110100101010000011000011111100011101011010001101110100011100000000111001101100011
011101000111001011101000001100001101101110001000000101000000000101001100011000100011101000101110
011101000100110001001000110010101100101000000100110110111010101011101101011010011110011011001101
011101000011110111110010110101110100010000100110011100000000010110100001010000100101110101100011
011100111111010110011000111001110101101010110100000000111011101110000010000111101011110100011010
011100111110000111001101101000000101111111011110000101000001110001000000101100110000101111111011
011100111101101011100111111101011110001101010000110011110001001111010110011101000110000000011111
011100111010000101100010000000110011010110111001001111110001000010001001001110011001100101001110
011100110110011101100111010101111110001111110011110101000111111010110011101011000101100001101101
011100110100100000100110011011101001111101000101100110100100001000110000110111110101100000001010
011100110011010100100011110000010010001110011100111110001111010111101100010010010001011001001011
011100110000011100011100011000111110001000011010100100111011001111111011001110000100011100001100
011100101011011110010000101001100100101110000010100011101111000010010111001110100111101000101010
011100101001100110111010001011011000010000000010010000101100110101010100101001101010100110000110
011100100101110000101101110001101111101100000100111100110100010011010000110000001000011001100001
011100010111101011111001111011101011100000101001001001110101000000011011000010101100000000001110
011100010111100100011101000011101011001011111100010110111011010001010101001110100101000011000010
011100001000111101000001000000100111101001000011001101110111111100001001100000010110101111001000
011100000111111101000000000111111111001100011110000111100101010010101001111101101000000111100010
011011111110111110010111101001111101010000000000010000111100101000001000111111101101011001111001
011011111101110110010111011101110100000000101111000110100100101011000011101000001010011100011100
011011111011011011011110101000011100011001110100000011110110001000000111101010100000001111001111
011011111001111101100110000000111000000100011110111110100111010101010000101111000101111010011101
011011110110111010001001011010001000011010110010110100000000100001111010000000111111001001011110
011011110010011111011011101100111111011000111011110101111110000110001100101011000001010100010010
011011101001010110001110100100001011001100011101001111011011110001011111001010100000111100111110
011011101000011101001011010000111100011111010011000011111101011101010001011010000011110101100011
011011100101100011000101001101111010010011100101011000100001111111110001101110010000010001111100
011011100011100110000110000001110010110110010010011110000111111010101010111010011000110011101100
011011100001001100011101010001000010001000101100111110001100101110110001000010111010010111011001
011011011000011111101101101011010000010010001101000101001101001101001011000010111010100011000110
011011010110101111111001110101000010111010100011000100001110110011011000111011100000101011000001
011011010110001100111011001010000101001110101010010011111011101001101000100101000000010100001111
011011010101101001111010010011111010011100100111110110010100011100010111000101101111101110100000
011011010011010010101001011010101111010111010100101111110101111111001000001000011110111010110110
011011001101100001001001101111001010100111101011100001101011111111101101100001010001001010111011
011011001000001011100001010101111000100010110001100111110000011111000100000110001011010001011110
011011000010001000101001101111000110001001010011010011010010110001101010011110110011000111000110
011010111000001100100010100011100100100100101010111000111011001000111100001000000111011111000000
011010110110010001100001110010000001000111011110010010101110001110111011001110011101001101011001
011010110010111011010110100110111110001100011011001101110010010000000001000111010000101100100000
011010110010111001100100100110110100011111000000111110100011000101111000111100100111010010001101
011010110001010100000110011101011110111000110111001111100110000011111011010101011100001111001011
011010110000101110010110000011110000110000101111000111001100000101101000010111001011111111101001
011010101110111110011001100001011010101001110110111100001011100110100010011000001100010001001010
011010100110001110110101110100100011100000001011011010100000001111100100100100111100001100000011
011010100110001000001110111000101000101001010110110101001001110101100111101111001111111101100000
011010100101010011101010000101111001110010000100111000110001010010101111011010101101101001010000
011010100001111000000000110001111101001001101001010110011111010111010101111111011011111000111001
011010100000101010110000110011000011001101110100001001111100000011101111110000110110111010011010
011010011111101001011101110100111011101101000100010110000110100011011110111000100110100000001100
011010011011111101001011001001111001100100010100001101011101001100101111011111001110100100100001
011010010100101110011100110110110001110011100000010101001010011010100100110001010101101101111111
011010010000101100110011110111001100100001011101001101001101010010010100011101111110001011011000
011010010000011010100001110010111110000111001111001111100111111111010100001110010111010100001010
011010000101011110001011100111011011000101011000000001110100001001000111111100101100111010110010
011010000100001110101111101011101000011100011101111011100101011111000101110101100111010111010110
011001111100110001010001100101011011010100100101001010011001110100010101110010011110110111111111
011001111000001000111110001100101010010001101011001000111101111011100011101000101010001110011111
011001110001001111110011001101011110100100110011000011101110111101000000011011011000110100001000
011001110000110001000110111101110001101010101110101011101010110000111000011100010001101011010000
011001101001110111110100000001001110011111001001011000101010011011011011011101010000111001100111
011001100111111110010011001101100010110101011110010110100010001100000010110110000001001110011101
011001100101101100100110000110010011111100100100000110010101010100011111100001010101100001000001
011001100010011010111000111001000011111111101010100100011100100100100000001000101001111111001100
011001100000111110111111100100101100100010010101101110001110011111011000101111110100011011101010
011001010110000101110101001011101011100001111010001111110010110100101011110000110110101001100010
011001001110110001001101001000111011100010111010011010101010011101000111010100101100011101000011
011001001010111010110000110111010010101010100001100010011100010010001111111001101100110010000010
011001000000110001000111110001100010110110010001001001000001110001110110000000110111100011101110
011000111010100101100000011110111010111000111101111010011001111111000001100110101000000001001111
011000110111011001001010110011000010100101101110001001111000000101111000010111011011011001110010
011000100111110101100111001101000011011001001010011001111111000111100001110010010010101010101001
011000010011110000011110111101111100100010010101111000011010100111010000100011110101010000000100
011000010010000110010010000000110010101011110001011010011101011111001000001000011110110101100001
011000010000001111000110001111110101111101100100100010010110101100001001011000101111111011111000
011000000000101011001001111001110101110111100010011011100101110100110000000000000010111110001001
010111111100011110100101100111101110000111010010100100011111010100011000111101100100100001001100
010111110111001101100010010011110000101100000001000111110011011000001101101101011011101010110111
010111110110011000010010111110001100101000000100011010010011000111010011111101110111000101110111
010111101000101111001010111101101010111000110000111100010001110110011001010110010000100011000101
010111101000100100110100111110011001100111000010100101100010100111010011111111100110010011011010
010111100111000110001110000100101110000111100001000000101011000000100110001010001100111101101001
010111100011011101101010011111011000001110001110110001010110011001001000010011111000010110110100
010111100010110101101010111100010100011111011110001010111010001001111001101110011100011111000110
010111100001000010000100011110110011001000011110000110001011110011001111111100011110101100110010
010111100000101111011010111101010100110010111001010010011111010101001110110010101011111000011110
010111010011000101101110011011010111110000000001101101111011011010011011010000001110100001001010
010111001111001000111110011101100111001000011111101101011000110010100110010001010100110110101111
010111001101101100000100000111110010010010001010111010010100110001110101100110110101001100100011
010111001010011000100000000010110000000010010111100000111100001111010110000011101011011001100100
010110111110010101010101000000111010110111100111101110001011111000011111111110011111111101000111
010110111101011110000011011010101001101111001100010100000001000100000110101011101110010011011000
010110111100010011000000111000100111110010101111101010111010001001001000011010111110101101110101
010110111011001010011000001101000101110111001101001101110100010011011111010100100110100011001001
010110110100001101001101101011110110001111111000010100100000111000010001101000110001011111011011
010110101010101111111100100001000111101110011000010100110100000001110110000101100101000010111101
010110011111001000100110010101111011011101011101001100101100000111000001001010111100100000001111
010110011110010000110101110010101011100000100110010011011011101100001000110011001000101100010011
010110011100100100110110111101000001010111011100101111010100101000101000111111110011010101110001
010110011100100000101001100100110011010000110110010000111000011011011110100110011000001101011100
010110010011010100000100001110100110101101110010100110001010000011001110010010110111101010001111
010110010010010101110111110110110100101100001110101101011101100010010100011110101000111010011000
010110000100110110111100111001100100101111110001001101001100011100010111110000111111010010011111
010110000000000000101100011110101001000000010100001110001100010011101111011001000000110010101110
010101111101111101100011111111001111011100100100011101100101001000111110011110111111010000000101
010101111001101101111011011100110111001010100111010000100101110101000111100000111111010001001111
010101101010011111001011011110010011011000111010100001000101001110001110101101111001100111000001
010101100001011001101000000100001000111101110111110111101011000101110110001010000011101101011100
010101011010101110001110111101000100010000111000110100111101001101000011101100101001000110001000
010101010111111011100110000001101011101000000101001100101010000001001010010101011110111100110111
010101010110001011001110111000000000111110111110000001100101000110110111110100110100110101011110
010101010010111111000011011101101011011010110101000101110001000101010010110110111110101110101010
010101001010000011111010001101001000001011111011000110110010000110000000001100110010011000100010
010101001000110111010000101001011110110001001000011000001001100110011101010101101101101001000101
010101000111011001011100000110111111000110110000011101101001111010001001000010001111010110101000
010101000011111011101010001100111100011001000001011011101111011011010011100011111011111111101010
010101000010111101100010000111111010100000011011110010001010001110010011111001010111101100101111
010100110111001101101110001100001011010110111011100111101000010000110000000111010011110011000101
010100110100111000110110001110011111101000111110011001000011111100010011001010011111011111111101
010100110001101011010010110011010011100010100100010011101111111111101101111000111000101110011110
010100110000000011101011011111010001000111101010011110110110100010000010011110010101010000011001
010100101011010010010010011010010111011110010010110111000110011010011010010111111101100000001010
010100101011010001010010110110011101001100001001011100000111111000000111110101000011010010000110
010100100100011111111110111111101011011000111001101000010001101101011011010000111110110100111110
010100100010000011100010100000011011000010011110000111001111101110001011110110001000111000000000
010100011110001100111000111101010011100000110011100101011011100001001001101011111010000010011000
010100011001111101110110111000100010001001101011011010101110110010010100011000001011011101011111
010100011001011101001010110000101110100000011101001111101010101110001000110100011101101101100100
010100011000000110001111100010100001010001000010100010011110000001010110110101001110100000110100
010100010111011001100011100110110011110110110001000011100001011111110001101010111101111011011011
010100010101110011101000111100111101010000001101011001110011011100110100011011101011001011000100
010100001101100011100101101100001110101111101101001001010011110111011101000010001111011101110100
010100001101000110011101000001110111001000000000101001110010101000110001000100111101001001110010
010100001100100010001111100000100100110000011100001101011111110100100100001101001000101110101100
010100001011111101101000011101110011110101000110011011101010111111011010111110011011111001100110
010100001011100100111111011010000010110100010101011100000000001000111110101111111100000011100010
010100001011001100010010000010011011100001111101100010001101111001100101101001111101111100010011
010100000001110101001001001001101101000101110110011110111111111000011001000000111001110100101011
010011111111001110100001001100110011111000111111100101110111010000000100000001111110101101101111
010011110000101010110000011111100101111111000101101000000100000101101101100100001010100110010011
010011100111001100100001110101001101111100011101010010110001011001001011001111111101011101110010
010011100001001000100001100111010001010010001010001011110110101111011001010111010000001011011101
010011011100100110010111000110010001001101010011001001101011100111110010111100010101011101011011
010011011011100010010111000101110111010110000110010011110111011001111110100110111011010001111011
010011011011011010000010011111100101001101011001010010000100010010100110100101110100001011000100
010011011001110111100110000111110001000110000011000110011100111000000100010000010001001010111001
010011010111110001101110101110000000011100011110001000101000001001101110110110110111111101000001
010011010101110011010001100111110111100000001000100110100101111110011011111111100111001011001010
010011010010100101001011010010100000101001110111001110100110011001010111101111110001000101011101
010011010000100110100011011011100101100101100010011000000010001101100110101010011000010111100001
010011001101011100011110000001110000000110110100010010110110010110010001110010100011001000101011
010011000101001110111100111001111101110010110011110101010111100010000011100100110111011111011011
010011000101001110100110011110111001011011010100000111001110010100001100101101111000100010010011
010011000000100000101001111100000111110100011110000011000100111001110010101110110010000111111011
010010111001010011100000110110111011011000010100110001010101111110011010011101001101000001101011
010010111000010011011001000001001010101000001110000010010000100001110000011011111000100110110010
010010110101110000111001001101010001110011010000100110000000001101001101100101011010011100100111
010010110010010110111010100100101000101001110100111101111011000010111101010100011111010100000111
010010110000110110000111111101111101011000011010110000111011110100011110110100010011100001111100
010010101101100010100010011111110110011010111000000000001000101101100011001101100110110001010111
010010101100011011101010110010110000100010011110110101110110100110111111101010001010011010010001
010010011110000110110100010101101110110100110010001110101111111101001011101111000010111101110110
010010011011101000001100100001111000010110001011010100000101110110010111110111001000010011001000
010010011010001001001011100011000010000000000001011100000100101110110010010101000010101110011001
010010011001111011110100010001110000001010011110000100010111100010111010010010000110101010110001
010010001100101011000111100010101111100101001010111010111110111111010011100101110000101001011101
010010001011111010010111000001000000010001111011011001000111100101110111010001111010101111001101
010010001000100100101000101100101011000001101011110010101001101011101000010101110111101000001101
010010000110011001101000000001001110100110111000011000110010000011001011111111111111000111001101
010001111000101011111110010110111000101110111001001001001010000001100101111101000010011010110000
010001110111010000000100100110001100100011101111101011101101001101110000111010111010100111011000
010001110000011110000001101000100101111011001001000111001101011101010000010001010010101010110001
010001101110110111110111010100111100000011111011111011000001000011110011001011010110100011100001
010001101101011011111100001111001011010000111100011001000111011001100010111010111111011111010111
010001101000100000110010110110111101110001011001111101010111100111010000001011110111100011101100
010001100111111100100000100111100000110101010000000101110000100110100000110100101000110010100101
010001100010110111010100010001010111000110010111011000000100111000100000001110101010110011100111
010001100010001010001010000101010111110110111100111010000111110001111000101100110111111011110010
010001100010000100011010111001110100100011111010101101101011111111100111101111010000101100001010
010001010111111001001101100001110100011001011111100110111100000011001100110101111001100010101010
010001010011101001010110101110011100100101011011001111111000001000100100001001001010000001010010
010001010010110111100011100010111010010000010110001111011011000001111011110111110111011011110110
010001010000001110011001100100111010110100011001000101011011110001011001110011110000111100000011
010001000011100100101001100111011100111010101010100011101010110111001001011011111110001000011110
010000111101101111110011100011111001011101000110101001110001111000001000101111110010101110101100
010000111101100110101111011010011000010101110010101100100000010101111100010100100000110111010010
010000111100011111101111110111010110001101111101001000111100100100110011101001101010001101111011
010000111001100000100011101110100000101101001010010101011100001100111000010100111100111001100100
010000110101000111111110010001100111010101110101000011001110011100001001111011110000110100011110
010000110010011110111001111000010101100101011010010011000111100000011101001001001101001010000001
010000101110001001111001110110111101001011001000100000111100100001101000111001000110000110100001
010000101010011010011101101100110110100000100001001110101100001110100001010010011000100111010010
010000100100001001101111111011101000101100011000001110111100000010100001100001101001101111101100
010000100011010011011101110000110111100110011000100110010110001001010101011101000000100101100011
010000011111011110110010110001010111001100011010110000100110110100110011011110101001111001001010
010000011101001100110001000001011010001000010010100100100010100010111000111101100000110110001110
010000011000100001000010000100100101010001100010101011001110101100100101111101100101011111101100
010000011000010000011110100011101011011111010111000110000001101110000110101010011010011111110011
010000010110011000001100010101010100010001100010000010010011111000001101000000010100010001110110
010000010110001011100111000101100111011011111100111101100011010001000000010010111111011101001110
010000010101110010010111100010101110010011001011101000010110111101101111100111111101011001101100
010000010100101100110110101010111100000110110001110101101011100100101110001110111001110001110101
010000010000010010111111101110001010010011000010111011010001101011100010110110011101100000100110
010000001110110000111001001110111101110111011110111101001011000110010100001101011101101010001110
010000000111110011100101010101011000100011010001010100010110010110111010010011101010000110010100
010000000000011001100111000101001101000011001110101110010111100101011101100110001100011101001000
001111111100111110111000111000111100101001111100000100011101010110101010100001111111010110111100
001111111100001011010111110010100001100010010001101010000000111101000110001101010001100110110000
001111110100000000111111001110000011010110111010101110111010000011101101001111011001011111100010
001111101011010000101100101000011011101011000001101010111101100111011000111111110000111110001100
001111100011111001000110010111100110011111101001011101001010001110100010110011101010111101100010
001111010011101010010111011101101000111100101110111000100010101011000011001010011111000001001111
001111001110011101010001000101000010001000001111001001100100011110100111011111000011001101110001
001111001011001011000101011010011100100110000100100110010011011101101101101001000111111110000010
001111001001101010111101001011000100000010111111111101000111101010000001001001010100011110011000
001111001000111011100100111100110110110001110110111010110011011000110011011101110000011010100011
001110111010010100010000100001111111001000001000001010011100001001001000001100011001011101000110
001110110101010010001101101101011101010010011101000011101111010011001111001111010000001001111011
001110110100111110110000010001001011100010010100111011001111101111111110101000001100110010110010
001110101011101010000001010110000001111111000001011011011100111001111011100110000010000110010101
001110011110001000000110000011110101100000101101010111001111001100110010100011110011100111101001
001110011100010001000101110010001010011110010110011110000111110010011100101111010010000001010001
001110011011100010111101000001111010001010001111111011001101011000010011011101101011111001110001
001110010110100101111100001110110010111011010110000100101111000100001000010000000110100001000100
001110010101111010001001011001110110011110100010001111010100010001001111011010111010011010011111
001110010010100100100110001110100000110001110000011011100111010001001010000010011111101100010010
001110000100100111010001001011111010100110111111001111111111110101101101110000111000001010110000
001101111000111011011100111100011110000111101001111010000101000000110010111001101100010110000111
001101101100100101111101011011110111111101110100101011010011010111001011101100110001101010111101
001101100100011101110101000001011100010111111100111111101110011000100101110110011111010011111011
001101011100101010011110010001010111001001111001100001101011101011000101011101111110001011011111
001101001111110010111010010000100101010010011110111000100011100110110110010111101011110101101010
001101001111001110100111111011000011110101111111000101001011101110100110110001011010011000100100
001101001011100111100111101110110010110011110001000001101111111101001111001000100010010101010000
001101001010111110000111111010010110010010110111111110010001110000011010100000011000111001100100
001101000100010101110001011100101110001110011001001101010000000011110001100101001010110100111001
001101000001001011101100110111000010110010100001010111001011000111001000001110100100110111101110
001100110110110101111010101111101001100110011111001011101111001011111110101110010100110000011111
001100110001011011001010111001000101111010110101011101111010101100100101101000011111101111100100
001100101110111010110010100000110111000100111101011000011011011010000111110011000000100100001101
001100101101111011000010100110100100101110110100111110110110101010001111001011001010011101010111
001100101100101110101110110001110001110001001000000001000000011001111010110011000000110001011011
001100101100101100100100011001100011011110010000100011100110000100011110100011101101101001111001
001100101000111111011011101100111110010010010000010111001011011110000111100111010010011001001100
001100100001011110100010100011001111000111011101110010011110111110001111000001111111001111110000
001100011110111111110000110000011101001000110110001100011010010110001001100011011101100101101010
001100011010101000010101010101011011001001110011000100111111101111010101100101110110100111110001
001100010110000011110111100101101111101011110100000110110111000101000010101110101010000100010001
001100010001001011101110101100100100001001000111111011010010000110111000111100110000100110101110
001100001110110011110110011000100101100100010011000011110001001110000001110011010111101011110101
001100000111110011001000010001110111010101110111001000100001001111101000100001011110100110101011
001100000011111001001111011101011011011011011000001011010111000101101011000010001101111100110000
001100000000100111011000110011101100110010101100000101111111010100110110011110010100100100110011
001011111000011111011111010110111110101010011001000011110100101001100000101001001101000001011110
001011110100101001010101101011100011010010100010000010111100100001101100101011011100110010001001
001011110011110100001110010110100001100100001111010010001100110111100110111110111100010110000100
001011100101100111100010110101011111001010101100100011010000101010100001100100011110101101010001
001011100100100111000101010010100110100011011010000100101001010101011101000011010010101100010101
001011100011100010001110101111011111011001111110000001100011110100000011110001010000110101111000
001011010110111010000100110010101110010100000001001101101111010010010000010000110001001001001011
001011010000011110110101110110110101010100011100110110111111011101001001000010100101101001001111
001011001011011101010010001101100000000011010010100011010001011111010111100001010001100110010000
001011001001000100001110111111000010001111010010101100111101011011110111101111101011111001001011
001011000111111000011110011000011001100000010101111001111011100100110111100011011011100000010111
001011000100010101111011010000111010100000001000000101011011010001000101100010100011000101000010
001011000001100110001101000101110011010001101101000101111111111101000110000011111011111111011011
001010111001111101110111111011000001100010111111011101000001001010101110110100111001001001101011
001010111000101101010000010111010001010111010001101011101100111111101111100011001011100011111000
001010110110101010101110100000110101111111111111011010000011100011010100110010111010110000101001
001010101111010010101000001101000101001000000101100100000011001110110100011110100100111001110100
001010101101010110110111101111101000000111100001101011100101010100001110111011101000110100101101
001010101100001100000011001010010100011111101011100000011001111100100111010101111001110010001001
001010100100010010100111110010011001111010110110110000110010101011100101110011100000001000000111
001010100010000011100110001010101001111101011101101010100100010000011110101001010100110111001110
001010100001011010000111011001101101000110011111111000110101101110000110100010111101100101011110
001010011011001001101001100110001110111111001110000110011000010000110110000010110101101110000101
001010010101000001010001100000110110111110101110001011000100100100010101100110011101010101011101
001010010011000000001001011000111100001100010111100001011001110011011110000001000101011110101101
001010000000110110011100011000001000100111001111110101011111111010010011101000101010000000001000
001001111001011101001010011110010000011100100100001000100000100011001111100000000111110011111111
001001110101110011111111000000111111011100100011001111110111111011110000010010101001100001101000
001001101110110101101100110101100001101010000000000101001101111010000100000010101010011000111000
001001101100111110000010011111010000001000111110111100110011100101101101001001001000000100000001
001001101100001011011000101011101100111101100011001011000010000010001101111101000011001011000001
001001011110011011000110100111001101100101111100011000000101111111111111000011011111101111111110
001001011000010011000111000110110000111101101010011011000101101010000101000101100001010101100100
001001010110001111111010001011000011000011100101101100010010101010010000010110111111000000101000
001001001100000011110011000011001100000010000111011011000011110011100111001011000110100100000101
001001001010111010001110011010111011101100011010101111001100000110101110010001001011011101001100
001001000011100011001111111110000100110101000010100110101000001001001010101101010110011001001100
001001000010010111011000101010101110101100010100101001101110000001100110100101100010010100010000
001000111010101100011011010011100101101100010000011001110000000011101101110100011101001110100011
001000110111110100101001000000011001110001000000110010110110000101101100011010010011111011000001
001000110000101101000101101000000011100110010011000100000100100110111100101001111101010100111011
001000101100111000111010010100100101101101001111000110101000111100001000000110101100011101110100
001000100101100111100000001010111101001111001011110011110101111101001110101110000010010011110110
001000100011001011011101100110000001001001001101000100010100011100000010110111110100111011110000
001000011100110110100100111110000101100111101100010011101010011010001101101011100100111010110000
001000011001100001100110000000110001111110011001110111001101011111000000111111110100000110001111
001000011000011011001010101001001001110010110010111010111010011000110111101001101111011001001110
001000010110011010110100111111111100100010110100101000101100101001111101111100100111001100010100
001000010100011101010000000111001010101001010011011000000010100010101011001010101100011011001001
001000001011001000000000001011111011010010110000100010101110110111100101101111000100000010001110
001000001010010010010110000101111100110110100101001101010110101101100011001000001101010101001100
001000001000111000101000011011000100010010111111111010111011000111111110000111001111100111100000
001000000001101111001000101100010011110011100010110101010010111101011100110110111101100100011111
000111111100001101010010010000111000100101000000101010111110001011000001001011010111101100100100
000111110100110011101110000001001011011001011001001001100110001010101011000111110100100011111010
000111110011010111011100011000001001101000000110000010011111110101001111100001011011100000010101
000111110000111010001100110110010010100011011001011011000010110101001011100001100011101010000110
000111101100011100001111111001001101100111101100101100010010101001010010101101011000110111010101
000111101011010000101110101000110000101001101111101110110100111010100100010011100011000100010010
000111100011001010010110111000000010010111101011001111011111010000101011110011011111001100101100
000111011110101011000000010100010100011100110110001000001100100001001100101011111101101100111000
000111011100010010110110000011111011111001100010011010101011111111010101010010000000011111010000
000111011011110100010101001010110100010000101001011011010101001101010010110000101110000010110000
000111010001011011011001110011001101011101001110011010111011001000000110111001011100011001010001
000111010000000010001110000110010010000001010001001001101000111011111100011011101000101100111001
000111000011011110110111101111000100100101111110111110110000010000100010111000001101101010000001
000110110001110000000010000111000111000110101101101001111001001000101101100000001110010001110110
000110110001000101111010010111000000110010101111101001001001100000101111011000001110011011010010
000110101100110010111000011111010110011100110111011011010010101001000111001011100100100001011110
000110101011111000000110111000110110110101100111100011011000010001011000100110100110100111100100
000110100110111011010001101101011011001111010111000100111111000000111100010001001000111100001100
000110100000101100110001110101110000011011111010111100100001111011100010011001000000101010001110
000110100000001100001000001111011111101011110010000011111110011011000100101100010111010000110101
000110011011010001111011101111010110101111110011110000101001110001011001001111110010100000101011
000110011000101100100001000110100011011011111010101101101111100001100100000000000100000110111101
000110001011010101111000010110110100001101111011010011101100111111001000111101010001000011100111
000110001010010010110010101010100100010011011011010100110111001101000011011111101010110011011101
000110000110011000000011100101100100011110101100001110000101001101010111000101101001011100101100
000110000011010111010110001101001011101110000001000011000010101110110111010101010010101100011111
000110000001100001011010000110010110001100000100011100101011101001011000100101111011010011100101
000101111110011111101110111110101000001001111010011010110010101011111010011000000100000010100101
000101111100110000011000000010001010001011011111101101100000111010111000010111001011010001000001
000101111000010011101001011010001111001011111111001111011010101010011100010101011001110000101110
000101110110001000010101011011011101110110000011000100011011111000011111101001101111001111110100
000101110010010001000111011110111110110101000111111001111101001000111111111101111000000100100011
000101110001110110110101100000100101000100100111100110010010111001010111111001001001111000110000
000101110001101101001111000100110100111110100110101100100011001110010010001101100000000000100100
000101011100111100010010010010111011101011101001001100110000100110111111110100001110000001100011
000101010001100100100111110100101010100011101001101111110101000000100111001101110110110000100101
000101001101101101101111101110101011101011100110000001011000000001001100001010111110100011101100
000101001101011100010000000100111101101001001011010000011101100000111011000010100010111100110110
000101001101011010111101110011110010110100111010000001100100110100111111010111001111010000100011
000101001010011001110001011011110110111100010101100101110010011010011101001001101000101101110100
000101000001011000000101010111000100010110100110110101000010110111010111000110011011011011001101
000100111111011010010100011010001101111101111101011110110010101100110011110111100010100110001110
000100111110110011010101101110100101011010000010101101001110101100101010010001110111000000110100
000100110101010001000010001100101010001000011110100101101011000111000010010010010001101010100101
000100101101110011110111000100001011110010110101100100011110100110110000011000010110110001111001
000100101010000010101011010011011111011100101011101111101010010101000011011110111000100010011110
000100100111010011001000110100101011100010100100101100110110000011110100110001111110010001101110
000100011100110011100100001111100110100100101011111110110011001001101010000001110000101001101110
000100011100010110010000100010110110011110100111010101110110100111100011111010110100111010011101
000100010010100010000100011100101010111010010100111111110010101100110110011111111000111000110011
000100001100011111100110001001011111000001010011111011011010101000001101101010110100110100000010
000100000001110111010001101000111111001001110000100000100101000011111100110101000111111000011011
000100000001100110100111111101110110100110001000011000000100000110001110110001010000001100010001
000100000001010011110011111111010110000100011111110001010110100001101101000101101100101111110110
000011111010001001011110011100100010001000011001110000111100110011000010100011000100110101110000
000011110010001011001001000110000111000000001001010101111000101110100101101110011010111011011111
000011101111110110101111001011111101110010100101111110000111101011000001110101001101100111110010
000011101110001111000010100010100101010111001010001011100110011100101000111101001000101010011111
000011101010111100011110100111010100001001000010011101101001011110001001101011100011111000001111
000011100000111101110011011000000110101011000100010011010101000011000010001110000101001110110100
000011011101011100100001011000101101111100110011000100111111110111011001011010100101010111111100
000011010110011110010010000010101010000101110100110010100110010110011000011100111111010111111110
000011001010111001101110000011011111010011010011011111110110011000001010011111001110111011011000
000011001010110111001011101100001001010010011101110100011101011101111110101110001011000011010111
000011001000011111010101111110100011000110110011101110001010100111010000001110110000110100000000
000011000111100010001111001010001001110110011001100001010010001010001110100110101000010000100011
000011000100100101110111001101001000010001011110101010101100101110101110101001110010101001001110
000010110110010010011100001101101111111010001001011111100110001001101100110011001010000101101001
000010110011001110100001100100100101000110011111010011000001010010001100111010100111110110000011
000010110010111100100111111001000010101011000100001100100100000101100100111100001101101110110001
000010100110100100110111010011011101010110011011110110001100100100100001111011110001111110000110
000010100101110100010111000100000001100011011001111101000101100010011001111111101111001011010111
000010100101001111100110000110110100110110101001100110110010110101001110100100101110011111100010
000010100011011111101110100100000011001111010011000111001111110000010110011000000011100100111111
000010011000000010111010101110111011110111101010011001001010010001010000000100010110100001001101
000010010111100111000010110100010001100110110101010011010111000010101000000110001000001010001111
000010010101011011011100010111010001110110111110000110101011001011101001110111000001100110111010
000010010011010001101000000101110111101000110001011000100001001000110111011011110100000100110010
000010010010010111011011001100000111111101011100111110011100000110111010001101000100101100011011
000010001100001001010111110010100101001101100000100100110011010010101011000011111111101101001110
000010001011111000001110010001000100111001101011010010010011011100001100000001110010010111000110
000010000010110100100000000110011100110000100011000010001000010010101010110000010000100110110100
000001111001110111010101101111000010011100100011110001010001010000101110011101001011111100001110
000001110110001110101111101110100000001100011000110111111011000011101110000110010011001111001111
000001110011100100010100100011001011111000011010000010100101101100111011011001110011100000010010
000001110010110101110000111011001010100111111000000100011110000010001001011100010001011001011010
000001101111000101001100100100010011001100001111000100010100000110011111110010111111100000110100
000001101100001110110101001101011100101110001111111001111001001110101010110111000101100111100110
000001100101111000000001111000000000000100000110111001101010111101001111001101011000100101100001
000001011110101111110110000101000101111010100100011100001100111101000101100011111001101100011011
000001010010101001011111111110101000000001000110001110110100001010101011001001100011001010111001
000001010010011101110010010100001010010100111011001010111100011000001101110011001011000011101011
000001010000110010001100100010001101011000100010010101101100101001000111111110100010011011101000
000001001100011011011110110000101110110111001000010000001010001100011110110011110000111111000011
000001001011000100000100011110010001110000110000101100110111100101101100000101010110010100111100
000001001000101000000110110110110011110101111111010111110100010111001110100011010100000011111110
000001000110111100101111001111010010000110111001110011111100101000101010100100110101100010101011
000000111111010101001110111111100111101100011000000101010110011110001111011100101111001001100001
000000111110001111000010011111001100010111011000001111000110000110011101110100100000100101101111
000000110111101110101001011000000100101011100110101000010011011001110111100000111110000001000111
000000101111011110110001001000011101001100101111100010100111100011011111000110010010100010110011
000000100111100001000010001010010100100001001010100011001101110111010000100100101000011111000111
000000011010110111000100011101011000100001111011011010000001001011100010001101010111010000110000
000000011001010111111101100101101011001000001111111011010011110001010010000100010010000110100011
000000010110001010111110110001101010001100111001010100011011110011011110001011111001000001000011
000000010101010000010100110111011100101010101001110001101011101111011110100000000011000101010110
000000001110000011101111100000000000110000011011111101000001111111010011110111010010011011100011
000000001011000001010101010001110100111101110101001101101001000011011010101101001110011101110110
000000001010100001010001010001010110100010111100100000100111011111011101001101101000110011110010
000000001001011110101110101100100000010011001111100111010110110101101010000001000110101100000011
000000000110100111101000101110110110001000010110010100111100110110110001111001011010101011000101
000000000100111001110010011001101001101100111000110101110011111100001101011010001110100010010110
000000000100100010100100011011001011001111000000000101011010110011000101010110000001111011100100
000000000100001000101010101001010001010111001010100100001111101110111001111000010001111000101110
