111111111100100010001010010110001001000010000101010101011011011110111011011011111010101100000100
111111110110000101000111000000101010000010000101010101011011011110111011011011111010101100000100
111111110100110000101111010111001110000010000101010101011011011110111011011011111010101100000100
111111100011010100110100101000010001000010000101010101011011011110111011011011111010101100000100
111111011110110101010100010000101100000010000101010101011011011110111011011011111010101100000100
111111011100010011110111011110010101000010000101010101011011011110111011011011111010101100000100
111111010001010100101100101011110111000010000101010101011011011110111011011011111010101100000100
111111000100000111000010010100011101000010000101010101011011011110111011011011111010101100000100
111110111010010111011010000001010111000010000101010101011011011110111011011011111010101100000100
111110110010110111011011001111100101000010000101010101011011011110111011011011111010101100000100
111110110001001011100110010011000000000010000101010101011011011110111011011011111010101100000100
111110101111001011101110001010001111000010000101010101011011011110111011011011111010101100000100
111110101110110101000111100000110000000010000101010101011011011110111011011011111010101100000100
111110101010111101011100110010111011000010000101010101011011011110111011011011111010101100000100
111110100010110011101110000010000001000010000101010101011011011110111011011011111010101100000100
111110100001110110000011100101111101000010000101010101011011011110111011011011111010101100000100
111110011001001001110100110000001010000010000101010101011011011110111011011011111010101100000100
111110010111011000000110100111010000000010000101010101011011011110111011011011111010101100000100
111110001100101010110011011001100111000010000101010101011011011110111011011011111010101100000100
111110000101111101110000101111000100000010000101010101011011011110111011011011111010101100000100
111110000010001111100000100011100010000010000101010101011011011110111011011011111010101100000100
111110000001011011011010011000011000000010000101010101011011011110111011011011111010101100000100
111110000001010011100100000011100011000010000101010101011011011110111011011011111010101100000100
111101110000010111111110010100000001000010000101010101011011011110111011011011111010101100000100
111101101110111101110101100100110011000010000101010101011011011110111011011011111010101100000100
111101100111001110110010011001100100000010000101010101011011011110111011011011111010101100000100
111101100101001101010110011000101001000010000101010101011011011110111011011011111010101100000100
111101100100100101000110001010100110000010000101010101011011011110111011011011111010101100000100
111101100001000010011001100100110011000010000101010101011011011110111011011011111010101100000100
111101011110110111000110101101101010000010000101010101011011011110111011011011111010101100000100
111101010111000100001110111011001101000010000101010101011011011110111011011011111010101100000100
111101010001001010100101001000001011000010000101010101011011011110111011011011111010101100000100
111101001101010001010100111101100111000010000101010101011011011110111011011011111010101100000100
111101001101001010001100101101001011000010000101010101011011011110111011011011111010101100000100
111100111101010001110110010101110000000010000101010101011011011110111011011011111010101100000100
111100111010000110011011111111111110000010000101010101011011011110111011011011111010101100000100
111100111000001011111010000010001001000010000101010101011011011110111011011011111010101100000100
111100101011010001011001000110111011000010000101010101011011011110111011011011111010101100000100
111100011110000010100100000100001011000010000101010101011011011110111011011011111010101100000100
111100010101110001111110100000110100000010000101010101011011011110111011011011111010101100000100
111100010001010111011000110111101100000010000101010101011011011110111011011011111010101100000100
111100000100110110111110011011011000000010000101010101011011011110111011011011111010101100000100
111100000011000001000101110011001001000010000101010101011011011110111011011011111010101100000100
111011101100100011111011011001111100000010000101010101011011011110111011011011111010101100000100
111011101000011000101110011000111100000010000101010101011011011110111011011011111010101100000100
111011100010010100000110001011010000000010000101010101011011011110111011011011111010101100000100
111011010010101101010100110101010111000010000101010101011011011110111011011011111010101100000100
111011010001011010001110111100100110000010000101010101011011011110111011011011111010101100000100
111011000111000011110110111101100010000010000101010101011011011110111011011011111010101100000100
111011000101000101000001100011001000000010000101010101011011011110111011011011111010101100000100
111011000011110110100001000111010010000010000101010101011011011110111011011011111010101100000100
111010111111101000011101010100010000000010000101010101011011011110111011011011111010101100000100
111010111110111110000111000110101110000010000101010101011011011110111011011011111010101100000100
111010111101100011101111001001111001000010000101010101011011011110111011011011111010101100000100
111010110100110101000110001010011010000010000101010101011011011110111011011011111010101100000100
111010110011111110100100010010011000000010000101010101011011011110111011011011111010101100000100
111010110011010010000010110100010101000010000101010101011011011110111011011011111010101100000100
111010100110111101100100111111101100000010000101010101011011011110111011011011111010101100000100
111010100011101011010011001000101100000010000101010101011011011110111011011011111010101100000100
111010010010010110101111010001100111000010000101010101011011011110111011011011111010101100000100
111010001001111101011001001111010100000010000101010101011011011110111011011011111010101100000100
111010001000110101010011001010000011000010000101010101011011011110111011011011111010101100000100
111010001000010011000011001111101111000010000101010101011011011110111011011011111010101100000100
111001111100100100101000000110100110000010000101010101011011011110111011011011111010101100000100
111001111100011101011001111111000000000010000101010101011011011110111011011011111010101100000100
111001111010100100011110100001101101000010000101010101011011011110111011011011111010101100000100
111001111000000010111101011111101110000010000101010101011011011110111011011011111010101100000100
111001101111001000000110110000010101000010000101010101011011011110111011011011111010101100000100
111001101101101111001011011100010101000010000101010101011011011110111011011011111010101100000100
111001101001001010000111101011011000000010000101010101011011011110111011011011111010101100000100
111001101001000001000101100010001100000010000101010101011011011110111011011011111010101100000100
111001100001001011111001100011010110000010000101010101011011011110111011011011111010101100000100
111001011101101000101011101111110000000010000101010101011011011110111011011011111010101100000100
111001011101001000001101110000010100000010000101010101011011011110111011011011111010101100000100
111001010110000100001010111110010110000010000101010101011011011110111011011011111010101100000100
111001001001111100100001011000001000000010000101010101011011011110111011011011111010101100000100
111001001001010110110001101000110111000010000101010101011011011110111011011011111010101100000100
111001000011110110100100101001000111000010000101010101011011011110111011011011111010101100000100
111000111001011001110100101111111100000010000101010101011011011110111011011011111010101100000100
111000111000100110010100011010001011000010000101010101011011011110111011011011111010101100000100
111000110100100000000110001000101000000010000101010101011011011110111011011011111010101100000100
111000101101110011000100001101011100000010000101010101011011011110111011011011111010101100000100
111000100011011010001100000001011110000010000101010101011011011110111011011011111010101100000100
111000100011000101010001001010111110000010000101010101011011011110111011011011111010101100000100
111000100000100110111100000011101010000010000101010101011011011110111011011011111010101100000100
111000011110001111111111011111110001000010000101010101011011011110111011011011111010101100000100
111000011011011000010000101111100111000010000101010101011011011110111011011011111010101100000100
111000011000001010101001110101101111000010000101010101011011011110111011011011111010101100000100
111000001111111011101111001011110001000010000101010101011011011110111011011011111010101100000100
111000001100010001100111001001000000000010000101010101011011011110111011011011111010101100000100
111000001000100111011100111000110001000010000101010101011011011110111011011011111010101100000100
111000000000000000000000000101111011000010000101010101011011011110111011011011111010101100000100
110111111010100010110000101111101001000010000101010101011011011110111011011011111010101100000100
110111111000000111101101000000101111000010000101010101011011011110111011011011111010101100000100
110111110010001110101010101010110011000010000101010101011011011110111011011011111010101100000100
110111101001111111011000010010010101000010000101010101011011011110111011011011111010101100000100
110111101001111100110010100010000010000010000101010101011011011110111011011011111010101100000100
110111100110110111111001011101011010000010000101010101011011011110111011011011111010101100000100
110111100101101100110100101101000011000010000101010101011011011110111011011011111010101100000100
110111100100011101001010101001010001000010000101010101011011011110111011011011111010101100000100
110111100010100000101000010011000011000010000101010101011011011110111011011011111010101100000100
110111001010110100111111001001100001000010000101010101011011011110111011011011111010101100000100
110110111110110110110101001110111110000010000101010101011011011110111011011011111010101100000100
110110111110010001101000010100100011000010000101010101011011011110111011011011111010101100000100
110110110100000001001100100100011001000010000101010101011011011110111011011011111010101100000100
110110110000111101101011011100011000000010000101010101011011011110111011011011111010101100000100
110110101010011000101001010101110010000010000101010101011011011110111011011011111010101100000100
110110100111110010000010011011111010000010000101010101011011011110111011011011111010101100000100
110110100111101101000011001011110010000010000101010101011011011110111011011011111010101100000100
110110100111100000010101111011100010000010000101010101011011011110111011011011111010101100000100
110110100110001111110110110101111010000010000101010101011011011110111011011011111010101100000100
110110100101000010010010010010010100000010000101010101011011011110111011011011111010101100000100
110110011110101010010000111101000010000010000101010101011011011110111011011011111010101100000100
110110001110100011001101101101011111000010000101010101011011011110111011011011111010101100000100
110110001011001010110011000010101000000010000101010101011011011110111011011011111010101100000100
110110001001001000101111010001111011000010000101010101011011011110111011011011111010101100000100
110110000010110110011111011101000101000010000101010101011011011110111011011011111010101100000100
110101111101110011010110001100001011000010000101010101011011011110111011011011111010101100000100
110101110111111001011001111000010011000010000101010101011011011110111011011011111010101100000100
110101110110101111110010111111011011000010000101010101011011011110111011011011111010101100000100
110101110100011011100001001110011100000010000101010101011011011110111011011011111010101100000100
110101100000101110010101010001001000000010000101010101011011011110111011011011111010101100000100
110101010111000010100010100001100111000010000101010101011011011110111011011011111010101100000100
110101010010000001011000001110101101000010000101010101011011011110111011011011111010101100000100
110101001100001011011011110011001011000010000101010101011011011110111011011011111010101100000100
110101000011101110111010111111110011000010000101010101011011011110111011011011111010101100000100
110100111000101000001100001011011111000010000101010101011011011110111011011011111010101100000100
110100110000010000011110001100100110000010000101010101011011011110111011011011111010101100000100
110100110000000101011000001100010001000010000101010101011011011110111011011011111010101100000100
110100101111011111101101111111010001000010000101010101011011011110111011011011111010101100000100
110100101110111010010100011011101101000010000101010101011011011110111011011011111010101100000100
110100100111000001000100010000111101000010000101010101011011011110111011011011111010101100000100
110100100100110100110111110010000101000010000101010101011011011110111011011011111010101100000100
110100100011110010000001001000100011000010000101010101011011011110111011011011111010101100000100
110100011111010100110110010101001101000010000101010101011011011110111011011011111010101100000100
110100011101110101000111100111010001000010000101010101011011011110111011011011111010101100000100
110100011010000000011000010001111000000010000101010101011011011110111011011011111010101100000100
110100011000011111000100111111010111000010000101010101011011011110111011011011111010101100000100
110100001011000110010101110111100110000010000101010101011011011110111011011011111010101100000100
110100000001110011110101101100101101000010000101010101011011011110111011011011111010101100000100
110011111101111101110010100110111110000010000101010101011011011110111011011011111010101100000100
110011111100100110000000111101110110000010000101010101011011011110111011011011111010101100000100
110011110010100011101010011000100110000010000101010101011011011110111011011011111010101100000100
110011101111110101110000000101111011000010000101010101011011011110111011011011111010101100000100
110011100111000101111011010011111001000010000101010101011011011110111011011011111010101100000100
110011100101111010011100110101110111000010000101010101011011011110111011011011111010101100000100
110011100101001011110011010010100101000010000101010101011011011110111011011011111010101100000100
110011100100001101001000011101101110000010000101010101011011011110111011011011111010101100000100
110011100011100001000111011010000101000010000101010101011011011110111011011011111010101100000100
110011100011011101011101001011001010000010000101010101011011011110111011011011111010101100000100
110011100010101101110100000110010110000010000101010101011011011110111011011011111010101100000100
110011100000100000110001000101111100000010000101010101011011011110111011011011111010101100000100
110011010110101011111010010001101001000010000101010101011011011110111011011011111010101100000100
110011001110110101000111110101110001000010000101010101011011011110111011011011111010101100000100
110011001011000000000111010000011110000010000101010101011011011110111011011011111010101100000100
110011000110111010111100011100101011000010000101010101011011011110111011011011111010101100000100
110010111110100110011010010110001001000010000101010101011011011110111011011011111010101100000100
110010111100010001110111010100001000000010000101010101011011011110111011011011111010101100000100
110010111011110001100001101100000001000010000101010101011011011110111011011011111010101100000100
110010110101110100111101010101011011000010000101010101011011011110111011011011111010101100000100
110010100001111001011000001001110010000010000101010101011011011110111011011011111010101100000100
110010100001101111101111010100111010000010000101010101011011011110111011011011111010101100000100
110010011101101000110100100011111011000010000101010101011011011110111011011011111010101100000100
110010011100101110001101010101001111000010000101010101011011011110111011011011111010101100000100
110010011000100010100000100001001011000010000101010101011011011110111011011011111010101100000100
110010010110000101110000000001100110000010000101010101011011011110111011011011111010101100000100
110010010100010100000001000000101011000010000101010101011011011110111011011011111010101100000100
110010001101010001100100010001001010000010000101010101011011011110111011011011111010101100000100
110010001001010001011011010110100001000010000101010101011011011110111011011011111010101100000100
110010001000110001010001101001101001000010000101010101011011011110111011011011111010101100000100
110001111101001101100100001000111001000010000101010101011011011110111011011011111010101100000100
110001111100010110010000000011100101000010000101010101011011011110111011011011111010101100000100
110001110111110110001100110011101011000010000101010101011011011110111011011011111010101100000100
110001110101011011110000000000001111000010000101010101011011011110111011011011111010101100000100
110001110011010001000100010110010010000010000101010101011011011110111011011011111010101100000100
110001101111101011010110111100100011000010000101010101011011011110111011011011111010101100000100
110001100110110011101110010111001010000010000101010101011011011110111011011011111010101100000100
110001100100010110000100010100001100000010000101010101011011011110111011011011111010101100000100
110001100011101111110001111010101000000010000101010101011011011110111011011011111010101100000100
110001011100010110111011011011101111000010000101010101011011011110111011011011111010101100000100
110001011010011000100111110111111110000010000101010101011011011110111011011011111010101100000100
110001011010010110010111010010111011000010000101010101011011011110111011011011111010101100000100
110001010000110011001110010111010001000010000101010101011011011110111011011011111010101100000100
110001001001010000010010110001101010000010000101010101011011011110111011011011111010101100000100
110001000101000101101101010111111101000010000101010101011011011110111011011011111010101100000100
110000111111011100010111110010111011000010000101010101011011011110111011011011111010101100000100
110000111000101010100101100100100110000010000101010101011011011110111011011011111010101100000100
110000110010110101010001011100100101000010000101010101011011011110111011011011111010101100000100
110000110010100011111110111100000001000010000101010101011011011110111011011011111010101100000100
110000110000000101000001010010111001000010000101010101011011011110111011011011111010101100000100
110000101010011011101001001011001011000010000101010101011011011110111011011011111010101100000100
110000101000001100110110011110011111000010000101010101011011011110111011011011111010101100000100
110000011101010010100101000100000011000010000101010101011011011110111011011011111010101100000100
110000011100101001001101011000011100000010000101010101011011011110111011011011111010101100000100
110000001110010011010110010100101100000010000101010101011011011110111011011011111010101100000100
110000001000111001000000001100111011000010000101010101011011011110111011011011111010101100000100
110000000110011110000011011000111100000010000101010101011011011110111011011011111010101100000100
110000000100111101000000010110111101000010000101010101011011011110111011011011111010101100000100
110000000010100110001111101110111110000010000101010101011011011110111011011011111010101100000100
101111111101011011001000110011011010000010000101010101011011011110111011011011111010101100000100
101111110000101110001011010011011111000010000101010101011011011110111011011011111010101100000100
101111101100111000001001101010010110000010000101010101011011011110111011011011111010101100000100
101111101001110000101011011111111100000010000101010101011011011110111011011011111010101100000100
101111101001011010110011011100011011000010000101010101011011011110111011011011111010101100000100
101111100110110101111101011001111001000010000101010101011011011110111011011011111010101100000100
101111100110000101001011110101101010000010000101010101011011011110111011011011111010101100000100
101111100001100110010111000011111001000010000101010101011011011110111011011011111010101100000100
101111100001000011100111100110000111000010000101010101011011011110111011011011111010101100000100
101111011110010100011000010101011111000010000101010101011011011110111011011011111010101100000100
101111010100010000110011101111101011000010000101010101011011011110111011011011111010101100000100
101111001111111100010001011100110111000010000101010101011011011110111011011011111010101100000100
101111001101101001011100100101111000000010000101010101011011011110111011011011111010101100000100
101111001100101101001110011000100011000010000101010101011011011110111011011011111010101100000100
101111000011101000001110101110000101000010000101010101011011011110111011011011111010101100000100
101111000010110000001000001101000100000010000101010101011011011110111011011011111010101100000100
101111000001101101111101011000111101000010000101010101011011011110111011011011111010101100000100
101110111110000101111010001010100100000010000101010101011011011110111011011011111010101100000100
101110111010100101111100000010100101000010000101010101011011011110111011011011111010101100000100
101110111001111011010110100011010100000010000101010101011011011110111011011011111010101100000100
101110110001001101111001010101100110000010000101010101011011011110111011011011111010101100000100
101110101101110111100110101011011001000010000101010101011011011110111011011011111010101100000100
101110101001101111000011100010111101000010000101010101011011011110111011011011111010101100000100
101110101000110001100011010010001101000010000101010101011011011110111011011011111010101100000100
101110100110100110011111000101001111000010000101010101011011011110111011011011111010101100000100
101110100011110011010110110010001110000010000101010101011011011110111011011011111010101100000100
101110011010100010100001000101000111000010000101010101011011011110111011011011111010101100000100
101110010100100110110101011101110111000010000101010101011011011110111011011011111010101100000100
101110001111010110010100001101111010000010000101010101011011011110111011011011111010101100000100
101110000001101111000010010100111100000010000101010101011011011110111011011011111010101100000100
101101111110011111000001000100111111000010000101010101011011011110111011011011111010101100000100
101101111110000001111101111000111110000010000101010101011011011110111011011011111010101100000100
101101111011010110101001100111000100000010000101010101011011011110111011011011111010101100000100
101101110111011000111010001110001001000010000101010101011011011110111011011011111010101100000100
101101101101010011101000011110010111000010000101010101011011011110111011011011111010101100000100
101101101010000000011111111001101001000010000101010101011011011110111011011011111010101100000100
101101101001001100010101011100111000000010000101010101011011011110111011011011111010101100000100
101101100110110010001100000101111011000010000101010101011011011110111011011011111010101100000100
101101100000101111100000010000110100000010000101010101011011011110111011011011111010101100000100
101101011100100111111011011001110110000010000101010101011011011110111011011011111010101100000100
101101011010110001110001110000011000000010000101010101011011011110111011011011111010101100000100
101101011000011011101010101010101111000010000101010101011011011110111011011011111010101100000100
101101000110111100000011011001111011000010000101010101011011011110111011011011111010101100000100
101101000110111000000000111100110110000010000101010101011011011110111011011011111010101100000100
101101000101011111101001011111011011000010000101010101011011011110111011011011111010101100000100
101101000010001110110000101101011001000010000101010101011011011110111011011011111010101100000100
101100110111011110100111110001110000000010000101010101011011011110111011011011111010101100000100
101100101010011111000111010110011101000010000101010101011011011110111011011011111010101100000100
101100101001000011101001001011011011000010000101010101011011011110111011011011111010101100000100
101100011111011101011000110100001101000010000101010101011011011110111011011011111010101100000100
101100011001010101101110011111011101000010000101010101011011011110111011011011111010101100000100
101100001111010110101100111111010010000010000101010101011011011110111011011011111010101100000100
101011111100000000101010100100101101000010000101010101011011011110111011011011111010101100000100
101011101101110101000010001100100111000010000101010101011011011110111011011011111010101100000100
101011101100110111001101011110110011000010000101010101011011011110111011011011111010101100000100
101011101100100111001100001011000101000010000101010101011011011110111011011011111010101100000100
101011100111000011100010001000010100000010000101010101011011011110111011011011111010101100000100
101011010111001001000000100000101010000010000101010101011011011110111011011011111010101100000100
101011010101000011001110011100100000000010000101010101011011011110111011011011111010101100000100
101011010100000101000111111000100111000010000101010101011011011110111011011011111010101100000100
101011001111011110011101101011111100000010000101010101011011011110111011011011111010101100000100
101011001100000100001001100110000110000010000101010101011011011110111011011011111010101100000100
101011001001110010010010010101111101000010000101010101011011011110111011011011111010101100000100
101011001001011000101100001101111110000010000101010101011011011110111011011011111010101100000100
101011000111101111111001100111100000000010000101010101011011011110111011011011111010101100000100
101011000111101101111001111000100000000010000101010101011011011110111011011011111010101100000100
101011000011001000001001011110010111000010000101010101011011011110111011011011111010101100000100
101010111101100101111010100011011010000010000101010101011011011110111011011011111010101100000100
101010111100011110011011000011100011000010000101010101011011011110111011011011111010101100000100
101010111011001011101011000000111011000010000101010101011011011110111011011011111010101100000100
101010101110100000001010011101100000000010000101010101011011011110111011011011111010101100000100
101010100100010101001110110010010001000010000101010101011011011110111011011011111010101100000100
101010100000001000111111110100111011000010000101010101011011011110111011011011111010101100000100
101010011100111010110001010101011001000010000101010101011011011110111011011011111010101100000100
101010011100011100000010011011111001000010000101010101011011011110111011011011111010101100000100
101010010010100000100001100110101100000010000101010101011011011110111011011011111010101100000100
101010010010010111110111011010011010000010000101010101011011011110111011011011111010101100000100
101010001100111110110100101001010101000010000101010101011011011110111011011011111010101100000100
101001111111111010001100101010110100000010000101010101011011011110111011011011111010101100000100
101001111100001011001010110011000010000010000101010101011011011110111011011011111010101100000100
101001111000111110011000010101101100000010000101010101011011011110111011011011111010101100000100
101001110111101101001000111111100011000010000101010101011011011110111011011011111010101100000100
101001110100100001101010010011011100000010000101010101011011011110111011011011111010101100000100
101001101101000111010000101101100011000010000101010101011011011110111011011011111010101100000100
101001101000110111011101100001111100000010000101010101011011011110111011011011111010101100000100
101001100011000011111110101111000011000010000101010101011011011110111011011011111010101100000100
101001011111111001000100010000001010000010000101010101011011011110111011011011111010101100000100
101001011101001111011000011011101111000010000101010101011011011110111011011011111010101100000100
101001010000001100010000001101101110000010000101010101011011011110111011011011111010101100000100
101001001000010111100011110000111000000010000101010101011011011110111011011011111010101100000100
101000111010101010111001000010110001000010000101010101011011011110111011011011111010101100000100
101000110111100110001001100111100010000010000101010101011011011110111011011011111010101100000100
101000110101101111011101010100000011000010000101010101011011011110111011011011111010101100000100
101000110101010001010000110001100010000010000101010101011011011110111011011011111010101100000100
101000110010111011011101001110100111000010000101010101011011011110111011011011111010101100000100
101000110001000001100010111110010010000010000101010101011011011110111011011011111010101100000100
101000011010101101001101000010011000000010000101010101011011011110111011011011111010101100000100
101000000110010100101011000000010101000010000101010101011011011110111011011011111010101100000100
101000000100011100001010010010000111000010000101010101011011011110111011011011111010101100000100
101000000000000011001000100010001101000010000101010101011011011110111011011011111010101100000100
100111111101111010000000100010001100000010000101010101011011011110111011011011111010101100000100
100111110101111110111001110001111111000010000101010101011011011110111011011011111010101100000100
100111110010111010111100100010010011000010000101010101011011011110111011011011111010101100000100
100111101110101111110000001111011001000010000101010101011011011110111011011011111010101100000100
100111100101101000111000110011100010000010000101010101011011011110111011011011111010101100000100
100111011001011000101000101000111111000010000101010101011011011110111011011011111010101100000100
100111011000111110111000110100011010000010000101010101011011011110111011011011111010101100000100
100111010111001110110001001000010000000010000101010101011011011110111011011011111010101100000100
100111010110010111010011110000110100000010000101010101011011011110111011011011111010101100000100
100111001011001001001010001001001000000010000101010101011011011110111011011011111010101100000100
100111000011001110001011011001100111000010000101010101011011011110111011011011111010101100000100
100111000000001101110010010011111110000010000101010101011011011110111011011011111010101100000100
100110111100000010000011011001111111000010000101010101011011011110111011011011111010101100000100
100110111001101001110011100111100001000010000101010101011011011110111011011011111010101100000100
100110110111100010110000100001000110000010000101010101011011011110111011011011111010101100000100
100110101101011000010001010111011010000010000101010101011011011110111011011011111010101100000100
100110101001010101111000100110101011000010000101010101011011011110111011011011111010101100000100
100110011010111111011011011111111100000010000101010101011011011110111011011011111010101100000100
100110001111010101010100100111100000000010000101010101011011011110111011011011111010101100000100
100110001011110010001101001000010111000010000101010101011011011110111011011011111010101100000100
100110000110111110101000111010111100000010000101010101011011011110111011011011111010101100000100
100110000011010110010001101101110110000010000101010101011011011110111011011011111010101100000100
100110000001101110001011110000110001000010000101010101011011011110111011011011111010101100000100
100101101110100110101010111001100101000010000101010101011011011110111011011011111010101100000100
100101011001011111001011001111011110000010000101010101011011011110111011011011111010101100000100
100101011001010110100010011110100011000010000101010101011011011110111011011011111010101100000100
100101010001001011111001101101001101000010000101010101011011011110111011011011111010101100000100
100101001101000101100101101111100000000010000101010101011011011110111011011011111010101100000100
100101001000011000011000111000111011000010000101010101011011011110111011011011111010101100000100
100101001000000000011100111001000011000010000101010101011011011110111011011011111010101100000100
100101000010111110001001110110010010000010000101010101011011011110111011011011111010101100000100
100100111100011001111000111010000001000010000101010101011011011110111011011011111010101100000100
100100111001111100101010000001100101000010000101010101011011011110111011011011111010101100000100
100100110011001100111110111101010100000010000101010101011011011110111011011011111010101100000100
100100110010001111010000000011010111000010000101010101011011011110111011011011111010101100000100
100100110001000111110001110010011010000010000101010101011011011110111011011011111010101100000100
100100101111101111000101100100101111000010000101010101011011011110111011011011111010101100000100
100100101111000110011010001000110000000010000101010101011011011110111011011011111010101100000100
100100101111000101010011110101111001000010000101010101011011011110111011011011111010101100000100
100100101100111100000011111101110101000010000101010101011011011110111011011011111010101100000100
100100100011100011110010100011111100000010000101010101011011011110111011011011111010101100000100
100100100011010100111110100001011011000010000101010101011011011110111011011011111010101100000100
100100100001110100101010001001101011000010000101010101011011011110111011011011111010101100000100
100100011110111110000100010011010110000010000101010101011011011110111011011011111010101100000100
100100011010011110000110000101011010000010000101010101011011011110111011011011111010101100000100
100100010101101101111011010010011111000010000101010101011011011110111011011011111010101100000100
100100001111110001110011110000101100000010000101010101011011011110111011011011111010101100000100
100100000010100010100111111010011011000010000101010101011011011110111011011011111010101100000100
100011111100110101000001110110100111000010000101010101011011011110111011011011111010101100000100
100011111100100101111001000000101111000010000101010101011011011110111011011011111010101100000100
100011111011110001000110101101000111000010000101010101011011011110111011011011111010101100000100
100011111010101101000011111100110100000010000101010101011011011110111011011011111010101100000100
100011101011111100010101111110100011000010000101010101011011011110111011011011111010101100000100
100011101000100010111101110010111010000010000101010101011011011110111011011011111010101100000100
100011100010011111101111010111100111000010000101010101011011011110111011011011111010101100000100
100011100001101101010110100111000110000010000101010101011011011110111011011011111010101100000100
100011100001000111010110011100111100000010000101010101011011011110111011011011111010101100000100
100011011111010011100001011001111110000010000101010101011011011110111011011011111010101100000100
100011011110101000011001010001010011000010000101010101011011011110111011011011111010101100000100
100011011110100110000100000000000111000010000101010101011011011110111011011011111010101100000100
100011011010110010010001110110010010000010000101010101011011011110111011011011111010101100000100
100011011001111110110111100100001110000010000101010101011011011110111011011011111010101100000100
100011010101010011110111010001110001000010000101010101011011011110111011011011111010101100000100
100011010000110000101000100011101110000010000101010101011011011110111011011011111010101100000100
100011001111111111011011111011110110000010000101010101011011011110111011011011111010101100000100
100011001110000100101010101111011110000010000101010101011011011110111011011011111010101100000100
100011001100101110101001001010101001000010000101010101011011011110111011011011111010101100000100
100011001010000001001101001010110011000010000101010101011011011110111011011011111010101100000100
100011000101110010011110111101110101000010000101010101011011011110111011011011111010101100000100
100011000101000010011010001001101111000010000101010101011011011110111011011011111010101100000100
100011000100010111111000111110101001000010000101010101011011011110111011011011111010101100000100
100011000001111110000010011001000101000010000101010101011011011110111011011011111010101100000100
100010101101011010100011010100010100000010000101010101011011011110111011011011111010101100000100
100010100000100100011110101001000001000010000101010101011011011110111011011011111010101100000100
100010011100010111010101000010100001000010000101010101011011011110111011011011111010101100000100
100010011000010110111100000011011011000010000101010101011011011110111011011011111010101100000100
100010010111011010000001010000101010000010000101010101011011011110111011011011111010101100000100
100010010110110100001110110111000011000010000101010101011011011110111011011011111010101100000100
100010010001001100100010000111010100000010000101010101011011011110111011011011111010101100000100
100010001111000101111100001100110100000010000101010101011011011110111011011011111010101100000100
100010001110101101010101101111011000000010000101010101011011011110111011011011111010101100000100
100010001110100001000000100110001110000010000101010101011011011110111011011011111010101100000100
100010001110001001010000110001010110000010000101010101011011011110111011011011111010101100000100
100010000011010000100010000100101011000010000101010101011011011110111011011011111010101100000100
100010000011001011100001000100000011000010000101010101011011011110111011011011111010101100000100
100001111000110101111011110111011101000010000101010101011011011110111011011011111010101100000100
100001110101011000111011110011000110000010000101010101011011011110111011011011111010101100000100
100001110001011011111101110101111110000010000101010101011011011110111011011011111010101100000100
100001101110100001000111101101110110000010000101010101011011011110111011011011111010101100000100
100001101101101001001101111101110111000010000101010101011011011110111011011011111010101100000100
100001101001011010111111010011010000000010000101010101011011011110111011011011111010101100000100
100001101000010000110110110011011001000010000101010101011011011110111011011011111010101100000100
100001100010000110111011000011100100000010000101010101011011011110111011011011111010101100000100
100001100010000110000101001100111100000010000101010101011011011110111011011011111010101100000100
100001011101101010100010011100000010000010000101010101011011011110111011011011111010101100000100
100001011101100011111011011111010100000010000101010101011011011110111011011011111010101100000100
100001011000100000011110011000101011000010000101010101011011011110111011011011111010101100000100
100001010110101110101100011111101010000010000101010101011011011110111011011011111010101100000100
100001010100101011101110010000100101000010000101010101011011011110111011011011111010101100000100
100001001101111101000011001011110000000010000101010101011011011110111011011011111010101100000100
100001001010101011011010010101010100000010000101010101011011011110111011011011111010101100000100
100000111000111111000001111000110011000010000101010101011011011110111011011011111010101100000100
100000101011010010111010010101010101000010000101010101011011011110111011011011111010101100000100
100000101000010101111000101110010100000010000101010101011011011110111011011011111010101100000100
100000100111010110010110100001110101000010000101010101011011011110111011011011111010101100000100
100000011110011010001010111111111100000010000101010101011011011110111011011011111010101100000100
100000010110111110100001010100000011000010000101010101011011011110111011011011111010101100000100
100000001110011010011110111010111011000010000101010101011011011110111011011011111010101100000100
100000001000011100001000011100101000000010000101010101011011011110111011011011111010101100000100
100000000011100010111000100100011001000010000101010101011011011110111011011011111010101100000100
100000000010100100100001111110000010000010000101010101011011011110111011011011111010101100000100
011111111011110101101001010001010010000010000101010101011011011110111011011011111010101100000100
011111111000101110101011000011001110000010000101010101011011011110111011011011111010101100000100
011111110011011111101100000101000110000010000101010101011011011110111011011011111010101100000100
011111101111010001111101010000110100000010000101010101011011011110111011011011111010101100000100
011111100110010000011011001001000110000010000101010101011011011110111011011011111010101100000100
011111100010100111001001111010101110000010000101010101011011011110111011011011111010101100000100
011111011111111111000010001110111000000010000101010101011011011110111011011011111010101100000100
011111011100010100010010000001011000000010000101010101011011011110111011011011111010101100000100
011111011010001100000001000111011001000010000101010101011011011110111011011011111010101100000100
011111011001110101101111110101110111000010000101010101011011011110111011011011111010101100000100
011111010111101010111010011000101110000010000101010101011011011110111011011011111010101100000100
011111010111000110001010011111100010000010000101010101011011011110111011011011111010101100000100
011111001111001001110011010011011110000010000101010101011011011110111011011011111010101100000100
011111001001000001011101101111001010000010000101010101011011011110111011011011111010101100000100
011111001000111111000111001100111011000010000101010101011011011110111011011011111010101100000100
011111000001011000101001000010101111000010000101010101011011011110111011011011111010101100000100
011110110110000011100000011111000010000010000101010101011011011110111011011011111010101100000100
011110110101110000001110101110110111000010000101010101011011011110111011011011111010101100000100
011110110001111110100110110101010000000010000101010101011011011110111011011011111010101100000100
011110110000000000011000000000000011000010000101010101011011011110111011011011111010101100000100
011110100011110011111101010101011101000010000101010101011011011110111011011011111010101100000100
011110011110110101101110000111010010000010000101010101011011011110111011011011111010101100000100
011110011011000101010001011110100110000010000101010101011011011110111011011011111010101100000100
011110010111011100010010111101000001000010000101010101011011011110111011011011111010101100000100
011110010101100100011101110110000111000010000101010101011011011110111011011011111010101100000100
011110010010010000100101111001000100000010000101010101011011011110111011011011111010101100000100
011110001100011001100111111110100100000010000101010101011011011110111011011011111010101100000100
011110000101001001100000010100011110000010000101010101011011011110111011011011111010101100000100
011110000100010110011010110011100101000010000101010101011011011110111011011011111010101100000100
011110000100010001000111001110000101000010000101010101011011011110111011011011111010101100000100
011110000001000111000001110001100100000010000101010101011011011110111011011011111010101100000100
011110000000010000011111010001011011000010000101010101011011011110111011011011111010101100000100
011101111010111000011101010100000010000010000101010101011011011110111011011011111010101100000100
011101111000100100000101110100000000000010000101010101011011011110111011011011111010101100000100
011101111000010001100001110110001000000010000101010101011011011110111011011011111010101100000100
011101110100000110001011100111011111000010000101010101011011011110111011011011111010101100000100
011101010110011000011111011110000111000010000101010101011011011110111011011011111010101100000100
011101010101011110110000010000111110000010000101010101011011011110111011011011111010101100000100
011101000100010100000011110111011101000010000101010101011011011110111011011011111010101100000100
011101000011100001001000000011100001000010000101010101011011011110111011011011111010101100000100
011100111101001100101100010101100001000010000101010101011011011110111011011011111010101100000100
011100111011100100110101101101100010000010000101010101011011011110111011011011111010101100000100
011100110001101000001100110100111011000010000101010101011011011110111011011011111010101100000100
011100101111100100101101111111110010000010000101010101011011011110111011011011111010101100000100
011100101111000101111110110111101100000010000101010101011011011110111011011011111010101100000100
011100101110101001100101000001110111000010000101010101011011011110111011011011111010101100000100
011100101011000010101110011110010000000010000101010101011011011110111011011011111010101100000100
011100100110110011001101110111011000000010000101010101011011011110111011011011111010101100000100
011100100110100101001000001111000001000010000101010101011011011110111011011011111010101100000100
011100100100000011010101011101000101000010000101010101011011011110111011011011111010101100000100
011100100001001110011011010010110011000010000101010101011011011110111011011011111010101100000100
011100011100110000010011111011100111000010000101010101011011011110111011011011111010101100000100
011100010111111000110110010110100001000010000101010101011011011110111011011011111010101100000100
011100001110010100000000010111000110000010000101010101011011011110111011011011111010101100000100
011100001010100111100111010011000010000010000101010101011011011110111011011011111010101100000100
011100000010110011100011101101110010000010000101010101011011011110111011011011111010101100000100
011011110100110011110010000110000100000010000101010101011011011110111011011011111010101100000100
011011110100100000111001111100101100000010000101010101011011011110111011011011111010101100000100
011011110011100110010001000010100110000010000101010101011011011110111011011011111010101100000100
011011110011100010100100000011011001000010000101010101011011011110111011011011111010101100000100
011011011111001000001001001100001000000010000101010101011011011110111011011011111010101100000100
011011011011001100111001110101101010000010000101010101011011011110111011011011111010101100000100
011011011001010100100001100111010100000010000101010101011011011110111011011011111010101100000100
011011010000100111100101010010000011000010000101010101011011011110111011011011111010101100000100
011011001101101000011001110011111001000010000101010101011011011110111011011011111010101100000100
011011001010010000000010000110100010000010000101010101011011011110111011011011111010101100000100
011011000010001111010110101110010110000010000101010101011011011110111011011011111010101100000100
011010111111110000100011101011001001000010000101010101011011011110111011011011111010101100000100
011010111101100110111010000101110000000010000101010101011011011110111011011011111010101100000100
011010110011000010001001011101110111000010000101010101011011011110111011011011111010101100000100
011010101101111111110110101100110100000010000101010101011011011110111011011011111010101100000100
011010101000111001011101110110001101000010000101010101011011011110111011011011111010101100000100
011010100101000101111011001000100101000010000101010101011011011110111011011011111010101100000100
011010100011100110110011100110100101000010000101010101011011011110111011011011111010101100000100
011010010101001101111011101110001001000010000101010101011011011110111011011011111010101100000100
011010010011001101001100000001000110000010000101010101011011011110111011011011111010101100000100
011010001101000000110110011110010011000010000101010101011011011110111011011011111010101100000100
011010001100110101001111011001011000000010000101010101011011011110111011011011111010101100000100
011010000010011100100001011011110011000010000101010101011011011110111011011011111010101100000100
011010000000010001111101011011000111000010000101010101011011011110111011011011111010101100000100
011001110010110110001111111101001110000010000101010101011011011110111011011011111010101100000100
011001110001000001110100010010111111000010000101010101011011011110111011011011111010101100000100
011001101011000000111101010010010010000010000101010101011011011110111011011011111010101100000100
011001101010001110010101111101011010000010000101010101011011011110111011011011111010101100000100
011001101010001001110110010000011000000010000101010101011011011110111011011011111010101100000100
011001100110010101101110001010000011000010000101010101011011011110111011011011111010101100000100
011001011011111100101111100011001010000010000101010101011011011110111011011011111010101100000100
011001010101110010100111000110000011000010000101010101011011011110111011011011111010101100000100
011001001011111011111001010000011000000010000101010101011011011110111011011011111010101100000100
011001000111100000111000000011110110000010000101010101011011011110111011011011111010101100000100
011001000101010001001001010011100011000010000101010101011011011110111011011011111010101100000100
011001000000000011111101011100111110000010000101010101011011011110111011011011111010101100000100
011000111111010101110011110000100100000010000101010101011011011110111011011011111010101100000100
011000111110101010010101111000111110000010000101010101011011011110111011011011111010101100000100
011000111110010100011001100011111010000010000101010101011011011110111011011011111010101100000100
011000101000101010010101110011000010000010000101010101011011011110111011011011111010101100000100
011000100011000011101111011000110100000010000101010101011011011110111011011011111010101100000100
011000100001011011010010100110011000000010000101010101011011011110111011011011111010101100000100
011000100000111100011010000110111110000010000101010101011011011110111011011011111010101100000100
011000100000011101011010010110100000000010000101010101011011011110111011011011111010101100000100
011000011101001010001100010011110001000010000101010101011011011110111011011011111010101100000100
011000011101000010111011101100111100000010000101010101011011011110111011011011111010101100000100
011000010010001110110000101100010011000010000101010101011011011110111011011011111010101100000100
011000010001011100011101110100101001000010000101010101011011011110111011011011111010101100000100
011000000111101111110000101101110000000010000101010101011011011110111011011011111010101100000100
011000000100101110101000111010101110000010000101010101011011011110111011011011111010101100000100
011000000001100111101100110000100001000010000101010101011011011110111011011011111010101100000100
010111111001110100000101110000010100000010000101010101011011011110111011011011111010101100000100
010111110111111110001010011110111001000010000101010101011011011110111011011011111010101100000100
010111110101000100011100101000111011000010000101010101011011011110111011011011111010101100000100
010111110001000000111000101111100100000010000101010101011011011110111011011011111010101100000100
010111101011101010001011101000010111000010000101010101011011011110111011011011111010101100000100
010111101011000111001111101000000110000010000101010101011011011110111011011011111010101100000100
010111100101011000000011001101101010000010000101010101011011011110111011011011111010101100000100
010111100100111001010001101111100000000010000101010101011011011110111011011011111010101100000100
010111100001010000101111000110000101000010000101010101011011011110111011011011111010101100000100
010111100000110010011111010000100001000010000101010101011011011110111011011011111010101100000100
010111011111110001011101110110010011000010000101010101011011011110111011011011111010101100000100
010111011001000000100010110110110101000010000101010101011011011110111011011011111010101100000100
010111011000001110111111000101001000000010000101010101011011011110111011011011111010101100000100
010111011000000100100100011000110100000010000101010101011011011110111011011011111010101100000100
010111010111011111001110000101010010000010000101010101011011011110111011011011111010101100000100
010111010111000100010000011001111001000010000101010101011011011110111011011011111010101100000100
010111010010110000100101111101100000000010000101010101011011011110111011011011111010101100000100
010111010010001111100001101101110000000010000101010101011011011110111011011011111010101100000100
010111001111101011010101100001101000000010000101010101011011011110111011011011111010101100000100
010111001111000011011010111110010101000010000101010101011011011110111011011011111010101100000100
010111001101100110010101001110001100000010000101010101011011011110111011011011111010101100000100
010111000000100011001110010110010011000010000101010101011011011110111011011011111010101100000100
010110110100000001110101000000010111000010000101010101011011011110111011011011111010101100000100
010110100110000000111001010110001110000010000101010101011011011110111011011011111010101100000100
010110011100000110010010111010111110000010000101010101011011011110111011011011111010101100000100
010110010110011011001100000010110000000010000101010101011011011110111011011011111010101100000100
010110010001111010101111100011000110000010000101010101011011011110111011011011111010101100000100
010110001011001000010000001011110001000010000101010101011011011110111011011011111010101100000100
010110000011010100101011011111011001000010000101010101011011011110111011011011111010101100000100
010101111011101111010000010000101100000010000101010101011011011110111011011011111010101100000100
010101111010000000110111001101100110000010000101010101011011011110111011011011111010101100000100
010101111001000011011110000011001001000010000101010101011011011110111011011011111010101100000100
010101110011000001010001000111011110000010000101010101011011011110111011011011111010101100000100
010101110000001010100101110011001001000010000101010101011011011110111011011011111010101100000100
010101100111100111110100110111011110000010000101010101011011011110111011011011111010101100000100
010101011011101000111011101001110101000010000101010101011011011110111011011011111010101100000100
010101001011111000101100000110101100000010000101010101011011011110111011011011111010101100000100
010101001001010110011000001111010111000010000101010101011011011110111011011011111010101100000100
010101000101100101111111010101111101000010000101010101011011011110111011011011111010101100000100
010101000001110101010010111111101001000010000101010101011011011110111011011011111010101100000100
010101000001010101000100010110110100000010000101010101011011011110111011011011111010101100000100
010100111011110100111100101100010101000010000101010101011011011110111011011011111010101100000100
010100110101100111011001011001111001000010000101010101011011011110111011011011111010101100000100
010100101000111111001110101001010000000010000101010101011011011110111011011011111010101100000100
010100011100001100000001011101101010000010000101010101011011011110111011011011111010101100000100
010100011010010111100110010010110011000010000101010101011011011110111011011011111010101100000100
010100010100010101100001111100101011000010000101010101011011011110111011011011111010101100000100
010100000110000011000011000011100011000010000101010101011011011110111011011011111010101100000100
010011111111111010110111100011110110000010000101010101011011011110111011011011111010101100000100
010011111111001101000001111001110001000010000101010101011011011110111011011011111010101100000100
010011110001100100000101100011000110000010000101010101011011011110111011011011111010101100000100
010011011111100111111110001000111010000010000101010101011011011110111011011011111010101100000100
010011011011011000100000010011001001000010000101010101011011011110111011011011111010101100000100
010011011011010011100111110001000010000010000101010101011011011110111011011011111010101100000100
010011011010010100100111000001000101000010000101010101011011011110111011011011111010101100000100
010011010011001110101110011000101101000010000101010101011011011110111011011011111010101100000100
010011001100001111100110000111100111000010000101010101011011011110111011011011111010101100000100
010011001000010100001111011011000010000010000101010101011011011110111011011011111010101100000100
010011000110111001001111101110100111000010000101010101011011011110111011011011111010101100000100
010010110111010001111010001101111100000010000101010101011011011110111011011011111010101100000100
010010101101101101010000111001111110000010000101010101011011011110111011011011111010101100000100
010010100010101010001001111111110100000010000101010101011011011110111011011011111010101100000100
010010011111001011011101101010111100000010000101010101011011011110111011011011111010101100000100
010010011010011100011001100111001111000010000101010101011011011110111011011011111010101100000100
010010001001011111101100100111111001000010000101010101011011011110111011011011111010101100000100
010010001001011000010100101110111110000010000101010101011011011110111011011011111010101100000100
010010000111100100010010010001011110000010000101010101011011011110111011011011111010101100000100
010001111110110000101010110001011100000010000101010101011011011110111011011011111010101100000100
010001110110000001001110001011101111000010000101010101011011011110111011011011111010101100000100
010001110100000011110010010001001100000010000101010101011011011110111011011011111010101100000100
010001110010110011110010110101111001000010000101010101011011011110111011011011111010101100000100
010001101101111101101001010010110011000010000101010101011011011110111011011011111010101100000100
010001100100111001111101110010110101000010000101010101011011011110111011011011111010101100000100
010001100011100110111011111101010101000010000101010101011011011110111011011011111010101100000100
010001011010110111011111100110101010000010000101010101011011011110111011011011111010101100000100
010001011001000111011010011100101100000010000101010101011011011110111011011011111010101100000100
010001011000011010111001010101111100000010000101010101011011011110111011011011111010101100000100
010001010000100111100110011000100110000010000101010101011011011110111011011011111010101100000100
010001001101110111011000010100110010000010000101010101011011011110111011011011111010101100000100
010001001101101111110101011001100101000010000101010101011011011110111011011011111010101100000100
010001000011110100001010010010101001000010000101010101011011011110111011011011111010101100000100
010000111111100110000010000000001111000010000101010101011011011110111011011011111010101100000100
010000110111000010001111001101111101000010000101010101011011011110111011011011111010101100000100
010000110001101010011000001001010001000010000101010101011011011110111011011011111010101100000100
010000110000110000000001011101001001000010000101010101011011011110111011011011111010101100000100
010000101101000110001100100010111110000010000101010101011011011110111011011011111010101100000100
010000101011110011111111000110111011000010000101010101011011011110111011011011111010101100000100
010000100111000111010101101011011011000010000101010101011011011110111011011011111010101100000100
010000100010011000011111010100000101000010000101010101011011011110111011011011111010101100000100
010000010110001110100010001000101011000010000101010101011011011110111011011011111010101100000100
010000010011111011110001001110011110000010000101010101011011011110111011011011111010101100000100
010000001101101111010000100101110011000010000101010101011011011110111011011011111010101100000100
010000001010001000110011111100110010000010000101010101011011011110111011011011111010101100000100
010000001001101101111101111010010110000010000101010101011011011110111011011011111010101100000100
010000001001011101100110110110010010000010000101010101011011011110111011011011111010101100000100
010000000101001000000101010101101101000010000101010101011011011110111011011011111010101100000100
010000000100011000001010101110100111000010000101010101011011011110111011011011111010101100000100
010000000001110000001110001110101101000010000101010101011011011110111011011011111010101100000100
010000000000010011000010110111110110000010000101010101011011011110111011011011111010101100000100
001111111110100011110101100101100100000010000101010101011011011110111011011011111010101100000100
001111111110001000111010100101101011000010000101010101011011011110111011011011111010101100000100
001111111001101000101110001101111110000010000101010101011011011110111011011011111010101100000100
001111111000101010001001110010100110000010000101010101011011011110111011011011111010101100000100
001111101000000100011110110001000101000010000101010101011011011110111011011011111010101100000100
001111100100011011101110001110111111000010000101010101011011011110111011011011111010101100000100
001111011100110010011101011001001000000010000101010101011011011110111011011011111010101100000100
001111011001101110000111111000111100000010000101010101011011011110111011011011111010101100000100
001111010011010100011110000010000001000010000101010101011011011110111011011011111010101100000100
001111001001011101110110101101001000000010000101010101011011011110111011011011111010101100000100
001111000100011010111011110101010001000010000101010101011011011110111011011011111010101100000100
001111000011010110010010001011001100000010000101010101011011011110111011011011111010101100000100
001111000001101111101001101001100101000010000101010101011011011110111011011011111010101100000100
001110101000001010011111011101100011000010000101010101011011011110111011011011111010101100000100
001110011111110011110001110110000001000010000101010101011011011110111011011011111010101100000100
001110011101101101001011111011011010000010000101010101011011011110111011011011111010101100000100
001110011100011100111110001011110000000010000101010101011011011110111011011011111010101100000100
001110011010100101100100010100001110000010000101010101011011011110111011011011111010101100000100
001110001110001100111101011110100101000010000101010101011011011110111011011011111010101100000100
001110001101000011100010010100010000000010000101010101011011011110111011011011111010101100000100
001110001010100100010001100110101010000010000101010101011011011110111011011011111010101100000100
001110001010000101101111001110100101000010000101010101011011011110111011011011111010101100000100
001110000110010110010110110100011100000010000101010101011011011110111011011011111010101100000100
001110000101111110101000000101010000000010000101010101011011011110111011011011111010101100000100
001110000000110011101001001001011010000010000101010101011011011110111011011011111010101100000100
001101110111010100100010101011100110000010000101010101011011011110111011011011111010101100000100
001101110101100011111110001000111001000010000101010101011011011110111011011011111010101100000100
001101101101101101101000111010000010000010000101010101011011011110111011011011111010101100000100
001101101100010011001101101000111110000010000101010101011011011110111011011011111010101100000100
001101101000010001110100011100111011000010000101010101011011011110111011011011111010101100000100
001101011010101100101000100111001001000010000101010101011011011110111011011011111010101100000100
001101011000011101001101001111100101000010000101010101011011011110111011011011111010101100000100
001101010000001101010101001101000001000010000101010101011011011110111011011011111010101100000100
001101001100000111010111111100111110000010000101010101011011011110111011011011111010101100000100
001101001011011111100011000011011001000010000101010101011011011110111011011011111010101100000100
001100111111110101110000111111100000000010000101010101011011011110111011011011111010101100000100
001100110110100011001001110110010100000010000101010101011011011110111011011011111010101100000100
001100101100101001001101000111110100000010000101010101011011011110111011011011111010101100000100
001100100111101110011101001011110111000010000101010101011011011110111011011011111010101100000100
001100011110110001010101001101110010000010000101010101011011011110111011011011111010101100000100
001100011100011000111011000011001001000010000101010101011011011110111011011011111010101100000100
001100011011101001111100000101110100000010000101010101011011011110111011011011111010101100000100
001100011011010110100100100110110101000010000101010101011011011110111011011011111010101100000100
001100011001111010110001100010101111000010000101010101011011011110111011011011111010101100000100
001100010011101010100111001100011110000010000101010101011011011110111011011011111010101100000100
001100001111001001110001110110000001000010000101010101011011011110111011011011111010101100000100
001100001011110001111101001101010000000010000101010101011011011110111011011011111010101100000100
001100000101101101110100110010101001000010000101010101011011011110111011011011111010101100000100
001100000011010011110100101100011000000010000101010101011011011110111011011011111010101100000100
001011111111110100011001001011000000000010000101010101011011011110111011011011111010101100000100
001011100001111111101010100110101100000010000101010101011011011110111011011011111010101100000100
001011011111011000011100101110000011000010000101010101011011011110111011011011111010101100000100
001011010101111010101110001110001000000010000101010101011011011110111011011011111010101100000100
001011001001110100111001011110001001000010000101010101011011011110111011011011111010101100000100
001011000001111111111001111111110010000010000101010101011011011110111011011011111010101100000100
001010111010001010100010111011101000000010000101010101011011011110111011011011111010101100000100
001010101000000001010111110001111110000010000101010101011011011110111011011011111010101100000100
001010100111110011000011100100000111000010000101010101011011011110111011011011111010101100000100
001010011110111111010111011111111110000010000101010101011011011110111011011011111010101100000100
001010011110110010111000001110110000000010000101010101011011011110111011011011111010101100000100
001010011000001010010001011100111010000010000101010101011011011110111011011011111010101100000100
001010010111100010110010011001001100000010000101010101011011011110111011011011111010101100000100
001010001000000001010011101110000110000010000101010101011011011110111011011011111010101100000100
001001111100111101110101011000010000000010000101010101011011011110111011011011111010101100000100
001001111100001010100110110011000000000010000101010101011011011110111011011011111010101100000100
001001110001111000100110101101010001000010000101010101011011011110111011011011111010101100000100
001001100100100011111000010011011101000010000101010101011011011110111011011011111010101100000100
001001100011110001011111100010010000000010000101010101011011011110111011011011111010101100000100
001001100001110011011101001101000100000010000101010101011011011110111011011011111010101100000100
001001011111000100000001101011110100000010000101010101011011011110111011011011111010101100000100
001001011110010001111000101010000010000010000101010101011011011110111011011011111010101100000100
001001011010111011101001110111110011000010000101010101011011011110111011011011111010101100000100
001001011000011010110101111010110010000010000101010101011011011110111011011011111010101100000100
001001010110000001101100010001010111000010000101010101011011011110111011011011111010101100000100
001001010010011000111110111011100110000010000101010101011011011110111011011011111010101100000100
001001000000110000110111000101010100000010000101010101011011011110111011011011111010101100000100
001000110110010110100010000100001110000010000101010101011011011110111011011011111010101100000100
001000110100010101101011001101100110000010000101010101011011011110111011011011111010101100000100
001000101101000111100010111111110110000010000101010101011011011110111011011011111010101100000100
001000100101101001011000001000010111000010000101010101011011011110111011011011111010101100000100
001000011001101011000101010111001001000010000101010101011011011110111011011011111010101100000100
001000010011111110001100100111000111000010000101010101011011011110111011011011111010101100000100
001000010001010110101110100100011000000010000101010101011011011110111011011011111010101100000100
001000010000111100011010001011011000000010000101010101011011011110111011011011111010101100000100
001000000110010110001100001010101101000010000101010101011011011110111011011011111010101100000100
000111111000110111100010111111011110000010000101010101011011011110111011011011111010101100000100
000111110011010000100101111000101010000010000101010101011011011110111011011011111010101100000100
000111101001111100111100101010001000000010000101010101011011011110111011011011111010101100000100
000111101000001100010001010001110000000010000101010101011011011110111011011011111010101100000100
000111100000101110111101111000110010000010000101010101011011011110111011011011111010101100000100
000111011000101100111111011011011100000010000101010101011011011110111011011011111010101100000100
000111011000001111001110000000000001000010000101010101011011011110111011011011111010101100000100
000111001110000110001001101111100111000010000101010101011011011110111011011011111010101100000100
000111001010110100101100111000101010000010000101010101011011011110111011011011111010101100000100
000111000100100011000011101000101100000010000101010101011011011110111011011011111010101100000100
000111000010010111101101110101011000000010000101010101011011011110111011011011111010101100000100
000110111010101000100001001000001011000010000101010101011011011110111011011011111010101100000100
000110111000110001111011111110100001000010000101010101011011011110111011011011111010101100000100
000110101101100101011011010011001111000010000101010101011011011110111011011011111010101100000100
000110100111100011000011001000111100000010000101010101011011011110111011011011111010101100000100
000110010110001100000110011001110111000010000101010101011011011110111011011011111010101100000100
000110010110000111111011101111100100000010000101010101011011011110111011011011111010101100000100
000110001110111101111110110101001010000010000101010101011011011110111011011011111010101100000100
000110000111000111011100111111010111000010000101010101011011011110111011011011111010101100000100
000101111111010011001010010010001101000010000101010101011011011110111011011011111010101100000100
000101111010101000001010111111011101000010000101010101011011011110111011011011111010101100000100
000101101101100101010111101111100101000010000101010101011011011110111011011011111010101100000100
000101101000111010001111001101101110000010000101010101011011011110111011011011111010101100000100
000101100111000110001010101101000111000010000101010101011011011110111011011011111010101100000100
000101100110001111011010001010101001000010000101010101011011011110111011011011111010101100000100
000101100100101001000000010111100101000010000101010101011011011110111011011011111010101100000100
000101011010100110000101101001001101000010000101010101011011011110111011011011111010101100000100
000101000000001001111110111111101110000010000101010101011011011110111011011011111010101100000100
000100110101011000111000110001000110000010000101010101011011011110111011011011111010101100000100
000100110011010100000111000000101010000010000101010101011011011110111011011011111010101100000100
000100110001100010011100101101001111000010000101010101011011011110111011011011111010101100000100
000100101111111000110011010111010000000010000101010101011011011110111011011011111010101100000100
000100101111011000011110010100011011000010000101010101011011011110111011011011111010101100000100
000100101101001101110010110111100111000010000101010101011011011110111011011011111010101100000100
000100101011111101000000110100000110000010000101010101011011011110111011011011111010101100000100
000100100010011010101000100101010011000010000101010101011011011110111011011011111010101100000100
000100100001010000010010110110011110000010000101010101011011011110111011011011111010101100000100
000100001110001110011101101010110001000010000101010101011011011110111011011011111010101100000100
000100001100101100100000011010101111000010000101010101011011011110111011011011111010101100000100
000100001001111001001001110010100011000010000101010101011011011110111011011011111010101100000100
000100000100000000110001001110010100000010000101010101011011011110111011011011111010101100000100
000100000001110010001111011101010010000010000101010101011011011110111011011011111010101100000100
000011111101111010110100001111100001000010000101010101011011011110111011011011111010101100000100
000011110101101101011000010010000110000010000101010101011011011110111011011011111010101100000100
000011110000101101011011111000010100000010000101010101011011011110111011011011111010101100000100
000011110000000011111101110001110111000010000101010101011011011110111011011011111010101100000100
000011101110100100011100100000111011000010000101010101011011011110111011011011111010101100000100
000011101100110110101000001010001100000010000101010101011011011110111011011011111010101100000100
000011100100110001010111000011010100000010000101010101011011011110111011011011111010101100000100
000011100100101011001101111111110001000010000101010101011011011110111011011011111010101100000100
000011011110000111010011111010011011000010000101010101011011011110111011011011111010101100000100
000011011100110011111101011000000001000010000101010101011011011110111011011011111010101100000100
000011011010101000010011000110001010000010000101010101011011011110111011011011111010101100000100
000011011001110110110111010100011000000010000101010101011011011110111011011011111010101100000100
000011001011010111001011100001111111000010000101010101011011011110111011011011111010101100000100
000011000101010100011110111011011110000010000101010101011011011110111011011011111010101100000100
000011000010101011100011110011001101000010000101010101011011011110111011011011111010101100000100
000010111101101111010110110000111100000010000101010101011011011110111011011011111010101100000100
000010111101100011011010100011110110000010000101010101011011011110111011011011111010101100000100
000010111101011100101010111010010101000010000101010101011011011110111011011011111010101100000100
000010111011001000010001000001011011000010000101010101011011011110111011011011111010101100000100
000010111010010111001000101100111111000010000101010101011011011110111011011011111010101100000100
000010110111110010010101101100010111000010000101010101011011011110111011011011111010101100000100
000010110110111110101111101010000110000010000101010101011011011110111011011011111010101100000100
000010110101010111111100100001001001000010000101010101011011011110111011011011111010101100000100
000010101101110111001000100010111001000010000101010101011011011110111011011011111010101100000100
000010100111011110001000001101011111000010000101010101011011011110111011011011111010101100000100
000010100010110001101110110000000010000010000101010101011011011110111011011011111010101100000100
000010011111111111101011001111000010000010000101010101011011011110111011011011111010101100000100
000010001110111000100100100011101011000010000101010101011011011110111011011011111010101100000100
000010000101100110011111100110100110000010000101010101011011011110111011011011111010101100000100
000010000000000010000010000110011101000010000101010101011011011110111011011011111010101100000100
000001111111101101001000101100100110000010000101010101011011011110111011011011111010101100000100
000001111100010101101100000011010111000010000101010101011011011110111011011011111010101100000100
000001110110100001001110100011000101000010000101010101011011011110111011011011111010101100000100
000001110100101111101011100110100100000010000101010101011011011110111011011011111010101100000100
000001110100101110010100101111110000000010000101010101011011011110111011011011111010101100000100
000001110100011001101110101000001011000010000101010101011011011110111011011011111010101100000100
000001101100010111100111110111010111000010000101010101011011011110111011011011111010101100000100
000001101011010001100100110101100111000010000101010101011011011110111011011011111010101100000100
000001010111111111001111111010100000000010000101010101011011011110111011011011111010101100000100
000001010000101000110110111000001000000010000101010101011011011110111011011011111010101100000100
000001000010001000010110011101000100000010000101010101011011011110111011011011111010101100000100
000001000001000110100100001111011101000010000101010101011011011110111011011011111010101100000100
000000111100011111010101010000101101000010000101010101011011011110111011011011111010101100000100
000000110110111101101100001000000011000010000101010101011011011110111011011011111010101100000100
000000101100100110000101010010100110000010000101010101011011011110111011011011111010101100000100
000000101100010010101101001111100001000010000101010101011011011110111011011011111010101100000100
000000100110100101011110011100010101000010000101010101011011011110111011011011111010101100000100
000000100110011000001111001110011000000010000101010101011011011110111011011011111010101100000100
000000011011000101101000011101101001000010000101010101011011011110111011011011111010101100000100
000000010110010101111010010010101110000010000101010101011011011110111011011011111010101100000100
000000010101101111111111110110011010000010000101010101011011011110111011011011111010101100000100
000000010010101010110011110010100001000010000101010101011011011110111011011011111010101100000100
000000001100101101010000101110100000000010000101010101011011011110111011011011111010101100000100
000000001001110110011001100000100111000010000101010101011011011110111011011011111010101100000100
000000000111111000000101111000110101000010000101010101011011011110111011011011111010101100000100
000000000111010010100010111000010101000010000101010101011011011110111011011011111010101100000100
000000000101011001010101110110001100000010000101010101011011011110111011011011111010101100000100
