011001101111101001001011100110101000110101000101000010100110111010000100001100110011111110111000
110001001111000000111111011010011110101001011110110111111010010000100011101011110111001001110111
110111100111001101101101000101011011000011111001010100110010100011111000100000011010000011011001
000000111000010101001111010101010100011110010101100011011111010100001010101110100110010001110100
000100000001100000000011111000000000100010000111101111011010100010100101011101100100001011101111
001110101001110100101001110001010000000101111011101011110110011000010100001111101000001001001000
010101110000010000010111101011010110000011110101100011011000000010100111111001010100000000101000
010110110011010001110010011000001100010111000101001011010101110101110000011000110000100111111100
010111001000111111011010000111101100110100100000001111010110001000111000000101011101101111010001
100001111110110101010010010100001011011010010001110101001101011011000010111100100010101011001101
101100011000000000000011001111111001110101100101111100000010101001001011000110111011000100100100
101110001010000101101001101001100110010100001010000110100110101011111100010110011000110011011100
111010010100011100011100001000101011101000010111100001101000000011011111110101100101010110101001
111101000100010001000010100010101110101100100101010010111000001101000101000111000111100101100110
000001001100100101001110111011010101001111101100101101110001011101000111110100111010101100000100
000001111110000010111110010100111100111100001100000100001101001010010010010011100110000110001110
000010010100100101011100101100001111110010000011110111011011111000001001001001010010011101100111
000010100010100101110101011101100001010110010111110101001100000010011110011001000110110101011010
001001101011100000010111011000010101001100101111101001100010100000000000111110110001100110001100
001010011111000100101100110111000011011010011100000100101111111101011101111110110111110000110100
010000011100100010001100111001110110100011110111110110010100101000010110001101001110111010000000
010000100010110011000100001111011001011100110001101100100100010110001001010111100001110100101110
010011010000000001010101010001101010011000011000111101011110001110101101000011010100101000110010
010011100011011110011010001110010101111010001000100100111101000011100110101001110111001110100101
011010011111011111001110011110001000001110110000010100100110010101011100000011101010000101001100
011010111000001111001101111100111110001111011100011100001011100101001111001010000000011011101010
100010010011111011111001110010111010000001110001101000011001100110011100110100111000111100001011
100011011111011111100111111000000011111111010010100000100101100101110010101011100100011100000000
100011101000110110000100111010111011111000111101010100110101001100010100011100101100000101111010
100100000100011110000100001101100101110100001101111010001001010111101011101000111101000101011101
100100101011110101001110010111000010111101011010100010011100101100011101100011001101110111001001
100110011110001101001000100010011010000100010111100011011111101110111000000001000100011001100101
101000000000010110011010111111010101001011000100001001110101110011101010110101001100101001010101
101000100000000100000001011000100010011001101001101010101110111110011010000111110110110001001001
101011001001010111110001001101100101001011001011111010110011011011011110000111001111011001111100
101011110011100001011000011001110100101111101011111011101101101011110000011110000100110110100011
101111001001011111011100010110100100101001111101110111001010110010001111100010111001010010111110
101111110000100101000000001000100100111111010010011101010101100000000011100010110000100010111000
110010011100101000110100001011011101011110111001001011110101010100000100100011111010011001010000
110100000111010000101111000000110110001011101011011111110001001011010011111100111000110101011110
110100111000100011111001110110100011011011100010111100111110001111101001111111101000100110000011
110101010000011011010011010011000111001111101010001011110101100000011100010101100100010001110010
110101100001010111000011000101010101001100001000011110101000110011110011101110000100111011000111
111000011100100110101101000000111100110110111101101001101101010001001001011100010000011110101111
111000110000111000001001100000000111101110101100110011011000011110001110100101110101110111110100
111011101110000011001111111001101100101001010011100001111101101001101001100011011111000011001100
111110001001101100101111010010001110101010001011000111010000111010110100010111000101100000111000
001001010101111010001101010001110101110011100110011001110100010010100110011000010001100010010000
001010101001011001000111001011001110000010110011100010110111100101000100010110100110110111111010
001010111001100111011110100000010110101101011100111011011101111111000111100001110111010101111101
001111010110011010011000010001110001100101001110100110111001001010110110011111001010000111000010
010100011110111111001111110001001000100101010100000000111001110011111100111001010001000110101001
011100001010111001110100101011010101010000001010110100000100001011001001010000001101100001111001
011100011011000011000000001001011001111101011010100111011001011011001011110010101110100001000000
011101100001000111000110000001011111000001001000101101110101011001110000110101101001110010100000
011101111110001100101100111011101111101100100110000111111111001111100000101011100000010111010110
011111101001000111101100011011110100101001110110110110000011011010101100011111001101000111111111
011111111001010001100111001110111101101010110110101001101101111010010010010100101100100110100010
100000001110001000111011000101110000000111111011000101000011101100000001000110111101101110110100
100000011010011000100000001010010110101000010001000100011000100000111000001000111110100001110101
100010100111100101010001110000000010111101101111100100000100111100001000000001011000001011100001
100110101001001001110010111010001011010010110001111010000100110011100101010000100101000100110111
100110111111101001101010010010011101000101010000101100111010101100101111111001011001111001010000
100111101110111000100011101001011011001001100100101101100101111111001001010110101111110111011111
100111110100000110010011110010101010010111001000101101010011010101101111001101100101001111100000
101001000000101000010110001000110100111100010101011100101010100100101000010011011100111001010110
101001011001111100110011010001001100010001110111001101101101010010010111010111100110011100110011
101001100000010101010001010100011000010111010000001110010100110101111010111001001011000010100010
110010101110111111001111110011101010110011101000001001111101000111111111111001001101101010011111
110010110100001100000111000101000010000010010101001111000000010011100110101101101011001001101101
111100000001000010101011110100111100111110011101111001001010010111100110110010001000100111011010
111100011111100000011011110011100111011100111000110010100000110100000101001110111110010010100000
001101101111010000000111110111011010000000110000111010011011000000100100010000111010011101110001
001111000010001101011000111011101010111101111110111011011111111110101011110110010000011010010100
001111001110000001000011110010111100100011111110100111101011100110010101001110110100111001100000
101001110111110011000111011111110001010011000000111001011101101001000111000000001111011011111010
101001111001001000100100100011010011010000011010110110010111101101111100000110111101110110001001
110011100111111011000101110111011000110100000110001100111010111001110101000111111110100000000110
110011101001011010001011111000011100001010001100100101111001111101101111110100101100111110010000
111110101001011000101101010001110100000001101010110000011101111110110001110101010001010001110010
011011110000101000001011111011010110110100100111010001000010000100001011001111000011101010001011
011011110100101001100010000110110010100011001010011001000011011100011010100100001010110110111000
111011011001011101111011101010011110100101000100100101111101101100000000101100001010011111101101
111011011100110100110010001011101001110100110011000110011000100101001111110111011011000000111110
111110100011011111100100111011111000010111111110000011101010011111111001100100000000011011100100
111110100101111001100010101100101010011010001001111110100100001000111010110010101010110110000001
010100000001000100100000001111100111111010010001001011111101010010000011011010111100001110000011
010100000010111111101101110010000110000101000111001001110000001100001111000001110100001110010110
000101000000100011111111011100101011101010010111100101110010011011010011011001101100111011110100
000101000001111010100000000000011001000011100001100011001110011100010001011110100110111010001110
001101100110001111101111100100011111100101000010110101000000101110010010011011100001111100001110
001101100111001001110101111001110000010110011001011100111010010000000001000100100111010010011000
011110011100010110011110101001101101011101011100000010111010001111100100011011101100100101000000
011110011101011000000000110000100001110011011110010000000000111111011001111010011111001010100000
100010111000101001000000000110101010111000010000101010101111101010110000001010000011000001111101
100010111001101110111110000010000111001010011001110010101010000100110110011110101100100110000001
101101111110011101101010100011010010111001000100100001111110110100001011100100100100111110110100
101101111111100111010111010110110011010101010001111100101111010000000101101001101101000110011100
001001001100010110110011010110001001100000100010011110000010011110110000000001100010000111011111
001001001100110000110001100100010000100100101010111010011000100000001100110001000010010000000100
