111111111110110110110010000100000111000010000101010101011011011110111011011011111010101100000100
111111111101011110110101011110111011000010000101010101011011011110111011011011111010101100000100
111111111010111001010001111011000110000010000101010101011011011110111011011011111010101100000100
111111111010100001100101010011001110000010000101010101011011011110111011011011111010101100000100
111111101110100001111011011010100111000010000101010101011011011110111011011011111010101100000100
111111100110100001011101011110111011000010000101010101011011011110111011011011111010101100000100
111111100011110101100100111111001111000010000101010101011011011110111011011011111010101100000100
111111100001100101010110010111010011000010000101010101011011011110111011011011111010101100000100
111111011100101100101110011111001100000010000101010101011011011110111011011011111010101100000100
111111011100001100001010101100010000000010000101010101011011011110111011011011111010101100000100
111111011011100000111111011111000101000010000101010101011011011110111011011011111010101100000100
111111010111011111110000100010000111000010000101010101011011011110111011011011111010101100000100
111111010011010100101010010010000101000010000101010101011011011110111011011011111010101100000100
111111010000000000100111011111000111000010000101010101011011011110111011011011111010101100000100
111111001110010110111010100111011000000010000101010101011011011110111011011011111010101100000100
111111001011001110101010100000001000000010000101010101011011011110111011011011111010101100000100
111110101101101101001101100000010011000010000101010101011011011110111011011011111010101100000100
111110101011010010010001110100011100000010000101010101011011011110111011011011111010101100000100
111110101010001010100110110110100101000010000101010101011011011110111011011011111010101100000100
111110101001011110000111110111011011000010000101010101011011011110111011011011111010101100000100
111110100111011111111111101011100101000010000101010101011011011110111011011011111010101100000100
111110100110001100001001001011000101000010000101010101011011011110111011011011111010101100000100
111110100101010011001011011100101010000010000101010101011011011110111011011011111010101100000100
111110100011110111001111110000011111000010000101010101011011011110111011011011111010101100000100
111110011010010101100101011011101110000010000101010101011011011110111011011011111010101100000100
111110010110101110011010110110010111000010000101010101011011011110111011011011111010101100000100
111110010011101001011010010010001010000010000101010101011011011110111011011011111010101100000100
111110010001000100110110000101110011000010000101010101011011011110111011011011111010101100000100
111110001000000001010101101010100000000010000101010101011011011110111011011011111010101100000100
111110000110100100010001010001101111000010000101010101011011011110111011011011111010101100000100
111101111111010101101110101100011000000010000101010101011011011110111011011011111010101100000100
111101111100001000011010110110001100000010000101010101011011011110111011011011111010101100000100
111101110101101011110111101110001101000010000101010101011011011110111011011011111010101100000100
111101110101010101110010011010001100000010000101010101011011011110111011011011111010101100000100
111101110011011110001011111001001101000010000101010101011011011110111011011011111010101100000100
111101110000000110100101111101100000000010000101010101011011011110111011011011111010101100000100
111101101110001001000110111000001101000010000101010101011011011110111011011011111010101100000100
111101101101001100010010011110111011000010000101010101011011011110111011011011111010101100000100
111101101100001001011001110101111001000010000101010101011011011110111011011011111010101100000100
111101100000011111100010110000101011000010000101010101011011011110111011011011111010101100000100
111101011111111000110110011101011110000010000101010101011011011110111011011011111010101100000100
111101010111101010011111111000011010000010000101010101011011011110111011011011111010101100000100
111101010001010001000101111100101111000010000101010101011011011110111011011011111010101100000100
111101001010110100101000011011011001000010000101010101011011011110111011011011111010101100000100
111101000110111001101101010010000100000010000101010101011011011110111011011011111010101100000100
111101000100110011010101110001111101000010000101010101011011011110111011011011111010101100000100
111101000001000100001001010011011110000010000101010101011011011110111011011011111010101100000100
111100111111011111011111110101100100000010000101010101011011011110111011011011111010101100000100
111100111010100000011100111111111011000010000101010101011011011110111011011011111010101100000100
111100110111100010010111100000101100000010000101010101011011011110111011011011111010101100000100
111100110110101111011011000000010001000010000101010101011011011110111011011011111010101100000100
111100110011000011011001001011111110000010000101010101011011011110111011011011111010101100000100
111100110010100011000001101111111100000010000101010101011011011110111011011011111010101100000100
111100110010010111001100110110001100000010000101010101011011011110111011011011111010101100000100
111100110001100101101000001011000101000010000101010101011011011110111011011011111010101100000100
111100101101000000111110010101000000000010000101010101011011011110111011011011111010101100000100
111100100111101110100011100011100101000010000101010101011011011110111011011011111010101100000100
111100100100000010111110011011001100000010000101010101011011011110111011011011111010101100000100
111100100011011001001111010111001101000010000101010101011011011110111011011011111010101100000100
111100100011001110010111000000100111000010000101010101011011011110111011011011111010101100000100
111100100010000110011011000010100101000010000101010101011011011110111011011011111010101100000100
111100011110110010010100001101001101000010000101010101011011011110111011011011111010101100000100
111100011011011110101111111111011011000010000101010101011011011110111011011011111010101100000100
111100010110110101110101110110000111000010000101010101011011011110111011011011111010101100000100
111100010101010111010010110011000111000010000101010101011011011110111011011011111010101100000100
111100000110011101010011101111001001000010000101010101011011011110111011011011111010101100000100
111100000010101110110100000000001011000010000101010101011011011110111011011011111010101100000100
111100000010001011111100100110010011000010000101010101011011011110111011011011111010101100000100
111100000000011011101110111100011010000010000101010101011011011110111011011011111010101100000100
111011111010110011010010011011001001000010000101010101011011011110111011011011111010101100000100
111011110110111100001100111010001001000010000101010101011011011110111011011011111010101100000100
111011110011110000110010110100000100000010000101010101011011011110111011011011111010101100000100
111011101100001100110111000001000011000010000101010101011011011110111011011011111010101100000100
111011101010111000100100111010110111000010000101010101011011011110111011011011111010101100000100
111011101000000001010011001100110100000010000101010101011011011110111011011011111010101100000100
111011100101111011100001011101000110000010000101010101011011011110111011011011111010101100000100
111011011010100110010110011111001010000010000101010101011011011110111011011011111010101100000100
111011011001010001101100010111101100000010000101010101011011011110111011011011111010101100000100
111011011000001100010010101011011000000010000101010101011011011110111011011011111010101100000100
111011010010010100001000100101001111000010000101010101011011011110111011011011111010101100000100
111011001000111001110001110101110101000010000101010101011011011110111011011011111010101100000100
111011000101110111100010001001010100000010000101010101011011011110111011011011111010101100000100
111011000011101010001111000010100101000010000101010101011011011110111011011011111010101100000100
111011000011011001001010110101110111000010000101010101011011011110111011011011111010101100000100
111011000001111000001110001010100010000010000101010101011011011110111011011011111010101100000100
111011000000100001011010110100100010000010000101010101011011011110111011011011111010101100000100
111010111111011101001011100110011111000010000101010101011011011110111011011011111010101100000100
111010111011100000011110011111100111000010000101010101011011011110111011011011111010101100000100
111010111001000110111110000011110000000010000101010101011011011110111011011011111010101100000100
111010110110011000101100101001001110000010000101010101011011011110111011011011111010101100000100
111010110101001101111101011001010110000010000101010101011011011110111011011011111010101100000100
111010110010010010110001110011100101000010000101010101011011011110111011011011111010101100000100
111010100010110110101000011101011100000010000101010101011011011110111011011011111010101100000100
111010011110010110001101001111000000000010000101010101011011011110111011011011111010101100000100
111010011011011010100110000111101011000010000101010101011011011110111011011011111010101100000100
111010010111101111001011111011000000000010000101010101011011011110111011011011111010101100000100
111010010101100110011100101001111110000010000101010101011011011110111011011011111010101100000100
111010001101000110101111110110001100000010000101010101011011011110111011011011111010101100000100
111010001001010101110101001001110111000010000101010101011011011110111011011011111010101100000100
111010000001111100111110000110111101000010000101010101011011011110111011011011111010101100000100
111001111001011111011011110011001000000010000101010101011011011110111011011011111010101100000100
111001101000111110100001001000111110000010000101010101011011011110111011011011111010101100000100
111001101000010001010101101101100011000010000101010101011011011110111011011011111010101100000100
111001100110101110011011010001010001000010000101010101011011011110111011011011111010101100000100
111001100100100111010111101000110101000010000101010101011011011110111011011011111010101100000100
111001011111001000011101010111100011000010000101010101011011011110111011011011111010101100000100
111001011111000111000001101100000101000010000101010101011011011110111011011011111010101100000100
111001010101110110010000010110010100000010000101010101011011011110111011011011111010101100000100
111001010011011010001100111001111000000010000101010101011011011110111011011011111010101100000100
111001010010100110100011100010110100000010000101010101011011011110111011011011111010101100000100
111001010000010100100000001010101011000010000101010101011011011110111011011011111010101100000100
111001000000000101010111100011110101000010000101010101011011011110111011011011111010101100000100
111000111100101110111100100000011111000010000101010101011011011110111011011011111010101100000100
111000110111011010111010001111000110000010000101010101011011011110111011011011111010101100000100
111000101111101011101001010000011101000010000101010101011011011110111011011011111010101100000100
111000101110001011101111100010101100000010000101010101011011011110111011011011111010101100000100
111000101000110101110001011101100110000010000101010101011011011110111011011011111010101100000100
111000011110101110001000100101110010000010000101010101011011011110111011011011111010101100000100
111000011001010100110101110111000010000010000101010101011011011110111011011011111010101100000100
111000010111010000111001000000001011000010000101010101011011011110111011011011111010101100000100
111000001111100011010101101100101001000010000101010101011011011110111011011011111010101100000100
111000001110001010010111111000011100000010000101010101011011011110111011011011111010101100000100
111000001101000011110011111110001000000010000101010101011011011110111011011011111010101100000100
111000001011011000000101111011001100000010000101010101011011011110111011011011111010101100000100
111000001000011110110110101111001000000010000101010101011011011110111011011011111010101100000100
111000000110101100111011110011011100000010000101010101011011011110111011011011111010101100000100
111000000100110000100001100001000010000010000101010101011011011110111011011011111010101100000100
110111111000101100110110001101110011000010000101010101011011011110111011011011111010101100000100
110111101110010001000010100101011000000010000101010101011011011110111011011011111010101100000100
110111100111110000110101101101011000000010000101010101011011011110111011011011111010101100000100
110111100111011101011000111101001110000010000101010101011011011110111011011011111010101100000100
110111011001001011101100100111101001000010000101010101011011011110111011011011111010101100000100
110111010111100011001011101011111010000010000101010101011011011110111011011011111010101100000100
110111010101101110111110110001111110000010000101010101011011011110111011011011111010101100000100
110111010001011111001001000000000110000010000101010101011011011110111011011011111010101100000100
110111001011011100001011111001101011000010000101010101011011011110111011011011111010101100000100
110111001011011010100110010010011111000010000101010101011011011110111011011011111010101100000100
110111001000100111011011100100010010000010000101010101011011011110111011011011111010101100000100
110111001000010011010111110110100001000010000101010101011011011110111011011011111010101100000100
110110111011001001111111100110000000000010000101010101011011011110111011011011111010101100000100
110110111010101001101101101010000011000010000101010101011011011110111011011011111010101100000100
110110111010100011000101010101110010000010000101010101011011011110111011011011111010101100000100
110110100101001011100001000011000000000010000101010101011011011110111011011011111010101100000100
110110100011110001110010110011011100000010000101010101011011011110111011011011111010101100000100
110110011111111110100110100100100000000010000101010101011011011110111011011011111010101100000100
110110011101100100110110110111001100000010000101010101011011011110111011011011111010101100000100
110110010100100111110100011000011011000010000101010101011011011110111011011011111010101100000100
110110010011001001000101111000110110000010000101010101011011011110111011011011111010101100000100
110110000000000111110001000000100011000010000101010101011011011110111011011011111010101100000100
110101111110110000111011010010110001000010000101010101011011011110111011011011111010101100000100
110101111011111110001011001000000110000010000101010101011011011110111011011011111010101100000100
110101111010100011000111001001110000000010000101010101011011011110111011011011111010101100000100
110101110110110111100000110110110100000010000101010101011011011110111011011011111010101100000100
110101101100111010011100010110001011000010000101010101011011011110111011011011111010101100000100
110101101000001000101010101110111001000010000101010101011011011110111011011011111010101100000100
110101100101110111111010101110011001000010000101010101011011011110111011011011111010101100000100
110101100100000111000001101110010001000010000101010101011011011110111011011011111010101100000100
110101011100111010101010001101001111000010000101010101011011011110111011011011111010101100000100
110101011010001010011011111000110100000010000101010101011011011110111011011011111010101100000100
110101010011011110011011011000011010000010000101010101011011011110111011011011111010101100000100
110101001111110101011110100100011101000010000101010101011011011110111011011011111010101100000100
110101001110100100000100111111110110000010000101010101011011011110111011011011111010101100000100
110101001010011010010010110100001000000010000101010101011011011110111011011011111010101100000100
110101000111111001011011111010111100000010000101010101011011011110111011011011111010101100000100
110101000110111011001011000000110010000010000101010101011011011110111011011011111010101100000100
110101000101001010001110111110011011000010000101010101011011011110111011011011111010101100000100
110100110110010011100010011010000100000010000101010101011011011110111011011011111010101100000100
110100110011111011001110011101000011000010000101010101011011011110111011011011111010101100000100
110100101010011010000011010101001100000010000101010101011011011110111011011011111010101100000100
110100100100000010110100111100111001000010000101010101011011011110111011011011111010101100000100
110100011101000000011110000000100110000010000101010101011011011110111011011011111010101100000100
110100011010011100100100000010111111000010000101010101011011011110111011011011111010101100000100
110100010110010100110000000111100010000010000101010101011011011110111011011011111010101100000100
110100001110010011111100111010011111000010000101010101011011011110111011011011111010101100000100
110100000011101010111100111100111000000010000101010101011011011110111011011011111010101100000100
110100000011000010110111110000011110000010000101010101011011011110111011011011111010101100000100
110011111111001010010000110110011101000010000101010101011011011110111011011011111010101100000100
110011111110011010000010011111001000000010000101010101011011011110111011011011111010101100000100
110011111011100000110100110000011001000010000101010101011011011110111011011011111010101100000100
110011111011010000010100001011101100000010000101010101011011011110111011011011111010101100000100
110011111010011001001111101001000010000010000101010101011011011110111011011011111010101100000100
110011111010001101011111101011101000000010000101010101011011011110111011011011111010101100000100
110011101100001010111001010101110100000010000101010101011011011110111011011011111010101100000100
110011100100111101111100011101101011000010000101010101011011011110111011011011111010101100000100
110011011110010111101111100111010001000010000101010101011011011110111011011011111010101100000100
110011011101010110111111111000011110000010000101010101011011011110111011011011111010101100000100
110011011011100000100110100101110010000010000101010101011011011110111011011011111010101100000100
110011010101101011101100010110000111000010000101010101011011011110111011011011111010101100000100
110011010101010010011111101101000101000010000101010101011011011110111011011011111010101100000100
110011001010010100100110111010000110000010000101010101011011011110111011011011111010101100000100
110011000101001011110101010011000000000010000101010101011011011110111011011011111010101100000100
110010110101010110110010110111010100000010000101010101011011011110111011011011111010101100000100
110010110101010010010101010111011111000010000101010101011011011110111011011011111010101100000100
110010110010111011111010000111101011000010000101010101011011011110111011011011111010101100000100
110010100000010010111101011000000000000010000101010101011011011110111011011011111010101100000100
110010010101100001110101010010100001000010000101010101011011011110111011011011111010101100000100
110010001111011010100111101111110100000010000101010101011011011110111011011011111010101100000100
110010001000001001101111010011001000000010000101010101011011011110111011011011111010101100000100
110010000101101111101101110001110010000010000101010101011011011110111011011011111010101100000100
110001111111011011010000001100011011000010000101010101011011011110111011011011111010101100000100
110001111100110000111111010000100001000010000101010101011011011110111011011011111010101100000100
110001111001101110111000110110001111000010000101010101011011011110111011011011111010101100000100
110001110100001010110100010000010011000010000101010101011011011110111011011011111010101100000100
110001101101001010000100101001010011000010000101010101011011011110111011011011111010101100000100
110001100111110101000101000101101110000010000101010101011011011110111011011011111010101100000100
110001100011000010011101001101010010000010000101010101011011011110111011011011111010101100000100
110001100010111101101100000100010110000010000101010101011011011110111011011011111010101100000100
110001011101101111010110011001111110000010000101010101011011011110111011011011111010101100000100
110001001110010011001101111000111100000010000101010101011011011110111011011011111010101100000100
110001000110100100001011000110100110000010000101010101011011011110111011011011111010101100000100
110001000010001001010111011001111011000010000101010101011011011110111011011011111010101100000100
110000111101110110101110100000000100000010000101010101011011011110111011011011111010101100000100
110000111101001111100001001000100110000010000101010101011011011110111011011011111010101100000100
110000111011010101000110101001001010000010000101010101011011011110111011011011111010101100000100
110000111010110111011010000010101011000010000101010101011011011110111011011011111010101100000100
110000111010100101110011111111001101000010000101010101011011011110111011011011111010101100000100
110000110110110010101110000011110100000010000101010101011011011110111011011011111010101100000100
110000110110101010101011011000100001000010000101010101011011011110111011011011111010101100000100
110000110010000011110010110111000101000010000101010101011011011110111011011011111010101100000100
110000100110000111000110010011110111000010000101010101011011011110111011011011111010101100000100
110000100101101010010011001010110000000010000101010101011011011110111011011011111010101100000100
110000100010010011100110001100011001000010000101010101011011011110111011011011111010101100000100
110000100001011111111010001010000000000010000101010101011011011110111011011011111010101100000100
110000011101110110010111110011110110000010000101010101011011011110111011011011111010101100000100
110000011001000101001110001001100101000010000101010101011011011110111011011011111010101100000100
110000010101101011011001011100101000000010000101010101011011011110111011011011111010101100000100
110000010101000110110100010001100000000010000101010101011011011110111011011011111010101100000100
110000010001100101011001101011000111000010000101010101011011011110111011011011111010101100000100
110000001000110101010010000001001000000010000101010101011011011110111011011011111010101100000100
110000000111000001001001001010000110000010000101010101011011011110111011011011111010101100000100
101111111100110010111001011100010100000010000101010101011011011110111011011011111010101100000100
101111110110000111110000101011001000000010000101010101011011011110111011011011111010101100000100
101111110100000111100000010100111011000010000101010101011011011110111011011011111010101100000100
101111110010100001010101100000100110000010000101010101011011011110111011011011111010101100000100
101111101111011010110000000101101111000010000101010101011011011110111011011011111010101100000100
101111011101111110001110100111100110000010000101010101011011011110111011011011111010101100000100
101111011011001101010010011010101010000010000101010101011011011110111011011011111010101100000100
101111011010011101000010001111011100000010000101010101011011011110111011011011111010101100000100
101111011001100111100010011101010110000010000101010101011011011110111011011011111010101100000100
101111010110011110011100100011100011000010000101010101011011011110111011011011111010101100000100
101111010000110101101001110010010010000010000101010101011011011110111011011011111010101100000100
101111001101100011101110111000011100000010000101010101011011011110111011011011111010101100000100
101111001010100100000011110101011000000010000101010101011011011110111011011011111010101100000100
101111000000110000110001011110000010000010000101010101011011011110111011011011111010101100000100
101110111010110101110100101111100111000010000101010101011011011110111011011011111010101100000100
101110111001011000100001001000111100000010000101010101011011011110111011011011111010101100000100
101110110101000110111110011111010000000010000101010101011011011110111011011011111010101100000100
101110110100011000010100000110101011000010000101010101011011011110111011011011111010101100000100
101110110010011011001010000001010101000010000101010101011011011110111011011011111010101100000100
101110100110000001100000110001100101000010000101010101011011011110111011011011111010101100000100
101110100011010100111101000010011011000010000101010101011011011110111011011011111010101100000100
101110100010011110111001001011001001000010000101010101011011011110111011011011111010101100000100
101110100000001101011110011011011010000010000101010101011011011110111011011011111010101100000100
101110011011100110110001001111000111000010000101010101011011011110111011011011111010101100000100
101110011011010001101011000100101101000010000101010101011011011110111011011011111010101100000100
101110011010111111101000110000110011000010000101010101011011011110111011011011111010101100000100
101110011000111110001011100010010011000010000101010101011011011110111011011011111010101100000100
101110011000101110100100000111110001000010000101010101011011011110111011011011111010101100000100
101110010110000001110001110100011011000010000101010101011011011110111011011011111010101100000100
101110010001000110110111001110110010000010000101010101011011011110111011011011111010101100000100
101110001100001000001110101111110001000010000101010101011011011110111011011011111010101100000100
101110001000110101000011001000011000000010000101010101011011011110111011011011111010101100000100
101110001000100110100000011101001001000010000101010101011011011110111011011011111010101100000100
101110000111001101101101011001111101000010000101010101011011011110111011011011111010101100000100
101110000001001000110101011010100101000010000101010101011011011110111011011011111010101100000100
101101111010001101101101110010100000000010000101010101011011011110111011011011111010101100000100
101101110110010000110110000111101110000010000101010101011011011110111011011011111010101100000100
101101100111110111101101100000110101000010000101010101011011011110111011011011111010101100000100
101101100010001101100000000001110001000010000101010101011011011110111011011011111010101100000100
101101011101011111011111101001000111000010000101010101011011011110111011011011111010101100000100
101101010111001111010011100101010100000010000101010101011011011110111011011011111010101100000100
101101010111000100110111011110101010000010000101010101011011011110111011011011111010101100000100
101101001100100100101100001001111011000010000101010101011011011110111011011011111010101100000100
101101001011100110000100001011101111000010000101010101011011011110111011011011111010101100000100
101101001000010100001100100011110001000010000101010101011011011110111011011011111010101100000100
101101000101010010101110010010110101000010000101010101011011011110111011011011111010101100000100
101101000100000100000000100010110010000010000101010101011011011110111011011011111010101100000100
101101000011101110101110110010010100000010000101010101011011011110111011011011111010101100000100
101101000000001111100000000101011111000010000101010101011011011110111011011011111010101100000100
101100111010111001001010100101111110000010000101010101011011011110111011011011111010101100000100
101100111010101011001110100010110111000010000101010101011011011110111011011011111010101100000100
101100110010100111001011110010110101000010000101010101011011011110111011011011111010101100000100
101100101010111110100000100111010100000010000101010101011011011110111011011011111010101100000100
101100100011000001011100100001000010000010000101010101011011011110111011011011111010101100000100
101100100010111110000010000100110011000010000101010101011011011110111011011011111010101100000100
101100011111001111000110011011011110000010000101010101011011011110111011011011111010101100000100
101100011101001110101100001000110010000010000101010101011011011110111011011011111010101100000100
101100011101001011011101101001010001000010000101010101011011011110111011011011111010101100000100
101100011010001000000110111101111111000010000101010101011011011110111011011011111010101100000100
101100011000010101110000101001100011000010000101010101011011011110111011011011111010101100000100
101100010101101010010001000110100000000010000101010101011011011110111011011011111010101100000100
101100010100011011101001010011011001000010000101010101011011011110111011011011111010101100000100
101100001001111000001101001100001000000010000101010101011011011110111011011011111010101100000100
101100000100100001100101001000011111000010000101010101011011011110111011011011111010101100000100
101011110110111000010100000100010000000010000101010101011011011110111011011011111010101100000100
101011110001010001010001000010010010000010000101010101011011011110111011011011111010101100000100
101011101110100111100100100010101001000010000101010101011011011110111011011011111010101100000100
101011101100001111110001001010100001000010000101010101011011011110111011011011111010101100000100
101011101100001000101011111000110101000010000101010101011011011110111011011011111010101100000100
101011100111111100111110101010100010000010000101010101011011011110111011011011111010101100000100
101011100111100111111001011011001011000010000101010101011011011110111011011011111010101100000100
101011100011000111010001101110010010000010000101010101011011011110111011011011111010101100000100
101011100000011110011001101010100001000010000101010101011011011110111011011011111010101100000100
101011011111011100000110010011001000000010000101010101011011011110111011011011111010101100000100
101011011111001110010010101011101101000010000101010101011011011110111011011011111010101100000100
101011011110100111010101011000011110000010000101010101011011011110111011011011111010101100000100
101011011001101001011000010011101111000010000101010101011011011110111011011011111010101100000100
101011011000010100100100011100000000000010000101010101011011011110111011011011111010101100000100
101011010101001110000110011010101110000010000101010101011011011110111011011011111010101100000100
101011010100100000001100000011011000000010000101010101011011011110111011011011111010101100000100
101011000001111011111000011101111010000010000101010101011011011110111011011011111010101100000100
101010110101000011100010011101010000000010000101010101011011011110111011011011111010101100000100
101010110001010101010010111111001110000010000101010101011011011110111011011011111010101100000100
101010110000001010100000011011100011000010000101010101011011011110111011011011111010101100000100
101010101111111001001111010101111110000010000101010101011011011110111011011011111010101100000100
101010101101011111001100111100000111000010000101010101011011011110111011011011111010101100000100
101010100100010000011001101010001011000010000101010101011011011110111011011011111010101100000100
101010011101010101111001100100101110000010000101010101011011011110111011011011111010101100000100
101010011100100110001000011001110100000010000101010101011011011110111011011011111010101100000100
101010010111111001101010001110000100000010000101010101011011011110111011011011111010101100000100
101010010111000001101011111001010011000010000101010101011011011110111011011011111010101100000100
101010010000100001000011101011101010000010000101010101011011011110111011011011111010101100000100
101010000101100001010011100111011101000010000101010101011011011110111011011011111010101100000100
101010000011100000010000001101110101000010000101010101011011011110111011011011111010101100000100
101010000000100000101101011110001001000010000101010101011011011110111011011011111010101100000100
101010000000010101010111001011001101000010000101010101011011011110111011011011111010101100000100
101001111111001111000001010101101110000010000101010101011011011110111011011011111010101100000100
101001111110101000010111111011100010000010000101010101011011011110111011011011111010101100000100
101001110000111111010011010011111100000010000101010101011011011110111011011011111010101100000100
101001110000101001011001011101011011000010000101010101011011011110111011011011111010101100000100
101001101110000100100101101011011001000010000101010101011011011110111011011011111010101100000100
101001101001111000001101010011010010000010000101010101011011011110111011011011111010101100000100
101001100110100001100001110110110001000010000101010101011011011110111011011011111010101100000100
101001010100000100000111111001101001000010000101010101011011011110111011011011111010101100000100
101001010011000110101100010111001111000010000101010101011011011110111011011011111010101100000100
101001010001110101101010000111001100000010000101010101011011011110111011011011111010101100000100
101001001101110011110111100000011110000010000101010101011011011110111011011011111010101100000100
101001001100001000011011110000011010000010000101010101011011011110111011011011111010101100000100
101001001001010001110110110011111010000010000101010101011011011110111011011011111010101100000100
101001001000010010000101101000101111000010000101010101011011011110111011011011111010101100000100
101001000111111111110001011110001000000010000101010101011011011110111011011011111010101100000100
101001000111100011001010000000011011000010000101010101011011011110111011011011111010101100000100
101001000101000101001000011101110000000010000101010101011011011110111011011011111010101100000100
101001000010100110010000010110111000000010000101010101011011011110111011011011111010101100000100
101001000000100001000101111110000001000010000101010101011011011110111011011011111010101100000100
101000111100010100111001110110001010000010000101010101011011011110111011011011111010101100000100
101000111011110000111101010001001001000010000101010101011011011110111011011011111010101100000100
101000111011011101110000110111110000000010000101010101011011011110111011011011111010101100000100
101000111000000100011100011100011100000010000101010101011011011110111011011011111010101100000100
101000110001001001101010111001011101000010000101010101011011011110111011011011111010101100000100
101000110000101000001000101000001010000010000101010101011011011110111011011011111010101100000100
101000101001010010011001010111000111000010000101010101011011011110111011011011111010101100000100
101000100110010101010010001111100000000010000101010101011011011110111011011011111010101100000100
101000100110000001101010011000010011000010000101010101011011011110111011011011111010101100000100
101000100011011111111000101001011000000010000101010101011011011110111011011011111010101100000100
101000100001000110100101110010000100000010000101010101011011011110111011011011111010101100000100
101000010011001110010010010000101001000010000101010101011011011110111011011011111010101100000100
101000000001111100010001000110101100000010000101010101011011011110111011011011111010101100000100
100111111110111010001110010000101001000010000101010101011011011110111011011011111010101100000100
100111111110100100010011011100000001000010000101010101011011011110111011011011111010101100000100
100111110111110001011111000001000100000010000101010101011011011110111011011011111010101100000100
100111101101011010101011100000000110000010000101010101011011011110111011011011111010101100000100
100111101101001111101000011101001110000010000101010101011011011110111011011011111010101100000100
100111101100100000000100101001110110000010000101010101011011011110111011011011111010101100000100
100111100111100000100000111111111001000010000101010101011011011110111011011011111010101100000100
100111100110111011010111001011100110000010000101010101011011011110111011011011111010101100000100
100111100100111100100010101111100111000010000101010101011011011110111011011011111010101100000100
100111011001011110101000110110110011000010000101010101011011011110111011011011111010101100000100
100111010010110011011111000000100011000010000101010101011011011110111011011011111010101100000100
100111000101010100011001110101111100000010000101010101011011011110111011011011111010101100000100
100111000100101010111011111111010000000010000101010101011011011110111011011011111010101100000100
100110111111110110111100011011111110000010000101010101011011011110111011011011111010101100000100
100110111100000000110011101100110100000010000101010101011011011110111011011011111010101100000100
100110111010001011010001100000000100000010000101010101011011011110111011011011111010101100000100
100110110111000111100110010001110111000010000101010101011011011110111011011011111010101100000100
100110110101010110000100101100011010000010000101010101011011011110111011011011111010101100000100
100110110010001110001001110110101000000010000101010101011011011110111011011011111010101100000100
100110101011000011101111001011111011000010000101010101011011011110111011011011111010101100000100
100110101010100000101110100001111000000010000101010101011011011110111011011011111010101100000100
100110100000110010001010011011011011000010000101010101011011011110111011011011111010101100000100
100110011111011011010111001000000010000010000101010101011011011110111011011011111010101100000100
100110011101011011111011010110111101000010000101010101011011011110111011011011111010101100000100
100110011100000011111010001100010101000010000101010101011011011110111011011011111010101100000100
100110011010100110110111101011111110000010000101010101011011011110111011011011111010101100000100
100110011001000110010101111110010100000010000101010101011011011110111011011011111010101100000100
100110010110010111110110111110110111000010000101010101011011011110111011011011111010101100000100
100110010110000110100101110011011111000010000101010101011011011110111011011011111010101100000100
100110001110011000000001000011001111000010000101010101011011011110111011011011111010101100000100
100101111111100010100001000000000100000010000101010101011011011110111011011011111010101100000100
100101111001110111011111001110011001000010000101010101011011011110111011011011111010101100000100
100101110110111111011001010000000010000010000101010101011011011110111011011011111010101100000100
100101110011110010110101001100000001000010000101010101011011011110111011011011111010101100000100
100101110001100111101111100001010001000010000101010101011011011110111011011011111010101100000100
100101110001010010100000000100010101000010000101010101011011011110111011011011111010101100000100
100101101000110001011101010001011010000010000101010101011011011110111011011011111010101100000100
100101011111010101111111001000010000000010000101010101011011011110111011011011111010101100000100
100101011111000111001011111000110101000010000101010101011011011110111011011011111010101100000100
100101011011010010011011111111110111000010000101010101011011011110111011011011111010101100000100
100101011011010001011100010001001011000010000101010101011011011110111011011011111010101100000100
100101010111110001111101010001110011000010000101010101011011011110111011011011111010101100000100
100101010100001100100000111100100000000010000101010101011011011110111011011011111010101100000100
100101001110000111001111011101111000000010000101010101011011011110111011011011111010101100000100
100101001101101000100111011110001100000010000101010101011011011110111011011011111010101100000100
100101001101001010110001000001100011000010000101010101011011011110111011011011111010101100000100
100101000110011010111011010011010011000010000101010101011011011110111011011011111010101100000100
100101000101101001000110111001101100000010000101010101011011011110111011011011111010101100000100
100101000011001111101100001000000001000010000101010101011011011110111011011011111010101100000100
100100111101001100010111011001100110000010000101010101011011011110111011011011111010101100000100
100100111010111000101011000000000110000010000101010101011011011110111011011011111010101100000100
100100101101001110100001001001101110000010000101010101011011011110111011011011111010101100000100
100100101011001101001000011100011111000010000101010101011011011110111011011011111010101100000100
100100100111101000000101110100011111000010000101010101011011011110111011011011111010101100000100
100100000000100100001110111000000110000010000101010101011011011110111011011011111010101100000100
100011111110101101011000011101010111000010000101010101011011011110111011011011111010101100000100
100011110100001101000110001001110101000010000101010101011011011110111011011011111010101100000100
100011110010110101100011010000000001000010000101010101011011011110111011011011111010101100000100
100011101101101101000111100110000001000010000101010101011011011110111011011011111010101100000100
100011101010010001011110100010000100000010000101010101011011011110111011011011111010101100000100
100011100101111100000101101111011100000010000101010101011011011110111011011011111010101100000100
100011011100101011011011010000011010000010000101010101011011011110111011011011111010101100000100
100011011011111100001101100011110110000010000101010101011011011110111011011011111010101100000100
100011011011011100100000000100101110000010000101010101011011011110111011011011111010101100000100
100011011001001100010000101111001111000010000101010101011011011110111011011011111010101100000100
100011010100010000001100001011000110000010000101010101011011011110111011011011111010101100000100
100011010100000101010001011100000110000010000101010101011011011110111011011011111010101100000100
100011010010010100011011110101100000000010000101010101011011011110111011011011111010101100000100
100011010000110000111100101101010111000010000101010101011011011110111011011011111010101100000100
100011010000011001011110001101001101000010000101010101011011011110111011011011111010101100000100
100011001011100100100101100100000111000010000101010101011011011110111011011011111010101100000100
100011001000111101110101011100110110000010000101010101011011011110111011011011111010101100000100
100011000011010000001001001000011101000010000101010101011011011110111011011011111010101100000100
100010111111011010111010011110000100000010000101010101011011011110111011011011111010101100000100
100010111101111001001010110001011010000010000101010101011011011110111011011011111010101100000100
100010111101000101011001110101001100000010000101010101011011011110111011011011111010101100000100
100010111100000110001110010001110101000010000101010101011011011110111011011011111010101100000100
100010111011010100011110111101010100000010000101010101011011011110111011011011111010101100000100
100010111000101110000010101011101010000010000101010101011011011110111011011011111010101100000100
100010110110000011101100101101011100000010000101010101011011011110111011011011111010101100000100
100010110101010111110110111110011011000010000101010101011011011110111011011011111010101100000100
100010110100000100111111011101010110000010000101010101011011011110111011011011111010101100000100
100010110000101101001110111011111110000010000101010101011011011110111011011011111010101100000100
100010101100111101101101000100110001000010000101010101011011011110111011011011111010101100000100
100010101100111011010111010010110010000010000101010101011011011110111011011011111010101100000100
100010101000011001111011010011101001000010000101010101011011011110111011011011111010101100000100
100010100111001110101010100010010010000010000101010101011011011110111011011011111010101100000100
100010100011001110100000100000100100000010000101010101011011011110111011011011111010101100000100
100010011101000101110110000110100100000010000101010101011011011110111011011011111010101100000100
100010001101001011010101011011010000000010000101010101011011011110111011011011111010101100000100
100010001010010110111110010000010000000010000101010101011011011110111011011011111010101100000100
100010000000000111110001001010011101000010000101010101011011011110111011011011111010101100000100
100001111111110000110111110010101010000010000101010101011011011110111011011011111010101100000100
100001111101010010001010100010101100000010000101010101011011011110111011011011111010101100000100
100001111100000101110001110011011111000010000101010101011011011110111011011011111010101100000100
100001111001010111011111011011101110000010000101010101011011011110111011011011111010101100000100
100001110010000000010001100111100011000010000101010101011011011110111011011011111010101100000100
100001110000010000001001010111100111000010000101010101011011011110111011011011111010101100000100
100001100010111011010101111111111111000010000101010101011011011110111011011011111010101100000100
100001011111100001101000101000011011000010000101010101011011011110111011011011111010101100000100
100001011101010101011111001100101010000010000101010101011011011110111011011011111010101100000100
100001010110101111000010011110010100000010000101010101011011011110111011011011111010101100000100
100001001010001111001011010011110111000010000101010101011011011110111011011011111010101100000100
100001001010001010101001101110101110000010000101010101011011011110111011011011111010101100000100
100001000010111101100111010111001011000010000101010101011011011110111011011011111010101100000100
100001000001010101010001111010111110000010000101010101011011011110111011011011111010101100000100
100001000000010100001010111111111011000010000101010101011011011110111011011011111010101100000100
100000111010110101001010111010110111000010000101010101011011011110111011011011111010101100000100
100000111000111001100000001100000001000010000101010101011011011110111011011011111010101100000100
100000110101001111100010010000100011000010000101010101011011011110111011011011111010101100000100
100000110011101010010101111111010001000010000101010101011011011110111011011011111010101100000100
100000110011011100011111010111000011000010000101010101011011011110111011011011111010101100000100
100000110010001100000000011100000000000010000101010101011011011110111011011011111010101100000100
100000100110010000010110010010111011000010000101010101011011011110111011011011111010101100000100
100000011110101000011101111110101101000010000101010101011011011110111011011011111010101100000100
100000011011000100111100111010100111000010000101010101011011011110111011011011111010101100000100
100000010101101110000101011001101101000010000101010101011011011110111011011011111010101100000100
100000010010101110010110100000011001000010000101010101011011011110111011011011111010101100000100
100000001101001001111000100100111101000010000101010101011011011110111011011011111010101100000100
100000001000101110000010101110011101000010000101010101011011011110111011011011111010101100000100
100000000100111001110000101010111011000010000101010101011011011110111011011011111010101100000100
011111111110101100010101001100110111000010000101010101011011011110111011011011111010101100000100
011111110001100111001001101110111001000010000101010101011011011110111011011011111010101100000100
011111101111110011010110010010110011000010000101010101011011011110111011011011111010101100000100
011111101000111001011010001101110010000010000101010101011011011110111011011011111010101100000100
011111101000101110101010010011011110000010000101010101011011011110111011011011111010101100000100
011111100110011001000001010110010000000010000101010101011011011110111011011011111010101100000100
011111000011110000110000001111111110000010000101010101011011011110111011011011111010101100000100
011110110010001011010010000111101111000010000101010101011011011110111011011011111010101100000100
011110101110010001010011110100100001000010000101010101011011011110111011011011111010101100000100
011110100110100010110010001111001000000010000101010101011011011110111011011011111010101100000100
011110100101100100010001110111010101000010000101010101011011011110111011011011111010101100000100
011110100010100110010010101010111001000010000101010101011011011110111011011011111010101100000100
011110010100110010000101010011001010000010000101010101011011011110111011011011111010101100000100
011110010001110101010100001110010101000010000101010101011011011110111011011011111010101100000100
011110001111111000101001100011101111000010000101010101011011011110111011011011111010101100000100
011110001110011100110011001100111110000010000101010101011011011110111011011011111010101100000100
011110000100110011101101110010010111000010000101010101011011011110111011011011111010101100000100
011110000001111000011110001100000000000010000101010101011011011110111011011011111010101100000100
011101111101111011101111001101010000000010000101010101011011011110111011011011111010101100000100
011101111100110111010000100001010001000010000101010101011011011110111011011011111010101100000100
011101111010011110101011111101100000000010000101010101011011011110111011011011111010101100000100
011101101010100110010100010111101110000010000101010101011011011110111011011011111010101100000100
011101101000101100000110101100100100000010000101010101011011011110111011011011111010101100000100
011101100111001000001111001100101000000010000101010101011011011110111011011011111010101100000100
011101100110100011110111100000100000000010000101010101011011011110111011011011111010101100000100
011101100011011011100111101010111111000010000101010101011011011110111011011011111010101100000100
011101011110011111011110100100111011000010000101010101011011011110111011011011111010101100000100
011101011000101110000110011001101110000010000101010101011011011110111011011011111010101100000100
011101010110001110111110011111011100000010000101010101011011011110111011011011111010101100000100
011101001110000101000111101000010010000010000101010101011011011110111011011011111010101100000100
011100100010001110111011011010011101000010000101010101011011011110111011011011111010101100000100
011100100000101101111000001010001001000010000101010101011011011110111011011011111010101100000100
011100011110111101010001000101100101000010000101010101011011011110111011011011111010101100000100
011100011001000111111000111101111101000010000101010101011011011110111011011011111010101100000100
011100011000101010110110001000001100000010000101010101011011011110111011011011111010101100000100
011100001011000001111111001101010110000010000101010101011011011110111011011011111010101100000100
011100000101100000111011000000000010000010000101010101011011011110111011011011111010101100000100
011100000011010000110101110011111110000010000101010101011011011110111011011011111010101100000100
011011110000011010011101111110110101000010000101010101011011011110111011011011111010101100000100
011011101110111111111100010100101011000010000101010101011011011110111011011011111010101100000100
011011100110111010011111111111010011000010000101010101011011011110111011011011111010101100000100
011011100110011011101011000100001111000010000101010101011011011110111011011011111010101100000100
011011100110001000011000111010100110000010000101010101011011011110111011011011111010101100000100
011011100011011101100001011000110000000010000101010101011011011110111011011011111010101100000100
011011100010101111010100001001100100000010000101010101011011011110111011011011111010101100000100
011011011110101100010011110101100001000010000101010101011011011110111011011011111010101100000100
011011011100100010001100111111111010000010000101010101011011011110111011011011111010101100000100
011011011011000011011100010111100001000010000101010101011011011110111011011011111010101100000100
011011010011100011010000011110101100000010000101010101011011011110111011011011111010101100000100
011011001000100000000001100101011110000010000101010101011011011110111011011011111010101100000100
011011000110101000001001100110111101000010000101010101011011011110111011011011111010101100000100
011011000001100001001110001100000001000010000101010101011011011110111011011011111010101100000100
011011000000100010101110000110011110000010000101010101011011011110111011011011111010101100000100
011010111100010101100011000000101111000010000101010101011011011110111011011011111010101100000100
011010111001100101111110100000101011000010000101010101011011011110111011011011111010101100000100
011010110010001000110011010110101010000010000101010101011011011110111011011011111010101100000100
011010101101101101100101010110100110000010000101010101011011011110111011011011111010101100000100
011010101011111011000100001100001111000010000101010101011011011110111011011011111010101100000100
011010101001011001110011010010101110000010000101010101011011011110111011011011111010101100000100
011010100000011001110111000010111111000010000101010101011011011110111011011011111010101100000100
011010010100111001000111011101110010000010000101010101011011011110111011011011111010101100000100
011010001110110100101111000110100011000010000101010101011011011110111011011011111010101100000100
011010001001000011010111101001011011000010000101010101011011011110111011011011111010101100000100
011010000101111100000010111101100100000010000101010101011011011110111011011011111010101100000100
011010000001111000001100110001010100000010000101010101011011011110111011011011111010101100000100
011001111111111000111010011001101101000010000101010101011011011110111011011011111010101100000100
011001111011110111111010111010110001000010000101010101011011011110111011011011111010101100000100
011001110100100110010001100101111000000010000101010101011011011110111011011011111010101100000100
011001110100011100100100010110011010000010000101010101011011011110111011011011111010101100000100
011001110011000110000101011101001001000010000101010101011011011110111011011011111010101100000100
011001101010011000110100001100111010000010000101010101011011011110111011011011111010101100000100
011001100111010000001000011100110011000010000101010101011011011110111011011011111010101100000100
011001100110100010101010100100010110000010000101010101011011011110111011011011111010101100000100
011001100010111110000110001000010101000010000101010101011011011110111011011011111010101100000100
011001011101001000011010010001001010000010000101010101011011011110111011011011111010101100000100
011001011101000011010010110010100100000010000101010101011011011110111011011011111010101100000100
011001010011010011110111111101001001000010000101010101011011011110111011011011111010101100000100
011001000110101101110110001011011100000010000101010101011011011110111011011011111010101100000100
011001000101111001011111111110011001000010000101010101011011011110111011011011111010101100000100
011001000101000000010011010010010101000010000101010101011011011110111011011011111010101100000100
011001000000010011001111101010001111000010000101010101011011011110111011011011111010101100000100
011000111100001001010000100100000110000010000101010101011011011110111011011011111010101100000100
011000111010110110110001001101001100000010000101010101011011011110111011011011111010101100000100
011000011001000111110010000110011001000010000101010101011011011110111011011011111010101100000100
011000010100110110111010000001111001000010000101010101011011011110111011011011111010101100000100
011000001100111010010110101110110010000010000101010101011011011110111011011011111010101100000100
011000001011001101001010001101011010000010000101010101011011011110111011011011111010101100000100
010111111111001100110101000110000101000010000101010101011011011110111011011011111010101100000100
010111111101001100100101100101111011000010000101010101011011011110111011011011111010101100000100
010111111101001001110001011101001000000010000101010101011011011110111011011011111010101100000100
010111111010110000110100011011100110000010000101010101011011011110111011011011111010101100000100
010111111010100111011001011101011101000010000101010101011011011110111011011011111010101100000100
010111111000111110000000010000110110000010000101010101011011011110111011011011111010101100000100
010111110111100000000111111001111011000010000101010101011011011110111011011011111010101100000100
010111110001101010001111100001101010000010000101010101011011011110111011011011111010101100000100
010111101001000111001101101111110111000010000101010101011011011110111011011011111010101100000100
010111100111101111000100101000100100000010000101010101011011011110111011011011111010101100000100
010111100100101111011011110111100010000010000101010101011011011110111011011011111010101100000100
010111100000110101011100010100001001000010000101010101011011011110111011011011111010101100000100
010111011001100001010110101101110100000010000101010101011011011110111011011011111010101100000100
010111010111111011100000110010111011000010000101010101011011011110111011011011111010101100000100
010111010010100001001001010000011111000010000101010101011011011110111011011011111010101100000100
010111010000011110000100110111001001000010000101010101011011011110111011011011111010101100000100
010111001110000101101111100000110011000010000101010101011011011110111011011011111010101100000100
010111000101001011000100001110100101000010000101010101011011011110111011011011111010101100000100
010110111111101111101101000111110101000010000101010101011011011110111011011011111010101100000100
010110111011111001100000101111101101000010000101010101011011011110111011011011111010101100000100
010110110111110011011001001011110001000010000101010101011011011110111011011011111010101100000100
010110101111001111000101101011101110000010000101010101011011011110111011011011111010101100000100
010110100000001111101000000011000111000010000101010101011011011110111011011011111010101100000100
010110011000011110011101011111000101000010000101010101011011011110111011011011111010101100000100
010110010110010000011111000011101010000010000101010101011011011110111011011011111010101100000100
010110010101011001110101000110010110000010000101010101011011011110111011011011111010101100000100
010110001100001001010101011110001010000010000101010101011011011110111011011011111010101100000100
010110000111011011111011111011001010000010000101010101011011011110111011011011111010101100000100
010110000111000011011001110101111001000010000101010101011011011110111011011011111010101100000100
010110000001100111100101110111100001000010000101010101011011011110111011011011111010101100000100
010101111111110100101011111100000010000010000101010101011011011110111011011011111010101100000100
010101110110000110010010111000100100000010000101010101011011011110111011011011111010101100000100
010101110101001110001111010110100111000010000101010101011011011110111011011011111010101100000100
010101110011111101101111101001110100000010000101010101011011011110111011011011111010101100000100
010101101111010010010010100100111010000010000101010101011011011110111011011011111010101100000100
010101101001101011010010011101001010000010000101010101011011011110111011011011111010101100000100
010101101000110010000110100011000111000010000101010101011011011110111011011011111010101100000100
010101100101101000111000001001001010000010000101010101011011011110111011011011111010101100000100
010101100100111111011110000110010011000010000101010101011011011110111011011011111010101100000100
010101011111010000011000001111001110000010000101010101011011011110111011011011111010101100000100
010101011110010111111010000111100110000010000101010101011011011110111011011011111010101100000100
010101010110001110101011010010110101000010000101010101011011011110111011011011111010101100000100
010101010010110010010000010010111000000010000101010101011011011110111011011011111010101100000100
010101001011100111010010011100010001000010000101010101011011011110111011011011111010101100000100
010101001001010100010010011110001010000010000101010101011011011110111011011011111010101100000100
010101001000011101111100101000100001000010000101010101011011011110111011011011111010101100000100
010101000101011111011100001101010011000010000101010101011011011110111011011011111010101100000100
010101000100000011010001110011011011000010000101010101011011011110111011011011111010101100000100
010100111111110000010100100010100101000010000101010101011011011110111011011011111010101100000100
010100111100101011000001101000110110000010000101010101011011011110111011011011111010101100000100
010100111001111101000101000010001111000010000101010101011011011110111011011011111010101100000100
010100110011001100111110011111010111000010000101010101011011011110111011011011111010101100000100
010100101100000110101000001110000011000010000101010101011011011110111011011011111010101100000100
010100100101010010010001001111001000000010000101010101011011011110111011011011111010101100000100
010100011011100101011110011011100101000010000101010101011011011110111011011011111010101100000100
010100000110010000100110001110011101000010000101010101011011011110111011011011111010101100000100
010100000011101001001001101011011001000010000101010101011011011110111011011011111010101100000100
010100000000101110000101011110111001000010000101010101011011011110111011011011111010101100000100
010011111000001100011100011000100111000010000101010101011011011110111011011011111010101100000100
010011110111110101000001011000101011000010000101010101011011011110111011011011111010101100000100
010011110110110000100101110001010111000010000101010101011011011110111011011011111010101100000100
010011110001101111101010101101100000000010000101010101011011011110111011011011111010101100000100
010011110001101110111001010111111110000010000101010101011011011110111011011011111010101100000100
010011110000100101111110110111110011000010000101010101011011011110111011011011111010101100000100
010011100111001010011100000000100111000010000101010101011011011110111011011011111010101100000100
010011011100110111011000011010000010000010000101010101011011011110111011011011111010101100000100
010011010100101110010001000100101010000010000101010101011011011110111011011011111010101100000100
010011001100101100111101100100101100000010000101010101011011011110111011011011111010101100000100
010011001100010101100100101100011101000010000101010101011011011110111011011011111010101100000100
010011001010010110111011011000011100000010000101010101011011011110111011011011111010101100000100
010010111100101111101001111000001100000010000101010101011011011110111011011011111010101100000100
010010101110110010101000110011101111000010000101010101011011011110111011011011111010101100000100
010010101100100000100101011001011001000010000101010101011011011110111011011011111010101100000100
010010011010100011100101011111110010000010000101010101011011011110111011011011111010101100000100
010010010100110110011000110100111010000010000101010101011011011110111011011011111010101100000100
010010010100000011001111100100111100000010000101010101011011011110111011011011111010101100000100
010010010011101010001110100001000011000010000101010101011011011110111011011011111010101100000100
010010010001111000000101100001000110000010000101010101011011011110111011011011111010101100000100
010010001011110000011011000000001101000010000101010101011011011110111011011011111010101100000100
010010001011011101110100101111101000000010000101010101011011011110111011011011111010101100000100
010010001011000101100010011010111111000010000101010101011011011110111011011011111010101100000100
010010000111010010100100101110101010000010000101010101011011011110111011011011111010101100000100
010001111001001101011010110100001110000010000101010101011011011110111011011011111010101100000100
010001111001000101100101010001101000000010000101010101011011011110111011011011111010101100000100
010001110111001110101101100111011100000010000101010101011011011110111011011011111010101100000100
010001110001001001001011101011010010000010000101010101011011011110111011011011111010101100000100
010001100110001100101011010100100101000010000101010101011011011110111011011011111010101100000100
010001100001000011000000000110110101000010000101010101011011011110111011011011111010101100000100
010001011101001111010110110000011111000010000101010101011011011110111011011011111010101100000100
010001011011100110011010100101000110000010000101010101011011011110111011011011111010101100000100
010001010000111001010010100010000010000010000101010101011011011110111011011011111010101100000100
010001001111010100010000010011101100000010000101010101011011011110111011011011111010101100000100
010001001011010101011111101010110000000010000101010101011011011110111011011011111010101100000100
010001000110001001000001010011000000000010000101010101011011011110111011011011111010101100000100
010001000010110101101010010101101000000010000101010101011011011110111011011011111010101100000100
010001000010110001011100011101100000000010000101010101011011011110111011011011111010101100000100
010000111111110011100101000001001111000010000101010101011011011110111011011011111010101100000100
010000111011111011100001100001010010000010000101010101011011011110111011011011111010101100000100
010000110110110111111110111011000111000010000101010101011011011110111011011011111010101100000100
010000110010001111100000111000011010000010000101010101011011011110111011011011111010101100000100
010000110001111100001011110001101111000010000101010101011011011110111011011011111010101100000100
010000101001110111000110110111001011000010000101010101011011011110111011011011111010101100000100
010000101000110110100001000110011100000010000101010101011011011110111011011011111010101100000100
010000101000000101010100110101100000000010000101010101011011011110111011011011111010101100000100
010000100100110110000110001101010100000010000101010101011011011110111011011011111010101100000100
010000011111100010010010001101101111000010000101010101011011011110111011011011111010101100000100
010000011000110000101110101100110001000010000101010101011011011110111011011011111010101100000100
010000010110011010000101101100000100000010000101010101011011011110111011011011111010101100000100
010000001110110101111001110010111101000010000101010101011011011110111011011011111010101100000100
010000001101001000110111110110001010000010000101010101011011011110111011011011111010101100000100
010000001101000011111100110101111111000010000101010101011011011110111011011011111010101100000100
010000001011010110001000011101010100000010000101010101011011011110111011011011111010101100000100
010000001010011000011011101110100100000010000101010101011011011110111011011011111010101100000100
010000000110010001100010001010110001000010000101010101011011011110111011011011111010101100000100
010000000010111011100100111011000110000010000101010101011011011110111011011011111010101100000100
001111101110101010100011101111010110000010000101010101011011011110111011011011111010101100000100
001111101011111010010001001001000101000010000101010101011011011110111011011011111010101100000100
001111100100110001101100010100011100000010000101010101011011011110111011011011111010101100000100
001111100011011010111101011100010011000010000101010101011011011110111011011011111010101100000100
001111011000000011011110011101100010000010000101010101011011011110111011011011111010101100000100
001111010001001101110100010110100110000010000101010101011011011110111011011011111010101100000100
001111001111010111010001000100110111000010000101010101011011011110111011011011111010101100000100
001111001011000011001101101001001111000010000101010101011011011110111011011011111010101100000100
001111000110100000100111110010011000000010000101010101011011011110111011011011111010101100000100
001110111110101101101000100111101000000010000101010101011011011110111011011011111010101100000100
001110110100100100001010100011101111000010000101010101011011011110111011011011111010101100000100
001110110100000111010101100000000001000010000101010101011011011110111011011011111010101100000100
001110110011101110110100011101111101000010000101010101011011011110111011011011111010101100000100
001110110011100101010100111111010010000010000101010101011011011110111011011011111010101100000100
001110101010011110010001110111010101000010000101010101011011011110111011011011111010101100000100
001110100010000011000010100000100010000010000101010101011011011110111011011011111010101100000100
001110010011000010000101100011010000000010000101010101011011011110111011011011111010101100000100
001110010010110011110000100010100100000010000101010101011011011110111011011011111010101100000100
001110010010011111000101001011001101000010000101010101011011011110111011011011111010101100000100
001110010000000101011100111010111100000010000101010101011011011110111011011011111010101100000100
001110001101100010101111010101011101000010000101010101011011011110111011011011111010101100000100
001110000001101010011010100111001100000010000101010101011011011110111011011011111010101100000100
001110000000101111010000011011111111000010000101010101011011011110111011011011111010101100000100
001101111100010100111011110111110101000010000101010101011011011110111011011011111010101100000100
001101111100000011000111000111000100000010000101010101011011011110111011011011111010101100000100
001101110111100110000110100011010101000010000101010101011011011110111011011011111010101100000100
001101110111011110000101111001010010000010000101010101011011011110111011011011111010101100000100
001101110000111110000101101001110000000010000101010101011011011110111011011011111010101100000100
001101101111101100111101110101011101000010000101010101011011011110111011011011111010101100000100
001101101111010110100010001100101010000010000101010101011011011110111011011011111010101100000100
001101101101010101100101100010000101000010000101010101011011011110111011011011111010101100000100
001101100111111100101011001001001001000010000101010101011011011110111011011011111010101100000100
001101100110001000111001101001001101000010000101010101011011011110111011011011111010101100000100
001101011100011110111011110100100001000010000101010101011011011110111011011011111010101100000100
001101011001101010000111100101100010000010000101010101011011011110111011011011111010101100000100
001101010001101111011111111000011000000010000101010101011011011110111011011011111010101100000100
001101001111100000101001110011000100000010000101010101011011011110111011011011111010101100000100
001101001110001111000111001101101111000010000101010101011011011110111011011011111010101100000100
001101001110001010010011000000110001000010000101010101011011011110111011011011111010101100000100
001101000101000011101110100001111110000010000101010101011011011110111011011011111010101100000100
001101000100101111010011000110110010000010000101010101011011011110111011011011111010101100000100
001100110111101100100101011110100001000010000101010101011011011110111011011011111010101100000100
001100101001011011100000100110100011000010000101010101011011011110111011011011111010101100000100
001100101000110000011001101101100111000010000101010101011011011110111011011011111010101100000100
001100100101100100101101010110011010000010000101010101011011011110111011011011111010101100000100
001100100011111100011100011100111010000010000101010101011011011110111011011011111010101100000100
001100100000101010110011101001101100000010000101010101011011011110111011011011111010101100000100
001100011111101000000101100111010110000010000101010101011011011110111011011011111010101100000100
001100010100000000111100111000000000000010000101010101011011011110111011011011111010101100000100
001100000111100001001001011100011110000010000101010101011011011110111011011011111010101100000100
001100000010111011011000111010010100000010000101010101011011011110111011011011111010101100000100
001011111101001101111101110111101000000010000101010101011011011110111011011011111010101100000100
001011110001011100000110001011101010000010000101010101011011011110111011011011111010101100000100
001011101110010000110000001011011010000010000101010101011011011110111011011011111010101100000100
001011101000110111011100001111011011000010000101010101011011011110111011011011111010101100000100
001011100001101100011010011111100011000010000101010101011011011110111011011011111010101100000100
001011100000010110101001110111000100000010000101010101011011011110111011011011111010101100000100
001011011010101111111110110110101001000010000101010101011011011110111011011011111010101100000100
001011010111001010010000001000010010000010000101010101011011011110111011011011111010101100000100
001011010101101011000011011100010101000010000101010101011011011110111011011011111010101100000100
001011000110100100010010011000100100000010000101010101011011011110111011011011111010101100000100
001011000110010101111010110101000101000010000101010101011011011110111011011011111010101100000100
001011000110001001001011110100110001000010000101010101011011011110111011011011111010101100000100
001010111010101011100100110010010100000010000101010101011011011110111011011011111010101100000100
001010110101111000010000011111001000000010000101010101011011011110111011011011111010101100000100
001010100110011001110000010100101011000010000101010101011011011110111011011011111010101100000100
001010011100111001101001001100111011000010000101010101011011011110111011011011111010101100000100
001010011100101100100110000011000100000010000101010101011011011110111011011011111010101100000100
001010011001101100100110000110110001000010000101010101011011011110111011011011111010101100000100
001010010101011101000111101110111010000010000101010101011011011110111011011011111010101100000100
001010010000010111001101100110111100000010000101010101011011011110111011011011111010101100000100
001010001111101011010100011101011011000010000101010101011011011110111011011011111010101100000100
001010000100001111001110111100101111000010000101010101011011011110111011011011111010101100000100
001010000010001100110001000010110100000010000101010101011011011110111011011011111010101100000100
001001111111000010110000001101011000000010000101010101011011011110111011011011111010101100000100
001001110101011110100100010001110101000010000101010101011011011110111011011011111010101100000100
001001110010100101001010001100001000000010000101010101011011011110111011011011111010101100000100
001001110001100100010000010111011010000010000101010101011011011110111011011011111010101100000100
001001101110101010110100101001111001000010000101010101011011011110111011011011111010101100000100
001001101101000111001100100111011100000010000101010101011011011110111011011011111010101100000100
001001100111001000000111011010000111000010000101010101011011011110111011011011111010101100000100
001001100110100011101011111110011111000010000101010101011011011110111011011011111010101100000100
001001100011110101000011110000101010000010000101010101011011011110111011011011111010101100000100
001001011010001111010001001110011010000010000101010101011011011110111011011011111010101100000100
001001001110110101110110010100110111000010000101010101011011011110111011011011111010101100000100
001001001100010101111010001111100110000010000101010101011011011110111011011011111010101100000100
001001001011100111001111011011111011000010000101010101011011011110111011011011111010101100000100
001001001001000010010111000100111011000010000101010101011011011110111011011011111010101100000100
001001000111101101001101000100000101000010000101010101011011011110111011011011111010101100000100
001001000101010011011110111110100000000010000101010101011011011110111011011011111010101100000100
001001000010101100010011110000011010000010000101010101011011011110111011011011111010101100000100
001000111111111100010000101110000110000010000101010101011011011110111011011011111010101100000100
001000111101100101101100011001010110000010000101010101011011011110111011011011111010101100000100
001000110000100110101100000111111110000010000101010101011011011110111011011011111010101100000100
001000110000010010110100111101100010000010000101010101011011011110111011011011111010101100000100
001000101100011011011110100111010000000010000101010101011011011110111011011011111010101100000100
001000100101111000110101101110000111000010000101010101011011011110111011011011111010101100000100
001000100101001010000100111000111100000010000101010101011011011110111011011011111010101100000100
001000100101000110101111100011011010000010000101010101011011011110111011011011111010101100000100
001000100010011000010110011111100111000010000101010101011011011110111011011011111010101100000100
001000011110100110111101011001100110000010000101010101011011011110111011011011111010101100000100
001000011010000100001101110001001000000010000101010101011011011110111011011011111010101100000100
001000011000001010011001011010001010000010000101010101011011011110111011011011111010101100000100
001000010111001000001110010111100011000010000101010101011011011110111011011011111010101100000100
001000001001101000010100001011100110000010000101010101011011011110111011011011111010101100000100
001000001000000010101101101001001010000010000101010101011011011110111011011011111010101100000100
001000000110011111001110111001010101000010000101010101011011011110111011011011111010101100000100
001000000100010100100110111011001110000010000101010101011011011110111011011011111010101100000100
001000000010111100111111001011010100000010000101010101011011011110111011011011111010101100000100
001000000010010101111001110000111111000010000101010101011011011110111011011011111010101100000100
000111110001001011000110110110011010000010000101010101011011011110111011011011111010101100000100
000111101111100000110110000000100011000010000101010101011011011110111011011011111010101100000100
000111101010101101011100100011001111000010000101010101011011011110111011011011111010101100000100
000111100110111110000110011000010111000010000101010101011011011110111011011011111010101100000100
000111100101100011001010100100011101000010000101010101011011011110111011011011111010101100000100
000111100001110000111110111001100011000010000101010101011011011110111011011011111010101100000100
000111100000010110010111011111001100000010000101010101011011011110111011011011111010101100000100
000111100000001010111101011101001110000010000101010101011011011110111011011011111010101100000100
000111011111111010101011111110100111000010000101010101011011011110111011011011111010101100000100
000111011110000101011011011010101001000010000101010101011011011110111011011011111010101100000100
000111011000110110010001101010010010000010000101010101011011011110111011011011111010101100000100
000111010111001001001111110011111100000010000101010101011011011110111011011011111010101100000100
000111010001101101100110011110011110000010000101010101011011011110111011011011111010101100000100
000111001110111010011010001111111100000010000101010101011011011110111011011011111010101100000100
000111001110111000001110000010110110000010000101010101011011011110111011011011111010101100000100
000111000111111111100011001010111111000010000101010101011011011110111011011011111010101100000100
000111000111011011111001001011111001000010000101010101011011011110111011011011111010101100000100
000110111110010011011110101111000000000010000101010101011011011110111011011011111010101100000100
000110111100011110000101100110010100000010000101010101011011011110111011011011111010101100000100
000110101111110100000101000111110100000010000101010101011011011110111011011011111010101100000100
000110101101110101010110111110000100000010000101010101011011011110111011011011111010101100000100
000110100010101110101011101011001001000010000101010101011011011110111011011011111010101100000100
000110100001010101011100110111110010000010000101010101011011011110111011011011111010101100000100
000110011101011110110001011110000100000010000101010101011011011110111011011011111010101100000100
000110010111010100010010101010101010000010000101010101011011011110111011011011111010101100000100
000110010110000010110010100110101000000010000101010101011011011110111011011011111010101100000100
000110010010110000011001001011000100000010000101010101011011011110111011011011111010101100000100
000110001111111110010001001010001001000010000101010101011011011110111011011011111010101100000100
000110001111100011000001100001000111000010000101010101011011011110111011011011111010101100000100
000110001011001101011000111101001110000010000101010101011011011110111011011011111010101100000100
000110001000101001010011000000010010000010000101010101011011011110111011011011111010101100000100
000110000001110010010110011010111001000010000101010101011011011110111011011011111010101100000100
000110000000101011001111010110011101000010000101010101011011011110111011011011111010101100000100
000101111010101000110010010110110110000010000101010101011011011110111011011011111010101100000100
000101110110000011000110000111000001000010000101010101011011011110111011011011111010101100000100
000101110100100101100001000001001010000010000101010101011011011110111011011011111010101100000100
000101100011111000100101011100111100000010000101010101011011011110111011011011111010101100000100
000101011111100101110111111111001111000010000101010101011011011110111011011011111010101100000100
000101011110111110100100001100011100000010000101010101011011011110111011011011111010101100000100
000101011110110000100100101010001011000010000101010101011011011110111011011011111010101100000100
000101011011010111100101101100101010000010000101010101011011011110111011011011111010101100000100
000101010010000110000000010010011001000010000101010101011011011110111011011011111010101100000100
000101001100010010111111101000001100000010000101010101011011011110111011011011111010101100000100
000101001011001010000101111110001001000010000101010101011011011110111011011011111010101100000100
000101001010101101101110100010110010000010000101010101011011011110111011011011111010101100000100
000101000111101111100100110011110111000010000101010101011011011110111011011011111010101100000100
000101000111100011110000100111010111000010000101010101011011011110111011011011111010101100000100
000100111100111101000110011101111101000010000101010101011011011110111011011011111010101100000100
000100110100001011000101110100010011000010000101010101011011011110111011011011111010101100000100
000100101110110010101110110001001000000010000101010101011011011110111011011011111010101100000100
000100101110011111110010100101000010000010000101010101011011011110111011011011111010101100000100
000100100000110111110001000000010110000010000101010101011011011110111011011011111010101100000100
000100011101001001101111000001011011000010000101010101011011011110111011011011111010101100000100
000100011011000011110101010000001001000010000101010101011011011110111011011011111010101100000100
000100011001001111000110111110001000000010000101010101011011011110111011011011111010101100000100
000100000110111011101011101011010111000010000101010101011011011110111011011011111010101100000100
000100000110110110001110001111100110000010000101010101011011011110111011011011111010101100000100
000100000101100011100001001110101000000010000101010101011011011110111011011011111010101100000100
000100000100011011011011110101101111000010000101010101011011011110111011011011111010101100000100
000100000011110011111100001100100110000010000101010101011011011110111011011011111010101100000100
000011111101110110101101110100110100000010000101010101011011011110111011011011111010101100000100
000011111011010111001000100001110111000010000101010101011011011110111011011011111010101100000100
000011111011001001111100011000110111000010000101010101011011011110111011011011111010101100000100
000011110110100100100010111011010111000010000101010101011011011110111011011011111010101100000100
000011110101101011110000001100001000000010000101010101011011011110111011011011111010101100000100
000011110100100110101100011001110010000010000101010101011011011110111011011011111010101100000100
000011101011001111111001011010111101000010000101010101011011011110111011011011111010101100000100
000011101000110010101110101111001101000010000101010101011011011110111011011011111010101100000100
000011100100101000100101100010111100000010000101010101011011011110111011011011111010101100000100
000011100100001011101000011100000000000010000101010101011011011110111011011011111010101100000100
000011011111110111010101110010001101000010000101010101011011011110111011011011111010101100000100
000011010100100101001110011111111100000010000101010101011011011110111011011011111010101100000100
000011001111001000111011110101100100000010000101010101011011011110111011011011111010101100000100
000011001011001000111011011010111111000010000101010101011011011110111011011011111010101100000100
000011000010111100001010110010100110000010000101010101011011011110111011011011111010101100000100
000010110101010111010101101011110000000010000101010101011011011110111011011011111010101100000100
000010110010101000111000011010100101000010000101010101011011011110111011011011111010101100000100
000010101100010001110000100101010001000010000101010101011011011110111011011011111010101100000100
000010101001101000000111010011101001000010000101010101011011011110111011011011111010101100000100
000010100101011000110110111101011111000010000101010101011011011110111011011011111010101100000100
000010100101000000101000010110010011000010000101010101011011011110111011011011111010101100000100
000010100010001000011000101000000110000010000101010101011011011110111011011011111010101100000100
000010100010000111111111001011100111000010000101010101011011011110111011011011111010101100000100
000010010110011100000110101111100101000010000101010101011011011110111011011011111010101100000100
000010010110010100110001111010010110000010000101010101011011011110111011011011111010101100000100
000010001100001000001111001111001110000010000101010101011011011110111011011011111010101100000100
000001111111001101000001110111000001000010000101010101011011011110111011011011111010101100000100
000001110101101111010100000111101001000010000101010101011011011110111011011011111010101100000100
000001110010010110101110100010011011000010000101010101011011011110111011011011111010101100000100
000001110000110001000000101101101010000010000101010101011011011110111011011011111010101100000100
000001100011010001101101011001010001000010000101010101011011011110111011011011111010101100000100
000001011100011110011000110010100000000010000101010101011011011110111011011011111010101100000100
000001011010110110000001100011101001000010000101010101011011011110111011011011111010101100000100
000001010011010000111010100000111101000010000101010101011011011110111011011011111010101100000100
000001010001100100010010111000001111000010000101010101011011011110111011011011111010101100000100
000001001000001011001001100111000000000010000101010101011011011110111011011011111010101100000100
000001000101011110101000100100101111000010000101010101011011011110111011011011111010101100000100
000000111101111001111010001101011000000010000101010101011011011110111011011011111010101100000100
000000110101111011000100010110101101000010000101010101011011011110111011011011111010101100000100
000000110000010110010010010110100011000010000101010101011011011110111011011011111010101100000100
000000100110010011001011011011100000000010000101010101011011011110111011011011111010101100000100
000000010110111111011111100010000110000010000101010101011011011110111011011011111010101100000100
000000010100011101111111011111111100000010000101010101011011011110111011011011111010101100000100
000000010011000000010110011000010111000010000101010101011011011110111011011011111010101100000100
000000010010011001111100011000001111000010000101010101011011011110111011011011111010101100000100
000000001111110000000110011100011101000010000101010101011011011110111011011011111010101100000100
000000000110000001011111100001010101000010000101010101011011011110111011011011111010101100000100
000000000101101011101001011001110110000010000101010101011011011110111011011011111010101100000100
000000000100110111100111110000001001000010000101010101011011011110111011011011111010101100000100
