111110000010000101011000010000000011011011111010010100000100000001101110100011110000110100011101
111110000010000101011000010000000011011011111010010100000100011010010010101100100111011001001001
111110000010000101011000010000000011011011111010010100000100011011111110110111101010010001000001
111110000010000101011000010000000011011011111010010100000100101111111011001010101110011100100110
111110000010000101011000010000000011011011111010010100000100110111001001100010001101001110010001
111110000010000101011000010000000011011011111010010100000100000010000000000010110001111101110101
111110000010000101011000010000000011011011111010010100000100000010011111011101100011010101101001
111110000010000101011000010000000011011011111010010100000100000011011000100101000001101011100011
111110000010000101011000010000000011011011111010010100000100000100111111101110010000111000111101
111110000010000101011000010000000011011011111010010100000100000101110000011111010101111111001001
111110000010000101011000010000000011011011111010010100000100001000111101010011101011000001001101
111110000010000101011000010000000011011011111010010100000100001001001101010100100001011010011011
111110000010000101011000010000000011011011111010010100000100001011011011100000110110110110111100
111110000010000101011000010000000011011011111010010100000100001011101001011001001101001101100000
111110000010000101011000010000000011011011111010010100000100001100111000110010100011111100011111
111110000010000101011000010000000011011011111010010100000100001101000010011101110001001010001110
111110000010000101011000010000000011011011111010010100000100001101010011100011110011011010011001
111110000010000101011000010000000011011011111010010100000100001110010111010101001000000010101000
111110000010000101011000010000000011011011111010010100000100001110111100101000101100111001110001
111110000010000101011000010000000011011011111010010100000100001111101011010101011011000101101111
111110000010000101011000010000000011011011111010010100000100001111111101001111011000010011000110
111110000010000101011000010000000011011011111010010100000100010000111011011011000010001111001010
111110000010000101011000010000000011011011111010010100000100010111010001000001010000010000001111
111110000010000101011000010000000011011011111010010100000100011000110000001110011010000011010111
111110000010000101011000010000000011011011111010010100000100011010110101111010101010110010010001
111110000010000101011000010000000011011011111010010100000100011011001000011011001100100110011000
111110000010000101011000010000000011011011111010010100000100011100011010101001010110110010000110
111110000010000101011000010000000011011011111010010100000100011101001000000111011010000110011011
111110000010000101011000010000000011011011111010010100000100011110011100111001110111100011010101
111110000010000101011000010000000011011011111010010100000100011111000011110100010000001100011101
111110000010000101011000010000000011011011111010010100000100011111111011001001101101010000011110
111110000010000101011000010000000011011011111010010100000100100000000001101000011110111110000011
111110000010000101011000010000000011011011111010010100000100100001000001000101111110100111110110
111110000010000101011000010000000011011011111010010100000100100001100010011110100101011000101100
111110000010000101011000010000000011011011111010010100000100100001110101111000010110011000010101
111110000010000101011000010000000011011011111010010100000100100010101101100101111011001100001101
111110000010000101011000010000000011011011111010010100000100100011000111000100111010000010101010
111110000010000101011000010000000011011011111010010100000100100011110000000110100110000100001000
111110000010000101011000010000000011011011111010010100000100100111010100001001110100101001000111
111110000010000101011000010000000011011011111010010100000100100111100101011000101111000110100011
111110000010000101011000010000000011011011111010010100000100101000010010010011001010011110110101
111110000010000101011000010000000011011011111010010100000100101010000011111101101010111100000101
111110000010000101011000010000000011011011111010010100000100101010011101001110101000111100001001
111110000010000101011000010000000011011011111010010100000100101100011110111001001101011111011011
111110000010000101011000010000000011011011111010010100000100101110001000010111011101010011111010
111110000010000101011000010000000011011011111010010100000100101110101000010111011101111101001000
111110000010000101011000010000000011011011111010010100000100110000000010011111001100011101001010
111110000010000101011000010000000011011011111010010100000100110000010101100100101000000110100011
111110000010000101011000010000000011011011111010010100000100110001001110110001111010110001111100
111110000010000101011000010000000011011011111010010100000100110011011100110011110111111011110010
111110000010000101011000010000000011011011111010010100000100110100011011110010100101111000001011
111110000010000101011000010000000011011011111010010100000100110101011001010100010111110100101000
111110000010000101011000010000000011011011111010010100000100111001000001010010111110100111110000
111110000010000101011000010000000011011011111010010100000100111001110000110110011010100011001001
111110000010000101011000010000000011011011111010010100000100111010000001111100011101011100001110
111110000010000101011000010000000011011011111010010100000100111011010000101100011010001100011001
111110000010000101011000010000000011011011111010010100000100111011101010000001100001100100011000
111110000010000101011000010000000011011011111010010100000100111011110010110001101110011000001111
111110000010000101011000010000000011011011111010010100000100111100001100111001100001101111001010
111110000010000101011000010000000011011011111010010100000100111101111001000011101110110011010010
111110000010000101011000010000000011011011111010010100000100111110111011101001000100101111101110
111110000010000101011000010000000011011011111010010100000100111111000010010101010000100110000110
111110000010000101011000010000000011011011111010010100000100111111100010000101010101100110100010
111110000010000101011000010000000011011011111010010100000100000001010110101101010110101000100101
111110000010000101011000010000000011011011111010010100000100000010100000000000100000001111000001
111110000010000101011000010000000011011011111010010100000100000010101100010011000100100000110010
111110000010000101011000010000000011011011111010010100000100000011000011000001111001000100100100
111110000010000101011000010000000011011011111010010100000100000100010000011011011010111110000101
111110000010000101011000010000000011011011111010010100000100000100011100010111111100111110000101
111110000010000101011000010000000011011011111010010100000100000100100101000100100011100111010011
111110000010000101011000010000000011011011111010010100000100000100101110011100001001100110111000
111110000010000101011000010000000011011011111010010100000100000101010000100001011001101001111100
111110000010000101011000010000000011011011111010010100000100000101101010101000011011000101000001
111110000010000101011000010000000011011011111010010100000100000110000011001101010010011111000011
111110000010000101011000010000000011011011111010010100000100000110010001110111100000110011001001
111110000010000101011000010000000011011011111010010100000100000110011000011110010010001011111100
111110000010000101011000010000000011011011111010010100000100000110100101111001011000100111001001
111110000010000101011000010000000011011011111010010100000100000110101010010010100001001000111100
111110000010000101011000010000000011011011111010010100000100000110110110111010101010110110001101
111110000010000101011000010000000011011011111010010100000100000111011111000011001110010000110010
111110000010000101011000010000000011011011111010010100000100001000000110110101011000110101011011
111110000010000101011000010000000011011011111010010100000100001000100100001010001110000111011001
111110000010000101011000010000000011011011111010010100000100001001010000001111010111111011100001
111110000010000101011000010000000011011011111010010100000100001001011010011001111000100100010101
111110000010000101011000010000000011011011111010010100000100001001101010000000000010000111010001
111110000010000101011000010000000011011011111010010100000100001001110010100110010011101110111001
111110000010000101011000010000000011011011111010010100000100001001111011110101111011110111100011
111110000010000101011000010000000011011011111010010100000100001010000001111000111100001000100111
111110000010000101011000010000000011011011111010010100000100001010001000101101000100111100000010
111110000010000101011000010000000011011011111010010100000100001011000101001100001011111011000001
111110000010000101011000010000000011011011111010010100000100001100010100100010010000101000110000
111110000010000101011000010000000011011011111010010100000100001100011010111011011001100010110001
111110000010000101011000010000000011011011111010010100000100001101100010010110111000100010001000
111110000010000101011000010000000011011011111010010100000100001101111101010110111011100101011010
111110000010000101011000010000000011011011111010010100000100001110000000110111110010111100010101
111110000010000101011000010000000011011011111010010100000100001110001110100101000100000100111011
111110000010000101011000010000000011011011111010010100000100001110101110010100101111000100101011
111110000010000101011000010000000011011011111010010100000100010000011000001110001010010000101100
111110000010000101011000010000000011011011111010010100000100010000100100110001010001010000000110
111110000010000101011000010000000011011011111010010100000100010000101011111111000111110100101010
111110000010000101011000010000000011011011111010010100000100010001010110001110001010000000100011
111110000010000101011000010000000011011011111010010100000100010001111100101101101001100110110000
111110000010000101011000010000000011011011111010010100000100010011000010010100001100110001000011
111110000010000101011000010000000011011011111010010100000100010011001111000010100010101001000101
111110000010000101011000010000000011011011111010010100000100010011100010000000010111010100101001
111110000010000101011000010000000011011011111010010100000100010011101000101011010000011110101010
111110000010000101011000010000000011011011111010010100000100010011110110111110100010011011111001
111110000010000101011000010000000011011011111010010100000100010011111111001101001011100110011011
111110000010000101011000010000000011011011111010010100000100010100011010111101011000010100001010
111110000010000101011000010000000011011011111010010100000100010110001100000101000010111010100101
111110000010000101011000010000000011011011111010010100000100010110010000101100001000111111011001
111110000010000101011000010000000011011011111010010100000100010110011110110110011010101100000101
111110000010000101011000010000000011011011111010010100000100010110100111110011111011110000010100
111110000010000101011000010000000011011011111010010100000100010110110110100100001100011110001000
111110000010000101011000010000000011011011111010010100000100010110111000100111000100000110101001
111110000010000101011000010000000011011011111010010100000100010111100110101010101010001111011011
111110000010000101011000010000000011011011111010010100000100010111111001010001101011111110010111
111110000010000101011000010000000011011011111010010100000100011000001010011000110000101110001011
111110000010000101011000010000000011011011111010010100000100011000010101000110110100001100101001
111110000010000101011000010000000011011011111010010100000100011000011100010101101011110110001000
111110000010000101011000010000000011011011111010010100000100011001010101100001010111001000011001
111110000010000101011000010000000011011011111010010100000100011001011011001011000110001111110101
111110000010000101011000010000000011011011111010010100000100011001101110010010000101100111010100
111110000010000101011000010000000011011011111010010100000100011010100011010010101000010111111000
111110000010000101011000010000000011011011111010010100000100011010101111101000001011010000101001
111110000010000101011000010000000011011011111010010100000100011011010010001001011100110001010011
111110000010000101011000010000000011011011111010010100000100011100000111111011011011000101011001
111110000010000101011000010000000011011011111010010100000100011100100111100000000011001100101011
111110000010000101011000010000000011011011111010010100000100011100101011100101011011010001001100
111110000010000101011000010000000011011011111010010100000100100000010011010001111000010000000101
111110000010000101011000010000000011011011111010010100000100100000011101010001000011011011110001
111110000010000101011000010000000011011011111010010100000100100000101111100100000110011110001111
111110000010000101011000010000000011011011111010010100000100100000110000111101001010000010101101
111110000010000101011000010000000011011011111010010100000100100000111010010011111001110000101011
111110000010000101011000010000000011011011111010010100000100100001010101001000001110011100100000
111110000010000101011000010000000011011011111010010100000100100001011111101000100111111000111001
111110000010000101011000010000000011011011111010010100000100100011101101101100001100011111011110
111110000010000101011000010000000011011011111010010100000100100100011101110010011001001000100101
111110000010000101011000010000000011011011111010010100000100100100101011110000100111011000111101
111110000010000101011000010000000011011011111010010100000100100101010011111010110110101100010011
111110000010000101011000010000000011011011111010010100000100100101100011101011110111111011101101
111110000010000101011000010000000011011011111010010100000100100101101110000110000111111110001000
111110000010000101011000010000000011011011111010010100000100100110000010101111010000001011011001
111110000010000101011000010000000011011011111010010100000100100110110011100000010100100111100100
111110000010000101011000010000000011011011111010010100000100100110111001001111111100101000101111
111110000010000101011000010000000011011011111010010100000100101000101011010111110001011100111001
111110000010000101011000010000000011011011111010010100000100101001010011000110001011100011100100
111110000010000101011000010000000011011011111010010100000100101001110000010010111111000001110010
111110000010000101011000010000000011011011111010010100000100101001111101111010100110100000001110
111110000010000101011000010000000011011011111010010100000100101010111010100110110111011001101011
111110000010000101011000010000000011011011111010010100000100101011000011101010001000011100011001
111110000010000101011000010000000011011011111010010100000100101011001110111100000110101110000101
111110000010000101011000010000000011011011111010010100000100101011011110001000010101101011010010
111110000010000101011000010000000011011011111010010100000100101011100101010111010011000000011100
111110000010000101011000010000000011011011111010010100000100101100100111111011101110100010001000
111110000010000101011000010000000011011011111010010100000100101100101000010001101101100101100011
111110000010000101011000010000000011011011111010010100000100101100111010100010111000001111100100
111110000010000101011000010000000011011011111010010100000100101101101010001100100000011110001100
111110000010000101011000010000000011011011111010010100000100101110010010100100000100111010100101
111110000010000101011000010000000011011011111010010100000100101111011111111110100010111111001101
111110000010000101011000010000000011011011111010010100000100110000110111100010001000111001011111
111110000010000101011000010000000011011011111010010100000100110001101101000111011001010100100110
111110000010000101011000010000000011011011111010010100000100110010010101110001111110011111000110
111110000010000101011000010000000011011011111010010100000100110010011111011101000100011100110000
111110000010000101011000010000000011011011111010010100000100110010110110101100110101111100011010
111110000010000101011000010000000011011011111010010100000100110100110010001110001010000110001111
111110000010000101011000010000000011011011111010010100000100110100111111101100001011111000010010
111110000010000101011000010000000011011011111010010100000100110101000110001111101111111110001010
111110000010000101011000010000000011011011111010010100000100110101001110001111111000101110101100
111110000010000101011000010000000011011011111010010100000100110101100110111001001011111011001000
111110000010000101011000010000000011011011111010010100000100110110010101011100101111111101001011
111110000010000101011000010000000011011011111010010100000100110110011011011111110101000110100011
111110000010000101011000010000000011011011111010010100000100110110110000010100101110010001100101
111110000010000101011000010000000011011011111010010100000100110111101001001111110010101000100010
111110000010000101011000010000000011011011111010010100000100110111110001010100100111101111111010
111110000010000101011000010000000011011011111010010100000100111000001011001011001010000011111010
111110000010000101011000010000000011011011111010010100000100111001011101000101101101010001111011
111110000010000101011000010000000011011011111010010100000100111010011101000111001001001011010000
111110000010000101011000010000000011011011111010010100000100111011000001001010100000000101100110
111110000010000101011000010000000011011011111010010100000100111011001011000001101111111111010110
111110000010000101011000010000000011011011111010010100000100111101011011100100111001011011010010
111110000010000101011000010000000011011011111010010100000100111101100001000000010010000000111001
111110000010000101011000010000000011011011111010010100000100111101101010110000010101111100110010
111110000010000101011000010000000011011011111010010100000100111110000010001111100111111110011011
111110000010000101011000010000000011011011111010010100000100000000000100010111110101110100100001
111110000010000101011000010000000011011011111010010100000100000000101010001111011000111110111001
111110000010000101011000010000000011011011111010010100000100000000101111000011001000101110011001
111110000010000101011000010000000011011011111010010100000100000000110011010110011111010001110111
111110000010000101011000010000000011011011111010010100000100000000110101111111100010101011110011
111110000010000101011000010000000011011011111010010100000100000001000001111110110011010110111101
111110000010000101011000010000000011011011111010010100000100000001001000011101110011001011001110
111110000010000101011000010000000011011011111010010100000100000001001111110011101101010110000000
111110000010000101011000010000000011011011111010010100000100000010111010111001001011111110100010
111110000010000101011000010000000011011011111010010100000100000011001000010100001110110110101001
111110000010000101011000010000000011011011111010010100000100000011001111101001011011010101001110
111110000010000101011000010000000011011011111010010100000100000011110010110010101111110100100110
111110000010000101011000010000000011011011111010010100000100000101000111101100111001001100110101
111110000010000101011000010000000011011011111010010100000100000101011010111010001101101101001101
111110000010000101011000010000000011011011111010010100000100000101011110111100010111111101011110
111110000010000101011000010000000011011011111010010100000100000110001001100101001011100001101011
111110000010000101011000010000000011011011111010010100000100000111000000101011001111000011101111
111110000010000101011000010000000011011011111010010100000100000111000111011010000111110000000011
111110000010000101011000010000000011011011111010010100000100000111001011001010001011111111011110
111110000010000101011000010000000011011011111010010100000100000111001100011100000110001100011010
111110000010000101011000010000000011011011111010010100000100000111010010101001001111101101011110
111110000010000101011000010000000011011011111010010100000100000111010110101000110011111111110100
111110000010000101011000010000000011011011111010010100000100000111100001010010100001111011101110
111110000010000101011000010000000011011011111010010100000100000111111001101011100110101000000110
111110000010000101011000010000000011011011111010010100000100000111111110101010111111100111000101
111110000010000101011000010000000011011011111010010100000100001001100111001010111111111011101100
111110000010000101011000010000000011011011111010010100000100001010100110101100011111011010011111
111110000010000101011000010000000011011011111010010100000100001010111100000111111000101001010010
111110000010000101011000010000000011011011111010010100000100001011111010100111100001101100000100
111110000010000101011000010000000011011011111010010100000100001100000001011000010101001101000001
111110000010000101011000010000000011011011111010010100000100001100000100110010101001000010101010
111110000010000101011000010000000011011011111010010100000100001100100011011000000111101000111011
111110000010000101011000010000000011011011111010010100000100001100100111111110010110001011110000
111110000010000101011000010000000011011011111010010100000100001101110000100010101000011100001011
111110000010000101011000010000000011011011111010010100000100010000010011001000000110000001100010
111110000010000101011000010000000011011011111010010100000100010001001101110000100001101010100100
111110000010000101011000010000000011011011111010010100000100010001011010101010011110001111110111
111110000010000101011000010000000011011011111010010100000100010001100011110110001001000110100110
111110000010000101011000010000000011011011111010010100000100010010001010000011110101110010000010
111110000010000101011000010000000011011011111010010100000100010010001111100001001100001000001111
111110000010000101011000010000000011011011111010010100000100010010101000100010001011000010011001
111110000010000101011000010000000011011011111010010100000100010010101101110000001000101101101101
111110000010000101011000010000000011011011111010010100000100010010111011000100000010000101011000
111110000010000101011000010000000011011011111010010100000100010010111101011100110111101101000110
111110000010000101011000010000000011011011111010010100000100010100000010010101110011001100100100
111110000010000101011000010000000011011011111010010100000100010100000111011001111100011011110010
111110000010000101011000010000000011011011111010010100000100010101101011111000101010110011000000
111110000010000101011000010000000011011011111010010100000100010101101110011001010111100001111000
111110000010000101011000010000000011011011111010010100000100010110101110010000100110100100001110
111110000010000101011000010000000011011011111010010100000100010111001000000010101101110011010010
111110000010000101011000010000000011011011111010010100000100010111001101111101011010000010100010
111110000010000101011000010000000011011011111010010100000100010111101010110100110111111000101111
111110000010000101011000010000000011011011111010010100000100010111110001010000000010100111000110
111110000010000101011000010000000011011011111010010100000100011001100011000111000011011110111011
111110000010000101011000010000000011011011111010010100000100011001110001011110100111011100101011
111110000010000101011000010000000011011011111010010100000100011001110111001010000010000011100111
111110000010000101011000010000000011011011111010010100000100011011011000100001110100111100110100
111110000010000101011000010000000011011011111010010100000100011011011100101011111101110001100010
111110000010000101011000010000000011011011111010010100000100011100001000000110010110101000100011
111110000010000101011000010000000011011011111010010100000100011100110011010100100111001100011011
111110000010000101011000010000000011011011111010010100000100011100110101110111001111001111010001
111110000010000101011000010000000011011011111010010100000100011100111001001010100001101011110001
111110000010000101011000010000000011011011111010010100000100011100111101100101000101010001000011
111110000010000101011000010000000011011011111010010100000100011101010010100011101010011100001000
111110000010000101011000010000000011011011111010010100000100011101100000111100000110010111011000
111110000010000101011000010000000011011011111010010100000100011101100110100101111010000001101111
111110000010000101011000010000000011011011111010010100000100011101110000011000010010100000010000
111110000010000101011000010000000011011011111010010100000100011101110101101010011101100100011011
111110000010000101011000010000000011011011111010010100000100011110001101100010011010011011110111
111110000010000101011000010000000011011011111010010100000100011110100011010001110110000101100100
111110000010000101011000010000000011011011111010010100000100011110100111001100010010011100010001
111110000010000101011000010000000011011011111010010100000100011111101011111010001011101011000011
111110000010000101011000010000000011011011111010010100000100100000100011101111101000011010100110
111110000010000101011000010000000011011011111010010100000100100000100111011010100101110101001001
111110000010000101011000010000000011011011111010010100000100100010000010011110101100010000111110
111110000010000101011000010000000011011011111010010100000100100010000111000001101110000100101010
111110000010000101011000010000000011011011111010010100000100100010110111001000111011101010011111
111110000010000101011000010000000011011011111010010100000100100011011000100001110101010000101111
111110000010000101011000010000000011011011111010010100000100100011011101011101110011001001101111
111110000010000101011000010000000011011011111010010100000100100011100101101011111101000101111011
111110000010000101011000010000000011011011111010010100000100100101111011110110111101000011011011
111110000010000101011000010000000011011011111010010100000100100101111110100101110100101101111010
111110000010000101011000010000000011011011111010010100000100100110101010010111000100010100101111
111110000010000101011000010000000011011011111010010100000100100111000110100100111110011011110000
111110000010000101011000010000000011011011111010010100000100101000001011101100010011010011000001
111110000010000101011000010000000011011011111010010100000100101000001101001111101010010001011000
111110000010000101011000010000000011011011111010010100000100101000100001110100111111110110001010
111110000010000101011000010000000011011011111010010100000100101000100110011100011011100001110010
111110000010000101011000010000000011011011111010010100000100101001101000101001111100110100100111
111110000010000101011000010000000011011011111010010100000100101001101100111000110011010100001100
111110000010000101011000010000000011011011111010010100000100101010100011100000100110011001111000
111110000010000101011000010000000011011011111010010100000100101010100110000100110101100111010100
111110000010000101011000010000000011011011111010010100000100101010110101011000110100100101100111
111110000010000101011000010000000011011011111010010100000100101011010011000111101110111111001101
111110000010000101011000010000000011011011111010010100000100101011110000101111110111011011110000
111110000010000101011000010000000011011011111010010100000100101101011010000110110110100101101011
111110000010000101011000010000000011011011111010010100000100101101011110110000111110101100100000
111110000010000101011000010000000011011011111010010100000100101110110100000001110010000010100101
111110000010000101011000010000000011011011111010010100000100101111010010001011011001000101011101
111110000010000101011000010000000011011011111010010100000100101111010110101110101110011011001001
111110000010000101011000010000000011011011111010010100000100110000111000100011100101111110011011
111110000010000101011000010000000011011011111010010100000100110010000111010010001001010111101000
111110000010000101011000010000000011011011111010010100000100110011001010001010101010001111001011
111110000010000101011000010000000011011011111010010100000100110011001111001000100101011110101010
111110000010000101011000010000000011011011111010010100000100110011100011001010000000011101011010
111110000010000101011000010000000011011011111010010100000100110011111110001110101111101101101100
111110000010000101011000010000000011011011111010010100000100110100001011110111100111100111100111
111110000010000101011000010000000011011011111010010100000100110100001110101010100001001100000000
111110000010000101011000010000000011011011111010010100000100110110001000110010010110110110110011
111110000010000101011000010000000011011011111010010100000100110110001110110011010000010001000100
111110000010000101011000010000000011011011111010010100000100111000111010101011110001000011000000
111110000010000101011000010000000011011011111010010100000100111000111100000110111001011011100000
111110000010000101011000010000000011011011111010010100000100111001010011000100000000101011010000
111110000010000101011000010000000011011011111010010100000100111001010101101011110111011001111001
111110000010000101011000010000000011011011111010010100000100111001101101101100111001001101101111
111110000010000101011000010000000011011011111010010100000100111010010001001000010101100111111100
111110000010000101011000010000000011011011111010010100000100111010101001011000101000100100011111
111110000010000101011000010000000011011011111010010100000100111010110010110010110001011001011001
111110000010000101011000010000000011011011111010010100000100111010110111101000110000100010100110
111110000010000101011000010000000011011011111010010100000100111100010001010111000100001110011001
111110000010000101011000010000000011011011111010010100000100111100010110011000000010110010010110
111110000010000101011000010000000011011011111010010100000100111101010110000000101101110010001001
111110000010000101011000010000000011011011111010010100000100111110001000111110100010001000001000
111110000010000101011000010000000011011011111010010100000100111110101010011111001110000011100010
111110000010000101011000010000000011011011111010010100000100111110101110111111100100101111110001
111110000010000101011000010000000011011011111010010100000100111111010010010101101111001110010010
111110000010000101011000010000000011011011111010010100000100111111010100010110001110101110000110
111110000010000101011000010000000011011011111010010100000100111111110100010010111110010111000000
111110000010000101011000010000000011011011111010010100000100000000100011001111010011111010001100
111110000010000101011000010000000011011011111010010100000100000001011000110100110111010100000101
111110000010000101011000010000000011011011111010010100000100000001011010001010011010010000011101
111110000010000101011000010000000011011011111010010100000100000010111101010101101101000111101010
111110000010000101011000010000000011011011111010010100000100000011100000110101111101101001110010
111110000010000101011000010000000011011011111010010100000100000011100010100111000100110011010001
111110000010000101011000010000000011011011111010010100000100000011110110110000000100010101001010
111110000010000101011000010000000011011011111010010100000100000101100000111000011111100010010011
111110000010000101011000010000000011011011111010010100000100000101100011010100101101001110011100
111110000010000101011000010000000011011011111010010100000100000110001101001100111010001000001000
111110000010000101011000010000000011011011111010010100000100000110111100111110110001010010100000
111110000010000101011000010000000011011011111010010100000100000110111110010101001101101001110111
111110000010000101011000010000000011011011111010010100000100001000011000010000001111100010111001
111110000010000101011000010000000011011011111010010100000100001000011010011000100100001111111001
111110000010000101011000010000000011011011111010010100000100001000101000000101111011011010100100
111110000010000101011000010000000011011011111010010100000100001010100000001111010101001000011111
111110000010000101011000010000000011011011111010010100000100001010100011000000110100111101111101
111110000010000101011000010000000011011011111010010100000100001010101110011000111000011010110001
111110000010000101011000010000000011011011111010010100000100001101101000111000001110000001000111
111110000010000101011000010000000011011011111010010100000100001101101011011001100000000010011101
111110000010000101011000010000000011011011111010010100000100001101110100110110011011111001100010
111110000010000101011000010000000011011011111010010100000100001101110111001001100011110111011011
111110000010000101011000010000000011011011111010010100000100001110100001010101000110110000010000
111110000010000101011000010000000011011011111010010100000100010000010101110111110111110101001111
111110000010000101011000010000000011011011111010010100000100010000010111000011101010100011100101
111110000010000101011000010000000011011011111010010100000100010001000000000100101100001100101011
111110000010000101011000010000000011011011111010010100000100010001000011010110101000011110111010
111110000010000101011000010000000011011011111010010100000100010001001000100011111000100000011000
111110000010000101011000010000000011011011111010010100000100010001001010101001011111010110001011
111110000010000101011000010000000011011011111010010100000100010001011101110000001010111110010010
111110000010000101011000010000000011011011111010010100000100010001011111100010010100101100100111
111110000010000101011000010000000011011011111010010100000100010001100110000011111111011010111011
111110000010000101011000010000000011011011111010010100000100010010011000101011101111001100110000
111110000010000101011000010000000011011011111010010100000100010010011011110011000010110110100010
111110000010000101011000010000000011011011111010010100000100010011010000000110111010111100011111
111110000010000101011000010000000011011011111010010100000100010011010010111000000001010110111000
111110000010000101011000010000000011011011111010010100000100010100101001111111100010010011011110
111110000010000101011000010000000011011011111010010100000100010100101011001110001101000100111111
111110000010000101011000010000000011011011111010010100000100010100101111010010011111111110001010
111110000010000101011000010000000011011011111010010100000100010101100101110101000010000101110000
111110000010000101011000010000000011011011111010010100000100010101100111101111011011100110010000
111110000010000101011000010000000011011011111010010100000100010101111101010001010010110110000111
111110000010000101011000010000000011011011111010010100000100010110000100110110111000110101010011
111110000010000101011000010000000011011011111010010100000100010110000111011110001101111001100011
111110000010000101011000010000000011011011111010010100000100010110101000001011101110011101001011
111110000010000101011000010000000011011011111010010100000100010110101011101010111101000101000100
111110000010000101011000010000000011011011111010010100000100010111101100010100011101111010010110
111110000010000101011000010000000011011011111010010100000100010111101110000011110010000110101110
111110000010000101011000010000000011011011111010010100000100011000101001001101100110010011011111
111110000010000101011000010000000011011011111010010100000100011000101100011011100001111000100000
111110000010000101011000010000000011011011111010010100000100011000101110110001010010111101010011
111110000010000101011000010000000011011011111010010100000100011001001001101110010001110001000101
111110000010000101011000010000000011011011111010010100000100011001001010011001101001011010001100
111110000010000101011000010000000011011011111010010100000100011001100100100101110000010110010101
111110000010000101011000010000000011011011111010010100000100011001100110010011110010010001000000
111110000010000101011000010000000011011011111010010100000100011110001001110110101101000111111111
111110000010000101011000010000000011011011111010010100000100011110001011111100001111100000011000
111110000010000101011000010000000011011011111010010100000100100010110001100010001110100111100101
111110000010000101011000010000000011011011111010010100000100100100010001001100010011011111001101
111110000010000101011000010000000011011011111010010100000100100100010010100111000100101100000011
111110000010000101011000010000000011011011111010010100000100100100111001101101100010100101010010
111110000010000101011000010000000011011011111010010100000100100100111011110000100110110111110010
111110000010000101011000010000000011011011111010010100000100100100111101001111010101001101000000
111110000010000101011000010000000011011011111010010100000100100100111110010110000101101011100010
111110000010000101011000010000000011011011111010010100000100100101001101111100010101000010011011
111110000010000101011000010000000011011011111010010100000100100101001111101101110001011101000001
111110000010000101011000010000000011011011111010010100000100100101011001101101001010100001100110
111110000010000101011000010000000011011011111010010100000100100101110000100111010110100111111000
111110000010000101011000010000000011011011111010010100000100100110001100010000010110001110110010
111110000010000101011000010000000011011011111010010100000100100110101100010000100111110100101011
111110000010000101011000010000000011011011111010010100000100100110101110011001010110111100101110
111110000010000101011000010000000011011011111010010100000100100111000001110011100010101010001101
111110000010000101011000010000000011011011111010010100000100100111000010011101100101010101001101
111110000010000101011000010000000011011011111010010100000100100111111001111100011111101001010010
111110000010000101011000010000000011011011111010010100000100100111111011010011001000010110111110
111110000010000101011000010000000011011011111010010100000100101000111101111001101011000000011001
111110000010000101011000010000000011011011111010010100000100101000111110001101111100011011000000
111110000010000101011000010000000011011011111010010100000100101001011101000001101010000110000001
111110000010000101011000010000000011011011111010010100000100101001100000000101001100101011111000
111110000010000101011000010000000011011011111010010100000100101001100011011000100010101111101001
111110000010000101011000010000000011011011111010010100000100101011101101010011011011110011111011
111110000010000101011000010000000011011011111010010100000100101011101111011100110000111011010000
111110000010000101011000010000000011011011111010010100000100101011110101101011010001000100011100
111110000010000101011000010000000011011011111010010100000100101011110110100001100010001111011100
111110000010000101011000010000000011011011111010010100000100101110011101000101011010111101101010
111110000010000101011000010000000011011011111010010100000100101110011111010110111111010011000111
111110000010000101011000010000000011011011111010010100000100110000111101010111111111111111100000
111110000010000101011000010000000011011011111010010100000100110000111111100000000011101001001000
111110000010000101011000010000000011011011111010010100000100110001010011110100111101101001110010
111110000010000101011000010000000011011011111010010100000100110010111101111111011011001111011001
111110000010000101011000010000000011011011111010010100000100110010111111110011011010011100001100
111110000010000101011000010000000011011011111010010100000100110011000101111110110111010101111101
111110000010000101011000010000000011011011111010010100000100110011100100101000111001000010001100
111110000010000101011000010000000011011011111010010100000100110011100111110111000010010001111111
111110000010000101011000010000000011011011111010010100000100110100000000110111000101100001001111
111110000010000101011000010000000011011011111010010100000100110100000011101101100111100101000001
111110000010000101011000010000000011011011111010010100000100110100101101011101110000010101000111
111110000010000101011000010000000011011011111010010100000100110100101110000111110000111010010110
111110000010000101011000010000000011011011111010010100000100110101111110010000011100000000101011
111110000010000101011000010000000011011011111010010100000100110110000001011000000011100101110000
111110000010000101011000010000000011011011111010010100000100110110000010111111110011110001011001
111110000010000101011000010000000011011011111010010100000100110110111010000000000100011111111010
111110000010000101011000010000000011011011111010010100000100110111100001111111000101000001110100
111110000010000101011000010000000011011011111010010100000100110111100010011001000100101010010011
111110000010000101011000010000000011011011111010010100000100111010101100110000100100100010011001
111110000010000101011000010000000011011011111010010100000100111010101110000110101110100000000110
111110000010000101011000010000000011011011111010010100000100111010111001100101101110100101001000
111110000010000101011000010000000011011011111010010100000100111010111010111110010101100101000100
111110000010000101011000010000000011011011111010010100000100111101010000100010000000001110001010
111110000010000101011000010000000011011011111010010100000100111101010010010010110100011010101101
111110000010000101011000010000000011011011111010010100000100111110001101001001011010001101111011
111110000010000101011000010000000011011011111010010100000100111110011000101110100110101100001010
111110000010000101011000010000000011011011111010010100000100111110100001111100100000110100010101
111110000010000101011000010000000011011011111010010100000100000000011010111110010001111010101010
111110000010000101011000010000000011011011111010010100000100000000011011001111101101000011001011
111110000010000101011000010000000011011011111010010100000100000000111000111100010001110000100011
111110000010000101011000010000000011011011111010010100000100000000111001001011110001010011011110
111110000010000101011000010000000011011011111010010100000100000001000100001011001010100000000001
111110000010000101011000010000000011011011111010010100000100000010111110101000100000000111111010
111110000010000101011000010000000011011011111010010100000100000010111111011001111001110101110111
111110000010000101011000010000000011011011111010010100000100000011110100000011010011100101000011
111110000010000101011000010000000011011011111010010100000100000011110101001000110001001100111010
111110000010000101011000010000000011011011111010010100000100000101000000111110100001011001100110
111110000010000101011000010000000011011011111010010100000100000101000001010010000000010111111111
111110000010000101011000010000000011011011111010010100000100000110001111001000101000010010010011
111110000010000101011000010000000011011011111010010100000100000110111010010010001001100000101001
111110000010000101011000010000000011011011111010010100000100000110111011101011001101010011010110
111110000010000101011000010000000011011011111010010100000100000111100110111111110010110010011010
111110000010000101011000010000000011011011111010010100000100000111100111011010101101000011101101
111110000010000101011000010000000011011011111010010100000100001001100010000100100010011001111110
111110000010000101011000010000000011011011111010010100000100001001100011100001111010010111011110
111110000010000101011000010000000011011011111010010100000100001011001000000100101001110100100011
111110000010000101011000010000000011011011111010010100000100001011001001011101000010110010111011
111110000010000101011000010000000011011011111010010100000100001011111100010001100010011010011010
111110000010000101011000010000000011011011111010010100000100001011111101001000100100011110000000
111110000010000101011000010000000011011011111010010100000100001110100010001111010110101101001011
111110000010000101011000010000000011011011111010010100000100001110100011100111010101100110011100
111110000010000101011000010000000011011011111010010100000100010001100100000110010110100110111110
111110000010000101011000010000000011011011111010010100000100010001100101101100010100100011011011
111110000010000101011000010000000011011011111010010100000100010001110000101110011000011110000111
111110000010000101011000010000000011011011111010010100000100010001110001010111110011000101010000
111110000010000101011000010000000011011011111010010100000100010100101100100111101110000000001010
111110000010000101011000010000000011011011111010010100000100010100101101000010100110001101101011
111110000010000101011000010000000011011011111010010100000100010100110101001101000100011000011010
111110000010000101011000010000000011011011111010010100000100010101011100100000101001001011110101
111110000010000101011000010000000011011011111010010100000100010101011101110100010101000101010000
111110000010000101011000010000000011011011111010010100000100010101111110010100000001001100010101
111110000010000101011000010000000011011011111010010100000100010101111111110101110001001000101011
111110000010000101011000010000000011011011111010010100000100011000101010000011010110110100101001
111110000010000101011000010000000011011011111010010100000100011000101011001111010001111110010010
111110000010000101011000010000000011011011111010010100000100100010110010100011010001000000100100
111110000010000101011000010000000011011011111010010100000100100010110011111100110100100001110111
111110000010000101011000010000000011011011111010010100000100100011100010100010000001010101100000
111110000010000101011000010000000011011011111010010100000100100011100011100010010111110010001111
111110000010000101011000010000000011011011111010010100000100100100001101111010110001000110000111
111110000010000101011000010000000011011011111010010100000100100100010110010101010011100101110000
111110000010000101011000010000000011011011111010010100000100100100010111110110010001101001010001
111110000010000101011000010000000011011011111010010100000100100100100100111011010110110001010000
111110000010000101011000010000000011011011111010010100000100100100100101000111101110101110110010
111110000010000101011000010000000011011011111010010100000100100101011010111000011001011000110100
111110000010000101011000010000000011011011111010010100000100100101011011010101100111000011010100
111110000010000101011000010000000011011011111010010100000100100111001100001000111001001101111111
111110000010000101011000010000000011011011111010010100000100100111001101010001011101001010110011
111110000010000101011000010000000011011011111010010100000100101001011110110110010000011100111100
111110000010000101011000010000000011011011111010010100000100101001011111100011001110110100101000
111110000010000101011000010000000011011011111010010100000100101001100110011111000000011010001110
111110000010000101011000010000000011011011111010010100000100101001100111110110011010011100100001
111110000010000101011000010000000011011011111010010100000100101100000100110000000110011111101101
111110000010000101011000010000000011011011111010010100000100101100000101100100100000010000011101
111110000010000101011000010000000011011011111010010100000100101110110000001111001110101001001000
111110000010000101011000010000000011011011111010010100000100101110110001101011011010011111110001
111110000010000101011000010000000011011011111010010100000100101110111110011010101001100101000100
111110000010000101011000010000000011011011111010010100000100101110111111100110110101001000011110
111110000010000101011000010000000011011011111010010100000100110001011110000000110001110110100001
111110000010000101011000010000000011011011111010010100000100110001100100010000111010011111111000
111110000010000101011000010000000011011011111010010100000100110001100101111001010110110011011001
111110000010000101011000010000000011011011111010010100000100110010101100000000110100101100001101
111110000010000101011000010000000011011011111010010100000100110010101101000111011111010101111011
111110000010000101011000010000000011011011111010010100000100110011000110100001011011100101011111
111110000010000101011000010000000011011011111010010100000100110011000111110111001110101110010110
111110000010000101011000010000000011011011111010010100000100110100000110011100001110001000011010
111110000010000101011000010000000011011011111010010100000100110100000111101110110001010111110000
111110000010000101011000010000000011011011111010010100000100110101111100011011111000110101000111
111110000010000101011000010000000011011011111010010100000100110101111101010111110111101010001010
111110000010000101011000010000000011011011111010010100000100110111111110100000100001100100010010
111110000010000101011000010000000011011011111010010100000100110111111111110010011010001111100011
111110000010000101011000010000000011011011111010010100000100111000000010111011001011011000010100
111110000010000101011000010000000011011011111010010100000100111000000011110101001110011000111101
111110000010000101011000010000000011011011111010010100000100111000100110011001110111100100001000
111110000010000101011000010000000011011011111010010100000100111000100111100110000111010101000101
111110000010000101011000010000000011011011111010010100000100111010010100100111010100101010101111
111110000010000101011000010000000011011011111010010100000100111010010101100010001111110001100111
111110000010000101011000010000000011011011111010010100000100111110011010100101110011001110101110
111110000010000101011000010000000011011011111010010100000100111110011011110111101011110111001011
111110000010000101011000010000000011011011111010010100000100111110100010000101001010000011111101
111110000010000101011000010000000011011011111010010100000100111110100011000111000000010001100001
111110000010000101011000010000000011011011111010010100000100111111011010111001011010001111001110
111110000010000101011000010000000011011011111010010100000100111111011011101010010010111100110111
111110000010000101011000010000000011011011111010010100000100000000000000011110101110101010010110
111110000010000101011000010000000011011011111010010100000100000000000000100100001101111010100000
111110000010000101011000010000000011011011111010010100000100000000011000010001001110101100011001
111110000010000101011000010000000011011011111010010100000100000000011000111010100010000001101110
111110000010000101011000010000000011011011111010010100000100000000100001001001000011010101010111
111110000010000101011000010000000011011011111010010100000100000000100001111000100110101111101110
111110000010000101011000010000000011011011111010010100000100000001000101000000001101010000101110
111110000010000101011000010000000011011011111010010100000100000001000101100101011011110010011110
111110000010000101011000010000000011011011111010010100000100001010101101011111110101010101110100
111110000010000101011000010000000011011011111010010100000100001010101101100011000000100110010110
111110000010000101011000010000000011011011111010010100000100010010011100010110100010011011001111
111110000010000101011000010000000011011011111010010100000100010010011100110001011110111111011110
111110000010000101011000010000000011011011111010010100000100011111101111010110100101110011111001
111110000010000101011000010000000011011011111010010100000100011111101111110110010000011000111011
111110000010000101011000010000000011011011111010010100000100100010001101001011001110011110010001
111110000010000101011000010000000011011011111010010100000100100010001101100011100011100101101111
111110000010000101011000010000000011011011111010010100000100100100001100100011100101100000100011
111110000010000101011000010000000011011011111010010100000100101000000101001111010011000011111100
111110000010000101011000010000000011011011111010010100000100101000000101111101001001010110010001
111110000010000101011000010000000011011011111010010100000100101010110001010001110001101000101011
111110000010000101011000010000000011011011111010010100000100101010110001101010000011100011011011
111110000010000101011000010000000011011011111010010100000100101100110111010010000100101111100010
111110000010000101011000010000000011011011111010010100000100101100110111110011100011001000110000
111110000010000101011000010000000011011011111010010100000100110001010001000101101010010100010001
111110000010000101011000010000000011011011111010010100000100110001010001110100100011001100010010
111110000010000101011000010000000011011011111010010100000100110010000001011101110101001111010110
111110000010000101011000010000000011011011111010010100000100110010000001101011100110001001011000
111110000010000101011000010000000011011011111010010100000100110011111001000101110110100011111111
111110000010000101011000010000000011011011111010010100000100110011111001100000110100110110110101
111110000010000101011000010000000011011011111010010100000100110101101001001111000001111000111001
111110000010000101011000010000000011011011111010010100000100110101101001110001010111001110101000
111110000010000101011000010000000011011011111010010100000100110101110010101011101010111110111100
111110000010000101011000010000000011011011111010010100000100111000010001000111001010011000001100
111110000010000101011000010000000011011011111010010100000100111000010001111011001000000111001100
111110000010000101011000010000000011011011111010010100000100111001101011011110110000100001100101
111110000010000101011000010000000011011011111010010100000100111001101011101011111100100100000101
111110000010000101011000010000000011011011111010010100000100111100111111011111111101100110001100
111110000010000101011000010000000011011011111010010100000100111100111111100001101001110111110101
111110000010000101011000010000000011011011111010010100000100000110001110100110100100110100100011
111110000010000101011000010000000011011011111010010100000100000110001110110000001101100111000110
111110000010000101011000010000000011011011111010010100000100001000101011101100010101100110000110
111110000010000101011000010000000011011011111010010100000100001000101011111110111011000000111000
111110000010000101011000010000000011011011111010010100000100001010111010001100110110101110011110
111110000010000101011000010000000011011011111010010100000100001010111010010000000110010010110000
111110000010000101011000010000000011011011111010010100000100010100010011101010000101011001010010
111110000010000101011000010000000011011011111010010100000100010100010011111110110000100110000100
111110000010000101011000010000000011011011111010010100000100010111110100001001100101100111110110
111110000010000101011000010000000011011011111010010100000100010111110100011100101001001011110111
111110000010000101011000010000000011011011111010010100000100011000000000001001111100000001011110
111110000010000101011000010000000011011011111010010100000100011000000000010111111000011001111011
111110000010000101011000010000000011011011111010010100000100011101010110100001110110101100010010
111110000010000101011000010000000011011011111010010100000100011101010110110111111010001000011110
111110000010000101011000010000000011011011111010010100000100011111010000001100011000011101110001
111110000010000101011000010000000011011011111010010100000100011111010000010010011100000100101000
111110000010000101011000010000000011011011111010010100000100100101110011101100111111111101110101
111110000010000101011000010000000011011011111010010100000100100101110011110110000110010010100111
111110000010000101011000010000000011011011111010010100000100100110001110101101111100100100101000
111110000010000101011000010000000011011011111010010100000100100110001110110101011011100011010111
111110000010000101011000010000000011011011111010010100000100101011010111100110101000010100010111
111110000010000101011000010000000011011011111010010100000100101011010111111010110100011110101101
111110000010000101011000010000000011011011111010010100000100101101100100100111101010001011001011
111110000010000101011000010000000011011011111010010100000100101101100100110101000111111011011111
111110000010000101011000010000000011011011111010010100000100110001010100101101100100111111001111
111110000010000101011000010000000011011011111010010100000100110001010100110101100101100001010100
111110000010000101011000010000000011011011111010010100000100110001100011000100001110100111000001
111110000010000101011000010000000011011011111010010100000100110001100011010110110001010100001011
111110000010000101011000010000000011011011111010010100000100110101110010000100010010001100101100
111110000010000101011000010000000011011011111010010100000100110101110010011010000101101111110001
111110000010000101011000010000000011011011111010010100000100110101110101000110011100100000100100
111110000010000101011000010000000011011011111010010100000100110101110101011101001110111111001010
111110000010000101011000010000000011011011111010010100000100110110111000100000101011011111100000
111110000010000101011000010000000011011011111010010100000100110110111000110010111000100110000100
111110000010000101011000010000000011011011111010010100000100111000011100100110010101111111010001
111110000010000101011000010000000011011011111010010100000100111000011100111010001110000000011001
111110000010000101011000010000000011011011111010010100000100111111110000100101001010011000100110
111110000010000101011000010000000011011011111010010100000100111111110000110001100001111010001110
111110000010000101011000010000000011011011111010010100000100001000001111100110011011010100100100
111110000010000101011000010000000011011011111010010100000100001000001111101011111011010011001110
111110000010000101011000010000000011011011111010010100000100011100001111100111111111000100011100
111110000010000101011000010000000011011011111010010100000100011100001111101000110101101011100100
111110000010000101011000010000000011011011111010010100000100110001011111010101001110111011101100
111110000010000101011000010000000011011011111010010100000100110001011111011111100010110001100011
111110000010000101011000010000000011011011111010010100000100100100001100010010101100101100011110
111110000010000101011000010000000011011011111010010100000100100100001100010110110100000100001110
111110000010000101011000010000000011011011111010010100000100111110001110100010111001110101100100
111110000010000101011000010000000011011011111010010100000100111110001110100101001011111000011001
111110000010000101011000010000000011011011111010010100000100010100110100011101000011001101101110
111110000010000101011000010000000011011011111010010100000100010100110100011111111111110110101110
111110000010000101011000010000000011011011111010010100000100100101110111111110100101110110111001
111110000010000101011000010000000011011011111010010100000100100101110111111110101001000111011111
