111110000010000101011000010000000011011011111010010100000100111111111001111000011111000110101101
111110000010000101011000010000000011011011111010010100000100111111000001111101111011111101111100
111110000010000101011000010000000011011011111010010100000100111110111010001100100101000001100000
111110000010000101011000010000000011011011111010010100000100111110100000110011101010011110110011
111110000010000101011000010000000011011011111010010100000100111110011111111110011111101000110001
111110000010000101011000010000000011011011111010010100000100111110011011011110001011000111110001
111110000010000101011000010000000011011011111010010100000100111101111010010010110000111110000111
111110000010000101011000010000000011011011111010010100000100111101100011100010011011100111010111
111110000010000101011000010000000011011011111010010100000100111100111001101111010010001011100000
111110000010000101011000010000000011011011111010010100000100111100110101101100101000011101001011
111110000010000101011000010000000011011011111010010100000100111011100110010000101101001010110011
111110000010000101011000010000000011011011111010010100000100111011011011111010010010111111100001
111110000010000101011000010000000011011011111010010100000100111011011011000101011100111000000000
111110000010000101011000010000000011011011111010010100000100111011001101010010110110110011000010
111110000010000101011000010000000011011011111010010100000100111010101111000110110011101110101000
111110000010000101011000010000000011011011111010010100000100111001010111110110111011100110010010
111110000010000101011000010000000011011011111010010100000100111000010000101011101000111100001011
111110000010000101011000010000000011011011111010010100000100111000001110011000111110111110001110
111110000010000101011000010000000011011011111010010100000100110111110111010100000010111010000100
111110000010000101011000010000000011011011111010010100000100110110110001100001100111110010010110
111110000010000101011000010000000011011011111010010100000100110110101111110010111101100011110101
111110000010000101011000010000000011011011111010010100000100110110000011001000010010101000000011
111110000010000101011000010000000011011011111010010100000100110101010000100100011011100100101001
111110000010000101011000010000000011011011111010010100000100110101000000011010011110101101111000
111110000010000101011000010000000011011011111010010100000100110100101010111111010011001000111100
111110000010000101011000010000000011011011111010010100000100110100011011101110000101111100100010
111110000010000101011000010000000011011011111010010100000100110100000110001011111101110011010111
111110000010000101011000010000000011011011111010010100000100110100000101101100010101101101101110
111110000010000101011000010000000011011011111010010100000100110011110000101111100100001011011011
111110000010000101011000010000000011011011111010010100000100110011100101101101001001111101110010
111110000010000101011000010000000011011011111010010100000100110011011110110101101100101100100011
111110000010000101011000010000000011011011111010010100000100110011001000010100000011010110101101
111110000010000101011000010000000011011011111010010100000100110010100011001010110011001101110111
111110000010000101011000010000000011011011111010010100000100110001110100100010001001111101110001
111110000010000101011000010000000011011011111010010100000100110000101100001111010101111111111111
111110000010000101011000010000000011011011111010010100000100110000011001110100000000010001010100
111110000010000101011000010000000011011011111010010100000100110000010111111000111000111100011111
111110000010000101011000010000000011011011111010010100000100110000001110010010000011001111110000
111110000010000101011000010000000011011011111010010100000100101111110001001100000010001010011001
111110000010000101011000010000000011011011111010010100000100101111011111100110100100110101111010
111110000010000101011000010000000011011011111010010100000100101111010010010000101000100010010010
111110000010000101011000010000000011011011111010010100000100101111000100100010010101000100011110
111110000010000101011000010000000011011011111010010100000100101110110001100000110100100100101000
111110000010000101011000010000000011011011111010010100000100101110101011000101010000000101010011
111110000010000101011000010000000011011011111010010100000100101101101001100101110100100101001001
111110000010000101011000010000000011011011111010010100000100101100110011111000011111100101100000
111110000010000101011000010000000011011011111010010100000100101100010110010111011110000010111000
111110000010000101011000010000000011011011111010010100000100101100010101100000100111011001110100
111110000010000101011000010000000011011011111010010100000100101100010001110011010011110100010100
111110000010000101011000010000000011011011111010010100000100101100000110001111011001001100100110
111110000010000101011000010000000011011011111010010100000100101100000011010001111110001100111100
111110000010000101011000010000000011011011111010010100000100101011101100110001010011010111111111
111110000010000101011000010000000011011011111010010100000100101011101001010001001010011010111111
111110000010000101011000010000000011011011111010010100000100101011100010100001100010110111010000
111110000010000101011000010000000011011011111010010100000100101011001010000100110101111101110011
111110000010000101011000010000000011011011111010010100000100101010111110011110010010110010000010
111110000010000101011000010000000011011011111010010100000100101010111011111100100100101000001000
111110000010000101011000010000000011011011111010010100000100101010010010001011000001000001010010
111110000010000101011000010000000011011011111010010100000100101001111011010101100011010001110000
111110000010000101011000010000000011011011111010010100000100101001101110100100110111010010111101
111110000010000101011000010000000011011011111010010100000100101001010101010101010001101010010011
111110000010000101011000010000000011011011111010010100000100101000010000001110110010001001111110
111110000010000101011000010000000011011011111010010100000100100111110011101011001100101000011110
111110000010000101011000010000000011011011111010010100000100100111101110000100011111011111111010
111110000010000101011000010000000011011011111010010100000100100111101101000111101001000010101001
111110000010000101011000010000000011011011111010010100000100100111100101110011010010101100001100
111110000010000101011000010000000011011011111010010100000100100111011011100110100111111001100010
111110000010000101011000010000000011011011111010010100000100100111010101101011101110100110001010
111110000010000101011000010000000011011011111010010100000100100111010001010001100011001001101111
111110000010000101011000010000000011011011111010010100000100100111000111001110011101000000110100
111110000010000101011000010000000011011011111010010100000100100110111010000011110001000110011000
111110000010000101011000010000000011011011111010010100000100100110111001111111101110100111100001
111110000010000101011000010000000011011011111010010100000100100110101000110000111010000100110111
111110000010000101011000010000000011011011111010010100000100100110011101110000000111001100110001
111110000010000101011000010000000011011011111010010100000100100110010001000100001011111010101001
111110000010000101011000010000000011011011111010010100000100100101111011100110111001001110001101
111110000010000101011000010000000011011011111010010100000100100101110011101111010110111100111010
111110000010000101011000010000000011011011111010010100000100100101101110100101000001110011011011
111110000010000101011000010000000011011011111010010100000100100101101100011000110010010101001100
111110000010000101011000010000000011011011111010010100000100100101000011100000110110110000110001
111110000010000101011000010000000011011011111010010100000100100100100010110101000111111001101011
111110000010000101011000010000000011011011111010010100000100100100100001101010100010100110000001
111110000010000101011000010000000011011011111010010100000100100100001010000011111011010101101011
111110000010000101011000010000000011011011111010010100000100100011111110011110110110101101100110
111110000010000101011000010000000011011011111010010100000100100011100011101100110001111011111100
111110000010000101011000010000000011011011111010010100000100100001110110101100001001100010110000
111110000010000101011000010000000011011011111010010100000100100001010110101001100101001111111100
111110000010000101011000010000000011011011111010010100000100100001010001000110100100001111111110
111110000010000101011000010000000011011011111010010100000100100001010000001110000110100101011001
111110000010000101011000010000000011011011111010010100000100100000110101001110000000110111000010
111110000010000101011000010000000011011011111010010100000100100000010100001001011010001010010100
111110000010000101011000010000000011011011111010010100000100100000010011110010000011011001101001
111110000010000101011000010000000011011011111010010100000100100000001111100011110011011011111100
111110000010000101011000010000000011011011111010010100000100011111111001111111001011100010000111
111110000010000101011000010000000011011011111010010100000100011111110101101101110000010001001101
111110000010000101011000010000000011011011111010010100000100011111100101001011100101100010111100
111110000010000101011000010000000011011011111010010100000100011110101000000100110100011010111110
111110000010000101011000010000000011011011111010010100000100011110100011000010001001001110110001
111110000010000101011000010000000011011011111010010100000100011110011100111101011000001000010001
111110000010000101011000010000000011011011111010010100000100011101110001111100000010100111000000
111110000010000101011000010000000011011011111010010100000100011101011000001110111000000000000111
111110000010000101011000010000000011011011111010010100000100011101010111001100100100000011011100
111110000010000101011000010000000011011011111010010100000100011100111101000111011100011101001100
111110000010000101011000010000000011011011111010010100000100011100010110000010101011110011100101
111110000010000101011000010000000011011011111010010100000100011100000100001011101111110010101111
111110000010000101011000010000000011011011111010010100000100011011111111011011100010001101010010
111110000010000101011000010000000011011011111010010100000100011011111110000101000011110101010000
111110000010000101011000010000000011011011111010010100000100011010111011000111110100111101111001
111110000010000101011000010000000011011011111010010100000100011010101101111110010100010101111010
111110000010000101011000010000000011011011111010010100000100011010100110001100011001101000011110
111110000010000101011000010000000011011011111010010100000100011010011111101101011110100101000011
111110000010000101011000010000000011011011111010010100000100011010010100011010111000000100010010
111110000010000101011000010000000011011011111010010100000100011010010010011011111011110001111111
111110000010000101011000010000000011011011111010010100000100011001110101010111111100010010111100
111110000010000101011000010000000011011011111010010100000100011001011001001010001111000010010111
111110000010000101011000010000000011011011111010010100000100011001010011100011101000000010100101
111110000010000101011000010000000011011011111010010100000100011001001010101001000001111010111110
111110000010000101011000010000000011011011111010010100000100011000110101001100110000110010000000
111110000010000101011000010000000011011011111010010100000100010111110110010111111100111101000111
111110000010000101011000010000000011011011111010010100000100010111110011100101000010101001011111
111110000010000101011000010000000011011011111010010100000100010111011111111100110110000100101110
111110000010000101011000010000000011011011111010010100000100010111000000111011010010011010100010
111110000010000101011000010000000011011011111010010100000100010110111010111110011011100000111001
111110000010000101011000010000000011011011111010010100000100010110100001001101001010111010100001
111110000010000101011000010000000011011011111010010100000100010110010011011001110111111011100010
111110000010000101011000010000000011011011111010010100000100010101100100111110111011111110111100
111110000010000101011000010000000011011011111010010100000100010101000000101101111010001011010101
111110000010000101011000010000000011011011111010010100000100010100100010001111111111101001101111
111110000010000101011000010000000011011011111010010100000100010100010111000100010010101000010100
111110000010000101011000010000000011011011111010010100000100010011001001100110101011000011011100
111110000010000101011000010000000011011011111010010100000100010010111011000011001001111110101011
111110000010000101011000010000000011011011111010010100000100010010001100111100000111101000111001
111110000010000101011000010000000011011011111010010100000100010001110001000110001100010000100010
111110000010000101011000010000000011011011111010010100000100010001101100011100110100011001110100
111110000010000101011000010000000011011011111010010100000100010001011100110000100101100001011111
111110000010000101011000010000000011011011111010010100000100010000110101001101011001101000110011
111110000010000101011000010000000011011011111010010100000100010000011111001110111001000100010110
111110000010000101011000010000000011011011111010010100000100010000011111001101101100110010010100
111110000010000101011000010000000011011011111010010100000100001111110110110110000000101111101101
111110000010000101011000010000000011011011111010010100000100001111100010011000000001110101111111
111110000010000101011000010000000011011011111010010100000100001111100000010001101111001100010110
111110000010000101011000010000000011011011111010010100000100001111001110111100100100101111110011
111110000010000101011000010000000011011011111010010100000100001111000111110100100100011101110010
111110000010000101011000010000000011011011111010010100000100001111000101001111100101101100110011
111110000010000101011000010000000011011011111010010100000100001110111110011000111101111001101100
111110000010000101011000010000000011011011111010010100000100001110110101011101000011011100101111
111110000010000101011000010000000011011011111010010100000100001110011101010110110000010000100000
111110000010000101011000010000000011011011111010010100000100001110010011101011000000011001001001
111110000010000101011000010000000011011011111010010100000100001110001000011100001100011001110100
111110000010000101011000010000000011011011111010010100000100001110000011100000100010101111110000
111110000010000101011000010000000011011011111010010100000100001101100001011001000011101100000101
111110000010000101011000010000000011011011111010010100000100001100110100001101011111111111010111
111110000010000101011000010000000011011011111010010100000100001100100001101101001011111101101101
111110000010000101011000010000000011011011111010010100000100001100010001101011110111101111010000
111110000010000101011000010000000011011011111010010100000100001100001011011011011111000100110101
111110000010000101011000010000000011011011111010010100000100001100001000011011001100010110100110
111110000010000101011000010000000011011011111010010100000100001100000011110110011010001100110000
111110000010000101011000010000000011011011111010010100000100001011101011101111001001001010010000
111110000010000101011000010000000011011011111010010100000100001011010101101011101110001011000111
111110000010000101011000010000000011011011111010010100000100001010111110010010011111110000001011
111110000010000101011000010000000011011011111010010100000100001010100001000101100000101111110011
111110000010000101011000010000000011011011111010010100000100001010011011010011010101000110011100
111110000010000101011000010000000011011011111010010100000100001010000101110101001010100001111011
111110000010000101011000010000000011011011111010010100000100001001101000100111100010011001101110
111110000010000101011000010000000011011011111010010100000100001001001000110100111000100011111000
111110000010000101011000010000000011011011111010010100000100001000111010000001101110000010000111
111110000010000101011000010000000011011011111010010100000100001000010110101010110110111000110010
111110000010000101011000010000000011011011111010010100000100000111010101010011010100100010111101
111110000010000101011000010000000011011011111010010100000100000111010000000001011101001000010101
111110000010000101011000010000000011011011111010010100000100000111001011101100010110111100001000
111110000010000101011000010000000011011011111010010100000100000111000001000111111110011010010010
111110000010000101011000010000000011011011111010010100000100000110110001001110000111100010101001
111110000010000101011000010000000011011011111010010100000100000110100111001100101100101100110111
111110000010000101011000010000000011011011111010010100000100000110001010000001110001001010001010
111110000010000101011000010000000011011011111010010100000100000101110010011111000111111000100101
111110000010000101011000010000000011011011111010010100000100000101101110100001011111101001111110
111110000010000101011000010000000011011011111010010100000100000101101010011001100100001100101111
111110000010000101011000010000000011011011111010010100000100000101100100111000111110000011110000
111110000010000101011000010000000011011011111010010100000100000101100011000111001010010000001111
111110000010000101011000010000000011011011111010010100000100000101001011111101110110010001011101
111110000010000101011000010000000011011011111010010100000100000100001011111110000011111111000000
111110000010000101011000010000000011011011111010010100000100000100000101100111101111010101011001
111110000010000101011000010000000011011011111010010100000100000100000011011011010011001010101001
111110000010000101011000010000000011011011111010010100000100000100000011010010111001101111010000
111110000010000101011000010000000011011011111010010100000100000011111111110100001001100010110110
111110000010000101011000010000000011011011111010010100000100000011001011100000110000001100010110
111110000010000101011000010000000011011011111010010100000100000011001000010110100011110000100111
111110000010000101011000010000000011011011111010010100000100000010011110011001001110011111100001
111110000010000101011000010000000011011011111010010100000100000010001100010100000101110001100101
111110000010000101011000010000000011011011111010010100000100000010000000001100011011111111000111
111110000010000101011000010000000011011011111010010100000100000001011111011001010111101111010101
111110000010000101011000010000000011011011111010010100000100000001001101101100011011000110101101
111110000010000101011000010000000011011011111010010100000100000001000001101110001010001001111000
111110000010000101011000010000000011011011111010010100000100000000111011001011111110110010001011
111110000010000101011000010000000011011011111010010100000100000000110111111010100100111101110010
111110000010000101011000010000000011011011111010010100000100000000110110010001010101101111111110
111110000010000101011000010000000011011011111010010100000100000000011111010010110011110001001001
111110000010000101011000010000000011011011111010010100000100000000010101001010100110010110101101
111110000010000101011000010000000011011011111010010100000100000000001000110110000010001100010001
111110000010000101011000010000000011011011111010010100000100000000000011011000000101011011011111
