111110000010000101011000010000000011011011111010010100000100111111111100100010001010010110001001
111110000010000101011000010000000011011011111010010100000100111111110110000101000111000000101010
111110000010000101011000010000000011011011111010010100000100111111110100110000101111010111001110
111110000010000101011000010000000011011011111010010100000100111111100011010100110100101000010001
111110000010000101011000010000000011011011111010010100000100111111011110110101010100010000101100
111110000010000101011000010000000011011011111010010100000100111111011100010011110111011110010101
111110000010000101011000010000000011011011111010010100000100111111010001010100101100101011110111
111110000010000101011000010000000011011011111010010100000100111111000100000111000010010100011101
111110000010000101011000010000000011011011111010010100000100111110111010010111011010000001010111
111110000010000101011000010000000011011011111010010100000100111110110010110111011011001111100101
111110000010000101011000010000000011011011111010010100000100111110110001001011100110010011000000
111110000010000101011000010000000011011011111010010100000100111110101111001011101110001010001111
111110000010000101011000010000000011011011111010010100000100111110101110110101000111100000110000
111110000010000101011000010000000011011011111010010100000100111110101010111101011100110010111011
111110000010000101011000010000000011011011111010010100000100111110100010110011101110000010000001
111110000010000101011000010000000011011011111010010100000100111110100001110110000011100101111101
111110000010000101011000010000000011011011111010010100000100111110011001001001110100110000001010
111110000010000101011000010000000011011011111010010100000100111110010111011000000110100111010000
111110000010000101011000010000000011011011111010010100000100111110001100101010110011011001100111
111110000010000101011000010000000011011011111010010100000100111110000101111101110000101111000100
111110000010000101011000010000000011011011111010010100000100111110000010001111100000100011100010
111110000010000101011000010000000011011011111010010100000100111110000001011011011010011000011000
111110000010000101011000010000000011011011111010010100000100111110000001010011100100000011100011
111110000010000101011000010000000011011011111010010100000100111101110000010111111110010100000001
111110000010000101011000010000000011011011111010010100000100111101101110111101110101100100110011
111110000010000101011000010000000011011011111010010100000100111101100111001110110010011001100100
111110000010000101011000010000000011011011111010010100000100111101100101001101010110011000101001
111110000010000101011000010000000011011011111010010100000100111101100100100101000110001010100110
111110000010000101011000010000000011011011111010010100000100111101100001000010011001100100110011
111110000010000101011000010000000011011011111010010100000100111101011110110111000110101101101010
111110000010000101011000010000000011011011111010010100000100111101010111000100001110111011001101
111110000010000101011000010000000011011011111010010100000100111101010001001010100101001000001011
111110000010000101011000010000000011011011111010010100000100111101001101010001010100111101100111
111110000010000101011000010000000011011011111010010100000100111101001101001010001100101101001011
111110000010000101011000010000000011011011111010010100000100111100111101010001110110010101110000
111110000010000101011000010000000011011011111010010100000100111100111010000110011011111111111110
111110000010000101011000010000000011011011111010010100000100111100111000001011111010000010001001
111110000010000101011000010000000011011011111010010100000100111100101011010001011001000110111011
111110000010000101011000010000000011011011111010010100000100111100011110000010100100000100001011
111110000010000101011000010000000011011011111010010100000100111100010101110001111110100000110100
111110000010000101011000010000000011011011111010010100000100111100010001010111011000110111101100
111110000010000101011000010000000011011011111010010100000100111100000100110110111110011011011000
111110000010000101011000010000000011011011111010010100000100111100000011000001000101110011001001
111110000010000101011000010000000011011011111010010100000100111011101100100011111011011001111100
111110000010000101011000010000000011011011111010010100000100111011101000011000101110011000111100
111110000010000101011000010000000011011011111010010100000100111011100010010100000110001011010000
111110000010000101011000010000000011011011111010010100000100111011010010101101010100110101010111
111110000010000101011000010000000011011011111010010100000100111011010001011010001110111100100110
111110000010000101011000010000000011011011111010010100000100111011000111000011110110111101100010
111110000010000101011000010000000011011011111010010100000100111011000101000101000001100011001000
111110000010000101011000010000000011011011111010010100000100111011000011110110100001000111010010
111110000010000101011000010000000011011011111010010100000100111010111111101000011101010100010000
111110000010000101011000010000000011011011111010010100000100111010111110111110000111000110101110
111110000010000101011000010000000011011011111010010100000100111010111101100011101111001001111001
111110000010000101011000010000000011011011111010010100000100111010110100110101000110001010011010
111110000010000101011000010000000011011011111010010100000100111010110011111110100100010010011000
111110000010000101011000010000000011011011111010010100000100111010110011010010000010110100010101
111110000010000101011000010000000011011011111010010100000100111010100110111101100100111111101100
111110000010000101011000010000000011011011111010010100000100111010100011101011010011001000101100
111110000010000101011000010000000011011011111010010100000100111010010010010110101111010001100111
111110000010000101011000010000000011011011111010010100000100111010001001111101011001001111010100
111110000010000101011000010000000011011011111010010100000100111010001000110101010011001010000011
111110000010000101011000010000000011011011111010010100000100111010001000010011000011001111101111
111110000010000101011000010000000011011011111010010100000100111001111100100100101000000110100110
111110000010000101011000010000000011011011111010010100000100111001111100011101011001111111000000
111110000010000101011000010000000011011011111010010100000100111001111010100100011110100001101101
111110000010000101011000010000000011011011111010010100000100111001111000000010111101011111101110
111110000010000101011000010000000011011011111010010100000100111001101111001000000110110000010101
111110000010000101011000010000000011011011111010010100000100111001101101101111001011011100010101
111110000010000101011000010000000011011011111010010100000100111001101001001010000111101011011000
111110000010000101011000010000000011011011111010010100000100111001101001000001000101100010001100
111110000010000101011000010000000011011011111010010100000100111001100001001011111001100011010110
111110000010000101011000010000000011011011111010010100000100111001011101101000101011101111110000
111110000010000101011000010000000011011011111010010100000100111001011101001000001101110000010100
111110000010000101011000010000000011011011111010010100000100111001010110000100001010111110010110
111110000010000101011000010000000011011011111010010100000100111001001001111100100001011000001000
111110000010000101011000010000000011011011111010010100000100111001001001010110110001101000110111
111110000010000101011000010000000011011011111010010100000100111001000011110110100100101001000111
111110000010000101011000010000000011011011111010010100000100111000111001011001110100101111111100
111110000010000101011000010000000011011011111010010100000100111000111000100110010100011010001011
111110000010000101011000010000000011011011111010010100000100111000110100100000000110001000101000
111110000010000101011000010000000011011011111010010100000100111000101101110011000100001101011100
111110000010000101011000010000000011011011111010010100000100111000100011011010001100000001011110
111110000010000101011000010000000011011011111010010100000100111000100011000101010001001010111110
111110000010000101011000010000000011011011111010010100000100111000100000100110111100000011101010
111110000010000101011000010000000011011011111010010100000100111000011110001111111111011111110001
111110000010000101011000010000000011011011111010010100000100111000011011011000010000101111100111
111110000010000101011000010000000011011011111010010100000100111000011000001010101001110101101111
111110000010000101011000010000000011011011111010010100000100111000001111111011101111001011110001
111110000010000101011000010000000011011011111010010100000100111000001100010001100111001001000000
111110000010000101011000010000000011011011111010010100000100111000001000100111011100111000110001
111110000010000101011000010000000011011011111010010100000100111000000000000000000000000101111011
111110000010000101011000010000000011011011111010010100000100110111111010100010110000101111101001
111110000010000101011000010000000011011011111010010100000100110111111000000111101101000000101111
111110000010000101011000010000000011011011111010010100000100110111110010001110101010101010110011
111110000010000101011000010000000011011011111010010100000100110111101001111111011000010010010101
111110000010000101011000010000000011011011111010010100000100110111101001111100110010100010000010
111110000010000101011000010000000011011011111010010100000100110111100110110111111001011101011010
111110000010000101011000010000000011011011111010010100000100110111100101101100110100101101000011
111110000010000101011000010000000011011011111010010100000100110111100100011101001010101001010001
111110000010000101011000010000000011011011111010010100000100110111100010100000101000010011000011
111110000010000101011000010000000011011011111010010100000100110111001010110100111111001001100001
111110000010000101011000010000000011011011111010010100000100110110111110110110110101001110111110
111110000010000101011000010000000011011011111010010100000100110110111110010001101000010100100011
111110000010000101011000010000000011011011111010010100000100110110110100000001001100100100011001
111110000010000101011000010000000011011011111010010100000100110110110000111101101011011100011000
111110000010000101011000010000000011011011111010010100000100110110101010011000101001010101110010
111110000010000101011000010000000011011011111010010100000100110110100111110010000010011011111010
111110000010000101011000010000000011011011111010010100000100110110100111101101000011001011110010
111110000010000101011000010000000011011011111010010100000100110110100111100000010101111011100010
111110000010000101011000010000000011011011111010010100000100110110100110001111110110110101111010
111110000010000101011000010000000011011011111010010100000100110110100101000010010010010010010100
111110000010000101011000010000000011011011111010010100000100110110011110101010010000111101000010
111110000010000101011000010000000011011011111010010100000100110110001110100011001101101101011111
111110000010000101011000010000000011011011111010010100000100110110001011001010110011000010101000
111110000010000101011000010000000011011011111010010100000100110110001001001000101111010001111011
111110000010000101011000010000000011011011111010010100000100110110000010110110011111011101000101
111110000010000101011000010000000011011011111010010100000100110101111101110011010110001100001011
111110000010000101011000010000000011011011111010010100000100110101110111111001011001111000010011
111110000010000101011000010000000011011011111010010100000100110101110110101111110010111111011011
111110000010000101011000010000000011011011111010010100000100110101110100011011100001001110011100
111110000010000101011000010000000011011011111010010100000100110101100000101110010101010001001000
111110000010000101011000010000000011011011111010010100000100110101010111000010100010100001100111
111110000010000101011000010000000011011011111010010100000100110101010010000001011000001110101101
111110000010000101011000010000000011011011111010010100000100110101001100001011011011110011001011
111110000010000101011000010000000011011011111010010100000100110101000011101110111010111111110011
111110000010000101011000010000000011011011111010010100000100110100111000101000001100001011011111
111110000010000101011000010000000011011011111010010100000100110100110000010000011110001100100110
111110000010000101011000010000000011011011111010010100000100110100110000000101011000001100010001
111110000010000101011000010000000011011011111010010100000100110100101111011111101101111111010001
111110000010000101011000010000000011011011111010010100000100110100101110111010010100011011101101
111110000010000101011000010000000011011011111010010100000100110100100111000001000100010000111101
111110000010000101011000010000000011011011111010010100000100110100100100110100110111110010000101
111110000010000101011000010000000011011011111010010100000100110100100011110010000001001000100011
111110000010000101011000010000000011011011111010010100000100110100011111010100110110010101001101
111110000010000101011000010000000011011011111010010100000100110100011101110101000111100111010001
111110000010000101011000010000000011011011111010010100000100110100011010000000011000010001111000
111110000010000101011000010000000011011011111010010100000100110100011000011111000100111111010111
111110000010000101011000010000000011011011111010010100000100110100001011000110010101110111100110
111110000010000101011000010000000011011011111010010100000100110100000001110011110101101100101101
111110000010000101011000010000000011011011111010010100000100110011111101111101110010100110111110
111110000010000101011000010000000011011011111010010100000100110011111100100110000000111101110110
111110000010000101011000010000000011011011111010010100000100110011110010100011101010011000100110
111110000010000101011000010000000011011011111010010100000100110011101111110101110000000101111011
111110000010000101011000010000000011011011111010010100000100110011100111000101111011010011111001
111110000010000101011000010000000011011011111010010100000100110011100101111010011100110101110111
111110000010000101011000010000000011011011111010010100000100110011100101001011110011010010100101
111110000010000101011000010000000011011011111010010100000100110011100100001101001000011101101110
111110000010000101011000010000000011011011111010010100000100110011100011100001000111011010000101
111110000010000101011000010000000011011011111010010100000100110011100011011101011101001011001010
111110000010000101011000010000000011011011111010010100000100110011100010101101110100000110010110
111110000010000101011000010000000011011011111010010100000100110011100000100000110001000101111100
111110000010000101011000010000000011011011111010010100000100110011010110101011111010010001101001
111110000010000101011000010000000011011011111010010100000100110011001110110101000111110101110001
111110000010000101011000010000000011011011111010010100000100110011001011000000000111010000011110
111110000010000101011000010000000011011011111010010100000100110011000110111010111100011100101011
111110000010000101011000010000000011011011111010010100000100110010111110100110011010010110001001
111110000010000101011000010000000011011011111010010100000100110010111100010001110111010100001000
111110000010000101011000010000000011011011111010010100000100110010111011110001100001101100000001
111110000010000101011000010000000011011011111010010100000100110010110101110100111101010101011011
111110000010000101011000010000000011011011111010010100000100110010100001111001011000001001110010
111110000010000101011000010000000011011011111010010100000100110010100001101111101111010100111010
111110000010000101011000010000000011011011111010010100000100110010011101101000110100100011111011
111110000010000101011000010000000011011011111010010100000100110010011100101110001101010101001111
111110000010000101011000010000000011011011111010010100000100110010011000100010100000100001001011
111110000010000101011000010000000011011011111010010100000100110010010110000101110000000001100110
111110000010000101011000010000000011011011111010010100000100110010010100010100000001000000101011
111110000010000101011000010000000011011011111010010100000100110010001101010001100100010001001010
111110000010000101011000010000000011011011111010010100000100110010001001010001011011010110100001
111110000010000101011000010000000011011011111010010100000100110010001000110001010001101001101001
111110000010000101011000010000000011011011111010010100000100110001111101001101100100001000111001
111110000010000101011000010000000011011011111010010100000100110001111100010110010000000011100101
111110000010000101011000010000000011011011111010010100000100110001110111110110001100110011101011
111110000010000101011000010000000011011011111010010100000100110001110101011011110000000000001111
111110000010000101011000010000000011011011111010010100000100110001110011010001000100010110010010
111110000010000101011000010000000011011011111010010100000100110001101111101011010110111100100011
111110000010000101011000010000000011011011111010010100000100110001100110110011101110010111001010
111110000010000101011000010000000011011011111010010100000100110001100100010110000100010100001100
111110000010000101011000010000000011011011111010010100000100110001100011101111110001111010101000
111110000010000101011000010000000011011011111010010100000100110001011100010110111011011011101111
111110000010000101011000010000000011011011111010010100000100110001011010011000100111110111111110
111110000010000101011000010000000011011011111010010100000100110001011010010110010111010010111011
111110000010000101011000010000000011011011111010010100000100110001010000110011001110010111010001
111110000010000101011000010000000011011011111010010100000100110001001001010000010010110001101010
111110000010000101011000010000000011011011111010010100000100110001000101000101101101010111111101
111110000010000101011000010000000011011011111010010100000100110000111111011100010111110010111011
111110000010000101011000010000000011011011111010010100000100110000111000101010100101100100100110
111110000010000101011000010000000011011011111010010100000100110000110010110101010001011100100101
111110000010000101011000010000000011011011111010010100000100110000110010100011111110111100000001
111110000010000101011000010000000011011011111010010100000100110000110000000101000001010010111001
111110000010000101011000010000000011011011111010010100000100110000101010011011101001001011001011
111110000010000101011000010000000011011011111010010100000100110000101000001100110110011110011111
111110000010000101011000010000000011011011111010010100000100110000011101010010100101000100000011
111110000010000101011000010000000011011011111010010100000100110000011100101001001101011000011100
111110000010000101011000010000000011011011111010010100000100110000001110010011010110010100101100
111110000010000101011000010000000011011011111010010100000100110000001000111001000000001100111011
111110000010000101011000010000000011011011111010010100000100110000000110011110000011011000111100
111110000010000101011000010000000011011011111010010100000100110000000100111101000000010110111101
111110000010000101011000010000000011011011111010010100000100110000000010100110001111101110111110
111110000010000101011000010000000011011011111010010100000100101111111101011011001000110011011010
111110000010000101011000010000000011011011111010010100000100101111110000101110001011010011011111
111110000010000101011000010000000011011011111010010100000100101111101100111000001001101010010110
111110000010000101011000010000000011011011111010010100000100101111101001110000101011011111111100
111110000010000101011000010000000011011011111010010100000100101111101001011010110011011100011011
111110000010000101011000010000000011011011111010010100000100101111100110110101111101011001111001
111110000010000101011000010000000011011011111010010100000100101111100110000101001011110101101010
111110000010000101011000010000000011011011111010010100000100101111100001100110010111000011111001
111110000010000101011000010000000011011011111010010100000100101111100001000011100111100110000111
111110000010000101011000010000000011011011111010010100000100101111011110010100011000010101011111
111110000010000101011000010000000011011011111010010100000100101111010100010000110011101111101011
111110000010000101011000010000000011011011111010010100000100101111001111111100010001011100110111
111110000010000101011000010000000011011011111010010100000100101111001101101001011100100101111000
111110000010000101011000010000000011011011111010010100000100101111001100101101001110011000100011
111110000010000101011000010000000011011011111010010100000100101111000011101000001110101110000101
111110000010000101011000010000000011011011111010010100000100101111000010110000001000001101000100
111110000010000101011000010000000011011011111010010100000100101111000001101101111101011000111101
111110000010000101011000010000000011011011111010010100000100101110111110000101111010001010100100
111110000010000101011000010000000011011011111010010100000100101110111010100101111100000010100101
111110000010000101011000010000000011011011111010010100000100101110111001111011010110100011010100
111110000010000101011000010000000011011011111010010100000100101110110001001101111001010101100110
111110000010000101011000010000000011011011111010010100000100101110101101110111100110101011011001
111110000010000101011000010000000011011011111010010100000100101110101001101111000011100010111101
111110000010000101011000010000000011011011111010010100000100101110101000110001100011010010001101
111110000010000101011000010000000011011011111010010100000100101110100110100110011111000101001111
111110000010000101011000010000000011011011111010010100000100101110100011110011010110110010001110
111110000010000101011000010000000011011011111010010100000100101110011010100010100001000101000111
111110000010000101011000010000000011011011111010010100000100101110010100100110110101011101110111
111110000010000101011000010000000011011011111010010100000100101110001111010110010100001101111010
111110000010000101011000010000000011011011111010010100000100101110000001101111000010010100111100
111110000010000101011000010000000011011011111010010100000100101101111110011111000001000100111111
111110000010000101011000010000000011011011111010010100000100101101111110000001111101111000111110
111110000010000101011000010000000011011011111010010100000100101101111011010110101001100111000100
111110000010000101011000010000000011011011111010010100000100101101110111011000111010001110001001
111110000010000101011000010000000011011011111010010100000100101101101101010011101000011110010111
111110000010000101011000010000000011011011111010010100000100101101101010000000011111111001101001
111110000010000101011000010000000011011011111010010100000100101101101001001100010101011100111000
111110000010000101011000010000000011011011111010010100000100101101100110110010001100000101111011
111110000010000101011000010000000011011011111010010100000100101101100000101111100000010000110100
111110000010000101011000010000000011011011111010010100000100101101011100100111111011011001110110
111110000010000101011000010000000011011011111010010100000100101101011010110001110001110000011000
111110000010000101011000010000000011011011111010010100000100101101011000011011101010101010101111
111110000010000101011000010000000011011011111010010100000100101101000110111100000011011001111011
111110000010000101011000010000000011011011111010010100000100101101000110111000000000111100110110
111110000010000101011000010000000011011011111010010100000100101101000101011111101001011111011011
111110000010000101011000010000000011011011111010010100000100101101000010001110110000101101011001
111110000010000101011000010000000011011011111010010100000100101100110111011110100111110001110000
111110000010000101011000010000000011011011111010010100000100101100101010011111000111010110011101
111110000010000101011000010000000011011011111010010100000100101100101001000011101001001011011011
111110000010000101011000010000000011011011111010010100000100101100011111011101011000110100001101
111110000010000101011000010000000011011011111010010100000100101100011001010101101110011111011101
111110000010000101011000010000000011011011111010010100000100101100001111010110101100111111010010
111110000010000101011000010000000011011011111010010100000100101011111100000000101010100100101101
111110000010000101011000010000000011011011111010010100000100101011101101110101000010001100100111
111110000010000101011000010000000011011011111010010100000100101011101100110111001101011110110011
111110000010000101011000010000000011011011111010010100000100101011101100100111001100001011000101
111110000010000101011000010000000011011011111010010100000100101011100111000011100010001000010100
111110000010000101011000010000000011011011111010010100000100101011010111001001000000100000101010
111110000010000101011000010000000011011011111010010100000100101011010101000011001110011100100000
111110000010000101011000010000000011011011111010010100000100101011010100000101000111111000100111
111110000010000101011000010000000011011011111010010100000100101011001111011110011101101011111100
111110000010000101011000010000000011011011111010010100000100101011001100000100001001100110000110
111110000010000101011000010000000011011011111010010100000100101011001001110010010010010101111101
111110000010000101011000010000000011011011111010010100000100101011001001011000101100001101111110
111110000010000101011000010000000011011011111010010100000100101011000111101111111001100111100000
111110000010000101011000010000000011011011111010010100000100101011000111101101111001111000100000
111110000010000101011000010000000011011011111010010100000100101011000011001000001001011110010111
111110000010000101011000010000000011011011111010010100000100101010111101100101111010100011011010
111110000010000101011000010000000011011011111010010100000100101010111100011110011011000011100011
111110000010000101011000010000000011011011111010010100000100101010111011001011101011000000111011
111110000010000101011000010000000011011011111010010100000100101010101110100000001010011101100000
111110000010000101011000010000000011011011111010010100000100101010100100010101001110110010010001
111110000010000101011000010000000011011011111010010100000100101010100000001000111111110100111011
111110000010000101011000010000000011011011111010010100000100101010011100111010110001010101011001
111110000010000101011000010000000011011011111010010100000100101010011100011100000010011011111001
111110000010000101011000010000000011011011111010010100000100101010010010100000100001100110101100
111110000010000101011000010000000011011011111010010100000100101010010010010111110111011010011010
111110000010000101011000010000000011011011111010010100000100101010001100111110110100101001010101
111110000010000101011000010000000011011011111010010100000100101001111111111010001100101010110100
111110000010000101011000010000000011011011111010010100000100101001111100001011001010110011000010
111110000010000101011000010000000011011011111010010100000100101001111000111110011000010101101100
111110000010000101011000010000000011011011111010010100000100101001110111101101001000111111100011
111110000010000101011000010000000011011011111010010100000100101001110100100001101010010011011100
111110000010000101011000010000000011011011111010010100000100101001101101000111010000101101100011
111110000010000101011000010000000011011011111010010100000100101001101000110111011101100001111100
111110000010000101011000010000000011011011111010010100000100101001100011000011111110101111000011
111110000010000101011000010000000011011011111010010100000100101001011111111001000100010000001010
111110000010000101011000010000000011011011111010010100000100101001011101001111011000011011101111
111110000010000101011000010000000011011011111010010100000100101001010000001100010000001101101110
111110000010000101011000010000000011011011111010010100000100101001001000010111100011110000111000
111110000010000101011000010000000011011011111010010100000100101000111010101010111001000010110001
111110000010000101011000010000000011011011111010010100000100101000110111100110001001100111100010
111110000010000101011000010000000011011011111010010100000100101000110101101111011101010100000011
111110000010000101011000010000000011011011111010010100000100101000110101010001010000110001100010
111110000010000101011000010000000011011011111010010100000100101000110010111011011101001110100111
111110000010000101011000010000000011011011111010010100000100101000110001000001100010111110010010
111110000010000101011000010000000011011011111010010100000100101000011010101101001101000010011000
111110000010000101011000010000000011011011111010010100000100101000000110010100101011000000010101
111110000010000101011000010000000011011011111010010100000100101000000100011100001010010010000111
111110000010000101011000010000000011011011111010010100000100101000000000000011001000100010001101
111110000010000101011000010000000011011011111010010100000100100111111101111010000000100010001100
111110000010000101011000010000000011011011111010010100000100100111110101111110111001110001111111
111110000010000101011000010000000011011011111010010100000100100111110010111010111100100010010011
111110000010000101011000010000000011011011111010010100000100100111101110101111110000001111011001
111110000010000101011000010000000011011011111010010100000100100111100101101000111000110011100010
111110000010000101011000010000000011011011111010010100000100100111011001011000101000101000111111
111110000010000101011000010000000011011011111010010100000100100111011000111110111000110100011010
111110000010000101011000010000000011011011111010010100000100100111010111001110110001001000010000
111110000010000101011000010000000011011011111010010100000100100111010110010111010011110000110100
111110000010000101011000010000000011011011111010010100000100100111001011001001001010001001001000
111110000010000101011000010000000011011011111010010100000100100111000011001110001011011001100111
111110000010000101011000010000000011011011111010010100000100100111000000001101110010010011111110
111110000010000101011000010000000011011011111010010100000100100110111100000010000011011001111111
111110000010000101011000010000000011011011111010010100000100100110111001101001110011100111100001
111110000010000101011000010000000011011011111010010100000100100110110111100010110000100001000110
111110000010000101011000010000000011011011111010010100000100100110101101011000010001010111011010
111110000010000101011000010000000011011011111010010100000100100110101001010101111000100110101011
111110000010000101011000010000000011011011111010010100000100100110011010111111011011011111111100
111110000010000101011000010000000011011011111010010100000100100110001111010101010100100111100000
111110000010000101011000010000000011011011111010010100000100100110001011110010001101001000010111
111110000010000101011000010000000011011011111010010100000100100110000110111110101000111010111100
111110000010000101011000010000000011011011111010010100000100100110000011010110010001101101110110
111110000010000101011000010000000011011011111010010100000100100110000001101110001011110000110001
111110000010000101011000010000000011011011111010010100000100100101101110100110101010111001100101
111110000010000101011000010000000011011011111010010100000100100101011001011111001011001111011110
111110000010000101011000010000000011011011111010010100000100100101011001010110100010011110100011
111110000010000101011000010000000011011011111010010100000100100101010001001011111001101101001101
111110000010000101011000010000000011011011111010010100000100100101001101000101100101101111100000
111110000010000101011000010000000011011011111010010100000100100101001000011000011000111000111011
111110000010000101011000010000000011011011111010010100000100100101001000000000011100111001000011
111110000010000101011000010000000011011011111010010100000100100101000010111110001001110110010010
111110000010000101011000010000000011011011111010010100000100100100111100011001111000111010000001
111110000010000101011000010000000011011011111010010100000100100100111001111100101010000001100101
111110000010000101011000010000000011011011111010010100000100100100110011001100111110111101010100
111110000010000101011000010000000011011011111010010100000100100100110010001111010000000011010111
111110000010000101011000010000000011011011111010010100000100100100110001000111110001110010011010
111110000010000101011000010000000011011011111010010100000100100100101111101111000101100100101111
111110000010000101011000010000000011011011111010010100000100100100101111000110011010001000110000
111110000010000101011000010000000011011011111010010100000100100100101111000101010011110101111001
111110000010000101011000010000000011011011111010010100000100100100101100111100000011111101110101
111110000010000101011000010000000011011011111010010100000100100100100011100011110010100011111100
111110000010000101011000010000000011011011111010010100000100100100100011010100111110100001011011
111110000010000101011000010000000011011011111010010100000100100100100001110100101010001001101011
111110000010000101011000010000000011011011111010010100000100100100011110111110000100010011010110
111110000010000101011000010000000011011011111010010100000100100100011010011110000110000101011010
111110000010000101011000010000000011011011111010010100000100100100010101101101111011010010011111
111110000010000101011000010000000011011011111010010100000100100100001111110001110011110000101100
111110000010000101011000010000000011011011111010010100000100100100000010100010100111111010011011
111110000010000101011000010000000011011011111010010100000100100011111100110101000001110110100111
111110000010000101011000010000000011011011111010010100000100100011111100100101111001000000101111
111110000010000101011000010000000011011011111010010100000100100011111011110001000110101101000111
111110000010000101011000010000000011011011111010010100000100100011111010101101000011111100110100
111110000010000101011000010000000011011011111010010100000100100011101011111100010101111110100011
111110000010000101011000010000000011011011111010010100000100100011101000100010111101110010111010
111110000010000101011000010000000011011011111010010100000100100011100010011111101111010111100111
111110000010000101011000010000000011011011111010010100000100100011100001101101010110100111000110
111110000010000101011000010000000011011011111010010100000100100011100001000111010110011100111100
111110000010000101011000010000000011011011111010010100000100100011011111010011100001011001111110
111110000010000101011000010000000011011011111010010100000100100011011110101000011001010001010011
111110000010000101011000010000000011011011111010010100000100100011011110100110000100000000000111
111110000010000101011000010000000011011011111010010100000100100011011010110010010001110110010010
111110000010000101011000010000000011011011111010010100000100100011011001111110110111100100001110
111110000010000101011000010000000011011011111010010100000100100011010101010011110111010001110001
111110000010000101011000010000000011011011111010010100000100100011010000110000101000100011101110
111110000010000101011000010000000011011011111010010100000100100011001111111111011011111011110110
111110000010000101011000010000000011011011111010010100000100100011001110000100101010101111011110
111110000010000101011000010000000011011011111010010100000100100011001100101110101001001010101001
111110000010000101011000010000000011011011111010010100000100100011001010000001001101001010110011
111110000010000101011000010000000011011011111010010100000100100011000101110010011110111101110101
111110000010000101011000010000000011011011111010010100000100100011000101000010011010001001101111
111110000010000101011000010000000011011011111010010100000100100011000100010111111000111110101001
111110000010000101011000010000000011011011111010010100000100100011000001111110000010011001000101
111110000010000101011000010000000011011011111010010100000100100010101101011010100011010100010100
111110000010000101011000010000000011011011111010010100000100100010100000100100011110101001000001
111110000010000101011000010000000011011011111010010100000100100010011100010111010101000010100001
111110000010000101011000010000000011011011111010010100000100100010011000010110111100000011011011
111110000010000101011000010000000011011011111010010100000100100010010111011010000001010000101010
111110000010000101011000010000000011011011111010010100000100100010010110110100001110110111000011
111110000010000101011000010000000011011011111010010100000100100010010001001100100010000111010100
111110000010000101011000010000000011011011111010010100000100100010001111000101111100001100110100
111110000010000101011000010000000011011011111010010100000100100010001110101101010101101111011000
111110000010000101011000010000000011011011111010010100000100100010001110100001000000100110001110
111110000010000101011000010000000011011011111010010100000100100010001110001001010000110001010110
111110000010000101011000010000000011011011111010010100000100100010000011010000100010000100101011
111110000010000101011000010000000011011011111010010100000100100010000011001011100001000100000011
111110000010000101011000010000000011011011111010010100000100100001111000110101111011110111011101
111110000010000101011000010000000011011011111010010100000100100001110101011000111011110011000110
111110000010000101011000010000000011011011111010010100000100100001110001011011111101110101111110
111110000010000101011000010000000011011011111010010100000100100001101110100001000111101101110110
111110000010000101011000010000000011011011111010010100000100100001101101101001001101111101110111
111110000010000101011000010000000011011011111010010100000100100001101001011010111111010011010000
111110000010000101011000010000000011011011111010010100000100100001101000010000110110110011011001
111110000010000101011000010000000011011011111010010100000100100001100010000110111011000011100100
111110000010000101011000010000000011011011111010010100000100100001100010000110000101001100111100
111110000010000101011000010000000011011011111010010100000100100001011101101010100010011100000010
111110000010000101011000010000000011011011111010010100000100100001011101100011111011011111010100
111110000010000101011000010000000011011011111010010100000100100001011000100000011110011000101011
111110000010000101011000010000000011011011111010010100000100100001010110101110101100011111101010
111110000010000101011000010000000011011011111010010100000100100001010100101011101110010000100101
111110000010000101011000010000000011011011111010010100000100100001001101111101000011001011110000
111110000010000101011000010000000011011011111010010100000100100001001010101011011010010101010100
111110000010000101011000010000000011011011111010010100000100100000111000111111000001111000110011
111110000010000101011000010000000011011011111010010100000100100000101011010010111010010101010101
111110000010000101011000010000000011011011111010010100000100100000101000010101111000101110010100
111110000010000101011000010000000011011011111010010100000100100000100111010110010110100001110101
111110000010000101011000010000000011011011111010010100000100100000011110011010001010111111111100
111110000010000101011000010000000011011011111010010100000100100000010110111110100001010100000011
111110000010000101011000010000000011011011111010010100000100100000001110011010011110111010111011
111110000010000101011000010000000011011011111010010100000100100000001000011100001000011100101000
111110000010000101011000010000000011011011111010010100000100100000000011100010111000100100011001
111110000010000101011000010000000011011011111010010100000100100000000010100100100001111110000010
111110000010000101011000010000000011011011111010010100000100011111111011110101101001010001010010
111110000010000101011000010000000011011011111010010100000100011111111000101110101011000011001110
111110000010000101011000010000000011011011111010010100000100011111110011011111101100000101000110
111110000010000101011000010000000011011011111010010100000100011111101111010001111101010000110100
111110000010000101011000010000000011011011111010010100000100011111100110010000011011001001000110
111110000010000101011000010000000011011011111010010100000100011111100010100111001001111010101110
111110000010000101011000010000000011011011111010010100000100011111011111111111000010001110111000
111110000010000101011000010000000011011011111010010100000100011111011100010100010010000001011000
111110000010000101011000010000000011011011111010010100000100011111011010001100000001000111011001
111110000010000101011000010000000011011011111010010100000100011111011001110101101111110101110111
111110000010000101011000010000000011011011111010010100000100011111010111101010111010011000101110
111110000010000101011000010000000011011011111010010100000100011111010111000110001010011111100010
111110000010000101011000010000000011011011111010010100000100011111001111001001110011010011011110
111110000010000101011000010000000011011011111010010100000100011111001001000001011101101111001010
111110000010000101011000010000000011011011111010010100000100011111001000111111000111001100111011
111110000010000101011000010000000011011011111010010100000100011111000001011000101001000010101111
111110000010000101011000010000000011011011111010010100000100011110110110000011100000011111000010
111110000010000101011000010000000011011011111010010100000100011110110101110000001110101110110111
111110000010000101011000010000000011011011111010010100000100011110110001111110100110110101010000
111110000010000101011000010000000011011011111010010100000100011110110000000000011000000000000011
111110000010000101011000010000000011011011111010010100000100011110100011110011111101010101011101
111110000010000101011000010000000011011011111010010100000100011110011110110101101110000111010010
111110000010000101011000010000000011011011111010010100000100011110011011000101010001011110100110
111110000010000101011000010000000011011011111010010100000100011110010111011100010010111101000001
111110000010000101011000010000000011011011111010010100000100011110010101100100011101110110000111
111110000010000101011000010000000011011011111010010100000100011110010010010000100101111001000100
111110000010000101011000010000000011011011111010010100000100011110001100011001100111111110100100
111110000010000101011000010000000011011011111010010100000100011110000101001001100000010100011110
111110000010000101011000010000000011011011111010010100000100011110000100010110011010110011100101
111110000010000101011000010000000011011011111010010100000100011110000100010001000111001110000101
111110000010000101011000010000000011011011111010010100000100011110000001000111000001110001100100
111110000010000101011000010000000011011011111010010100000100011110000000010000011111010001011011
111110000010000101011000010000000011011011111010010100000100011101111010111000011101010100000010
111110000010000101011000010000000011011011111010010100000100011101111000100100000101110100000000
111110000010000101011000010000000011011011111010010100000100011101111000010001100001110110001000
111110000010000101011000010000000011011011111010010100000100011101110100000110001011100111011111
111110000010000101011000010000000011011011111010010100000100011101010110011000011111011110000111
111110000010000101011000010000000011011011111010010100000100011101010101011110110000010000111110
111110000010000101011000010000000011011011111010010100000100011101000100010100000011110111011101
111110000010000101011000010000000011011011111010010100000100011101000011100001001000000011100001
111110000010000101011000010000000011011011111010010100000100011100111101001100101100010101100001
111110000010000101011000010000000011011011111010010100000100011100111011100100110101101101100010
111110000010000101011000010000000011011011111010010100000100011100110001101000001100110100111011
111110000010000101011000010000000011011011111010010100000100011100101111100100101101111111110010
111110000010000101011000010000000011011011111010010100000100011100101111000101111110110111101100
111110000010000101011000010000000011011011111010010100000100011100101110101001100101000001110111
111110000010000101011000010000000011011011111010010100000100011100101011000010101110011110010000
111110000010000101011000010000000011011011111010010100000100011100100110110011001101110111011000
111110000010000101011000010000000011011011111010010100000100011100100110100101001000001111000001
111110000010000101011000010000000011011011111010010100000100011100100100000011010101011101000101
111110000010000101011000010000000011011011111010010100000100011100100001001110011011010010110011
111110000010000101011000010000000011011011111010010100000100011100011100110000010011111011100111
111110000010000101011000010000000011011011111010010100000100011100010111111000110110010110100001
111110000010000101011000010000000011011011111010010100000100011100001110010100000000010111000110
111110000010000101011000010000000011011011111010010100000100011100001010100111100111010011000010
111110000010000101011000010000000011011011111010010100000100011100000010110011100011101101110010
111110000010000101011000010000000011011011111010010100000100011011110100110011110010000110000100
111110000010000101011000010000000011011011111010010100000100011011110100100000111001111100101100
111110000010000101011000010000000011011011111010010100000100011011110011100110010001000010100110
111110000010000101011000010000000011011011111010010100000100011011110011100010100100000011011001
111110000010000101011000010000000011011011111010010100000100011011011111001000001001001100001000
111110000010000101011000010000000011011011111010010100000100011011011011001100111001110101101010
111110000010000101011000010000000011011011111010010100000100011011011001010100100001100111010100
111110000010000101011000010000000011011011111010010100000100011011010000100111100101010010000011
111110000010000101011000010000000011011011111010010100000100011011001101101000011001110011111001
111110000010000101011000010000000011011011111010010100000100011011001010010000000010000110100010
111110000010000101011000010000000011011011111010010100000100011011000010001111010110101110010110
111110000010000101011000010000000011011011111010010100000100011010111111110000100011101011001001
111110000010000101011000010000000011011011111010010100000100011010111101100110111010000101110000
111110000010000101011000010000000011011011111010010100000100011010110011000010001001011101110111
111110000010000101011000010000000011011011111010010100000100011010101101111111110110101100110100
111110000010000101011000010000000011011011111010010100000100011010101000111001011101110110001101
111110000010000101011000010000000011011011111010010100000100011010100101000101111011001000100101
111110000010000101011000010000000011011011111010010100000100011010100011100110110011100110100101
111110000010000101011000010000000011011011111010010100000100011010010101001101111011101110001001
111110000010000101011000010000000011011011111010010100000100011010010011001101001100000001000110
111110000010000101011000010000000011011011111010010100000100011010001101000000110110011110010011
111110000010000101011000010000000011011011111010010100000100011010001100110101001111011001011000
111110000010000101011000010000000011011011111010010100000100011010000010011100100001011011110011
111110000010000101011000010000000011011011111010010100000100011010000000010001111101011011000111
111110000010000101011000010000000011011011111010010100000100011001110010110110001111111101001110
111110000010000101011000010000000011011011111010010100000100011001110001000001110100010010111111
111110000010000101011000010000000011011011111010010100000100011001101011000000111101010010010010
111110000010000101011000010000000011011011111010010100000100011001101010001110010101111101011010
111110000010000101011000010000000011011011111010010100000100011001101010001001110110010000011000
111110000010000101011000010000000011011011111010010100000100011001100110010101101110001010000011
111110000010000101011000010000000011011011111010010100000100011001011011111100101111100011001010
111110000010000101011000010000000011011011111010010100000100011001010101110010100111000110000011
111110000010000101011000010000000011011011111010010100000100011001001011111011111001010000011000
111110000010000101011000010000000011011011111010010100000100011001000111100000111000000011110110
111110000010000101011000010000000011011011111010010100000100011001000101010001001001010011100011
111110000010000101011000010000000011011011111010010100000100011001000000000011111101011100111110
111110000010000101011000010000000011011011111010010100000100011000111111010101110011110000100100
111110000010000101011000010000000011011011111010010100000100011000111110101010010101111000111110
111110000010000101011000010000000011011011111010010100000100011000111110010100011001100011111010
111110000010000101011000010000000011011011111010010100000100011000101000101010010101110011000010
111110000010000101011000010000000011011011111010010100000100011000100011000011101111011000110100
111110000010000101011000010000000011011011111010010100000100011000100001011011010010100110011000
111110000010000101011000010000000011011011111010010100000100011000100000111100011010000110111110
111110000010000101011000010000000011011011111010010100000100011000100000011101011010010110100000
111110000010000101011000010000000011011011111010010100000100011000011101001010001100010011110001
111110000010000101011000010000000011011011111010010100000100011000011101000010111011101100111100
111110000010000101011000010000000011011011111010010100000100011000010010001110110000101100010011
111110000010000101011000010000000011011011111010010100000100011000010001011100011101110100101001
111110000010000101011000010000000011011011111010010100000100011000000111101111110000101101110000
111110000010000101011000010000000011011011111010010100000100011000000100101110101000111010101110
111110000010000101011000010000000011011011111010010100000100011000000001100111101100110000100001
111110000010000101011000010000000011011011111010010100000100010111111001110100000101110000010100
111110000010000101011000010000000011011011111010010100000100010111110111111110001010011110111001
111110000010000101011000010000000011011011111010010100000100010111110101000100011100101000111011
111110000010000101011000010000000011011011111010010100000100010111110001000000111000101111100100
111110000010000101011000010000000011011011111010010100000100010111101011101010001011101000010111
111110000010000101011000010000000011011011111010010100000100010111101011000111001111101000000110
111110000010000101011000010000000011011011111010010100000100010111100101011000000011001101101010
111110000010000101011000010000000011011011111010010100000100010111100100111001010001101111100000
111110000010000101011000010000000011011011111010010100000100010111100001010000101111000110000101
111110000010000101011000010000000011011011111010010100000100010111100000110010011111010000100001
111110000010000101011000010000000011011011111010010100000100010111011111110001011101110110010011
111110000010000101011000010000000011011011111010010100000100010111011001000000100010110110110101
111110000010000101011000010000000011011011111010010100000100010111011000001110111111000101001000
111110000010000101011000010000000011011011111010010100000100010111011000000100100100011000110100
111110000010000101011000010000000011011011111010010100000100010111010111011111001110000101010010
111110000010000101011000010000000011011011111010010100000100010111010111000100010000011001111001
111110000010000101011000010000000011011011111010010100000100010111010010110000100101111101100000
111110000010000101011000010000000011011011111010010100000100010111010010001111100001101101110000
111110000010000101011000010000000011011011111010010100000100010111001111101011010101100001101000
111110000010000101011000010000000011011011111010010100000100010111001111000011011010111110010101
111110000010000101011000010000000011011011111010010100000100010111001101100110010101001110001100
111110000010000101011000010000000011011011111010010100000100010111000000100011001110010110010011
111110000010000101011000010000000011011011111010010100000100010110110100000001110101000000010111
111110000010000101011000010000000011011011111010010100000100010110100110000000111001010110001110
111110000010000101011000010000000011011011111010010100000100010110011100000110010010111010111110
111110000010000101011000010000000011011011111010010100000100010110010110011011001100000010110000
111110000010000101011000010000000011011011111010010100000100010110010001111010101111100011000110
111110000010000101011000010000000011011011111010010100000100010110001011001000010000001011110001
111110000010000101011000010000000011011011111010010100000100010110000011010100101011011111011001
111110000010000101011000010000000011011011111010010100000100010101111011101111010000010000101100
111110000010000101011000010000000011011011111010010100000100010101111010000000110111001101100110
111110000010000101011000010000000011011011111010010100000100010101111001000011011110000011001001
111110000010000101011000010000000011011011111010010100000100010101110011000001010001000111011110
111110000010000101011000010000000011011011111010010100000100010101110000001010100101110011001001
111110000010000101011000010000000011011011111010010100000100010101100111100111110100110111011110
111110000010000101011000010000000011011011111010010100000100010101011011101000111011101001110101
111110000010000101011000010000000011011011111010010100000100010101001011111000101100000110101100
111110000010000101011000010000000011011011111010010100000100010101001001010110011000001111010111
111110000010000101011000010000000011011011111010010100000100010101000101100101111111010101111101
111110000010000101011000010000000011011011111010010100000100010101000001110101010010111111101001
111110000010000101011000010000000011011011111010010100000100010101000001010101000100010110110100
111110000010000101011000010000000011011011111010010100000100010100111011110100111100101100010101
111110000010000101011000010000000011011011111010010100000100010100110101100111011001011001111001
111110000010000101011000010000000011011011111010010100000100010100101000111111001110101001010000
111110000010000101011000010000000011011011111010010100000100010100011100001100000001011101101010
111110000010000101011000010000000011011011111010010100000100010100011010010111100110010010110011
111110000010000101011000010000000011011011111010010100000100010100010100010101100001111100101011
111110000010000101011000010000000011011011111010010100000100010100000110000011000011000011100011
111110000010000101011000010000000011011011111010010100000100010011111111111010110111100011110110
111110000010000101011000010000000011011011111010010100000100010011111111001101000001111001110001
111110000010000101011000010000000011011011111010010100000100010011110001100100000101100011000110
111110000010000101011000010000000011011011111010010100000100010011011111100111111110001000111010
111110000010000101011000010000000011011011111010010100000100010011011011011000100000010011001001
111110000010000101011000010000000011011011111010010100000100010011011011010011100111110001000010
111110000010000101011000010000000011011011111010010100000100010011011010010100100111000001000101
111110000010000101011000010000000011011011111010010100000100010011010011001110101110011000101101
111110000010000101011000010000000011011011111010010100000100010011001100001111100110000111100111
111110000010000101011000010000000011011011111010010100000100010011001000010100001111011011000010
111110000010000101011000010000000011011011111010010100000100010011000110111001001111101110100111
111110000010000101011000010000000011011011111010010100000100010010110111010001111010001101111100
111110000010000101011000010000000011011011111010010100000100010010101101101101010000111001111110
111110000010000101011000010000000011011011111010010100000100010010100010101010001001111111110100
111110000010000101011000010000000011011011111010010100000100010010011111001011011101101010111100
111110000010000101011000010000000011011011111010010100000100010010011010011100011001100111001111
111110000010000101011000010000000011011011111010010100000100010010001001011111101100100111111001
111110000010000101011000010000000011011011111010010100000100010010001001011000010100101110111110
111110000010000101011000010000000011011011111010010100000100010010000111100100010010010001011110
111110000010000101011000010000000011011011111010010100000100010001111110110000101010110001011100
111110000010000101011000010000000011011011111010010100000100010001110110000001001110001011101111
111110000010000101011000010000000011011011111010010100000100010001110100000011110010010001001100
111110000010000101011000010000000011011011111010010100000100010001110010110011110010110101111001
111110000010000101011000010000000011011011111010010100000100010001101101111101101001010010110011
111110000010000101011000010000000011011011111010010100000100010001100100111001111101110010110101
111110000010000101011000010000000011011011111010010100000100010001100011100110111011111101010101
111110000010000101011000010000000011011011111010010100000100010001011010110111011111100110101010
111110000010000101011000010000000011011011111010010100000100010001011001000111011010011100101100
111110000010000101011000010000000011011011111010010100000100010001011000011010111001010101111100
111110000010000101011000010000000011011011111010010100000100010001010000100111100110011000100110
111110000010000101011000010000000011011011111010010100000100010001001101110111011000010100110010
111110000010000101011000010000000011011011111010010100000100010001001101101111110101011001100101
111110000010000101011000010000000011011011111010010100000100010001000011110100001010010010101001
111110000010000101011000010000000011011011111010010100000100010000111111100110000010000000001111
111110000010000101011000010000000011011011111010010100000100010000110111000010001111001101111101
111110000010000101011000010000000011011011111010010100000100010000110001101010011000001001010001
111110000010000101011000010000000011011011111010010100000100010000110000110000000001011101001001
111110000010000101011000010000000011011011111010010100000100010000101101000110001100100010111110
111110000010000101011000010000000011011011111010010100000100010000101011110011111111000110111011
111110000010000101011000010000000011011011111010010100000100010000100111000111010101101011011011
111110000010000101011000010000000011011011111010010100000100010000100010011000011111010100000101
111110000010000101011000010000000011011011111010010100000100010000010110001110100010001000101011
111110000010000101011000010000000011011011111010010100000100010000010011111011110001001110011110
111110000010000101011000010000000011011011111010010100000100010000001101101111010000100101110011
111110000010000101011000010000000011011011111010010100000100010000001010001000110011111100110010
111110000010000101011000010000000011011011111010010100000100010000001001101101111101111010010110
111110000010000101011000010000000011011011111010010100000100010000001001011101100110110110010010
111110000010000101011000010000000011011011111010010100000100010000000101001000000101010101101101
111110000010000101011000010000000011011011111010010100000100010000000100011000001010101110100111
111110000010000101011000010000000011011011111010010100000100010000000001110000001110001110101101
111110000010000101011000010000000011011011111010010100000100010000000000010011000010110111110110
111110000010000101011000010000000011011011111010010100000100001111111110100011110101100101100100
111110000010000101011000010000000011011011111010010100000100001111111110001000111010100101101011
111110000010000101011000010000000011011011111010010100000100001111111001101000101110001101111110
111110000010000101011000010000000011011011111010010100000100001111111000101010001001110010100110
111110000010000101011000010000000011011011111010010100000100001111101000000100011110110001000101
111110000010000101011000010000000011011011111010010100000100001111100100011011101110001110111111
111110000010000101011000010000000011011011111010010100000100001111011100110010011101011001001000
111110000010000101011000010000000011011011111010010100000100001111011001101110000111111000111100
111110000010000101011000010000000011011011111010010100000100001111010011010100011110000010000001
111110000010000101011000010000000011011011111010010100000100001111001001011101110110101101001000
111110000010000101011000010000000011011011111010010100000100001111000100011010111011110101010001
111110000010000101011000010000000011011011111010010100000100001111000011010110010010001011001100
111110000010000101011000010000000011011011111010010100000100001111000001101111101001101001100101
111110000010000101011000010000000011011011111010010100000100001110101000001010011111011101100011
111110000010000101011000010000000011011011111010010100000100001110011111110011110001110110000001
111110000010000101011000010000000011011011111010010100000100001110011101101101001011111011011010
111110000010000101011000010000000011011011111010010100000100001110011100011100111110001011110000
111110000010000101011000010000000011011011111010010100000100001110011010100101100100010100001110
111110000010000101011000010000000011011011111010010100000100001110001110001100111101011110100101
111110000010000101011000010000000011011011111010010100000100001110001101000011100010010100010000
111110000010000101011000010000000011011011111010010100000100001110001010100100010001100110101010
111110000010000101011000010000000011011011111010010100000100001110001010000101101111001110100101
111110000010000101011000010000000011011011111010010100000100001110000110010110010110110100011100
111110000010000101011000010000000011011011111010010100000100001110000101111110101000000101010000
111110000010000101011000010000000011011011111010010100000100001110000000110011101001001001011010
111110000010000101011000010000000011011011111010010100000100001101110111010100100010101011100110
111110000010000101011000010000000011011011111010010100000100001101110101100011111110001000111001
111110000010000101011000010000000011011011111010010100000100001101101101101101101000111010000010
111110000010000101011000010000000011011011111010010100000100001101101100010011001101101000111110
111110000010000101011000010000000011011011111010010100000100001101101000010001110100011100111011
111110000010000101011000010000000011011011111010010100000100001101011010101100101000100111001001
111110000010000101011000010000000011011011111010010100000100001101011000011101001101001111100101
111110000010000101011000010000000011011011111010010100000100001101010000001101010101001101000001
111110000010000101011000010000000011011011111010010100000100001101001100000111010111111100111110
111110000010000101011000010000000011011011111010010100000100001101001011011111100011000011011001
111110000010000101011000010000000011011011111010010100000100001100111111110101110000111111100000
111110000010000101011000010000000011011011111010010100000100001100110110100011001001110110010100
111110000010000101011000010000000011011011111010010100000100001100101100101001001101000111110100
111110000010000101011000010000000011011011111010010100000100001100100111101110011101001011110111
111110000010000101011000010000000011011011111010010100000100001100011110110001010101001101110010
111110000010000101011000010000000011011011111010010100000100001100011100011000111011000011001001
111110000010000101011000010000000011011011111010010100000100001100011011101001111100000101110100
111110000010000101011000010000000011011011111010010100000100001100011011010110100100100110110101
111110000010000101011000010000000011011011111010010100000100001100011001111010110001100010101111
111110000010000101011000010000000011011011111010010100000100001100010011101010100111001100011110
111110000010000101011000010000000011011011111010010100000100001100001111001001110001110110000001
111110000010000101011000010000000011011011111010010100000100001100001011110001111101001101010000
111110000010000101011000010000000011011011111010010100000100001100000101101101110100110010101001
111110000010000101011000010000000011011011111010010100000100001100000011010011110100101100011000
111110000010000101011000010000000011011011111010010100000100001011111111110100011001001011000000
111110000010000101011000010000000011011011111010010100000100001011100001111111101010100110101100
111110000010000101011000010000000011011011111010010100000100001011011111011000011100101110000011
111110000010000101011000010000000011011011111010010100000100001011010101111010101110001110001000
111110000010000101011000010000000011011011111010010100000100001011001001110100111001011110001001
111110000010000101011000010000000011011011111010010100000100001011000001111111111001111111110010
111110000010000101011000010000000011011011111010010100000100001010111010001010100010111011101000
111110000010000101011000010000000011011011111010010100000100001010101000000001010111110001111110
111110000010000101011000010000000011011011111010010100000100001010100111110011000011100100000111
111110000010000101011000010000000011011011111010010100000100001010011110111111010111011111111110
111110000010000101011000010000000011011011111010010100000100001010011110110010111000001110110000
111110000010000101011000010000000011011011111010010100000100001010011000001010010001011100111010
111110000010000101011000010000000011011011111010010100000100001010010111100010110010011001001100
111110000010000101011000010000000011011011111010010100000100001010001000000001010011101110000110
111110000010000101011000010000000011011011111010010100000100001001111100111101110101011000010000
111110000010000101011000010000000011011011111010010100000100001001111100001010100110110011000000
111110000010000101011000010000000011011011111010010100000100001001110001111000100110101101010001
111110000010000101011000010000000011011011111010010100000100001001100100100011111000010011011101
111110000010000101011000010000000011011011111010010100000100001001100011110001011111100010010000
111110000010000101011000010000000011011011111010010100000100001001100001110011011101001101000100
111110000010000101011000010000000011011011111010010100000100001001011111000100000001101011110100
111110000010000101011000010000000011011011111010010100000100001001011110010001111000101010000010
111110000010000101011000010000000011011011111010010100000100001001011010111011101001110111110011
111110000010000101011000010000000011011011111010010100000100001001011000011010110101111010110010
111110000010000101011000010000000011011011111010010100000100001001010110000001101100010001010111
111110000010000101011000010000000011011011111010010100000100001001010010011000111110111011100110
111110000010000101011000010000000011011011111010010100000100001001000000110000110111000101010100
111110000010000101011000010000000011011011111010010100000100001000110110010110100010000100001110
111110000010000101011000010000000011011011111010010100000100001000110100010101101011001101100110
111110000010000101011000010000000011011011111010010100000100001000101101000111100010111111110110
111110000010000101011000010000000011011011111010010100000100001000100101101001011000001000010111
111110000010000101011000010000000011011011111010010100000100001000011001101011000101010111001001
111110000010000101011000010000000011011011111010010100000100001000010011111110001100100111000111
111110000010000101011000010000000011011011111010010100000100001000010001010110101110100100011000
111110000010000101011000010000000011011011111010010100000100001000010000111100011010001011011000
111110000010000101011000010000000011011011111010010100000100001000000110010110001100001010101101
111110000010000101011000010000000011011011111010010100000100000111111000110111100010111111011110
111110000010000101011000010000000011011011111010010100000100000111110011010000100101111000101010
111110000010000101011000010000000011011011111010010100000100000111101001111100111100101010001000
111110000010000101011000010000000011011011111010010100000100000111101000001100010001010001110000
111110000010000101011000010000000011011011111010010100000100000111100000101110111101111000110010
111110000010000101011000010000000011011011111010010100000100000111011000101100111111011011011100
111110000010000101011000010000000011011011111010010100000100000111011000001111001110000000000001
111110000010000101011000010000000011011011111010010100000100000111001110000110001001101111100111
111110000010000101011000010000000011011011111010010100000100000111001010110100101100111000101010
111110000010000101011000010000000011011011111010010100000100000111000100100011000011101000101100
111110000010000101011000010000000011011011111010010100000100000111000010010111101101110101011000
111110000010000101011000010000000011011011111010010100000100000110111010101000100001001000001011
111110000010000101011000010000000011011011111010010100000100000110111000110001111011111110100001
111110000010000101011000010000000011011011111010010100000100000110101101100101011011010011001111
111110000010000101011000010000000011011011111010010100000100000110100111100011000011001000111100
111110000010000101011000010000000011011011111010010100000100000110010110001100000110011001110111
111110000010000101011000010000000011011011111010010100000100000110010110000111111011101111100100
111110000010000101011000010000000011011011111010010100000100000110001110111101111110110101001010
111110000010000101011000010000000011011011111010010100000100000110000111000111011100111111010111
111110000010000101011000010000000011011011111010010100000100000101111111010011001010010010001101
111110000010000101011000010000000011011011111010010100000100000101111010101000001010111111011101
111110000010000101011000010000000011011011111010010100000100000101101101100101010111101111100101
111110000010000101011000010000000011011011111010010100000100000101101000111010001111001101101110
111110000010000101011000010000000011011011111010010100000100000101100111000110001010101101000111
111110000010000101011000010000000011011011111010010100000100000101100110001111011010001010101001
111110000010000101011000010000000011011011111010010100000100000101100100101001000000010111100101
111110000010000101011000010000000011011011111010010100000100000101011010100110000101101001001101
111110000010000101011000010000000011011011111010010100000100000101000000001001111110111111101110
111110000010000101011000010000000011011011111010010100000100000100110101011000111000110001000110
111110000010000101011000010000000011011011111010010100000100000100110011010100000111000000101010
111110000010000101011000010000000011011011111010010100000100000100110001100010011100101101001111
111110000010000101011000010000000011011011111010010100000100000100101111111000110011010111010000
111110000010000101011000010000000011011011111010010100000100000100101111011000011110010100011011
111110000010000101011000010000000011011011111010010100000100000100101101001101110010110111100111
111110000010000101011000010000000011011011111010010100000100000100101011111101000000110100000110
111110000010000101011000010000000011011011111010010100000100000100100010011010101000100101010011
111110000010000101011000010000000011011011111010010100000100000100100001010000010010110110011110
111110000010000101011000010000000011011011111010010100000100000100001110001110011101101010110001
111110000010000101011000010000000011011011111010010100000100000100001100101100100000011010101111
111110000010000101011000010000000011011011111010010100000100000100001001111001001001110010100011
111110000010000101011000010000000011011011111010010100000100000100000100000000110001001110010100
111110000010000101011000010000000011011011111010010100000100000100000001110010001111011101010010
111110000010000101011000010000000011011011111010010100000100000011111101111010110100001111100001
111110000010000101011000010000000011011011111010010100000100000011110101101101011000010010000110
111110000010000101011000010000000011011011111010010100000100000011110000101101011011111000010100
111110000010000101011000010000000011011011111010010100000100000011110000000011111101110001110111
111110000010000101011000010000000011011011111010010100000100000011101110100100011100100000111011
111110000010000101011000010000000011011011111010010100000100000011101100110110101000001010001100
111110000010000101011000010000000011011011111010010100000100000011100100110001010111000011010100
111110000010000101011000010000000011011011111010010100000100000011100100101011001101111111110001
111110000010000101011000010000000011011011111010010100000100000011011110000111010011111010011011
111110000010000101011000010000000011011011111010010100000100000011011100110011111101011000000001
111110000010000101011000010000000011011011111010010100000100000011011010101000010011000110001010
111110000010000101011000010000000011011011111010010100000100000011011001110110110111010100011000
111110000010000101011000010000000011011011111010010100000100000011001011010111001011100001111111
111110000010000101011000010000000011011011111010010100000100000011000101010100011110111011011110
111110000010000101011000010000000011011011111010010100000100000011000010101011100011110011001101
111110000010000101011000010000000011011011111010010100000100000010111101101111010110110000111100
111110000010000101011000010000000011011011111010010100000100000010111101100011011010100011110110
111110000010000101011000010000000011011011111010010100000100000010111101011100101010111010010101
111110000010000101011000010000000011011011111010010100000100000010111011001000010001000001011011
111110000010000101011000010000000011011011111010010100000100000010111010010111001000101100111111
111110000010000101011000010000000011011011111010010100000100000010110111110010010101101100010111
111110000010000101011000010000000011011011111010010100000100000010110110111110101111101010000110
111110000010000101011000010000000011011011111010010100000100000010110101010111111100100001001001
111110000010000101011000010000000011011011111010010100000100000010101101110111001000100010111001
111110000010000101011000010000000011011011111010010100000100000010100111011110001000001101011111
111110000010000101011000010000000011011011111010010100000100000010100010110001101110110000000010
111110000010000101011000010000000011011011111010010100000100000010011111111111101011001111000010
111110000010000101011000010000000011011011111010010100000100000010001110111000100100100011101011
111110000010000101011000010000000011011011111010010100000100000010000101100110011111100110100110
111110000010000101011000010000000011011011111010010100000100000010000000000010000010000110011101
111110000010000101011000010000000011011011111010010100000100000001111111101101001000101100100110
111110000010000101011000010000000011011011111010010100000100000001111100010101101100000011010111
111110000010000101011000010000000011011011111010010100000100000001110110100001001110100011000101
111110000010000101011000010000000011011011111010010100000100000001110100101111101011100110100100
111110000010000101011000010000000011011011111010010100000100000001110100101110010100101111110000
111110000010000101011000010000000011011011111010010100000100000001110100011001101110101000001011
111110000010000101011000010000000011011011111010010100000100000001101100010111100111110111010111
111110000010000101011000010000000011011011111010010100000100000001101011010001100100110101100111
111110000010000101011000010000000011011011111010010100000100000001010111111111001111111010100000
111110000010000101011000010000000011011011111010010100000100000001010000101000110110111000001000
111110000010000101011000010000000011011011111010010100000100000001000010001000010110011101000100
111110000010000101011000010000000011011011111010010100000100000001000001000110100100001111011101
111110000010000101011000010000000011011011111010010100000100000000111100011111010101010000101101
111110000010000101011000010000000011011011111010010100000100000000110110111101101100001000000011
111110000010000101011000010000000011011011111010010100000100000000101100100110000101010010100110
111110000010000101011000010000000011011011111010010100000100000000101100010010101101001111100001
111110000010000101011000010000000011011011111010010100000100000000100110100101011110011100010101
111110000010000101011000010000000011011011111010010100000100000000100110011000001111001110011000
111110000010000101011000010000000011011011111010010100000100000000011011000101101000011101101001
111110000010000101011000010000000011011011111010010100000100000000010110010101111010010010101110
111110000010000101011000010000000011011011111010010100000100000000010101101111111111110110011010
111110000010000101011000010000000011011011111010010100000100000000010010101010110011110010100001
111110000010000101011000010000000011011011111010010100000100000000001100101101010000101110100000
111110000010000101011000010000000011011011111010010100000100000000001001110110011001100000100111
111110000010000101011000010000000011011011111010010100000100000000000111111000000101111000110101
111110000010000101011000010000000011011011111010010100000100000000000111010010100010111000010101
111110000010000101011000010000000011011011111010010100000100000000000101011001010101110110001100
