000000110001010000010001000100011000000010000101010101011011011110111011011011111010101100000100
001101000010110110010010101101101100000010000101010101011011011110111011011011111010101100000100
010001101110110111010111011100101100000010000101010101011011011110111011011011111010101100000100
010100011000000111111001100011000001000010000101010101011011011110111011011011111010101100000100
011010100101000101011111010101111010000010000101010101011011011110111011011011111010101100000100
100101000001011100010111001010100010000010000101010101011011011110111011011011111010101100000100
101000000100101100111011100011010011000010000101010101011011011110111011011011111010101100000100
101011111001111000100011110110101110000010000101010101011011011110111011011011111010101100000100
101101011001110001011101100100100110000010000101010101011011011110111011011011111010101100000100
101111000110110011111000011000111100000010000101010101011011011110111011011011111010101100000100
110001100010011000011000111110101011000010000101010101011011011110111011011011111010101100000100
000011001010001000001110000001010101000010000101010101011011011110111011011011111010101100000100
000101000010111000110110000011110111000010000101010101011011011110111011011011111010101100000100
000111100010000010100100011100101010000010000101010101011011011110111011011011111010101100000100
000111111110010101011101010010101111000010000101010101011011011110111011011011111010101100000100
001000000110001101010010000100101001000010000101010101011011011110111011011011111010101100000100
001001101010000101110001110010100101000010000101010101011011011110111011011011111010101100000100
001001111011111101100010011101101111000010000101010101011011011110111011011011111010101100000100
001010111100011000011010111011110001000010000101010101011011011110111011011011111010101100000100
001011010100011111011101000000010001000010000101010101011011011110111011011011111010101100000100
001101111011111000000000101100011000000010000101010101011011011110111011011011111010101100000100
001110001101000111100100011000000111000010000101010101011011011110111011011011111010101100000100
001110011100011110100001011011010000000010000101010101011011011110111011011011111010101100000100
001111100001111111001100101000011010000010000101010101011011011110111011011011111010101100000100
010000011101101001001001011110110111000010000101010101011011011110111011011011111010101100000100
010001000000001110000001100001000011000010000101010101011011011110111011011011111010101100000100
010010000010001000010111100001010001000010000101010101011011011110111011011011111010101100000100
010010100011110100010110001101110010000010000101010101011011011110111011011011111010101100000100
010010111001111100011011001100001110000010000101010101011011011110111011011011111010101100000100
010011101010101010001000111101111000000010000101010101011011011110111011011011111010101100000100
010100100000101100100000010110101000000010000101010101011011011110111011011011111010101100000100
010111001111101000110111110100000011000010000101010101011011011110111011011011111010101100000100
011000001101011011100000011011000001000010000101010101011011011110111011011011111010101100000100
011000011111101000110010000010001010000010000101010101011011011110111011011011111010101100000100
011010000010010110010001011010100011000010000101010101011011011110111011011011111010101100000100
011011001011100100001101011100001000000010000101010101011011011110111011011011111010101100000100
011011101101011111100100010000111001000010000101010101011011011110111011011011111010101100000100
011011111000010111010001100000100011000010000101010101011011011110111011011011111010101100000100
011100010100101011000011011101101001000010000101010101011011011110111011011011111010101100000100
011110011110111001111000010111011000000010000101010101011011011110111011011011111010101100000100
011110100101000011000001001101110110000010000101010101011011011110111011011011111010101100000100
100001000100100101000111110001110001000010000101010101011011011110111011011011111010101100000100
100001010000111000101101000101011101000010000101010101011011011110111011011011111010101100000100
100010011101011010011011100010110001000010000101010101011011011110111011011011111010101100000100
100010101100001101110110110111000101000010000101010101011011011110111011011011111010101100000100
100010110001001011100010001111011000000010000101010101011011011110111011011011111010101100000100
100011110100001111010010011011110110000010000101010101011011011110111011011011111010101100000100
100111000001101101100100100111000010000010000101010101011011011110111011011011111010101100000100
100111010000000101000000100111100001000010000101010101011011011110111011011011111010101100000100
101001010100001110100110100001111100000010000101010101011011011110111011011011111010101100000100
101001100010011000100101101111101111000010000101010101011011011110111011011011111010101100000100
101010001001010011100010101101100101000010000101010101011011011110111011011011111010101100000100
101011000010001100001001101000111001000010000101010101011011011110111011011011111010101100000100
101011010010110111011100011000110101000010000101010101011011011110111011011011111010101100000100
101100010110111011001110000010101100000010000101010101011011011110111011011011111010101100000100
101100111110011101010000111111010010000010000101010101011011011110111011011011111010101100000100
101101101101101110110001111011111100000010000101010101011011011110111011011011111010101100000100
101110100011010001011001111010110001000010000101010101011011011110111011011011111010101100000100
101111110101111010100100111000001100000010000101010101011011011110111011011011111010101100000100
110000101001001111010111010011000001000010000101010101011011011110111011011011111010101100000100
110011100000111111010010000010111000000010000101010101011011011110111011011011111010101100000100
110100010011110101011011100111001000000010000101010101011011011110111011011011111010101100000100
110111110110110000001110001000010001000010000101010101011011011110111011011011111010101100000100
111000000000100001010011101010010100000010000101010101011011011110111011011011111010101100000100
111000011000011110110010111101100101000010000101010101011011011110111011011011111010101100000100
111010001010001111000011110100010111000010000101010101011011011110111011011011111010101100000100
111011100111000100111110100010011110000010000101010101011011011110111011011011111010101100000100
111100110110010101100010111010110010000010000101010101011011011110111011011011111010101100000100
111101000101010101100110110000010000000010000101010101011011011110111011011011111010101100000100
111110000110111010100001001011000001000010000101010101011011011110111011011011111010101100000100
111110111001010000100010000110101010000010000101010101011011011110111011011011111010101100000100
111111100000001110111100100010001000000010000101010101011011011110111011011011111010101100000100
000000010000111010010011001011001011000010000101010101011011011110111011011011111010101100000100
000001001100000100001000000111010001000010000101010101011011011110111011011011111010101100000100
000001101010101101000000111010010011000010000101010101011011011110111011011011111010101100000100
000001110000010100100001010010011100000010000101010101011011011110111011011011111010101100000100
000001111010010000111110010110010001000010000101010101011011011110111011011011111010101100000100
000010000110110001110000011011001000000010000101010101011011011110111011011011111010101100000100
000010001000110011110110111100101011000010000101010101011011011110111011011011111010101100000100
000010100100111110010011011100100011000010000101010101011011011110111011011011111010101100000100
000010101100111001011001000100111101000010000101010101011011011110111011011011111010101100000100
000010110111011100010100010110000111000010000101010101011011011110111011011011111010101100000100
000010111001011000001001001000011000000010000101010101011011011110111011011011111010101100000100
000011010100001001010001000011001001000010000101010101011011011110111011011011111010101100000100
000100011011110111111111000100011111000010000101010101011011011110111011011011111010101100000100
000110010101110001101111010110011110000010000101010101011011011110111011011011111010101100000100
000110011011010111110010110011101010000010000101010101011011011110111011011011111010101100000100
000111000011001010101000001011001101000010000101010101011011011110111011011011111010101100000100
000111001100100010001101000001010101000010000101010101011011011110111011011011111010101100000100
001000010110011011010101001111001011000010000101010101011011011110111011011011111010101100000100
001000110010100100110100100101011010000010000101010101011011011110111011011011111010101100000100
001001011110010110010100100111010101000010000101010101011011011110111011011011111010101100000100
001010001100001000010111000110001111000010000101010101011011011110111011011011111010101100000100
001010100110110100011100001110000100000010000101010101011011011110111011011011111010101100000100
001010101111001000001000010001011101000010000101010101011011011110111011011011111010101100000100
001011001010100000000010001010010001000010000101010101011011011110111011011011111010101100000100
001100110110110110011000001010000111000010000101010101011011011110111011011011111010101100000100
001100111101111111111000100011000100000010000101010101011011011110111011011011111010101100000100
001101101100100001110011100000010100000010000101010101011011011110111011011011111010101100000100
001110101000000010111100001101000011000010000101010101011011011110111011011011111010101100000100
001111000101100001010111001011101110000010000101010101011011011110111011011011111010101100000100
001111001011001110010010000111111100000010000101010101011011011110111011011011111010101100000100
001111110101110110010010011001110100000010000101010101011011011110111011011011111010101100000100
010000000001101000001010000010111100000010000101010101011011011110111011011011111010101100000100
010000100101111000110001011011010010000010000101010101011011011110111011011011111010101100000100
010000101111101101100011101011001100000010000101010101011011011110111011011011111010101100000100
010001010110000011011111011001000101000010000101010101011011011110111011011011111010101100000100
010010011010000001001100111010001111000010000101010101011011011110111011011011111010101100000100
010011000100001010001011010010110101000010000101010101011011011110111011011011111010101100000100
010011001001111101111110101010011010000010000101010101011011011110111011011011111010101100000100
010011010101110100110001100001100110000010000101010101011011011110111011011011111010101100000100
010011110000101000000100100010010101000010000101010101011011011110111011011011111010101100000100
010011111100010100100100110011111111000010000101010101011011011110111011011011111010101100000100
010110010110100011000000110011111010000010000101010101011011011110111011011011111010101100000100
010110100101010111110001111000111010000010000101010101011011011110111011011011111010101100000100
010110101001000100001110011111110010000010000101010101011011011110111011011011111010101100000100
010111011100001000010100001111011000000010000101010101011011011110111011011011111010101100000100
011001100111100111011111010111110010000010000101010101011011011110111011011011111010101100000100
011001101110100110110100011001101010000010000101010101011011011110111011011011111010101100000100
011001110100101010101100001010111001000010000101010101011011011110111011011011111010101100000100
011011010010000011110000010100000101000010000101010101011011011110111011011011111010101100000100
011011011110100100011010101000001101000010000101010101011011011110111011011011111010101100000100
011100110011101100100000011010101010000010000101010101011011011110111011011011111010101100000100
011100111100001101011111110000101010000010000101010101011011011110111011011011111010101100000100
011101010001110010101001111110110000000010000101010101011011011110111011011011111010101100000100
011101011111010010010100000111001100000010000101010101011011011110111011011011111010101100000100
011101100110100101000101000001010101000010000101010101011011011110111011011011111010101100000100
011101101000001000011001011011011010000010000101010101011011011110111011011011111010101100000100
011110110100011000110111101111110001000010000101010101011011011110111011011011111010101100000100
011111000100000011010100011111110001000010000101010101011011011110111011011011111010101100000100
011111011110000110100100111011000000000010000101010101011011011110111011011011111010101100000100
100000110101010101000000001010000011000010000101010101011011011110111011011011111010101100000100
100000111111011101111001100100010010000010000101010101011011011110111011011011111010101100000100
100001110101010110110010101110010001000010000101010101011011011110111011011011111010101100000100
100011010001001111101100111011100101000010000101010101011011011110111011011011111010101100000100
100100110101010101110010110001111000000010000101010101011011011110111011011011111010101100000100
100110010000111011100110111001010111000010000101010101011011011110111011011011111010101100000100
100110110000111001110011010000110101000010000101010101011011011110111011011011111010101100000100
101000110111101110010100100101100011000010000101010101011011011110111011011011111010101100000100
101000111110000111100101000000110110000010000101010101011011011110111011011011111010101100000100
101001000100101101101000100001101100000010000101010101011011011110111011011011111010101100000100
101010100111101111111001110000000101000010000101010101011011011110111011011011111010101100000100
101010110000100100101011110001001000000010000101010101011011011110111011011011111010101100000100
101010111010001010111001110011111100000010000101010101011011011110111011011011111010101100000100
101100100011010111100000101111011011000010000101010101011011011110111011011011111010101100000100
101101111100001110100000001000101100000010000101010101011011011110111011011011111010101100000100
101110110010111101011111001010100000000010000101010101011011011110111011011011111010101100000100
101110111000000001100111100010100011000010000101010101011011011110111011011011111010101100000100
110001000000010000001111000010110001000010000101010101011011011110111011011011111010101100000100
110010100101011100001010111100000011000010000101010101011011011110111011011011111010101100000100
110010101110001010000010010000010000000010000101010101011011011110111011011011111010101100000100
110011010001011000011011101001101100000010000101010101011011011110111011011011111010101100000100
110011011011100110011111111011001010000010000101010101011011011110111011011011111010101100000100
110011110101011111101110100011001100000010000101010101011011011110111011011011111010101100000100
110011111101101111100100111011000000000010000101010101011011011110111011011011111010101100000100
110100000100011101100110101101010001000010000101010101011011011110111011011011111010101100000100
110100100101000110111010110010011001000010000101010101011011011110111011011011111010101100000100
110100101001010110111100011110000010000010000101010101011011011110111011011011111010101100000100
110100111001100011100011011001111001000010000101010101011011011110111011011011111010101100000100
110101101011110110110111100001111001000010000101010101011011011110111011011011111010101100000100
110101110001000110110110110110010010000010000101010101011011011110111011011011111010101100000100
110101111000111100111101101111100111000010000101010101011011011110111011011011111010101100000100
110110000110010010111111100110010100000010000101010101011011011110111011011011111010101100000100
110110001111111011001011011000111101000010000101010101011011011110111011011011111010101100000100
110111000111100001101011111010101010000010000101010101011011011110111011011011111010101100000100
110111010000010011111000000111000101000010000101010101011011011110111011011011111010101100000100
111001000001011000100000011011011100000010000101010101011011011110111011011011111010101100000100
111001010100100000101000010001000110000010000101010101011011011110111011011011111010101100000100
111001011011111001110011001110001100000010000101010101011011011110111011011011111010101100000100
111001100100010110110000100100111010000010000101010101011011011110111011011011111010101100000100
111001101001100011110000100111111011000010000101010101011011011110111011011011111010101100000100
111010010011110001100110000010000011000010000101010101011011011110111011011011111010101100000100
111010110011100011111110101101101100000010000101010101011011011110111011011011111010101100000100
111010111011110110011100111000011001000010000101010101011011011110111011011011111010101100000100
111011111100100100000010011101011001000010000101010101011011011110111011011011111010101100000100
111100010110110110100111011001101011000010000101010101011011011110111011011011111010101100000100
111100011011100110110110001011000010000010000101010101011011011110111011011011111010101100000100
111100100100000100010101001110111100000010000101010101011011011110111011011011111010101100000100
111100101101011001101110011010010011000010000101010101011011011110111011011011111010101100000100
111101010011011100000011001000010110000010000101010101011011011110111011011011111010101100000100
111101011001010000110010011110011100000010000101010101011011011110111011011011111010101100000100
111101110000110000000001110110011000000010000101010101011011011110111011011011111010101100000100
111110010111001011011111010100111101000010000101010101011011011110111011011011111010101100000100
111110011001011010100111100100000011000010000101010101011011011110111011011011111010101100000100
111111110111101011111010001101000100000010000101010101011011011110111011011011111010101100000100
111111111001110001001100101111010111000010000101010101011011011110111011011011111010101100000100
000000011011001111101010010101101011000010000101010101011011011110111011011011111010101100000100
000001000010100101101001011000101011000010000101010101011011011110111011011011111010101100000100
000001000101100101101111110000000101000010000101010101011011011110111011011011111010101100000100
000011111001011101000011101011000000000010000101010101011011011110111011011011111010101100000100
000011111101011010110110101000010100000010000101010101011011011110111011011011111010101100000100
000100010010110000100010111011010101000010000101010101011011011110111011011011111010101100000100
000100010100010101111101111101101000000010000101010101011011011110111011011011111010101100000100
000100111011101110101001101000100111000010000101010101011011011110111011011011111010101100000100
000101011000101111001011111101110110000010000101010101011011011110111011011011111010101100000100
000101011101110110011100010001101011000010000101010101011011011110111011011011111010101100000100
000110100110000011010011000000001010000010000101010101011011011110111011011011111010101100000100
001000011010000111101011111111000100000010000101010101011011011110111011011011111010101100000100
001000011101110000100001100001011011000010000101010101011011011110111011011011111010101100000100
001000101000100011111011100011111111000010000101010101011011011110111011011011111010101100000100
001000101101111110101011000111111001000010000101010101011011011110111011011011111010101100000100
001000111001010100000111000110000110000010000101010101011011011110111011011011111010101100000100
001000111100100101100100001101001000000010000101010101011011011110111011011011111010101100000100
001010011010010110010100001010010100000010000101010101011011011110111011011011111010101100000100
001010011100101111111011010001100000000010000101010101011011011110111011011011111010101100000100
001011000010101110000000111010001000000010000101010101011011011110111011011011111010101100000100
001011000111010100001011111000111000000010000101010101011011011110111011011011111010101100000100
001100100001010000111100100100101110000010000101010101011011011110111011011011111010101100000100
001100100111010100111100000100111110000010000101010101011011011110111011011011111010101100000100
001101100010001010010001010110110011000010000101010101011011011110111011011011111010101100000100
001110100000001101010010101011011000000010000101010101011011011110111011011011111010101100000100
001111111011010100001011111001101000000010000101010101011011011110111011011011111010101100000100
001111111101000100111111011100100001000010000101010101011011011110111011011011111010101100000100
010000001011011010010010101110010110000010000101010101011011011110111011011011111010101100000100
010000001111001001000011101001111010000010000101010101011011011110111011011011111010101100000100
010001011010010111101101001000000000000010000101010101011011011110111011011011111010101100000100
010010010001100000111011010101011111000010000101010101011011011110111011011011111010101100000100
010011011010100111010111010100000111000010000101010101011011011110111011011011111010101100000100
010011011110110110100110001101101100000010000101010101011011011110111011011011111010101100000100
010100110101010001010111010000010100000010000101010101011011011110111011011011111010101100000100
010101000001100101111100001100100100000010000101010101011011011110111011011011111010101100000100
010101000101110100100101101010111011000010000101010101011011011110111011011011111010101100000100
010101110010011010101111010011010110000010000101010101011011011110111011011011111010101100000100
010101110101110000111010101010111111000010000101010101011011011110111011011011111010101100000100
010110000101001010111011110110001001000010000101010101011011011110111011011011111010101100000100
010110001001011011010011001100110111000010000101010101011011011110111011011011111010101100000100
010110001100011011000101111101111111000010000101010101011011011110111011011011111010101100000100
010110011010100101101110001101111000000010000101010101011011011110111011011011111010101100000100
010110011100001001100100100110001100000010000101010101011011011110111011011011111010101100000100
010110111010101000111000111110011101000010000101010101011011011110111011011011111010101100000100
010110111101111110111010111101100100000010000101010101011011011110111011011011111010101100000100
010111100011100111100100000101111101000010000101010101011011011110111011011011111010101100000100
011000101011010011011111011000011101000010000101010101011011011110111011011011111010101100000100
011000111000111011010110110001010101000010000101010101011011011110111011011011111010101100000100
011000111111101000000110100010110101000010000101010101011011011110111011011011111010101100000100
011001111101000001100001101000110000000010000101010101011011011110111011011011111010101100000100
011110111101011101010111100010101011000010000101010101011011011110111011011011111010101100000100
011111010000001010111110011111010110000010000101010101011011011110111011011011111010101100000100
011111010110111110100101010000010110000010000101010101011011011110111011011011111010101100000100
011111111001001111101101001001001111000010000101010101011011011110111011011011111010101100000100
011111111100110011001010011101101111000010000101010101011011011110111011011011111010101100000100
100000101011000110111011001001101100000010000101010101011011011110111011011011111010101100000100
100001100110101000110001110111011001000010000101010101011011011110111011011011111010101100000100
100001111010001110010110011110000011000010000101010101011011011110111011011011111010101100000100
100001111111110111110010010010111010000010000101010101011011011110111011011011111010101100000100
100010000011001110001111010100111001000010000101010101011011011110111011011011111010101100000100
100010001110100000100010001101111010000010000101010101011011011110111011011011111010101100000100
100011100011101101001001000011101100000010000101010101011011011110111011011011111010101100000100
100011100100011011010111101011111011000010000101010101011011011110111011011011111010101100000100
100011101111110100100010110110110110000010000101010101011011011110111011011011111010101100000100
100100010010010101011001111111000011000010000101010101011011011110111011011011111010101100000100
100100111111110101010110011011111110000010000101010101011011011110111011011011111010101100000100
100101101010110111001111001111101000000010000101010101011011011110111011011011111010101100000100
100110011010111011011000100010000001000010000101010101011011011110111011011011111010101100000100
100110011100100100101001100000101111000010000101010101011011011110111011011011111010101100000100
100110100010001010000010010101010001000010000101010101011011011110111011011011111010101100000100
100110101010000111101000000110001111000010000101010101011011011110111011011011111010101100000100
100110101101011011001101100110010011000010000101010101011011011110111011011011111010101100000100
100110111011000000110011111001010010000010000101010101011011011110111011011011111010101100000100
100111111001001011101001010100110010000010000101010101011011011110111011011011111010101100000100
101001001001110001001010100010000011000010000101010101011011011110111011011011111010101100000100
101001001100101101101111111010111100000010000101010101011011011110111011011011111010101100000100
101001110100000010111000000000001101000010000101010101011011011110111011011011111010101100000100
101001111110100110000001001111011110000010000101010101011011011110111011011011111010101100000100
101010010010010110101000100001010100000010000101010101011011011110111011011011111010101100000100
101010010100011010001100111000010100000010000101010101011011011110111011011011111010101100000100
110000011011111010011101000001010000000010000101010101011011011110111011011011111010101100000100
110000011100110000001111110001011011000010000101010101011011011110111011011011111010101100000100
110000111100000011100010101100001001000010000101010101011011011110111011011011111010101100000100
110001010010011101100100000111110011000010000101010101011011011110111011011011111010101100000100
110001010111001001010101001011111000000010000101010101011011011110111011011011111010101100000100
110010000000010101011000101110000010000010000101010101011011011110111011011011111010101100000100
110010010001111110100010110000101101000010000101010101011011011110111011011011111010101100000100
110010010101100000001111000101100000000010000101010101011011011110111011011011111010101100000100
110010111010111010110001011101110111000010000101010101011011011110111011011011111010101100000100
110010111111110110100101110011011001000010000101010101011011011110111011011011111010101100000100
110100001010110000000011011010110111000010000101010101011011011110111011011011111010101100000100
110100001100001101010010111100000110000010000101010101011011011110111011011011111010101100000100
110100110001001010100110110101011110000010000101010101011011011110111011011011111010101100000100
110100110101000111111110011000101101000010000101010101011011011110111011011011111010101100000100
110110110000100001110100111110111010000010000101010101011011011110111011011011111010101100000100
110110110100110111101001110010111110000010000101010101011011011110111011011011111010101100000100
110111001001011111110001010000101011000010000101010101011011011110111011011011111010101100000100
110111001100111010110111100100010011000010000101010101011011011110111011011011111010101100000100
110111011111111110101110110001000101000010000101010101011011011110111011011011111010101100000100
111000100010101010001111000011000111000010000101010101011011011110111011011011111010101100000100
111000100101110001101110000011001001000010000101010101011011011110111011011011111010101100000100
111010011010000111001001100000101000000010000101010101011011011110111011011011111010101100000100
111011011000000100111110100010000011000010000101010101011011011110111011011011111010101100000100
111011011111100000110001011111100100000010000101010101011011011110111011011011111010101100000100
111011110000000100010100100100100101000010000101010101011011011110111011011011111010101100000100
111100001100010010010000110110001000000010000101010101011011011110111011011011111010101100000100
111101101010001011001001101100101000000010000101010101011011011110111011011011111010101100000100
111101101100101110100100111111010100000010000101010101011011011110111011011011111010101100000100
111111010111100100000110001110111001000010000101010101011011011110111011011011111010101100000100
000000000101101000101110100101011110000010000101010101011011011110111011011011111010101100000100
000000000111111010011001111001111000000010000101010101011011011110111011011011111010101100000100
000000011101011000001010001011010101000010000101010101011011011110111011011011111010101100000100
000000011110001011100101001111110000000010000101010101011011011110111011011011111010101100000100
000001100100001000100000110000001011000010000101010101011011011110111011011011111010101100000100
000001100111011011001101100010111100000010000101010101011011011110111011011011111010101100000100
000011011000011001111111111001001110000010000101010101011011011110111011011011111010101100000100
000011011010101110110110000111000001000010000101010101011011011110111011011011111010101100000100
000011101001011010001110011001110110000010000101010101011011011110111011011011111010101100000100
000011101011001001110010001000110011000010000101010101011011011110111011011011111010101100000100
000011101100010110011000010000101100000010000101010101011011011110111011011011111010101100000100
000011101110110000010010010000111101000010000101010101011011011110111011011011111010101100000100
000100000101001101100100100101101011000010000101010101011011011110111011011011111010101100000100
000101101101101010001000111101000100000010000101010101011011011110111011011011111010101100000100
000101101111000000000101011101010001000010000101010101011011011110111011011011111010101100000100
000110001001111011001001000000111000000010000101010101011011011110111011011011111010101100000100
000110001010011100010100100101010000000010000101010101011011011110111011011011111010101100000100
000110100000101001111001100011000000000010000101010101011011011110111011011011111010101100000100
000110100010000000001100010101111100000010000101010101011011011110111011011011111010101100000100
001000100100011101010100011100000100000010000101010101011011011110111011011011111010101100000100
001000100111101010111101110100101010000010000101010101011011011110111011011011111010101100000100
001001010100000111000100011001001010000010000101010101011011011110111011011011111010101100000100
001001010110010100010111111010010010000010000101010101011011011110111011011011111010101100000100
001100000101111011100010110111110101000010000101010101011011011110111011011011111010101100000100
001100000111000011111100111101010101000010000101010101011011011110111011011011111010101100000100
001100011001100010110111100001000100000010000101010101011011011110111011011011111010101100000100
001100011011101111111100010010101000000010000101010101011011011110111011011011111010101100000100
001101100101111001110111001110101001000010000101010101011011011110111011011011111010101100000100
001101100111111110100011110111110111000010000101010101011011011110111011011011111010101100000100
001111010000011101110111011011000101000010000101010101011011011110111011011011111010101100000100
001111010011110101101000100011111001000010000101010101011011011110111011011011111010101100000100
010101011000110010100111000011111011000010000101010101011011011110111011011011111010101100000100
010101011010100010011010100011101000000010000101010101011011011110111011011011111010101100000100
010110000000010111111010000111110011000010000101010101011011011110111011011011111010101100000100
010110000011101000111100001001000001000010000101010101011011011110111011011011111010101100000100
010111010000111001011001001100101100000010000101010101011011011110111011011011111010101100000100
010111010010111000010011111101001110000010000101010101011011011110111011011011111010101100000100
011000101101000011010100011110011110000010000101010101011011011110111011011011111010101100000100
011000101111110011100010110000010011000010000101010101011011011110111011011011111010101100000100
011010011101000100011101110110110001000010000101010101011011011110111011011011111010101100000100
011010011111000001101000001011110101000010000101010101011011011110111011011011111010101100000100
011101110101011000011110111101111101000010000101010101011011011110111011011011111010101100000100
011101110111110111110101101110011001000010000101010101011011011110111011011011111010101100000100
011110001000010101001101101011011011000010000101010101011011011110111011011011111010101100000100
011110001011010010101011101111001110000010000101010101011011011110111011011011111010101100000100
011111001000010010111111110110010100000010000101010101011011011110111011011011111010101100000100
011111001010100101010110111101011000000010000101010101011011011110111011011011111010101100000100
011111101101100111001111111011011110000010000101010101011011011110111011011011111010101100000100
100001100001111100000101001111000111000010000101010101011011011110111011011011111010101100000100
100001100010111000000100001000100110000010000101010101011011011110111011011011111010101100000100
100010000100100100101010110110110000000010000101010101011011011110111011011011111010101100000100
100010000110110110111111101100110100000010000101010101011011011110111011011011111010101100000100
100011011101100111010101110101000110000010000101010101011011011110111011011011111010101100000100
100011011111011110100111111001101100000010000101010101011011011110111011011011111010101100000100
100100000001011111001001111000100011000010000101010101011011011110111011011011111010101100000100
100100000010001001110101110001010001000010000101010101011011011110111011011011111010101100000100
100100001001111101011000101111101011000010000101010101011011011110111011011011111010101100000100
100100001010101110011000001100110100000010000101010101011011011110111011011011111010101100000100
100100010101010011100111101010100100000010000101010101011011011110111011011011111010101100000100
100100010111001001111101110011110111000010000101010101011011011110111011011011111010101100000100
100100111010100000000010000010101110000010000101010101011011011110111011011011111010101100000100
100101111100011010111011001011000101000010000101010101011011011110111011011011111010101100000100
100101111110100010000111101111111011000010000101010101011011011110111011011011111010101100000100
100110111101101000010111011111111111000010000101010101011011011110111011011011111010101100000100
100110111110111010110001100010010101000010000101010101011011011110111011011011111010101100000100
100111111100110000011111111101011100000010000101010101011011011110111011011011111010101100000100
100111111111101001111110110110100100000010000101010101011011011110111011011011111010101100000100
101001110000010101001001100110101010000010000101010101011011011110111011011011111010101100000100
101001110011011101111000101110100000000010000101010101011011011110111011011011111010101100000100
101100001100010101101001110110111101000010000101010101011011011110111011011011111010101100000100
101100001111110011101011101010010110000010000101010101011011011110111011011011111010101100000100
101111101101110101100010100101011010000010000101010101011011011110111011011011111010101100000100
101111101111011110010111111111100101000010000101010101011011011110111011011011111010101100000100
110001001011100100111011100100110010000010000101010101011011011110111011011011111010101100000100
110010000101101000110010110110111100000010000101010101011011011110111011011011111010101100000100
110010000111110011001011001111111101000010000101010101011011011110111011011011111010101100000100
110101100010000100000001111100011010000010000101010101011011011110111011011011111010101100000100
110110100001000110000010110010100100000010000101010101011011011110111011011011111010101100000100
110110100011001101110110000101011111000010000101010101011011011110111011011011111010101100000100
110111011011010011000111100001111000000010000101010101011011011110111011011011111010101100000100
110111100100011111000001010001001001000010000101010101011011011110111011011011111010101100000100
110111100111001000000100110110101001000010000101010101011011011110111011011011111010101100000100
111001001101011000101011000110011001000010000101010101011011011110111011011011111010101100000100
111001001111101100010111011000100110000010000101010101011011011110111011011011111010101100000100
111010101000100000110011010001100011000010000101010101011011011110111011011011111010101100000100
111101100001110101100011100110100111000010000101010101011011011110111011011011111010101100000100
111111001100011111100011010010101111000010000101010101011011011110111011011011111010101100000100
111111001110010110101111101000111100000010000101010101011011011110111011011011111010101100000100
000100000000000101010101001001010100000010000101010101011011011110111011011011111010101100000100
000110000110111110000100101100100101000010000101010101011011011110111011011011111010101100000100
000110000111101110101110101111011010000010000101010101011011011110111011011011111010101100000100
001001001010100001100011010000001011000010000101010101011011011110111011011011111010101100000100
001001001011100001101011110011011000000010000101010101011011011110111011011011111010101100000100
001110111010011001111110100111001010000010000101010101011011011110111011011011111010101100000100
001110111011011011001111001101110111000010000101010101011011011110111011011011111010101100000100
010010010101100111110111010100110010000010000101010101011011011110111011011011111010101100000100
010100110000010111011100100011011101000010000101010101011011011110111011011011111010101100000100
010100110001101001001100101010011110000010000101010101011011011110111011011011111010101100000100
010111100100011010111101100101100101000010000101010101011011011110111011011011111010101100000100
010111100101110110011010110011110100000010000101010101011011011110111011011011111010101100000100
011100001110000010101010010101101001000010000101010101011011011110111011011011111010101100000100
011100001111000101100100111011000100000010000101010101011011011110111011011011111010101100000100
011110111000011110001001001010111100000010000101010101011011011110111011011011111010101100000100
011110111001100111111011100100100000000010000101010101011011011110111011011011111010101100000100
011111110100110111101101000111001011000010000101010101011011011110111011011011111010101100000100
011111110101100010100010011111101001000010000101010101011011011110111011011011111010101100000100
100000010100001000110000110110101000000010000101010101011011011110111011011011111010101100000100
100000010101101010011101010000000011000010000101010101011011011110111011011011111010101100000100
100010001010100000011110101010101011000010000101010101011011011110111011011011111010101100000100
100010001011111001111101100101110011000010000101010101011011011110111011011011111010101100000100
100011000100101101100111101001011100000010000101010101011011011110111011011011111010101100000100
100011000101101011111011100101101110000010000101010101011011011110111011011011111010101100000100
100011001110011010100010000110000101000010000101010101011011011110111011011011111010101100000100
100011001111100101010100111010111110000010000101010101011011011110111011011011111010101100000100
100100111000001001010000001101011101000010000101010101011011011110111011011011111010101100000100
100100111001101100100000110110010010000010000101010101011011011110111011011011111010101100000100
100101101110110110101100110011111000000010000101010101011011011110111011011011111010101100000100
100101101111111000101100011110110011000010000101010101011011011110111011011011111010101100000100
101000101110111011001110010010100001000010000101010101011011011110111011011011111010101100000100
101000101111000100011111011100011010000010000101010101011011011110111011011011111010101100000100
101001111010111101000111001001111010000010000101010101011011011110111011011011111010101100000100
101001111011101000001101010100001000000010000101010101011011011110111011011011111010101100000100
101010101011010110010010100100011010000010000101010101011011011110111011011011111010101100000100
110000110010000000111000001101000111000010000101010101011011011110111011011011111010101100000100
110000110011011100001010111010000000000010000101010101011011011110111011011011111010101100000100
110000111011010110100001010100111111000010000101010101011011011110111011011011111010101100000100
110010011110010111110111110010101000000010000101010101011011011110111011011011111010101100000100
110010011111001111110101101111000111000010000101010101011011011110111011011011111010101100000100
110110111000011100010101010111111010000010000101010101011011011110111011011011111010101100000100
110110111001100001110010011000001011000010000101010101011011011110111011011011111010101100000100
111010011101111110101010011100011100000010000101010101011011011110111011011011111010101100000100
111010101010010101011000101010000010000010000101010101011011011110111011011011111010101100000100
111010101011011000110000100010101100000010000101010101011011011110111011011011111010101100000100
111011010000001010001000101110111000000010000101010101011011011110111011011011111010101100000100
111011010001101101001100101011011101000010000101010101011011011110111011011011111010101100000100
111100001010011101000101001110110010000010000101010101011011011110111011011011111010101100000100
111100001011011100110001010101110010000010000101010101011011011110111011011011111010101100000100
111101111100111011111100010101110100000010000101010101011011011110111011011011111010101100000100
111101111101010010110001001000011011000010000101010101011011011110111011011011111010101100000100
111111010010101011110001111011001110000010000101010101011011011110111011011011111010101100000100
111111010011101111101100100000001101000010000101010101011011011110111011011011111010101100000100
000100000111010011101010010001001011000010000101010101011011011110111011011011111010101100000100
000100000111101100001011011100011001000010000101010101011011011110111011011011111010101100000100
000100111110001101110011100010010101000010000101010101011011011110111011011011111010101100000100
000100111110110101001001000100011100000010000101010101011011011110111011011011111010101100000100
000110111100011111101111011000011011000010000101010101011011011110111011011011111010101100000100
000110111100111001110001000000101010000010000101010101011011011110111011011011111010101100000100
001010000111101110101010010111001001000010000101010101011011011110111011011011111010101100000100
010001011100000001111000010001101000000010000101010101011011011110111011011011111010101100000100
010001011100111011101001001110011010000010000101010101011011011110111011011011111010101100000100
010010010100001110101000001100111001000010000101010101011011011110111011011011111010101100000100
010010010100111101011100011011100001000010000101010101011011011110111011011011111010101100000100
010100110010000011101000111011111111000010000101010101011011011110111011011011111010101100000100
010100110010101101001011010000101001000010000101010101011011011110111011011011111010101100000100
010111111000010001101000101011001111000010000101010101011011011110111011011011111010101100000100
010111111000100001011000101101001111000010000101010101011011011110111011011011111010101100000100
011001111011001001001111011110001110000010000101010101011011011110111011011011111010101100000100
011001111011101111110000001011001010000010000101010101011011011110111011011011111010101100000100
011111101110011110011010001000001101000010000101010101011011011110111011011011111010101100000100
011111101110110000010011010100110110000010000101010101011011011110111011011011111010101100000100
100000101111010010111011100011000000000010000101010101011011011110111011011011111010101100000100
100000101111101100101111110010101101000010000101010101011011011110111011011011111010101100000100
100011001010001001101100111000011111000010000101010101011011011110111011011011111010101100000100
100011001010101101101011000001110000000010000101010101011011011110111011011011111010101100000100
100011101001000010011100000001010111000010000101010101011011011110111011011011111010101100000100
100011101001110010111010110001100001000010000101010101011011011110111011011011111010101100000100
100110100101010011001010011011000110000010000101010101011011011110111011011011111010101100000100
100110100101111011001111101111100000000010000101010101011011011110111011011011111010101100000100
101100101011011101110000101011111110000010000101010101011011011110111011011011111010101100000100
101100101011111111101111011101001101000010000101010101011011011110111011011011111010101100000100
110000111010000110011001011010000010000010000101010101011011011110111011011011111010101100000100
110101011111010101101111101111110111000010000101010101011011011110111011011011111010101100000100
110101011111101010110001000010010111000010000101010101011011011110111011011011111010101100000100
110101100000000011001011111110010111000010000101010101011011011110111011011011111010101100000100
110101100000100100100101101011101110000010000101010101011011011110111011011011111010101100000100
111010011100000110100010110001111111000010000101010101011011011110111011011011111010101100000100
111010011100100000011000111000100100000010000101010101011011011110111011011011111010101100000100
111011110100011011000101110000010001000010000101010101011011011110111011011011111010101100000100
111011110100101000011011010000001010000010000101010101011011011110111011011011111010101100000100
000100000001000110011010001011101101000010000101010101011011011110111011011011111010101100000100
000100000001010111001001100100001001000010000101010101011011011110111011011011111010101100000100
001010000111000111100111100101100101000010000101010101011011011110111011011011111010101100000100
001010000111010100011010101000100011000010000101010101011011011110111011011011111010101100000100
001110100110001001110110010011000010000010000101010101011011011110111011011011111010101100000100
001110100110010010000111101001010001000010000101010101011011011110111011011011111010101100000100
010000111001000110101011000010010011000010000101010101011011011110111011011011111010101100000100
010000111001010111100111010101111100000010000101010101011011011110111011011011111010101100000100
101010101010101110110010101110111101000010000101010101011011011110111011011011111010101100000100
101010101010110000111010111111101011000010000101010101011011011110111011011011111010101100000100
110000111001001100011111001011000001000010000101010101011011011110111011011011111010101100000100
110000111001011011000010111101010001000010000101010101011011011110111011011011111010101100000100
111110101100000010110011000100100101000010000101010101011011011110111011011011111010101100000100
111110101100010010000011001101011111000010000101010101011011011110111011011011111010101100000100
101101110100110010101110111000011101000010000101010101011011011110111011011011111010101100000100
101101110100111011110110100010110110000010000101010101011011011110111011011011111010101100000100
110000111010100101011110101011110111000010000101010101011011011110111011011011111010101100000100
110000111010101110000111100111100101000010000101010101011011011110111011011011111010101100000100
110111011000100110000001100010100100000010000101010101011011011110111011011011111010101100000100
110111011000101100101110110010001111000010000101010101011011011110111011011011111010101100000100
111101100011011001001111010110011000000010000101010101011011011110111011011011111010101100000100
111101100011011100110101110101101101000010000101010101011011011110111011011011111010101100000100
011111001100101101111110111111110101000010000101010101011011011110111011011011111010101100000100
011111001100101110000100110100010010000010000101010101011011011110111011011011111010101100000100
110001001001100011000000001110101110000010000101010101011011011110111011011011111010101100000100
110001001001100011101011010111110011000010000101010101011011011110111011011011111010101100000100
