111110000010000101011000010000000011011011111010010100000100111111111101001100001111001000111110
111110000010000101011000010000000011011011111010010100000100111111110000100010011001111110001000
111110000010000101011000010000000011011011111010010100000100111111011111011100110001011000110111
111110000010000101011000010000000011011011111010010100000100111111010011101010010000110001100000
111110000010000101011000010000000011011011111010010100000100111111001101010011000000010000010101
111110000010000101011000010000000011011011111010010100000100111110111011011110001011011110011011
111110000010000101011000010000000011011011111010010100000100111110100010000110000111010001010101
111110000010000101011000010000000011011011111010010100000100111110010110011011010000101001101011
111110000010000101011000010000000011011011111010010100000100111110000111001101010111011111001010
111110000010000101011000010000000011011011111010010100000100111110000101111100000111000000100100
111110000010000101011000010000000011011011111010010100000100111110000000111001100001100111100110
111110000010000101011000010000000011011011111010010100000100111101101110000100011101111101101110
111110000010000101011000010000000011011011111010010100000100111101101101111110101011010010111011
111110000010000101011000010000000011011011111010010100000100111101001011000010110011111111000100
111110000010000101011000010000000011011011111010010100000100111101000101111100101001110111110011
111110000010000101011000010000000011011011111010010100000100111101000001101001001110011011101010
111110000010000101011000010000000011011011111010010100000100111100111111011101111010110110000110
111110000010000101011000010000000011011011111010010100000100111100111110110011001111100001010000
111110000010000101011000010000000011011011111010010100000100111100110111001111101001010100111010
111110000010000101011000010000000011011011111010010100000100111100110110101000100101101111000000
111110000010000101011000010000000011011011111010010100000100111100101111000001000111000100110100
111110000010000101011000010000000011011011111010010100000100111100100001110011110011011001000111
111110000010000101011000010000000011011011111010010100000100111100011111110101000000001100110000
111110000010000101011000010000000011011011111010010100000100111100011010110010110110110000011010
111110000010000101011000010000000011011011111010010100000100111100010001111001100001001110000111
111110000010000101011000010000000011011011111010010100000100111100010001110101000010111101001001
111110000010000101011000010000000011011011111010010100000100111100010001001110010101100110011001
111110000010000101011000010000000011011011111010010100000100111100001101000110110010011101101001
111110000010000101011000010000000011011011111010010100000100111011111110000111101000011111001101
111110000010000101011000010000000011011011111010010100000100111011111001100001101011111111111100
111110000010000101011000010000000011011011111010010100000100111011111001001010001000001001011111
111110000010000101011000010000000011011011111010010100000100111011100111010101110101110111110111
111110000010000101011000010000000011011011111010010100000100111011010011101010101100110101001101
111110000010000101011000010000000011011011111010010100000100111011010000111010011100111001110111
111110000010000101011000010000000011011011111010010100000100111010100100110000111111101001001111
111110000010000101011000010000000011011011111010010100000100111010100100010110010011000001010110
111110000010000101011000010000000011011011111010010100000100111010010101001110101011001010110001
111110000010000101011000010000000011011011111010010100000100111010010011001101011100111000000010
111110000010000101011000010000000011011011111010010100000100111010001101100001111000100110111001
111110000010000101011000010000000011011011111010010100000100111010000100110110010011001010101110
111110000010000101011000010000000011011011111010010100000100111001111111110000010010011011010000
111110000010000101011000010000000011011011111010010100000100111001111101010111111001111100101101
111110000010000101011000010000000011011011111010010100000100111001100110001100101010110000110011
111110000010000101011000010000000011011011111010010100000100111001011101001101011110111101110010
111110000010000101011000010000000011011011111010010100000100111001001100100011101010110100100010
111110000010000101011000010000000011011011111010010100000100111000101000101001110000011110111010
111110000010000101011000010000000011011011111010010100000100111000011100000110110011101000100001
111110000010000101011000010000000011011011111010010100000100111000011010100101001000001000010111
111110000010000101011000010000000011011011111010010100000100111000010000110110111001010000010001
111110000010000101011000010000000011011011111010010100000100110111111010100110100101010010110110
111110000010000101011000010000000011011011111010010100000100110111101000100000011010101011010101
111110000010000101011000010000000011011011111010010100000100110111100101011101100110001000001110
111110000010000101011000010000000011011011111010010100000100110111011101001110001100010011011100
111110000010000101011000010000000011011011111010010100000100110111010000111000110011001010011010
111110000010000101011000010000000011011011111010010100000100110110111101100000001001010011101110
111110000010000101011000010000000011011011111010010100000100110110110110100111011100111010101100
111110000010000101011000010000000011011011111010010100000100110110110101101111101001111011001111
111110000010000101011000010000000011011011111010010100000100110110001101110111000100110010101011
111110000010000101011000010000000011011011111010010100000100110110001001000100100001111111010111
111110000010000101011000010000000011011011111010010100000100110110000101101000010110011011001011
111110000010000101011000010000000011011011111010010100000100110110000100100010011111000101000111
111110000010000101011000010000000011011011111010010100000100110101101011001111011011001100111011
111110000010000101011000010000000011011011111010010100000100110101011101110001110011101011100000
111110000010000101011000010000000011011011111010010100000100110101000101001101100110001111111111
111110000010000101011000010000000011011011111010010100000100110100110010100100101100111101011111
111110000010000101011000010000000011011011111010010100000100110100101000010000111110010000000000
111110000010000101011000010000000011011011111010010100000100110100100111000011100110100010110111
111110000010000101011000010000000011011011111010010100000100110100100000111111000111010000011100
111110000010000101011000010000000011011011111010010100000100110100011111001111110011011100011110
111110000010000101011000010000000011011011111010010100000100110100011001100111011010011110100100
111110000010000101011000010000000011011011111010010100000100110100010001110001110110001000000010
111110000010000101011000010000000011011011111010010100000100110100010000111010001011001100000111
111110000010000101011000010000000011011011111010010100000100110100000011101101000100110101011001
111110000010000101011000010000000011011011111010010100000100110011100110010010001111111111110011
111110000010000101011000010000000011011011111010010100000100110011100101011101101001011100111111
111110000010000101011000010000000011011011111010010100000100110011100000000011011110011001100110
111110000010000101011000010000000011011011111010010100000100110011011001101011111001100000000101
111110000010000101011000010000000011011011111010010100000100110011000000111000010101111110000110
111110000010000101011000010000000011011011111010010100000100110010101100010010111100100001110000
111110000010000101011000010000000011011011111010010100000100110010011000110100010011100001000111
111110000010000101011000010000000011011011111010010100000100110010010110011101010111001110111000
111110000010000101011000010000000011011011111010010100000100110010010101101000100111111100111100
111110000010000101011000010000000011011011111010010100000100110010010010100101111101101100010111
111110000010000101011000010000000011011011111010010100000100110010000010111111001000110101100100
111110000010000101011000010000000011011011111010010100000100110001100000100111110100111111011100
111110000010000101011000010000000011011011111010010100000100110001011100111111000111011010100001
111110000010000101011000010000000011011011111010010100000100110001011011011101001010010010000100
111110000010000101011000010000000011011011111010010100000100110001011000111100001111000010011110
111110000010000101011000010000000011011011111010010100000100110001001010011010110011110011110000
111110000010000101011000010000000011011011111010010100000100110000111010110011111100011010100000
111110000010000101011000010000000011011011111010010100000100110000110011101110101110111110010111
111110000010000101011000010000000011011011111010010100000100110000110010100000100100000010011011
111110000010000101011000010000000011011011111010010100000100110000101011111011010000100001111001
111110000010000101011000010000000011011011111010010100000100110000100101000110100111111000100000
111110000010000101011000010000000011011011111010010100000100110000100001001011111110110100110001
111110000010000101011000010000000011011011111010010100000100110000011101110110001110000001111001
111110000010000101011000010000000011011011111010010100000100110000010110101010010011110101101001
111110000010000101011000010000000011011011111010010100000100110000010100010010111010101110000100
111110000010000101011000010000000011011011111010010100000100110000010100010001000100001010101111
111110000010000101011000010000000011011011111010010100000100110000000110010000111110111000000011
111110000010000101011000010000000011011011111010010100000100110000000000100010110110110000111111
111110000010000101011000010000000011011011111010010100000100101111101110011010010010011000001110
111110000010000101011000010000000011011011111010010100000100101111100100110010001110000011011100
111110000010000101011000010000000011011011111010010100000100101111100011010110000010011100010001
111110000010000101011000010000000011011011111010010100000100101111100011010001010100111110000100
111110000010000101011000010000000011011011111010010100000100101111011101111101111100111011100011
111110000010000101011000010000000011011011111010010100000100101111001101110011011101111111111101
111110000010000101011000010000000011011011111010010100000100101110111111100111101111101001001010
111110000010000101011000010000000011011011111010010100000100101110111110101101010010010101011011
111110000010000101011000010000000011011011111010010100000100101110111101111110001100001101110111
111110000010000101011000010000000011011011111010010100000100101110110101001000111000110011011011
111110000010000101011000010000000011011011111010010100000100101110100010100100101100100011111010
111110000010000101011000010000000011011011111010010100000100101101111101101010100101110000001100
111110000010000101011000010000000011011011111010010100000100101101110010000010010000110110011001
111110000010000101011000010000000011011011111010010100000100101101101111101111011011001011011101
111110000010000101011000010000000011011011111010010100000100101101101110110111101110100100000110
111110000010000101011000010000000011011011111010010100000100101101011010001011001000100000111101
111110000010000101011000010000000011011011111010010100000100101101010110010000011011110111000001
111110000010000101011000010000000011011011111010010100000100101101010100111011111001101000111101
111110000010000101011000010000000011011011111010010100000100101101010010101010110100000110001000
111110000010000101011000010000000011011011111010010100000100101101001100011010110001010001011111
111110000010000101011000010000000011011011111010010100000100101100110101110001010111001001010011
111110000010000101011000010000000011011011111010010100000100101100110100101011000011100111011101
111110000010000101011000010000000011011011111010010100000100101100011101101001010000000001000011
111110000010000101011000010000000011011011111010010100000100101100010010011111001101110011110010
111110000010000101011000010000000011011011111010010100000100101100001111000101010011111111011011
111110000010000101011000010000000011011011111010010100000100101100001000010000100000001000011000
111110000010000101011000010000000011011011111010010100000100101011111001111010011011110110010111
111110000010000101011000010000000011011011111010010100000100101011111001111001100110110011001010
111110000010000101011000010000000011011011111010010100000100101011100011010101101110001101011010
111110000010000101011000010000000011011011111010010100000100101011011101011010110001001000110110
111110000010000101011000010000000011011011111010010100000100101011011100011100101100110010111001
111110000010000101011000010000000011011011111010010100000100101011010011010100011110101000011101
111110000010000101011000010000000011011011111010010100000100101011000010100010011101010001010111
111110000010000101011000010000000011011011111010010100000100101010100000110110110010010011110001
111110000010000101011000010000000011011011111010010100000100101010011011110110100001001001111110
111110000010000101011000010000000011011011111010010100000100101010010111101110101011010111000100
111110000010000101011000010000000011011011111010010100000100101010000011011000000101010110000111
111110000010000101011000010000000011011011111010010100000100101001111000101100111100000000111100
111110000010000101011000010000000011011011111010010100000100101001110110001101011110010011010111
111110000010000101011000010000000011011011111010010100000100101001100110001010100100100010111001
111110000010000101011000010000000011011011111010010100000100101001100001000100110110101010111010
111110000010000101011000010000000011011011111010010100000100101001100000001011110111110100001111
111110000010000101011000010000000011011011111010010100000100101001011010000001000100111100101010
111110000010000101011000010000000011011011111010010100000100101001011001100001110110110110011110
111110000010000101011000010000000011011011111010010100000100101001001010000110100100111000111000
111110000010000101011000010000000011011011111010010100000100101001000101111011011000000110011010
111110000010000101011000010000000011011011111010010100000100101001000011001001111110011011000000
111110000010000101011000010000000011011011111010010100000100101000011110100010010000011111011110
111110000010000101011000010000000011011011111010010100000100101000011001000010001111010111111011
111110000010000101011000010000000011011011111010010100000100101000010000001110001001010111010000
111110000010000101011000010000000011011011111010010100000100101000000000110100010111000110101110
111110000010000101011000010000000011011011111010010100000100100111100010010001011100111100011100
111110000010000101011000010000000011011011111010010100000100100111011001100000100101010111110111
111110000010000101011000010000000011011011111010010100000100100111000110011111010111110101110001
111110000010000101011000010000000011011011111010010100000100100110111101000001001110000001011010
111110000010000101011000010000000011011011111010010100000100100110101011001110000000101000011011
111110000010000101011000010000000011011011111010010100000100100110100011110111010011100111000110
111110000010000101011000010000000011011011111010010100000100100110100011101000010000110111111100
111110000010000101011000010000000011011011111010010100000100100110001111010011110101110010001000
111110000010000101011000010000000011011011111010010100000100100110000111011110111001111110001000
111110000010000101011000010000000011011011111010010100000100100110000000111010111111000110000000
111110000010000101011000010000000011011011111010010100000100100101111011010110110000111111011000
111110000010000101011000010000000011011011111010010100000100100101110101000101010101100001001111
111110000010000101011000010000000011011011111010010100000100100101110011001101010010110001001100
111110000010000101011000010000000011011011111010010100000100100101100111010010000111001100000010
111110000010000101011000010000000011011011111010010100000100100101010010101011001011110100000001
111110000010000101011000010000000011011011111010010100000100100101001110010010011111010111110010
111110000010000101011000010000000011011011111010010100000100100101000110001001001011000101110010
111110000010000101011000010000000011011011111010010100000100100100111010110001001111100101001111
111110000010000101011000010000000011011011111010010100000100100100101101011001001101100101011101
111110000010000101011000010000000011011011111010010100000100100100101001010001011011000001011110
111110000010000101011000010000000011011011111010010100000100100100010011000101111111111101101100
111110000010000101011000010000000011011011111010010100000100100100000100011010010101011101000101
111110000010000101011000010000000011011011111010010100000100100011111101010110001010110001101000
111110000010000101011000010000000011011011111010010100000100100011111000001001110100000011000011
111110000010000101011000010000000011011011111010010100000100100011101100010011010110001111110001
111110000010000101011000010000000011011011111010010100000100100011011111101110100100111000011000
111110000010000101011000010000000011011011111010010100000100100011000111010100011000001000010010
111110000010000101011000010000000011011011111010010100000100100010101010011000100110010001001101
111110000010000101011000010000000011011011111010010100000100100010101001111011001111010001111000
111110000010000101011000010000000011011011111010010100000100100010011000000010000111101100010111
111110000010000101011000010000000011011011111010010100000100100010010110001000110100001000110011
111110000010000101011000010000000011011011111010010100000100100010001011100011111101001110011100
111110000010000101011000010000000011011011111010010100000100100010001000100001000001011001111010
111110000010000101011000010000000011011011111010010100000100100010000110000011101011001001101011
111110000010000101011000010000000011011011111010010100000100100001110110111000001101010001110111
111110000010000101011000010000000011011011111010010100000100100001110110000010101100110001110010
111110000010000101011000010000000011011011111010010100000100100001101101010000010000101011100110
111110000010000101011000010000000011011011111010010100000100100001011111111111111011110010001000
111110000010000101011000010000000011011011111010010100000100100001011100110001010000101011110000
111110000010000101011000010000000011011011111010010100000100100001001111010101111100010001101110
111110000010000101011000010000000011011011111010010100000100100000110001001010000100001101010010
111110000010000101011000010000000011011011111010010100000100011111111110101110000001011010000010
111110000010000101011000010000000011011011111010010100000100011111110111010111100000011010000010
111110000010000101011000010000000011011011111010010100000100011111101100000011010111101000010001
111110000010000101011000010000000011011011111010010100000100011111101010110111001101001101011111
111110000010000101011000010000000011011011111010010100000100011111011110011100001000100001001101
111110000010000101011000010000000011011011111010010100000100011111011000011011100110011001100011
111110000010000101011000010000000011011011111010010100000100011111001000000101010111000000111001
111110000010000101011000010000000011011011111010010100000100011110110010011011100101010000100011
111110000010000101011000010000000011011011111010010100000100011110100000000101000111011101011010
111110000010000101011000010000000011011011111010010100000100011110011111101001110110111111011001
111110000010000101011000010000000011011011111010010100000100011110011110101000000110101010001110
111110000010000101011000010000000011011011111010010100000100011110010111001100110111100100010101
111110000010000101011000010000000011011011111010010100000100011110001101101010101001101000100001
111110000010000101011000010000000011011011111010010100000100011110000101100111010100010000110101
111110000010000101011000010000000011011011111010010100000100011110000010101010111010100110110101
111110000010000101011000010000000011011011111010010100000100011101111110011000011110010001111110
111110000010000101011000010000000011011011111010010100000100011101101100101000011011100010110000
111110000010000101011000010000000011011011111010010100000100011101101100011000100010011100011101
111110000010000101011000010000000011011011111010010100000100011101100100110010100011101010110111
111110000010000101011000010000000011011011111010010100000100011101100010010101100111110110010100
111110000010000101011000010000000011011011111010010100000100011101001110001100100001010111010010
111110000010000101011000010000000011011011111010010100000100011101001001011001001101001000100001
111110000010000101011000010000000011011011111010010100000100011100111100000101100110001010100001
111110000010000101011000010000000011011011111010010100000100011100111010100001011111111010001100
111110000010000101011000010000000011011011111010010100000100011100111010001011101110100011110000
111110000010000101011000010000000011011011111010010100000100011100100100101110000000101111100000
111110000010000101011000010000000011011011111010010100000100011100010011100101000110100000011000
111110000010000101011000010000000011011011111010010100000100011100010011100010111011100111110010
111110000010000101011000010000000011011011111010010100000100011100010001110110000000010110100000
111110000010000101011000010000000011011011111010010100000100011100000110001011000001111011000010
111110000010000101011000010000000011011011111010010100000100011011111110011110100111000010010110
111110000010000101011000010000000011011011111010010100000100011011111000111011110101100001100111
111110000010000101011000010000000011011011111010010100000100011011110011110100101011111101101101
111110000010000101011000010000000011011011111010010100000100011011110010010111011101101000001110
111110000010000101011000010000000011011011111010010100000100011011010010010010001101110010110000
111110000010000101011000010000000011011011111010010100000100011011000001110100010001100101100011
111110000010000101011000010000000011011011111010010100000100011010111001000010001100110111011110
111110000010000101011000010000000011011011111010010100000100011010010110000100000001011111111011
111110000010000101011000010000000011011011111010010100000100011001111011010111000011111001111100
111110000010000101011000010000000011011011111010010100000100011001101101011011110101000111010000
111110000010000101011000010000000011011011111010010100000100011001101000010101101010001110011110
111110000010000101011000010000000011011011111010010100000100011001100010101111111101000011110010
111110000010000101011000010000000011011011111010010100000100011001011111110101000101101100101000
111110000010000101011000010000000011011011111010010100000100011001000000111010000011011101011110
111110000010000101011000010000000011011011111010010100000100011000111010101101011111110011101101
111110000010000101011000010000000011011011111010010100000100011000111000110101011100111011101101
111110000010000101011000010000000011011011111010010100000100011000110101011000010111110101100101
111110000010000101011000010000000011011011111010010100000100011000011101100111100010000110001011
111110000010000101011000010000000011011011111010010100000100011000010111101110011010000100010001
111110000010000101011000010000000011011011111010010100000100011000000011011101011000001101010100
111110000010000101011000010000000011011011111010010100000100010111110001101100011100110001101001
111110000010000101011000010000000011011011111010010100000100010111101001110011000100111111011010
111110000010000101011000010000000011011011111010010100000100010111100000001101101010010111110011
111110000010000101011000010000000011011011111010010100000100010111011000000000010000110010101011
111110000010000101011000010000000011011011111010010100000100010111001011001101110110100111000100
111110000010000101011000010000000011011011111010010100000100010111001001000111110011000100100111
111110000010000101011000010000000011011011111010010100000100010111000111110010111110110100110010
111110000010000101011000010000000011011011111010010100000100010111000010110101100110011010101010
111110000010000101011000010000000011011011111010010100000100010110110001010111110000010110111101
111110000010000101011000010000000011011011111010010100000100010110001001011110100001010100111011
111110000010000101011000010000000011011011111010010100000100010110000011111111101001110101111100
111110000010000101011000010000000011011011111010010100000100010101111100011110110001100101100001
111110000010000101011000010000000011011011111010010100000100010101111010110111000101010100001011
111110000010000101011000010000000011011011111010010100000100010101110100000110111100101011100111
111110000010000101011000010000000011011011111010010100000100010101001010001101001101100001110110
111110000010000101011000010000000011011011111010010100000100010100110110101011100101011000010010
111110000010000101011000010000000011011011111010010100000100010100110110010111000100110110100100
111110000010000101011000010000000011011011111010010100000100010100101101010001011011111010000001
111110000010000101011000010000000011011011111010010100000100010100011111000110011000001111011001
111110000010000101011000010000000011011011111010010100000100010100010101110111010100111100111111
111110000010000101011000010000000011011011111010010100000100010011111011010011101101010101000110
111110000010000101011000010000000011011011111010010100000100010011110001010100011001100100111111
111110000010000101011000010000000011011011111010010100000100010011101011010110011111011001100010
111110000010000101011000010000000011011011111010010100000100010011011110001010010011001110001101
111110000010000101011000010000000011011011111010010100000100010010111110110100111011000000000000
111110000010000101011000010000000011011011111010010100000100010010110110000110111110001111000011
111110000010000101011000010000000011011011111010010100000100010010101110100000010000110011011110
111110000010000101011000010000000011011011111010010100000100010010100001010100110010011010101110
111110000010000101011000010000000011011011111010010100000100010010011110100010110010010010001110
111110000010000101011000010000000011011011111010010100000100010010011000010000001001010011011010
111110000010000101011000010000000011011011111010010100000100010010001101100101110111101100111011
111110000010000101011000010000000011011011111010010100000100010010000101100010101110000011011111
111110000010000101011000010000000011011011111010010100000100010001111011110010111110011110111100
111110000010000101011000010000000011011011111010010100000100010001110110010101000000100000110000
111110000010000101011000010000000011011011111010010100000100010001011110111111010010011101110000
111110000010000101011000010000000011011011111010010100000100010001010001111011011101100001110110
111110000010000101011000010000000011011011111010010100000100010001000010100011010011101011001011
111110000010000101011000010000000011011011111010010100000100010000100000110001011000000110000001
111110000010000101011000010000000011011011111010010100000100010000011010100111011001110111010111
111110000010000101011000010000000011011011111010010100000100010000010010001000101100011001010011
111110000010000101011000010000000011011011111010010100000100010000001000001111100111100000101001
111110000010000101011000010000000011011011111010010100000100010000000010011100100011000011110011
111110000010000101011000010000000011011011111010010100000100001111111001101100101011000001110011
111110000010000101011000010000000011011011111010010100000100001111111000011010011100110100101101
111110000010000101011000010000000011011011111010010100000100001111010101111011100100000100111011
111110000010000101011000010000000011011011111010010100000100001111000010111100011110001111010001
111110000010000101011000010000000011011011111010010100000100001110101101011100001111110101011011
111110000010000101011000010000000011011011111010010100000100001110101100011101100010100001000110
111110000010000101011000010000000011011011111010010100000100001110100101110110110000101010001100
111110000010000101011000010000000011011011111010010100000100001110100101101101110101010110100101
111110000010000101011000010000000011011011111010010100000100001110100100110110101010110110000100
111110000010000101011000010000000011011011111010010100000100001110100010011111000110101011000100
111110000010000101011000010000000011011011111010010100000100001110011001011000100011011011100001
111110000010000101011000010000000011011011111010010100000100001110011000100111110001111000010001
111110000010000101011000010000000011011011111010010100000100001110001010111010110100100010101000
111110000010000101011000010000000011011011111010010100000100001101111001111101111001001111001001
111110000010000101011000010000000011011011111010010100000100001101011100011001001011001001011111
111110000010000101011000010000000011011011111010010100000100001101011001100010010000110111100100
111110000010000101011000010000000011011011111010010100000100001101010100100001110011010011010101
111110000010000101011000010000000011011011111010010100000100001101001101110111001100011110110100
111110000010000101011000010000000011011011111010010100000100001100011110110100101100000101110011
111110000010000101011000010000000011011011111010010100000100001100011100010000101011100111000000
111110000010000101011000010000000011011011111010010100000100001100010111101001011100101000010011
111110000010000101011000010000000011011011111010010100000100001011111101011011000011001111110010
111110000010000101011000010000000011011011111010010100000100001011111100000100111011111001101100
111110000010000101011000010000000011011011111010010100000100001011110100001100110011100111111001
111110000010000101011000010000000011011011111010010100000100001011101000101010100001010101111100
111110000010000101011000010000000011011011111010010100000100001011010010100001000010001100100010
111110000010000101011000010000000011011011111010010100000100001011000010010110001001000011100001
111110000010000101011000010000000011011011111010010100000100001010111011110101111100000101000111
111110000010000101011000010000000011011011111010010100000100001010001001101111111110001100101111
111110000010000101011000010000000011011011111010010100000100001001111101101111100001100101101100
111110000010000101011000010000000011011011111010010100000100001001111010010111000101111011001101
111110000010000101011000010000000011011011111010010100000100001001101100011110101010000000010101
111110000010000101011000010000000011011011111010010100000100001001100111110000000100101110011010
111110000010000101011000010000000011011011111010010100000100001001100101111011010000011010100111
111110000010000101011000010000000011011011111010010100000100001001100001111110101111100010101011
111110000010000101011000010000000011011011111010010100000100001001011001001100110011110111001001
111110000010000101011000010000000011011011111010010100000100001001010111000100110001000011001101
111110000010000101011000010000000011011011111010010100000100001001000011010001110010101111101011
111110000010000101011000010000000011011011111010010100000100001001000010100000100111110011001100
111110000010000101011000010000000011011011111010010100000100001000111100001100100101100000000100
111110000010000101011000010000000011011011111010010100000100001000111000011101010011101100010110
111110000010000101011000010000000011011011111010010100000100001000110101011110101011101110100101
111110000010000101011000010000000011011011111010010100000100001000110101001111100001000000011010
111110000010000101011000010000000011011011111010010100000100001000101011011011010110111001111001
111110000010000101011000010000000011011011111010010100000100001000011001100100101001001111011100
111110000010000101011000010000000011011011111010010100000100001000001000010100011010010010011011
111110000010000101011000010000000011011011111010010100000100001000000101010110000011111110000001
111110000010000101011000010000000011011011111010010100000100000111111011001100011101111010011001
111110000010000101011000010000000011011011111010010100000100000111111000011101101001110110100100
111110000010000101011000010000000011011011111010010100000100000111110001101100010111011010101011
111110000010000101011000010000000011011011111010010100000100000111101101101000010011011110011000
111110000010000101011000010000000011011011111010010100000100000111101010000111100101101100010010
111110000010000101011000010000000011011011111010010100000100000111011101111110101101111001010011
111110000010000101011000010000000011011011111010010100000100000111010101011101010000110100010001
111110000010000101011000010000000011011011111010010100000100000111001111101010110110101100110000
111110000010000101011000010000000011011011111010010100000100000111001010000011010110101011010111
111110000010000101011000010000000011011011111010010100000100000111000011111110010001001111111110
111110000010000101011000010000000011011011111010010100000100000110111101010111111101000111011110
111110000010000101011000010000000011011011111010010100000100000110111010001100100111000001101111
111110000010000101011000010000000011011011111010010100000100000110110111001010111010110001000001
111110000010000101011000010000000011011011111010010100000100000110110010010001110000010000101000
111110000010000101011000010000000011011011111010010100000100000110101101111010000001011001001100
111110000010000101011000010000000011011011111010010100000100000110100001100100010100001010111100
111110000010000101011000010000000011011011111010010100000100000110010101111000010011001011010111
111110000010000101011000010000000011011011111010010100000100000110000110101110110000100011100110
111110000010000101011000010000000011011011111010010100000100000101110110000001010101011101101000
111110000010000101011000010000000011011011111010010100000100000101110101110110001010001010000010
111110000010000101011000010000000011011011111010010100000100000101100110100010111011000110010100
111110000010000101011000010000000011011011111010010100000100000101100110010000111111110011110010
111110000010000101011000010000000011011011111010010100000100000101011110111110011001111000101100
111110000010000101011000010000000011011011111010010100000100000101011110010010101000011001000000
111110000010000101011000010000000011011011111010010100000100000101011010101011001100110101110000
111110000010000101011000010000000011011011111010010100000100000101010110110001000001100110110100
111110000010000101011000010000000011011011111010010100000100000101000010101111110011111000111100
111110000010000101011000010000000011011011111010010100000100000101000010000111100110000010111111
111110000010000101011000010000000011011011111010010100000100000100110101001010111001011111001110
111110000010000101011000010000000011011011111010010100000100000100110100110001110101100000110110
111110000010000101011000010000000011011011111010010100000100000100101100000011101001101111111110
111110000010000101011000010000000011011011111010010100000100000100101010000000111111000111011111
111110000010000101011000010000000011011011111010010100000100000100100011010100100011000010100001
111110000010000101011000010000000011011011111010010100000100000100100011000111010010010100001100
111110000010000101011000010000000011011011111010010100000100000100001010010101001010010111000100
111110000010000101011000010000000011011011111010010100000100000100000010111001011110101101110000
111110000010000101011000010000000011011011111010010100000100000100000010000010111001000110100011
111110000010000101011000010000000011011011111010010100000100000011111110110010110010100000000101
111110000010000101011000010000000011011011111010010100000100000011111100010000000010011011111111
111110000010000101011000010000000011011011111010010100000100000011111010110111010100001011011001
111110000010000101011000010000000011011011111010010100000100000011111010010000110001110010111100
111110000010000101011000010000000011011011111010010100000100000011110110011011111010100110101011
111110000010000101011000010000000011011011111010010100000100000011011010100101000010111011100000
111110000010000101011000010000000011011011111010010100000100000011011000011001000000100011101100
111110000010000101011000010000000011011011111010010100000100000011010101100010100101001000100110
111110000010000101011000010000000011011011111010010100000100000011010100100000111011111110001101
111110000010000101011000010000000011011011111010010100000100000011000101101010000000010001100110
111110000010000101011000010000000011011011111010010100000100000010111110111011111011100000101100
111110000010000101011000010000000011011011111010010100000100000010111110011100101101110111101111
111110000010000101011000010000000011011011111010010100000100000010110001010111101001001100101010
111110000010000101011000010000000011011011111010010100000100000010101111101000010000010101111111
111110000010000101011000010000000011011011111010010100000100000010101101001011111011111111001111
111110000010000101011000010000000011011011111010010100000100000010011111100011011100010100110011
111110000010000101011000010000000011011011111010010100000100000010010110011000110101010101100010
111110000010000101011000010000000011011011111010010100000100000010010100001110001110100111111101
111110000010000101011000010000000011011011111010010100000100000010001111100010100001111100100011
111110000010000101011000010000000011011011111010010100000100000001111011001001000111110111111010
111110000010000101011000010000000011011011111010010100000100000001101000000110100111010111111111
111110000010000101011000010000000011011011111010010100000100000001010101010001010101011110110001
111110000010000101011000010000000011011011111010010100000100000001010000111101111111101110010001
111110000010000101011000010000000011011011111010010100000100000001001010110011101001111101111101
111110000010000101011000010000000011011011111010010100000100000000111111010010000011000000001100
111110000010000101011000010000000011011011111010010100000100000000110011101110001111010110011101
111110000010000101011000010000000011011011111010010100000100000000110000011101110101100011011100
111110000010000101011000010000000011011011111010010100000100000000010110100010100111100010101010
111110000010000101011000010000000011011011111010010100000100000000010101100101001101010100010011
111110000010000101011000010000000011011011111010010100000100000000010010000111111111001001010011
111110000010000101011000010000000011011011111010010100000100000000001010001011111111101001000011
