111111111110001100010001010110110010000010000101010101011011011110111011011011111010101100000100
111111110100011001111101011001110110000010000101010101011011011110111011011011111010101100000100
111111110001101001111000111011110100000010000101010101011011011110111011011011111010101100000100
111111101101110010000110000101000111000010000101010101011011011110111011011011111010101100000100
111111010101001011000100001001110101000010000101010101011011011110111011011011111010101100000100
111111010011000101000011101110101011000010000101010101011011011110111011011011111010101100000100
111111010010111000110110110100011110000010000101010101011011011110111011011011111010101100000100
111111001011010101101111000001100001000010000101010101011011011110111011011011111010101100000100
111111000000011010111110110100011111000010000101010101011011011110111011011011111010101100000100
111110111100100100101011000000011100000010000101010101011011011110111011011011111010101100000100
111110111001010011110110100110011100000010000101010101011011011110111011011011111010101100000100
111110110111110000110100101001000000000010000101010101011011011110111011011011111010101100000100
111110110101001001100000011100111110000010000101010101011011011110111011011011111010101100000100
111110110100011011110100101001100010000010000101010101011011011110111011011011111010101100000100
111110110011001110110101000101100010000010000101010101011011011110111011011011111010101100000100
111110101001101110111100110010001100000010000101010101011011011110111011011011111010101100000100
111110101001010111111000101011110110000010000101010101011011011110111011011011111010101100000100
111110101001000000100000101111000110000010000101010101011011011110111011011011111010101100000100
111110100010000101011101110001111111000010000101010101011011011110111011011011111010101100000100
111110011010110100000110011100110110000010000101010101011011011110111011011011111010101100000100
111110010101000110010111110011111110000010000101010101011011011110111011011011111010101100000100
111110001110000001111100010101000000000010000101010101011011011110111011011011111010101100000100
111110001010110000111111000110110011000010000101010101011011011110111011011011111010101100000100
111110001001101100101111010010001110000010000101010101011011011110111011011011111010101100000100
111101111110111011011111111110101011000010000101010101011011011110111011011011111010101100000100
111101111100010010111000101001000011000010000101010101011011011110111011011011111010101100000100
111101110101010100110100100001011101000010000101010101011011011110111011011011111010101100000100
111101110101010011101010011111111100000010000101010101011011011110111011011011111010101100000100
111101110001110011110100111010101000000010000101010101011011011110111011011011111010101100000100
111101101111100100000100111100001000000010000101010101011011011110111011011011111010101100000100
111101100011110110100000101110110000000010000101010101011011011110111011011011111010101100000100
111101100010101011001101100011100000000010000101010101011011011110111011011011111010101100000100
111101011010100111011001011011001011000010000101010101011011011110111011011011111010101100000100
111101011001101111111111100011011111000010000101010101011011011110111011011011111010101100000100
111101010011010011000001111011011110000010000101010101011011011110111011011011111010101100000100
111101001111100001011111010000011000000010000101010101011011011110111011011011111010101100000100
111101001010011001110110111100101001000010000101010101011011011110111011011011111010101100000100
111101000111110100100011000000011010000010000101010101011011011110111011011011111010101100000100
111101000100001001000110010111001000000010000101010101011011011110111011011011111010101100000100
111101000001111111000011111111110011000010000101010101011011011110111011011011111010101100000100
111100111111100010000111000100000010000010000101010101011011011110111011011011111010101100000100
111100111110001111011100011100001011000010000101010101011011011110111011011011111010101100000100
111100100100011101010011100110010000000010000101010101011011011110111011011011111010101100000100
111100100010101011001101001101101111000010000101010101011011011110111011011011111010101100000100
111100011111111110110110100110000111000010000101010101011011011110111011011011111010101100000100
111100011111100000011011110011100111000010000101010101011011011110111011011011111010101100000100
111100010100101101101011100111111010000010000101010101011011011110111011011011111010101100000100
111100010011001010101100000110000111000010000101010101011011011110111011011011111010101100000100
111100010000000110011011001100001100000010000101010101011011011110111011011011111010101100000100
111100000010100111100011111000110010000010000101010101011011011110111011011011111010101100000100
111011111010110111001100010001111100000010000101010101011011011110111011011011111010101100000100
111011111000010111111110000011101010000010000101010101011011011110111011011011111010101100000100
111011110100010101110000010000010111000010000101010101011011011110111011011011111010101100000100
111011110011101110011111000100101001000010000101010101011011011110111011011011111010101100000100
111011101111110000010111000100010101000010000101010101011011011110111011011011111010101100000100
111011101111101100100110000111111111000010000101010101011011011110111011011011111010101100000100
111011101111010110110010100010001000000010000101010101011011011110111011011011111010101100000100
111011101110011001001111100111101111000010000101010101011011011110111011011011111010101100000100
111011101110000011001111111001101100000010000101010101011011011110111011011011111010101100000100
111011101101101011110000011110000100000010000101010101011011011110111011011011111010101100000100
111011101010110001000110111010010110000010000101010101011011011110111011011011111010101100000100
111011011110000101100111001010111100000010000101010101011011011110111011011011111010101100000100
111011001100011110010111000000010111000010000101010101011011011110111011011011111010101100000100
111011000111110111100111001101101101000010000101010101011011011110111011011011111010101100000100
111011000011111110110010110010011011000010000101010101011011011110111011011011111010101100000100
111010111000111010111010000000101101000010000101010101011011011110111011011011111010101100000100
111010110001100101100111101111110000000010000101010101011011011110111011011011111010101100000100
111010100101101010011111110001000000000010000101010101011011011110111011011011111010101100000100
111010100001011101101111001111001010000010000101010101011011011110111011011011111010101100000100
111010011111001011100011110001011101000010000101010101011011011110111011011011111010101100000100
111010011011000000100100010000111010000010000101010101011011011110111011011011111010101100000100
111010011000100000001100110001000010000010000101010101011011011110111011011011111010101100000100
111010010011001010101111001111010110000010000101010101011011011110111011011011111010101100000100
111010001101010001110101110011100110000010000101010101011011011110111011011011111010101100000100
111010001100001110010110100010110100000010000101010101011011011110111011011011111010101100000100
111010001001010111101011101000111101000010000101010101011011011110111011011011111010101100000100
111010000011010001010011011110011000000010000101010101011011011110111011011011111010101100000100
111001111011111111001000001011110101000010000101010101011011011110111011011011111010101100000100
111001111001000001111100101100000010000010000101010101011011011110111011011011111010101100000100
111001110111011110111010110111010001000010000101010101011011011110111011011011111010101100000100
111001110101000111111110100000000110000010000101010101011011011110111011011011111010101100000100
111001110010100110111000010111000010000010000101010101011011011110111011011011111010101100000100
111001110000010110011001011100111010000010000101010101011011011110111011011011111010101100000100
111001101011111011011111010011110110000010000101010101011011011110111011011011111010101100000100
111001101001110000100011011000000011000010000101010101011011011110111011011011111010101100000100
111001101001000010101011010101100010000010000101010101011011011110111011011011111010101100000100
111001100101010011010000100010001110000010000101010101011011011110111011011011111010101100000100
111001100101000011010100000000101101000010000101010101011011011110111011011011111010101100000100
111001100000101000110001011011111100000010000101010101011011011110111011011011111010101100000100
111001100000100110011110001101001000000010000101010101011011011110111011011011111010101100000100
111001011010010101010101011001100101000010000101010101011011011110111011011011111010101100000100
111001010110001001101011100000010111000010000101010101011011011110111011011011111010101100000100
111001010010111001101001100000011101000010000101010101011011011110111011011011111010101100000100
111001010001000110101001010100000010000010000101010101011011011110111011011011111010101100000100
111001001001101111111101111000111001000010000101010101011011011110111011011011111010101100000100
111000111111000101010111011110101011000010000101010101011011011110111011011011111010101100000100
111000111101010100110101001100010100000010000101010101011011011110111011011011111010101100000100
111000111011100101110110011101110011000010000101010101011011011110111011011011111010101100000100
111000111010110101000010011100101001000010000101010101011011011110111011011011111010101100000100
111000110111111100011111000100110100000010000101010101011011011110111011011011111010101100000100
111000110100101011000010011001100001000010000101010101011011011110111011011011111010101100000100
111000110010011101011010001010001000000010000101010101011011011110111011011011111010101100000100
111000110000111000001001100000000111000010000101010101011011011110111011011011111010101100000100
111000101101000001111100001000100011000010000101010101011011011110111011011011111010101100000100
111000101010101001000011010110011010000010000101010101011011011110111011011011111010101100000100
111000101001001000011000000000111010000010000101010101011011011110111011011011111010101100000100
111000100101000001000111000100011100000010000101010101011011011110111011011011111010101100000100
111000100011110000110110101010000100000010000101010101011011011110111011011011111010101100000100
111000011111000110010101111101110110000010000101010101011011011110111011011011111010101100000100
111000011110010000000100100010100110000010000101010101011011011110111011011011111010101100000100
111000011001001000011110000100111100000010000101010101011011011110111011011011111010101100000100
111000011000000001101011010010000000000010000101010101011011011110111011011011111010101100000100
111000001110100101001110010110001010000010000101010101011011011110111011011011111010101100000100
111000001000101110000000000010000111000010000101010101011011011110111011011011111010101100000100
111000000000100010000111101111011010000010000101010101011011011110111011011011111010101100000100
110111111101001111010001111101111001000010000101010101011011011110111011011011111010101100000100
110111111001101111101110000101010100000010000101010101011011011110111011011011111010101100000100
110111110100110001011101001001001100000010000101010101011011011110111011011011111010101100000100
110111110100001001101101001001001100000010000101010101011011011110111011011011111010101100000100
110111101110101001110010111110111100000010000101010101011011011110111011011011111010101100000100
110111101001000011010010111111100110000010000101010101011011011110111011011011111010101100000100
110111101000000010111010011110100110000010000101010101011011011110111011011011111010101100000100
110111100110100100111100011000001111000010000101010101011011011110111011011011111010101100000100
110111100110000001010110100001011111000010000101010101011011011110111011011011111010101100000100
110111011100011011111001011100010110000010000101010101011011011110111011011011111010101100000100
110111011011111000001001001001010010000010000101010101011011011110111011011011111010101100000100
110111011011001111111010011001010111000010000101010101011011011110111011011011111010101100000100
110111011010011001010110000111001100000010000101010101011011011110111011011011111010101100000100
110111011000110100000110001100111010000010000101010101011011011110111011011011111010101100000100
110111001010110010001111100010111001000010000101010101011011011110111011011011111010101100000100
110111001001100010111001101110111110000010000101010101011011011110111011011011111010101100000100
110110111010011111111100011101110101000010000101010101011011011110111011011011111010101100000100
110110111010001010011001010110010001000010000101010101011011011110111011011011111010101100000100
110110110010100010111100101101001110000010000101010101011011011110111011011011111010101100000100
110110110010001001111001100000110101000010000101010101011011011110111011011011111010101100000100
110110101110001101010000111101010011000010000101010101011011011110111011011011111010101100000100
110110101010100000010110011011110000000010000101010101011011011110111011011011111010101100000100
110110100111100011000011010011111101000010000101010101011011011110111011011011111010101100000100
110110100110110000000001101101000111000010000101010101011011011110111011011011111010101100000100
110110100011101000000000010110011010000010000101010101011011011110111011011011111010101100000100
110110100011011011100010111100111110000010000101010101011011011110111011011011111010101100000100
110110100000011101001100000001111110000010000101010101011011011110111011011011111010101100000100
110110100000010011111001111010000101000010000101010101011011011110111011011011111010101100000100
110110011110100001011010001111100000000010000101010101011011011110111011011011111010101100000100
110110010111011000100100001110111100000010000101010101011011011110111011011011111010101100000100
110110010000011010010100001111010110000010000101010101011011011110111011011011111010101100000100
110110001111111100100000101111111000000010000101010101011011011110111011011011111010101100000100
110110000111101110001010000111101011000010000101010101011011011110111011011011111010101100000100
110110000100111100100011111111110001000010000101010101011011011110111011011011111010101100000100
110110000100100011110111111111011101000010000101010101011011011110111011011011111010101100000100
110110000011101010000010100110001101000010000101010101011011011110111011011011111010101100000100
110110000011011010101100011111001101000010000101010101011011011110111011011011111010101100000100
110110000001000001101000100110010110000010000101010101011011011110111011011011111010101100000100
110101111010111001001011000010100010000010000101010101011011011110111011011011111010101100000100
110101111010010100001101111100001001000010000101010101011011011110111011011011111010101100000100
110101110110101001001001111111010110000010000101010101011011011110111011011011111010101100000100
110101110011010100001011011000001111000010000101010101011011011110111011011011111010101100000100
110101101001110010100000011011110000000010000101010101011011011110111011011011111010101100000100
110101100101111100000010101001001011000010000101010101011011011110111011011011111010101100000100
110101011010010111001000111111011010000010000101010101011011011110111011011011111010101100000100
110101010111100010011111011111010000000010000101010101011011011110111011011011111010101100000100
110101001111110100000010110011110111000010000101010101011011011110111011011011111010101100000100
110101001110010111000010111101011010000010000101010101011011011110111011011011111010101100000100
110101001100000010011110011001000110000010000101010101011011011110111011011011111010101100000100
110101001001110100000001101110101111000010000101010101011011011110111011011011111010101100000100
110101000111010011111110111100011100000010000101010101011011011110111011011011111010101100000100
110101000101000010100110111010000100000010000101010101011011011110111011011011111010101100000100
110101000001100011000111011110000111000010000101010101011011011110111011011011111010101100000100
110101000001100001001101110110010001000010000101010101011011011110111011011011111010101100000100
110100111111111100111101000101101110000010000101010101011011011110111011011011111010101100000100
110100111100111110011101111001001010000010000101010101011011011110111011011011111010101100000100
110100111010101100000100010000100010000010000101010101011011011110111011011011111010101100000100
110100110010001011101001110100110011000010000101010101011011011110111011011011111010101100000100
110100101110000000111000010101001111000010000101010101011011011110111011011011111010101100000100
110100101100111110010000100111110100000010000101010101011011011110111011011011111010101100000100
110100101010011010100110001110111111000010000101010101011011011110111011011011111010101100000100
110100101000101011001010010100100000000010000101010101011011011110111011011011111010101100000100
110100100111110001001000011001111011000010000101010101011011011110111011011011111010101100000100
110100100001100000000101100010101111000010000101010101011011011110111011011011111010101100000100
110100011101111111110100110010110101000010000101010101011011011110111011011011111010101100000100
110100011101101110101001100111101101000010000101010101011011011110111011011011111010101100000100
110100011010001101001110010111111100000010000101010101011011011110111011011011111010101100000100
110100010001000101100001001110101111000010000101010101011011011110111011011011111010101100000100
110100000000110001000001001000111111000010000101010101011011011110111011011011111010101100000100
110011111111000000010001000010110010000010000101010101011011011110111011011011111010101100000100
110011110111101100110011101000111011000010000101010101011011011110111011011011111010101100000100
110011110110110110000101011110000001000010000101010101011011011110111011011011111010101100000100
110011110011000110010101111010111111000010000101010101011011011110111011011011111010101100000100
110011110001110010100000000000101000000010000101010101011011011110111011011011111010101100000100
110011101010110101001100101001010101000010000101010101011011011110111011011011111010101100000100
110011101010110011101000001001111101000010000101010101011011011110111011011011111010101100000100
110011101001011010001011111000011100000010000101010101011011011110111011011011111010101100000100
110011100101111011001011111101001111000010000101010101011011011110111011011011111010101100000100
110011100100011011011100111101111010000010000101010101011011011110111011011011111010101100000100
110011011111101100101110000010111000000010000101010101011011011110111011011011111010101100000100
110011011101111001100100011000001010000010000101010101011011011110111011011011111010101100000100
110011011011011011100001100011011000000010000101010101011011011110111011011011111010101100000100
110011011001001111010000110111110011000010000101010101011011011110111011011011111010101100000100
110011011000110110101110001110000101000010000101010101011011011110111011011011111010101100000100
110011010010111011111010110010101110000010000101010101011011011110111011011011111010101100000100
110011001101100100010011110010000100000010000101010101011011011110111011011011111010101100000100
110011001010010111000000100111111100000010000101010101011011011110111011011011111010101100000100
110011000100001111011001011100110001000010000101010101011011011110111011011011111010101100000100
110011000011110011110001100000010001000010000101010101011011011110111011011011111010101100000100
110010111110101001101111001100101101000010000101010101011011011110111011011011111010101100000100
110010111010000001110001101000011001000010000101010101011011011110111011011011111010101100000100
110010111000010101100100101110000010000010000101010101011011011110111011011011111010101100000100
110010110011111011000001101100011010000010000101010101011011011110111011011011111010101100000100
110010101110100001000000011111101001000010000101010101011011011110111011011011111010101100000100
110010100110101011110111011101011101000010000101010101011011011110111011011011111010101100000100
110010100101011100101001010111000011000010000101010101011011011110111011011011111010101100000100
110010100010101010111100110000010100000010000101010101011011011110111011011011111010101100000100
110010001111100111010010100011100011000010000101010101011011011110111011011011111010101100000100
110010001101100101011100010000100011000010000101010101011011011110111011011011111010101100000100
110010001000010100110100011000111100000010000101010101011011011110111011011011111010101100000100
110001110010111001110100000100011010000010000101010101011011011110111011011011111010101100000100
110001101001001001001010101011010110000010000101010101011011011110111011011011111010101100000100
110001100000001001001011101010001110000010000101010101011011011110111011011011111010101100000100
110001011111111010100000100100010001000010000101010101011011011110111011011011111010101100000100
110001010011110100110000110100010101000010000101010101011011011110111011011011111010101100000100
110001010010010100111111011011101110000010000101010101011011011110111011011011111010101100000100
110001001100111001110110001110000000000010000101010101011011011110111011011011111010101100000100
110001001001111111010110111111101111000010000101010101011011011110111011011011111010101100000100
110001001001001100000000100011010110000010000101010101011011011110111011011011111010101100000100
110000111111100111011100010001100110000010000101010101011011011110111011011011111010101100000100
110000110001100100010000100100101010000010000101010101011011011110111011011011111010101100000100
110000101100111011100011100101101011000010000101010101011011011110111011011011111010101100000100
110000101011100000100011100010011110000010000101010101011011011110111011011011111010101100000100
110000100111000101000100000110000110000010000101010101011011011110111011011011111010101100000100
110000100000110010100000001110101111000010000101010101011011011110111011011011111010101100000100
110000011101111110110001110101010001000010000101010101011011011110111011011011111010101100000100
110000011011111111100011010001011000000010000101010101011011011110111011011011111010101100000100
110000010001110001000110001011011111000010000101010101011011011110111011011011111010101100000100
110000000111010100011011110010100000000010000101010101011011011110111011011011111010101100000100
110000000100110111000101001110100110000010000101010101011011011110111011011011111010101100000100
110000000001110100110010001001110101000010000101010101011011011110111011011011111010101100000100
110000000000100111111101110000001001000010000101010101011011011110111011011011111010101100000100
101111111100110100011100100100110010000010000101010101011011011110111011011011111010101100000100
101111111011111111001011000000111011000010000101010101011011011110111011011011111010101100000100
101111110101110001001110010011000110000010000101010101011011011110111011011011111010101100000100
101111110001010011101011101100010011000010000101010101011011011110111011011011111010101100000100
101111101101100000001000001000001010000010000101010101011011011110111011011011111010101100000100
101111101011111111110000001111111101000010000101010101011011011110111011011011111010101100000100
101111101000010110010010011101101001000010000101010101011011011110111011011011111010101100000100
101111011111110010000011000101101000000010000101010101011011011110111011011011111010101100000100
101111011110001001000001100011011001000010000101010101011011011110111011011011111010101100000100
101111011001000111000000001110111010000010000101010101011011011110111011011011111010101100000100
101111010100110000011000111100000111000010000101010101011011011110111011011011111010101100000100
101111000010100000100111000110011000000010000101010101011011011110111011011011111010101100000100
101111000000101100000001110101001010000010000101010101011011011110111011011011111010101100000100
101110111111000001000110010001001111000010000101010101011011011110111011011011111010101100000100
101110111101111011110111101101100101000010000101010101011011011110111011011011111010101100000100
101110111000000001000100011001100101000010000101010101011011011110111011011011111010101100000100
101110101111110101101111001011111100000010000101010101011011011110111011011011111010101100000100
101110101111000101100001100110101100000010000101010101011011011110111011011011111010101100000100
101110101100110011011000011110001110000010000101010101011011011110111011011011111010101100000100
101110101001101011010011110111010010000010000101010101011011011110111011011011111010101100000100
101110100111010011100101000000111101000010000101010101011011011110111011011011111010101100000100
101110011111010101001011001000111010000010000101010101011011011110111011011011111010101100000100
101110011101011011110001110101100001000010000101010101011011011110111011011011111010101100000100
101110010011010011010110000110000011000010000101010101011011011110111011011011111010101100000100
101110010010011011100001111100001110000010000101010101011011011110111011011011111010101100000100
101110001111110011100100011111000011000010000101010101011011011110111011011011111010101100000100
101110001111110001010110110011010110000010000101010101011011011110111011011011111010101100000100
101110001010000101101001101001100110000010000101010101011011011110111011011011111010101100000100
101110000000001000010011001100101000000010000101010101011011011110111011011011111010101100000100
101101111101100010100110010001110100000010000101010101011011011110111011011011111010101100000100
101101110110110101110000111101110100000010000101010101011011011110111011011011111010101100000100
101101110010101100100100011100011001000010000101010101011011011110111011011011111010101100000100
101101101111001010001110000101110000000010000101010101011011011110111011011011111010101100000100
101101100110111111101101010110100001000010000101010101011011011110111011011011111010101100000100
101101100011001111010111111001010101000010000101010101011011011110111011011011111010101100000100
101101100010111100011000100110011010000010000101010101011011011110111011011011111010101100000100
101101100000101010010000111100011101000010000101010101011011011110111011011011111010101100000100
101101011100111011011101111111000111000010000101010101011011011110111011011011111010101100000100
101101011000010111001110100000101100000010000101010101011011011110111011011011111010101100000100
101101010011010101101111001101100101000010000101010101011011011110111011011011111010101100000100
101101010001100001011101100001111110000010000101010101011011011110111011011011111010101100000100
101101000111010110010001100101111010000010000101010101011011011110111011011011111010101100000100
101101000010111110101001011110001110000010000101010101011011011110111011011011111010101100000100
101100111011101000110100111111001010000010000101010101011011011110111011011011111010101100000100
101100110111000011011011011010010011000010000101010101011011011110111011011011111010101100000100
101100101111111001011001111001010000000010000101010101011011011110111011011011111010101100000100
101100101101001100100101101101000000000010000101010101011011011110111011011011111010101100000100
101100101100100010010011101110111001000010000101010101011011011110111011011011111010101100000100
101100101011110110111000000111100010000010000101010101011011011110111011011011111010101100000100
101100101011100111100110011101111111000010000101010101011011011110111011011011111010101100000100
101100101010011010001001111110100100000010000101010101011011011110111011011011111010101100000100
101100100110010010111000111101110010000010000101010101011011011110111011011011111010101100000100
101100100100010110001001010111100001000010000101010101011011011110111011011011111010101100000100
101100011110010101011001011101111111000010000101010101011011011110111011011011111010101100000100
101100011101100011101101011101100100000010000101010101011011011110111011011011111010101100000100
101100011000000000000011001111111001000010000101010101011011011110111011011011111010101100000100
101100010000101111000100000011100000000010000101010101011011011110111011011011111010101100000100
101100001111111111011101110010000010000010000101010101011011011110111011011011111010101100000100
101100001011100001110100001000001110000010000101010101011011011110111011011011111010101100000100
101100001011010010011110001110100010000010000101010101011011011110111011011011111010101100000100
101100000010100110100010111100000100000010000101010101011011011110111011011011111010101100000100
101100000010001000110011110111010010000010000101010101011011011110111011011011111010101100000100
101100000000101100001010011111101101000010000101010101011011011110111011011011111010101100000100
101011111001110101101111100100101001000010000101010101011011011110111011011011111010101100000100
101011100000001111111001100011100011000010000101010101011011011110111011011011111010101100000100
101011010110000011110101100011011000000010000101010101011011011110111011011011111010101100000100
101011010001101010101011010110010001000010000101010101011011011110111011011011111010101100000100
101011001001010111110001001101100101000010000101010101011011011110111011011011111010101100000100
101010111110010111100000000111010101000010000101010101011011011110111011011011111010101100000100
101010111101101011110010111101011111000010000101010101011011011110111011011011111010101100000100
101010110111100011010000100101110000000010000101010101011011011110111011011011111010101100000100
101010110011010111011000000111011110000010000101010101011011011110111011011011111010101100000100
101010101111101010110000001010000011000010000101010101011011011110111011011011111010101100000100
101010101101001111010110000101001100000010000101010101011011011110111011011011111010101100000100
101010101100110011111011010110000101000010000101010101011011011110111011011011111010101100000100
101010101100010001010100010000011110000010000101010101011011011110111011011011111010101100000100
101010011111000011000100101000111010000010000101010101011011011110111011011011111010101100000100
101010011110100101000100100101111101000010000101010101011011011110111011011011111010101100000100
101010011000110100100100001111101100000010000101010101011011011110111011011011111010101100000100
101010010000101001011110100010111011000010000101010101011011011110111011011011111010101100000100
101010001111010010010110010100000011000010000101010101011011011110111011011011111010101100000100
101010001011111110100011011111100100000010000101010101011011011110111011011011111010101100000100
101010001011000111010000111010110100000010000101010101011011011110111011011011111010101100000100
101010001001001110010010001100100011000010000101010101011011011110111011011011111010101100000100
101010000110111010111111011101111000000010000101010101011011011110111011011011111010101100000100
101010000011011011110111011110101011000010000101010101011011011110111011011011111010101100000100
101001111110110011011001000000011110000010000101010101011011011110111011011011111010101100000100
101001111100101000001010010101011011000010000101010101011011011110111011011011111010101100000100
101001111001001000100100100011010011000010000101010101011011011110111011011011111010101100000100
101001111000000100000101001110100110000010000101010101011011011110111011011011111010101100000100
101001110101001101110110001011100000000010000101010101011011011110111011011011111010101100000100
101001101101111010010010010100101100000010000101010101011011011110111011011011111010101100000100
101001101101101110110001110110010000000010000101010101011011011110111011011011111010101100000100
101001101101011101011100000010111010000010000101010101011011011110111011011011111010101100000100
101001101100111101110000101111100100000010000101010101011011011110111011011011111010101100000100
101001100101010111111000010000001000000010000101010101011011011110111011011011111010101100000100
101001100100110100001011111000011011000010000101010101011011011110111011011011111010101100000100
101001011010101101110000001110101100000010000101010101011011011110111011011011111010101100000100
101001011001111100110011010001001100000010000101010101011011011110111011011011111010101100000100
101001010011100001111101101001101001000010000101010101011011011110111011011011111010101100000100
101001010000010001011010011111101110000010000101010101011011011110111011011011111010101100000100
101001001111101100000101101111110110000010000101010101011011011110111011011011111010101100000100
101001001111011001001110110110001010000010000101010101011011011110111011011011111010101100000100
101001001101100011011010101110110111000010000101010101011011011110111011011011111010101100000100
101001001001001010100101111001101111000010000101010101011011011110111011011011111010101100000100
101001000111000000001111011011111010000010000101010101011011011110111011011011111010101100000100
101001000000000110101010111000010000000010000101010101011011011110111011011011111010101100000100
101000111100100010100101011011001000000010000101010101011011011110111011011011111010101100000100
101000110100001011011101011110111001000010000101010101011011011110111011011011111010101100000100
101000110011010001110011000010100110000010000101010101011011011110111011011011111010101100000100
101000110011001000011101010100000010000010000101010101011011011110111011011011111010101100000100
101000110001100010111000010110000001000010000101010101011011011110111011011011111010101100000100
101000101101111110101000001001011010000010000101010101011011011110111011011011111010101100000100
101000101001000000100001111100010101000010000101010101011011011110111011011011111010101100000100
101000100101100111000011001000111001000010000101010101011011011110111011011011111010101100000100
101000100101000000100110111111100001000010000101010101011011011110111011011011111010101100000100
101000100000111111000000010010101110000010000101010101011011011110111011011011111010101100000100
101000100000000100000001011000100010000010000101010101011011011110111011011011111010101100000100
101000010110001000110100111100010101000010000101010101011011011110111011011011111010101100000100
101000001111110000011001011010111111000010000101010101011011011110111011011011111010101100000100
101000001011111011010110110100100111000010000101010101011011011110111011011011111010101100000100
100111111111000000011100111101011110000010000101010101011011011110111011011011111010101100000100
100111110111110111111000111000001111000010000101010101011011011110111011011011111010101100000100
100111101110111000100011101001011011000010000101010101011011011110111011011011111010101100000100
100111101011100110010101001110110100000010000101010101011011011110111011011011111010101100000100
100111100010110011010001010100100101000010000101010101011011011110111011011011111010101100000100
100111011010011001011001001100101001000010000101010101011011011110111011011011111010101100000100
100111001111001100010001001111001001000010000101010101011011011110111011011011111010101100000100
100110111101110010000011011010100111000010000101010101011011011110111011011011111010101100000100
100110111001010011000010001000100001000010000101010101011011011110111011011011111010101100000100
100110111001001010110110011111001010000010000101010101011011011110111011011011111010101100000100
100110110010111000100010010110000010000010000101010101011011011110111011011011111010101100000100
100110101100001110000000111000011111000010000101010101011011011110111011011011111010101100000100
100110101010111110110000010000100011000010000101010101011011011110111011011011111010101100000100
100110101001001001110010111010001011000010000101010101011011011110111011011011111010101100000100
100110100010101001100000010101010001000010000101010101011011011110111011011011111010101100000100
100110011100110100111000111100001011000010000101010101011011011110111011011011111010101100000100
100110010111010001101111001110110110000010000101010101011011011110111011011011111010101100000100
100110001010000111101010000001011010000010000101010101011011011110111011011011111010101100000100
100110000110100100000011000010001000000010000101010101011011011110111011011011111010101100000100
100110000100100101011110010110000110000010000101010101011011011110111011011011111010101100000100
100110000011001110000001001110100001000010000101010101011011011110111011011011111010101100000100
100101111111000011110001100111110111000010000101010101011011011110111011011011111010101100000100
100101111010011010110010010011011100000010000101010101011011011110111011011011111010101100000100
100101110101110111110100100000011010000010000101010101011011011110111011011011111010101100000100
100101110101011101100001010110010111000010000101010101011011011110111011011011111010101100000100
100101110100011011010000001010010110000010000101010101011011011110111011011011111010101100000100
100101110010011011010011011001101100000010000101010101011011011110111011011011111010101100000100
100101110000110000101001110110101001000010000101010101011011011110111011011011111010101100000100
100101101100101001000110111001101101000010000101010101011011011110111011011011111010101100000100
100101100111010101100001101100011101000010000101010101011011011110111011011011111010101100000100
100101100110100110111111101001101010000010000101010101011011011110111011011011111010101100000100
100101100010011101111011010000000000000010000101010101011011011110111011011011111010101100000100
100101011100101100001111110010000011000010000101010101011011011110111011011011111010101100000100
100101011011111000111101010111101000000010000101010101011011011110111011011011111010101100000100
100101010100000000111001110011111100000010000101010101011011011110111011011011111010101100000100
100101001111001010000000011011101010000010000101010101011011011110111011011011111010101100000100
100101000000001000100100111111010010000010000101010101011011011110111011011011111010101100000100
100100111100010000010101100111000111000010000101010101011011011110111011011011111010101100000100
100100101100100000011101011000011000000010000101010101011011011110111011011011111010101100000100
100100101011111001111011101011011000000010000101010101011011011110111011011011111010101100000100
100100101001100001101100000000110001000010000101010101011011011110111011011011111010101100000100
100100101001011110111110011010010111000010000101010101011011011110111011011011111010101100000100
100100100111011001001000000000100010000010000101010101011011011110111011011011111010101100000100
100100100111001011010001001000100001000010000101010101011011011110111011011011111010101100000100
100100100001000000011111011101011110000010000101010101011011011110111011011011111010101100000100
100100011111100101000010110101000000000010000101010101011011011110111011011011111010101100000100
100100011111011100011111000101101010000010000101010101011011011110111011011011111010101100000100
100100011011000000111000111011101010000010000101010101011011011110111011011011111010101100000100
100100001010001101110111110111101101000010000101010101011011011110111011011011111010101100000100
100100000010111001110011111001010000000010000101010101011011011110111011011011111010101100000100
100011111111011100101011101010010111000010000101010101011011011110111011011011111010101100000100
100011111100101001101111000001110110000010000101010101011011011110111011011011111010101100000100
100011111000100000011010000011011001000010000101010101011011011110111011011011111010101100000100
100011111000011110001110100000101011000010000101010101011011011110111011011011111010101100000100
100011111000010100001100111011010001000010000101010101011011011110111011011011111010101100000100
100011110111110110010100101000010110000010000101010101011011011110111011011011111010101100000100
100011110100111110101110101011100111000010000101010101011011011110111011011011111010101100000100
100011101110001110011000111010100011000010000101010101011011011110111011011011111010101100000100
100011101011111100110011001101100110000010000101010101011011011110111011011011111010101100000100
100011101001010010110101000010001000000010000101010101011011011110111011011011111010101100000100
100011101000110110000100111010111011000010000101010101011011011110111011011011111010101100000100
100011100100111110110001000010000111000010000101010101011011011110111011011011111010101100000100
100011100010100000101111111011111010000010000101010101011011011110111011011011111010101100000100
100011100001000111011001000110000010000010000101010101011011011110111011011011111010101100000100
100011100000001100000111001010001011000010000101010101011011011110111011011011111010101100000100
100011011111000011001100001001001100000010000101010101011011011110111011011011111010101100000100
100011000101010000000111001101101010000010000101010101011011011110111011011011111010101100000100
100011000100000110110110001110010110000010000101010101011011011110111011011011111010101100000100
100011000010001100001001110001100101000010000101010101011011011110111011011011111010101100000100
100010111101111001011100011110101000000010000101010101011011011110111011011011111010101100000100
100010111101110011101010001010110001000010000101010101011011011110111011011011111010101100000100
100010111000110100111000100011111001000010000101010101011011011110111011011011111010101100000100
100010110010001100100100001111011111000010000101010101011011011110111011011011111010101100000100
100010110001111010010101010110011100000010000101010101011011011110111011011011111010101100000100
100010101000011110010001001011000000000010000101010101011011011110111011011011111010101100000100
100010100111100101010001110000000010000010000101010101011011011110111011011011111010101100000100
100010100101011101100100001011101111000010000101010101011011011110111011011011111010101100000100
100010011100101100011101100011001101000010000101010101011011011110111011011011111010101100000100
100010011010000100010111100011011111000010000101010101011011011110111011011011111010101100000100
100010010101010111001110101101101001000010000101010101011011011110111011011011111010101100000100
100010010000111011011001011101111011000010000101010101011011011110111011011011111010101100000100
100010010000100001000110001000011111000010000101010101011011011110111011011011111010101100000100
100010001110101111000010110010100001000010000101010101011011011110111011011011111010101100000100
100010001101101001011001101000011011000010000101010101011011011110111011011011111010101100000100
100010001101011111100000110100010010000010000101010101011011011110111011011011111010101100000100
100010001100100000010110010001011100000010000101010101011011011110111011011011111010101100000100
100010001000011110001111010001110000000010000101010101011011011110111011011011111010101100000100
100001111111100110110110000110001001000010000101010101011011011110111011011011111010101100000100
100001111111000001110100111100001100000010000101010101011011011110111011011011111010101100000100
100001111110110101010010010100001011000010000101010101011011011110111011011011111010101100000100
100001111110110100001011100100100100000010000101010101011011011110111011011011111010101100000100
100001111100011101000000001111000010000010000101010101011011011110111011011011111010101100000100
100001110111010101111101001111001110000010000101010101011011011110111011011011111010101100000100
100001110101100010010011111011111001000010000101010101011011011110111011011011111010101100000100
100001110010011001001001011111110110000010000101010101011011011110111011011011111010101100000100
100001101111010110010000110001111111000010000101010101011011011110111011011011111010101100000100
100001101011111101110110001000010011000010000101010101011011011110111011011011111010101100000100
100001101001001101111111101000011110000010000101010101011011011110111011011011111010101100000100
100001101000000011011111110101100101000010000101010101011011011110111011011011111010101100000100
100001100011110000010101001000100001000010000101010101011011011110111011011011111010101100000100
100001011000110000101110111110001011000010000101010101011011011110111011011011111010101100000100
100001011000011001110100101111101011000010000101010101011011011110111011011011111010101100000100
100001010111001010100110000111100010000010000101010101011011011110111011011011111010101100000100
100001010010111000010010110010110100000010000101010101011011011110111011011011111010101100000100
100001010000000101000001001011011111000010000101010101011011011110111011011011111010101100000100
100001001101011011100100110111001011000010000101010101011011011110111011011011111010101100000100
100001001011011101011101001010001101000010000101010101011011011110111011011011111010101100000100
100001000101011110000100100001111001000010000101010101011011011110111011011011111010101100000100
100001000100000000101110001110110110000010000101010101011011011110111011011011111010101100000100
100001000011011100010110111001001010000010000101010101011011011110111011011011111010101100000100
100000111100101000101111011000110010000010000101010101011011011110111011011011111010101100000100
100000111001011001101101000111100011000010000101010101011011011110111011011011111010101100000100
100000101110000011100010011011001001000010000101010101011011011110111011011011111010101100000100
100000101101110001111011110100100100000010000101010101011011011110111011011011111010101100000100
100000100101100101110010101011100100000010000101010101011011011110111011011011111010101100000100
100000100100111111010110010011100000000010000101010101011011011110111011011011111010101100000100
100000100010011110000010011110110000000010000101010101011011011110111011011011111010101100000100
100000011100010101100100010001110010000010000101010101011011011110111011011011111010101100000100
100000011000111001111000110011010111000010000101010101011011011110111011011011111010101100000100
100000010001000110101110010011001100000010000101010101011011011110111011011011111010101100000100
100000001110001000111011000101110000000010000101010101011011011110111011011011111010101100000100
100000000010010111010000001110100101000010000101010101011011011110111011011011111010101100000100
100000000000111110110001100110001100000010000101010101011011011110111011011011111010101100000100
011111111101111100111100111000011011000010000101010101011011011110111011011011111010101100000100
011111111001100100000000011011100100000010000101010101011011011110111011011011111010101100000100
011111110011111001101110111101010010000010000101010101011011011110111011011011111010101100000100
011111110011000010101001000010100101000010000101010101011011011110111011011011111010101100000100
011111110001010011000000111001011101000010000101010101011011011110111011011011111010101100000100
011111101011010110000100100000010001000010000101010101011011011110111011011011111010101100000100
011111100111111000000011111111010010000010000101010101011011011110111011011011111010101100000100
011111100111101000100101100101101010000010000101010101011011011110111011011011111010101100000100
011111011111111001010001010111001011000010000101010101011011011110111011011011111010101100000100
011111011110100110001001111110000100000010000101010101011011011110111011011011111010101100000100
011111011100010110100100101001111101000010000101010101011011011110111011011011111010101100000100
011111011001010110111111101000001001000010000101010101011011011110111011011011111010101100000100
011111010010100101010100011111111110000010000101010101011011011110111011011011111010101100000100
011111001010110101101100011100010111000010000101010101011011011110111011011011111010101100000100
011111000101110010000001011000101001000010000101010101011011011110111011011011111010101100000100
011110111111000011100011011000011101000010000101010101011011011110111011011011111010101100000100
011110111110011010010001100010111110000010000101010101011011011110111011011011111010101100000100
011110111000001001010111111110001000000010000101010101011011011110111011011011111010101100000100
011110110111110000100110000101111011000010000101010101011011011110111011011011111010101100000100
011110110101011100001000011100010000000010000101010101011011011110111011011011111010101100000100
011110110100011000111100101100101111000010000101010101011011011110111011011011111010101100000100
011110110100001010100110010100101100000010000101010101011011011110111011011011111010101100000100
011110101011110010111100100000011111000010000101010101011011011110111011011011111010101100000100
011110101000110011110011101110000100000010000101010101011011011110111011011011111010101100000100
011110100110111010001110100100101011000010000101010101011011011110111011011011111010101100000100
011110100101111001100000101001001111000010000101010101011011011110111011011011111010101100000100
011110100101001100110011110101100010000010000101010101011011011110111011011011111010101100000100
011110011010110000000001101010011011000010000101010101011011011110111011011011111010101100000100
011110010100000111110110111101010100000010000101010101011011011110111011011011111010101100000100
011110010010110001110000000000011110000010000101010101011011011110111011011011111010101100000100
011110001010011000000010000110011111000010000101010101011011011110111011011011111010101100000100
011110000100001101100101110100001101000010000101010101011011011110111011011011111010101100000100
011110000000110110110010001101111011000010000101010101011011011110111011011011111010101100000100
011101110111111100111000110110010011000010000101010101011011011110111011011011111010101100000100
011101110111101101011001110010001000000010000101010101011011011110111011011011111010101100000100
011101110111011000010110101000000110000010000101010101011011011110111011011011111010101100000100
011101110001010011100011011110011010000010000101010101011011011110111011011011111010101100000100
011101101010100011010010111001000100000010000101010101011011011110111011011011111010101100000100
011101100111011010111000001111001101000010000101010101011011011110111011011011111010101100000100
011101100101101110010001011000000100000010000101010101011011011110111011011011111010101100000100
011101100001000111000110000001011111000010000101010101011011011110111011011011111010101100000100
011101010101100000000011100010110000000010000101010101011011011110111011011011111010101100000100
011101010001101010111001111100000110000010000101010101011011011110111011011011111010101100000100
011101000111101110110000110010000100000010000101010101011011011110111011011011111010101100000100
011101000110010100100011000001110101000010000101010101011011011110111011011011111010101100000100
011101000101001100101000010111010110000010000101010101011011011110111011011011111010101100000100
011101000001100000000101100011011101000010000101010101011011011110111011011011111010101100000100
011100111000110010100000110100000101000010000101010101011011011110111011011011111010101100000100
011100111000101100110010111011010011000010000101010101011011011110111011011011111010101100000100
011100101100111001000001111010001000000010000101010101011011011110111011011011111010101100000100
011100101100000101111010000001111110000010000101010101011011011110111011011011111010101100000100
011100101010100100101000010011011100000010000101010101011011011110111011011011111010101100000100
011100100110011011010000101011001111000010000101010101011011011110111011011011111010101100000100
011100011101111000111001010011011000000010000101010101011011011110111011011011111010101100000100
011100011100001000101011101000010111000010000101010101011011011110111011011011111010101100000100
011100011011000011000000001001011001000010000101010101011011011110111011011011111010101100000100
011100011010100100001010110110111000000010000101010101011011011110111011011011111010101100000100
011100010100011100001011011011111011000010000101010101011011011110111011011011111010101100000100
011100001011100010000010111100001001000010000101010101011011011110111011011011111010101100000100
011100001010111001110100101011010101000010000101010101011011011110111011011011111010101100000100
011100001010010111011111010000001011000010000101010101011011011110111011011011111010101100000100
011100001010010011011011010101011011000010000101010101011011011110111011011011111010101100000100
011100000001111011111011001001011101000010000101010101011011011110111011011011111010101100000100
011100000001100001110100101111110011000010000101010101011011011110111011011011111010101100000100
011100000000111111101100011111000110000010000101010101011011011110111011011011111010101100000100
011100000000110010101110111111001111000010000101010101011011011110111011011011111010101100000100
011011111001110100111110100001111110000010000101010101011011011110111011011011111010101100000100
011011110110000111011111011111001100000010000101010101011011011110111011011011111010101100000100
011011110101010010100111101011110110000010000101010101011011011110111011011011111010101100000100
011011101110001110101100101110000010000010000101010101011011011110111011011011111010101100000100
011011101010000000101110010000111101000010000101010101011011011110111011011011111010101100000100
011011100111100100110110001010011010000010000101010101011011011110111011011011111010101100000100
011011100111001110011111011000001000000010000101010101011011011110111011011011111010101100000100
011011100010000000101001111001111110000010000101010101011011011110111011011011111010101100000100
011011100001011000001110110101101000000010000101010101011011011110111011011011111010101100000100
011011100000101111110011011110011010000010000101010101011011011110111011011011111010101100000100
011011100000100110111110101000011010000010000101010101011011011110111011011011111010101100000100
011011011111001001001000101000000110000010000101010101011011011110111011011011111010101100000100
011011010100011010011110101001111000000010000101010101011011011110111011011011111010101100000100
011011010100000111101011100110111000000010000101010101011011011110111011011011111010101100000100
011011010010111001101011111100001010000010000101010101011011011110111011011011111010101100000100
011011001001111110101100001011100110000010000101010101011011011110111011011011111010101100000100
011011000100011011011000010010100101000010000101010101011011011110111011011011111010101100000100
011011000011110001110010001111100011000010000101010101011011011110111011011011111010101100000100
011011000011001010011010001101000100000010000101010101011011011110111011011011111010101100000100
011010111010001110000100000011000010000010000101010101011011011110111011011011111010101100000100
011010110101011100110010001100111001000010000101010101011011011110111011011011111010101100000100
011010110010100111101111101101010111000010000101010101011011011110111011011011111010101100000100
011010110001110110001101111010010101000010000101010101011011011110111011011011111010101100000100
011010101110001011110111001101100001000010000101010101011011011110111011011011111010101100000100
011010100110001110001110111100010000000010000101010101011011011110111011011011111010101100000100
011010100110001010110110011101101100000010000101010101011011011110111011011011111010101100000100
011010100010100010000101011000010100000010000101010101011011011110111011011011111010101100000100
011010100010011111101000010110000001000010000101010101011011011110111011011011111010101100000100
011010011111101000101001000001011000000010000101010101011011011110111011011011111010101100000100
011010011111011111001110011110001000000010000101010101011011011110111011011011111010101100000100
011010011110101001011110110111111010000010000101010101011011011110111011011011111010101100000100
011010011101101001100010001110110110000010000101010101011011011110111011011011111010101100000100
011010011100110000000001000001101000000010000101010101011011011110111011011011111010101100000100
011010011100000100101111111101011101000010000101010101011011011110111011011011111010101100000100
011010011011011001110110101111110010000010000101010101011011011110111011011011111010101100000100
011010011000010001110001100101001110000010000101010101011011011110111011011011111010101100000100
011010010111010111001111001111001000000010000101010101011011011110111011011011111010101100000100
011010010010010000000100101000110111000010000101010101011011011110111011011011111010101100000100
011010010001110101001101011011000010000010000101010101011011011110111011011011111010101100000100
011010001001100011110110011111010000000010000101010101011011011110111011011011111010101100000100
011010000111110001000111100000101011000010000101010101011011011110111011011011111010101100000100
011010000110000101110000000010010000000010000101010101011011011110111011011011111010101100000100
011010000100010110000100000111110100000010000101010101011011011110111011011011111010101100000100
011010000011100010110110110010111110000010000101010101011011011110111011011011111010101100000100
011001111101011100010010100111010001000010000101010101011011011110111011011011111010101100000100
011001111010110000011110101010000101000010000101010101011011011110111011011011111010101100000100
011001110111110111110001111110010011000010000101010101011011011110111011011011111010101100000100
011001110110111010110101111011011100000010000101010101011011011110111011011011111010101100000100
011001110100010010100110011000010001000010000101010101011011011110111011011011111010101100000100
011001110100010000100011000001000100000010000101010101011011011110111011011011111010101100000100
011001101111101001001011100110101000000010000101010101011011011110111011011011111010101100000100
011001101101101101101010010010101101000010000101010101011011011110111011011011111010101100000100
011001101100001100011110100010110000000010000101010101011011011110111011011011111010101100000100
011001101001101010101110111110011010000010000101010101011011011110111011011011111010101100000100
011001010110001010000010110111111010000010000101010101011011011110111011011011111010101100000100
011001010101000011001001110110101100000010000101010101011011011110111011011011111010101100000100
011001010011000101000100111101010011000010000101010101011011011110111011011011111010101100000100
011001010001011110100110110111100010000010000101010101011011011110111011011011111010101100000100
011001010000011110011100010110011110000010000101010101011011011110111011011011111010101100000100
011001001111000011101100000011111001000010000101010101011011011110111011011011111010101100000100
011001001110111001101111011000011111000010000101010101011011011110111011011011111010101100000100
011001001010100101010110111010011100000010000101010101011011011110111011011011111010101100000100
011000111100011101100110001011001010000010000101010101011011011110111011011011111010101100000100
011000110110001001001110110010100001000010000101010101011011011110111011011011111010101100000100
011000110101110101111010101011110110000010000101010101011011011110111011011011111010101100000100
011000110001011010010011110100110111000010000101010101011011011110111011011011111010101100000100
011000110000100111111100001001010101000010000101010101011011011110111011011011111010101100000100
011000101101010001110100000001101010000010000101010101011011011110111011011011111010101100000100
011000100011101010111110010100110000000010000101010101011011011110111011011011111010101100000100
011000100000001010010110101000010001000010000101010101011011011110111011011011111010101100000100
011000011000101001011101010101100100000010000101010101011011011110111011011011111010101100000100
011000010101001100101111101001100010000010000101010101011011011110111011011011111010101100000100
011000010000000101101111100011010100000010000101010101011011011110111011011011111010101100000100
011000000100101001011110100111101100000010000101010101011011011110111011011011111010101100000100
011000000011011001011111100110101011000010000101010101011011011110111011011011111010101100000100
011000000000110000100001110011011110000010000101010101011011011110111011011011111010101100000100
011000000000101000010101011101110001000010000101010101011011011110111011011011111010101100000100
010111110110110110001001011111101001000010000101010101011011011110111011011011111010101100000100
010111101111011010101000111101101010000010000101010101011011011110111011011011111010101100000100
010111101111010001010110001110101100000010000101010101011011011110111011011011111010101100000100
010111101100000110010111110000110000000010000101010101011011011110111011011011111010101100000100
010111101011100001000011101111010011000010000101010101011011011110111011011011111010101100000100
010111100110110010001000100111011010000010000101010101011011011110111011011011111010101100000100
010111100110011100110011101111001001000010000101010101011011011110111011011011111010101100000100
010111010111111011001001111101101100000010000101010101011011011110111011011011111010101100000100
010111010111001110100001111100111100000010000101010101011011011110111011011011111010101100000100
010111010000101111101010011110011000000010000101010101011011011110111011011011111010101100000100
010111001011110001000101110011111111000010000101010101011011011110111011011011111010101100000100
010111000101100000111000101011110011000010000101010101011011011110111011011011111010101100000100
010111000101001011010101110101110000000010000101010101011011011110111011011011111010101100000100
010111000011000101010101001100001000000010000101010101011011011110111011011011111010101100000100
010110111110000111111001100010000100000010000101010101011011011110111011011011111010101100000100
010110111100000001011010111111101011000010000101010101011011011110111011011011111010101100000100
010110110111100110000000110010101001000010000101010101011011011110111011011011111010101100000100
010110110011010101010001111100101111000010000101010101011011011110111011011011111010101100000100
010110110011010001110010011000001100000010000101010101011011011110111011011011111010101100000100
010110101111110111011111110010110100000010000101010101011011011110111011011011111010101100000100
010110101001001101100111001001110101000010000101010101011011011110111011011011111010101100000100
010110100110110111111010100010111000000010000101010101011011011110111011011011111010101100000100
010110100101011110111101001000111001000010000101010101011011011110111011011011111010101100000100
010110100001110110110010101110100101000010000101010101011011011110111011011011111010101100000100
010110011011111011100000110111010101000010000101010101011011011110111011011011111010101100000100
010110011011001000010010011011101100000010000101010101011011011110111011011011111010101100000100
010110011000110011011100111010010100000010000101010101011011011110111011011011111010101100000100
010110010011010001000110010100111010000010000101010101011011011110111011011011111010101100000100
010101110110100101011001000110100000000010000101010101011011011110111011011011111010101100000100
010101110010000101011010000101001110000010000101010101011011011110111011011011111010101100000100
010101101010100010110111011111000001000010000101010101011011011110111011011011111010101100000100
010101101000010110110111111011110101000010000101010101011011011110111011011011111010101100000100
010101100010010100110000011101110000000010000101010101011011011110111011011011111010101100000100
010101100010000101011000000101000100000010000101010101011011011110111011011011111010101100000100
010101100000101001111111110010001100000010000101010101011011011110111011011011111010101100000100
010101011111011101110110111110001100000010000101010101011011011110111011011011111010101100000100
010101011111010101001001111000011111000010000101010101011011011110111011011011111010101100000100
010101010100011110010101100011011111000010000101010101011011011110111011011011111010101100000100
010101001110101101011011001101011010000010000101010101011011011110111011011011111010101100000100
010101000100000110110000010111000111000010000101010101011011011110111011011011111010101100000100
010101000010000001111100111100011011000010000101010101011011011110111011011011111010101100000100
010100110111111110110001000111011000000010000101010101011011011110111011011011111010101100000100
010100101011001010000011110110000101000010000101010101011011011110111011011011111010101100000100
010100100001111101100101011111100001000010000101010101011011011110111011011011111010101100000100
010100100000101111100111110100100011000010000101010101011011011110111011011011111010101100000100
010100011110111111001111110001001000000010000101010101011011011110111011011011111010101100000100
010100011110000000000001111101011011000010000101010101011011011110111011011011111010101100000100
010100011000010111010000001110010100000010000101010101011011011110111011011011111010101100000100
010100001101011001010000101001001010000010000101010101011011011110111011011011111010101100000100
010100001010101110100110010001110100000010000101010101011011011110111011011011111010101100000100
010100001010000110100110101011111100000010000101010101011011011110111011011011111010101100000100
010100000000000100000000111111111100000010000101010101011011011110111011011011111010101100000100
010011110111111000000001101111100101000010000101010101011011011110111011011011111010101100000100
010011110100001110111010101010001010000010000101010101011011011110111011011011111010101100000100
010011101101011110111111011010101001000010000101010101011011011110111011011011111010101100000100
010011100011101000010000001010001101000010000101010101011011011110111011011011111010101100000100
010011011101011000100011110010111101000010000101010101011011011110111011011011111010101100000100
010011010011101110101011001010010101000010000101010101011011011110111011011011111010101100000100
010011010000010010000100011100100110000010000101010101011011011110111011011011111010101100000100
010011001110110000011111001010111111000010000101010101011011011110111011011011111010101100000100
010011001000101111001000010110110011000010000101010101011011011110111011011011111010101100000100
010011000111011000000101001111011110000010000101010101011011011110111011011011111010101100000100
010011000111001111101010001011110101000010000101010101011011011110111011011011111010101100000100
010011000110100010001100100111000011000010000101010101011011011110111011011011111010101100000100
010011000100110101010010000100010110000010000101010101011011011110111011011011111010101100000100
010011000011101010101010001111000110000010000101010101011011011110111011011011111010101100000100
010010111110010011010000000001010101000010000101010101011011011110111011011011111010101100000100
010010111001001000100010001111000111000010000101010101011011011110111011011011111010101100000100
010010111000001101000101000111000111000010000101010101011011011110111011011011111010101100000100
010010110111101110000000001011010010000010000101010101011011011110111011011011111010101100000100
010010110001111010000100110011100101000010000101010101011011011110111011011011111010101100000100
010010011101000101010000101100111010000010000101010101011011011110111011011011111010101100000100
010010011001100101110100111100110000000010000101010101011011011110111011011011111010101100000100
010010010100011001001001001101000000000010000101010101011011011110111011011011111010101100000100
010010010000110110100011010011010000000010000101010101011011011110111011011011111010101100000100
010010000111010111000111101111101011000010000101010101011011011110111011011011111010101100000100
010001111110000001110111010110011111000010000101010101011011011110111011011011111010101100000100
010001110111001101101101010010010111000010000101010101011011011110111011011011111010101100000100
010001110100110101111111010100000001000010000101010101011011011110111011011011111010101100000100
010001110010110100000111010000101111000010000101010101011011011110111011011011111010101100000100
010001101011011001100001101001111101000010000101010101011011011110111011011011111010101100000100
010001101010011000011000111101011110000010000101010101011011011110111011011011111010101100000100
010001100111001110111101101010110110000010000101010101011011011110111011011011111010101100000100
010001100000101110101010101110101001000010000101010101011011011110111011011011111010101100000100
010001010111101100011000110110001010000010000101010101011011011110111011011011111010101100000100
010001010110111010010101101000001010000010000101010101011011011110111011011011111010101100000100
010001010010101110101101101111010000000010000101010101011011011110111011011011111010101100000100
010001010010011010110101101101010001000010000101010101011011011110111011011011111010101100000100
010001010010001000011010110101101001000010000101010101011011011110111011011011111010101100000100
010001001110011011101111110001000101000010000101010101011011011110111011011011111010101100000100
010001001001011100010000011110101111000010000101010101011011011110111011011011111010101100000100
010001000110001101001100101001001010000010000101010101011011011110111011011011111010101100000100
010001000010100010101110101100100101000010000101010101011011011110111011011011111010101100000100
010001000010000100001011001111000011000010000101010101011011011110111011011011111010101100000100
010001000010000001101010011010011110000010000101010101011011011110111011011011111010101100000100
010000111111110110011101010011110111000010000101010101011011011110111011011011111010101100000100
010000111010001110001001111101010111000010000101010101011011011110111011011011111010101100000100
010000110111010011010111100111101010000010000101010101011011011110111011011011111010101100000100
010000110101010001001100000111000100000010000101010101011011011110111011011011111010101100000100
010000110100101110101101000101001111000010000101010101011011011110111011011011111010101100000100
010000101100110101001011111010100000000010000101010101011011011110111011011011111010101100000100
010000101011011101001001111101001001000010000101010101011011011110111011011011111010101100000100
010000100101000100110111011110011101000010000101010101011011011110111011011011111010101100000100
010000100011101011110111001001110111000010000101010101011011011110111011011011111010101100000100
010000100010101101011111010100100000000010000101010101011011011110111011011011111010101100000100
010000011111010010100110000010101101000010000101010101011011011110111011011011111010101100000100
010000011100100010001100111001110110000010000101010101011011011110111011011011111010101100000100
010000011010110110010111101101111100000010000101010101011011011110111011011011111010101100000100
010000011001101001011011101101100000000010000101010101011011011110111011011011111010101100000100
010000010111111100010000111111110010000010000101010101011011011110111011011011111010101100000100
010000010111001001110110011001100000000010000101010101011011011110111011011011111010101100000100
010000001110011001011100101100001101000010000101010101011011011110111011011011111010101100000100
010000001101100001111001000010010100000010000101010101011011011110111011011011111010101100000100
010000001010110100000100001011001001000010000101010101011011011110111011011011111010101100000100
010000001000011000000000110111100000000010000101010101011011011110111011011011111010101100000100
010000000111110111011010000000110000000010000101010101011011011110111011011011111010101100000100
010000000101101001101101000110011100000010000101010101011011011110111011011011111010101100000100
010000000100101001110111110011000111000010000101010101011011011110111011011011111010101100000100
010000000001000100100111010010011000000010000101010101011011011110111011011011111010101100000100
010000000000111111011001111010011111000010000101010101011011011110111011011011111010101100000100
001111111011001100101000000001110010000010000101010101011011011110111011011011111010101100000100
001111110111100101101111101111000111000010000101010101011011011110111011011011111010101100000100
001111110101010011111000111010111100000010000101010101011011011110111011011011111010101100000100
001111110000101111101101000100101010000010000101010101011011011110111011011011111010101100000100
001111101101000001110010111100000000000010000101010101011011011110111011011011111010101100000100
001111101100101101110001011101000111000010000101010101011011011110111011011011111010101100000100
001111101001111111101000100110000011000010000101010101011011011110111011011011111010101100000100
001111101001111101000111100110011100000010000101010101011011011110111011011011111010101100000100
001111101000001001001000000010100010000010000101010101011011011110111011011011111010101100000100
001111100100011011101100100101000000000010000101010101011011011110111011011011111010101100000100
001111100001111010110111100010001100000010000101010101011011011110111011011011111010101100000100
001111100000101101111111100111010111000010000101010101011011011110111011011011111010101100000100
001111100000101011100000010111010110000010000101010101011011011110111011011011111010101100000100
001111011110111001001101001001011101000010000101010101011011011110111011011011111010101100000100
001111010111001100010001000001000000000010000101010101011011011110111011011011111010101100000100
001111001101000111010000001011011110000010000101010101011011011110111011011011111010101100000100
001111000101100100000010000101011000000010000101010101011011011110111011011011111010101100000100
001111000011010011010101000001011010000010000101010101011011011110111011011011111010101100000100
001111000010001101011000111011101010000010000101010101011011011110111011011011111010101100000100
001111000000010011100110101101101011000010000101010101011011011110111011011011111010101100000100
001110111110010010100000010100000001000010000101010101011011011110111011011011111010101100000100
001110111101110101110100011100001101000010000101010101011011011110111011011011111010101100000100
001110110011110101011001000010010011000010000101010101011011011110111011011011111010101100000100
001110110011000101011010011111011001000010000101010101011011011110111011011011111010101100000100
001110110000010100100110010101011100000010000101010101011011011110111011011011111010101100000100
001110101111010011111111111101000111000010000101010101011011011110111011011011111010101100000100
001110101110010101101010010000011111000010000101010101011011011110111011011011111010101100000100
001110101101000011010100101000110010000010000101010101011011011110111011011011111010101100000100
001110101001110100101001110001010000000010000101010101011011011110111011011011111010101100000100
001110101000110011101101101010100111000010000101010101011011011110111011011011111010101100000100
001110100011100000011111111100010010000010000101010101011011011110111011011011111010101100000100
001110011011101111001010011110101000000010000101010101011011011110111011011011111010101100000100
001110011011010011100000000011110101000010000101010101011011011110111011011011111010101100000100
001110010110000000001101111110010000000010000101010101011011011110111011011011111010101100000100
001110010101111010001000100100111101000010000101010101011011011110111011011011111010101100000100
001110010010111010001010000010101011000010000101010101011011011110111011011011111010101100000100
001110001111000000100011010100110100000010000101010101011011011110111011011011111010101100000100
001110001110100001101001011111011111000010000101010101011011011110111011011011111010101100000100
001110000110011010010010010111001010000010000101010101011011011110111011011011111010101100000100
001110000110000101100011101011000111000010000101010101011011011110111011011011111010101100000100
001110000101000011101011101011100010000010000101010101011011011110111011011011111010101100000100
001110000011011101111110001100101100000010000101010101011011011110111011011011111010101100000100
001110000010100100100111111001001110000010000101010101011011011110111011011011111010101100000100
001101111101110111010100100101100111000010000101010101011011011110111011011011111010101100000100
001101111010000010011110110000000100000010000101010101011011011110111011011011111010101100000100
001101111001100111001110010100000101000010000101010101011011011110111011011011111010101100000100
001101110110111001000110111010100100000010000101010101011011011110111011011011111010101100000100
001101110000100110101100010100001111000010000101010101011011011110111011011011111010101100000100
001101101100100110011010100011110011000010000101010101011011011110111011011011111010101100000100
001101101011100010011001100101011111000010000101010101011011011110111011011011111010101100000100
001101100001101111010010000110100011000010000101010101011011011110111011011011111010101100000100
001101001110111010000000000101000000000010000101010101011011011110111011011011111010101100000100
001101001110110110011001001010001011000010000101010101011011011110111011011011111010101100000100
001101001100111111001001010010001010000010000101010101011011011110111011011011111010101100000100
001101001010000001001001101000010011000010000101010101011011011110111011011011111010101100000100
001101001001010010000010110101100001000010000101010101011011011110111011011011111010101100000100
001101001000101010110011110111100000000010000101010101011011011110111011011011111010101100000100
001101000000110001101011100001100001000010000101010101011011011110111011011011111010101100000100
001101000000000010011100001010100010000010000101010101011011011110111011011011111010101100000100
001100110100110110111100011101001101000010000101010101011011011110111011011011111010101100000100
001100110011111110111000100011011111000010000101010101011011011110111011011011111010101100000100
001100101110110011101101001100000011000010000101010101011011011110111011011011111010101100000100
001100101110100110011111101000100111000010000101010101011011011110111011011011111010101100000100
001100101100000110111011010010001001000010000101010101011011011110111011011011111010101100000100
001100100111110101010010101111010101000010000101010101011011011110111011011011111010101100000100
001100011111111111110011011001110100000010000101010101011011011110111011011011111010101100000100
001100011100110010111001011101011000000010000101010101011011011110111011011011111010101100000100
001100000111000101000010000010010101000010000101010101011011011110111011011011111010101100000100
001100000011011101010100010110011010000010000101010101011011011110111011011011111010101100000100
001011111110110100100101011111101001000010000101010101011011011110111011011011111010101100000100
001011111101010010000011011010111100000010000101010101011011011110111011011011111010101100000100
001011110101010100000100100011111010000010000101010101011011011110111011011011111010101100000100
001011101000010000101010101100001001000010000101010101011011011110111011011011111010101100000100
001011100100100011001111101111000000000010000101010101011011011110111011011011111010101100000100
001011011111101011011111111111001111000010000101010101011011011110111011011011111010101100000100
001011011010111110110000110000000011000010000101010101011011011110111011011011111010101100000100
001011010011111100111000110101011110000010000101010101011011011110111011011011111010101100000100
001011001011111010110011011011011110000010000101010101011011011110111011011011111010101100000100
001011000010010111011010010111010101000010000101010101011011011110111011011011111010101100000100
001010111001100111011110100000010110000010000101010101011011011110111011011011111010101100000100
001010111001010110001010101100010111000010000101010101011011011110111011011011111010101100000100
001010110101010000000010110100001010000010000101010101011011011110111011011011111010101100000100
001010101110101111100101000100101000000010000101010101011011011110111011011011111010101100000100
001010101001011001000111001011001110000010000101010101011011011110111011011011111010101100000100
001010100000110011100111111011000101000010000101010101011011011110111011011011111010101100000100
001010011111000100101100110111000011000010000101010101011011011110111011011011111010101100000100
001010001100100101111001111101101111000010000101010101011011011110111011011011111010101100000100
001010001100010010100101110101001010000010000101010101011011011110111011011011111010101100000100
001001111111110011100001000001110100000010000101010101011011011110111011011011111010101100000100
001001111011101011111010011111110000000010000101010101011011011110111011011011111010101100000100
001001110100010110100100110001101011000010000101010101011011011110111011011011111010101100000100
001001110000100011100111111100001110000010000101010101011011011110111011011011111010101100000100
001001110000001100001111000001110100000010000101010101011011011110111011011011111010101100000100
001001101101110001001111000000111111000010000101010101011011011110111011011011111010101100000100
001001100101000100111011010110011100000010000101010101011011011110111011011011111010101100000100
001001100100101101100101111111001001000010000101010101011011011110111011011011111010101100000100
001001011110011110010101110011001110000010000101010101011011011110111011011011111010101100000100
001001011001000110111000101010010110000010000101010101011011011110111011011011111010101100000100
001001010110011110101101100101110011000010000101010101011011011110111011011011111010101100000100
001001010110011000110010101110111110000010000101010101011011011110111011011011111010101100000100
001001010011010100010100101101100100000010000101010101011011011110111011011011111010101100000100
001001010010001000001010100101101110000010000101010101011011011110111011011011111010101100000100
001001010001010110000111001111001000000010000101010101011011011110111011011011111010101100000100
001001010000111001110111000000010010000010000101010101011011011110111011011011111010101100000100
001001001100110110011100010010111101000010000101010101011011011110111011011011111010101100000100
001001001100010110110011010110001001000010000101010101011011011110111011011011111010101100000100
001001001010110101011111111100110110000010000101010101011011011110111011011011111010101100000100
001001001010010010011001000111100001000010000101010101011011011110111011011011111010101100000100
001001000101010001101101010101110001000010000101010101011011011110111011011011111010101100000100
001001000100110110100110101100011100000010000101010101011011011110111011011011111010101100000100
001001000000101110011011011101000110000010000101010101011011011110111011011011111010101100000100
001000111010110010101010110110000001000010000101010101011011011110111011011011111010101100000100
001000111000000101011101101111010001000010000101010101011011011110111011011011111010101100000100
001000110111110101111110101010010110000010000101010101011011011110111011011011111010101100000100
001000101110000010101010011111111011000010000101010101011011011110111011011011111010101100000100
001000100111111001010010111001111111000010000101010101011011011110111011011011111010101100000100
001000100100110100111101100010001001000010000101010101011011011110111011011011111010101100000100
001000011111100011000011010101100011000010000101010101011011011110111011011011111010101100000100
001000011100011100111000011010000111000010000101010101011011011110111011011011111010101100000100
001000010111111001011001011000100110000010000101010101011011011110111011011011111010101100000100
001000010110000100001000010000010000000010000101010101011011011110111011011011111010101100000100
001000000001010101010010110011000000000010000101010101011011011110111011011011111010101100000100
000111111111111100000001000010101011000010000101010101011011011110111011011011111010101100000100
000111111111111001001101101010011111000010000101010101011011011110111011011011111010101100000100
000111111011000101000011101100000001000010000101010101011011011110111011011011111010101100000100
000111110111100000110110111110100001000010000101010101011011011110111011011011111010101100000100
000111110110110001001001110010011100000010000101010101011011011110111011011011111010101100000100
000111110101010100101011101101001101000010000101010101011011011110111011011011111010101100000100
000111110011111110100100100010111011000010000101010101011011011110111011011011111010101100000100
000111110000100000111111100100001010000010000101010101011011011110111011011011111010101100000100
000111101100110100100000001111010110000010000101010101011011011110111011011011111010101100000100
000111101100011011110100101001110110000010000101010101011011011110111011011011111010101100000100
000111100011011010111011110011011000000010000101010101011011011110111011011011111010101100000100
000111011111010010010101101001111111000010000101010101011011011110111011011011111010101100000100
000111011100110000110110110010110101000010000101010101011011011110111011011011111010101100000100
000111010001111010001111011011011100000010000101010101011011011110111011011011111010101100000100
000111001111011001111100101111110000000010000101010101011011011110111011011011111010101100000100
000111001100000001110110010100001011000010000101010101011011011110111011011011111010101100000100
000111001001110101011010100110001110000010000101010101011011011110111011011011111010101100000100
000111000010110101010000011011010011000010000101010101011011011110111011011011111010101100000100
000110111101110110001001111110101001000010000101010101011011011110111011011011111010101100000100
000110111101101110110100111011011100000010000101010101011011011110111011011011111010101100000100
000110111011000100100100111101000100000010000101010101011011011110111011011011111010101100000100
000110110011001101100100100111001011000010000101010101011011011110111011011011111010101100000100
000110110010100011001010011001000011000010000101010101011011011110111011011011111010101100000100
000110110001100000100001110101100011000010000101010101011011011110111011011011111010101100000100
000110101110010000010110010100010001000010000101010101011011011110111011011011111010101100000100
000110101000101111100011100010011011000010000101010101011011011110111011011011111010101100000100
000110100111001011100110100101110011000010000101010101011011011110111011011011111010101100000100
000110100011110101010000011010100100000010000101010101011011011110111011011011111010101100000100
000110011000100101001111110111011011000010000101010101011011011110111011011011111010101100000100
000110010011110010101010010111001000000010000101010101011011011110111011011011111010101100000100
000110010001000111010000000110100111000010000101010101011011011110111011011011111010101100000100
000110001111110011111110000100011100000010000101010101011011011110111011011011111010101100000100
000110001110000100000001100000000011000010000101010101011011011110111011011011111010101100000100
000110000011001001001001111100111011000010000101010101011011011110111011011011111010101100000100
000101111101101110001110110010000110000010000101010101011011011110111011011011111010101100000100
000101111011101011110110011000010100000010000101010101011011011110111011011011111010101100000100
000101111001111110111111101100101010000010000101010101011011011110111011011011111010101100000100
000101110010011111101101100101001000000010000101010101011011011110111011011011111010101100000100
000101101100111100100110101000100100000010000101010101011011011110111011011011111010101100000100
000101101001010110111101000000001011000010000101010101011011011110111011011011111010101100000100
000101100001110000100110000111100011000010000101010101011011011110111011011011111010101100000100
000101011110111101110011110001101101000010000101010101011011011110111011011011111010101100000100
000101011101001101100110001111101111000010000101010101011011011110111011011011111010101100000100
000101011011000011111001010100110010000010000101010101011011011110111011011011111010101100000100
000101011010100011010001010000000101000010000101010101011011011110111011011011111010101100000100
000101011001100010101000011000100101000010000101010101011011011110111011011011111010101100000100
000101010100011011011110000000111000000010000101010101011011011110111011011011111010101100000100
000101010100001101110111110011101111000010000101010101011011011110111011011011111010101100000100
000101001100001010011010011010100111000010000101010101011011011110111011011011111010101100000100
000101001010110101011011101010100101000010000101010101011011011110111011011011111010101100000100
000101000010110001001100100011010101000010000101010101011011011110111011011011111010101100000100
000101000001111010100000000000011001000010000101010101011011011110111011011011111010101100000100
000100111110101001000111010000101100000010000101010101011011011110111011011011111010101100000100
000100110110011110101100100110000001000010000101010101011011011110111011011011111010101100000100
000100100000011010011100100110000011000010000101010101011011011110111011011011111010101100000100
000100100000001111100111111010010001000010000101010101011011011110111011011011111010101100000100
000100011100001000001010010011101110000010000101010101011011011110111011011011111010101100000100
000100011000100000111000001000111110000010000101010101011011011110111011011011111010101100000100
000100010111000110010010101000110101000010000101010101011011011110111011011011111010101100000100
000100010001111111111111100011010010000010000101010101011011011110111011011011111010101100000100
000100001101001111010100010101110000000010000101010101011011011110111011011011111010101100000100
000100001101001010010010010011100110000010000101010101011011011110111011011011111010101100000100
000100001000001110001110000000101011000010000101010101011011011110111011011011111010101100000100
000100000010000011110101100101111101000010000101010101011011011110111011011011111010101100000100
000100000001100010111001011001000110000010000101010101011011011110111011011011111010101100000100
000100000000000011010011011001011010000010000101010101011011011110111011011011111010101100000100
000011111111000100111101100100110111000010000101010101011011011110111011011011111010101100000100
000011101010000101001100101101111110000010000101010101011011011110111011011011111010101100000100
000011100110101001110111001110100101000010000101010101011011011110111011011011111010101100000100
000011100001100011001110011100010001000010000101010101011011011110111011011011111010101100000100
000011100000101010111100011011100010000010000101010101011011011110111011011011111010101100000100
000011011001100101100110101000111101000010000101010101011011011110111011011011111010101100000100
000011010111000011000010110110110100000010000101010101011011011110111011011011111010101100000100
000011010110100111100010101110101100000010000101010101011011011110111011011011111010101100000100
000011010110000110000101101010010010000010000101010101011011011110111011011011111010101100000100
000011001111101000010000000101010011000010000101010101011011011110111011011011111010101100000100
000011001100101111110101001110110110000010000101010101011011011110111011011011111010101100000100
000011001010100010110100010000000001000010000101010101011011011110111011011011111010101100000100
000011001001100111001001001011100111000010000101010101011011011110111011011011111010101100000100
000011001001010010001001100101000101000010000101010101011011011110111011011011111010101100000100
000011000110011110010100000010101010000010000101010101011011011110111011011011111010101100000100
000011000011100101000011100001111010000010000101010101011011011110111011011011111010101100000100
000010111110010100111100111100001100000010000101010101011011011110111011011011111010101100000100
000010111011000001111011011100101100000010000101010101011011011110111011011011111010101100000100
000010111001001011000100110000001001000010000101010101011011011110111011011011111010101100000100
000010110101110000001100011001111001000010000101010101011011011110111011011011111010101100000100
000010110011100010110111100101000100000010000101010101011011011110111011011011111010101100000100
000010101111110001101010011100000011000010000101010101011011011110111011011011111010101100000100
000010100111111001010100000000101000000010000101010101011011011110111011011011111010101100000100
000010100011000001101011111100111110000010000101010101011011011110111011011011111010101100000100
000010100010101000010010110100000101000010000101010101011011011110111011011011111010101100000100
000010100000011111010100111001010111000010000101010101011011011110111011011011111010101100000100
000010011110101010000100011001111000000010000101010101011011011110111011011011111010101100000100
000010011010101101010101110101100011000010000101010101011011011110111011011011111010101100000100
000010011010011001100101111000100111000010000101010101011011011110111011011011111010101100000100
000010001111101101101000000011000111000010000101010101011011011110111011011011111010101100000100
000010001110011111011010111011000001000010000101010101011011011110111011011011111010101100000100
000010001010010101001000101000101110000010000101010101011011011110111011011011111010101100000100
000010000111110000111111001010001101000010000101010101011011011110111011011011111010101100000100
000010000111001010011001110010101010000010000101010101011011011110111011011011111010101100000100
000010000110100011011000111100100010000010000101010101011011011110111011011011111010101100000100
000010000100110110100011001010010001000010000101010101011011011110111011011011111010101100000100
000010000100110000110101101010001010000010000101010101011011011110111011011011111010101100000100
000001111101111110100101111001100010000010000101010101011011011110111011011011111010101100000100
000001111011011000101100001001111111000010000101010101011011011110111011011011111010101100000100
000001111011010100110000110001000001000010000101010101011011011110111011011011111010101100000100
000001111001010100001111110011010010000010000101010101011011011110111011011011111010101100000100
000001110100111001000011001101000110000010000101010101011011011110111011011011111010101100000100
000001110000000011001111100011100000000010000101010101011011011110111011011011111010101100000100
000001101100111111101110000010110111000010000101010101011011011110111011011011111010101100000100
000001101000101011001011100101000010000010000101010101011011011110111011011011111010101100000100
000001100010000111011111100100000100000010000101010101011011011110111011011011111010101100000100
000001011101101101100101000000000110000010000101010101011011011110111011011011111010101100000100
000001011000001011100001011111111001000010000101010101011011011110111011011011111010101100000100
000001010101111001101111001010001101000010000101010101011011011110111011011011111010101100000100
000001010000101101110001001110001110000010000101010101011011011110111011011011111010101100000100
000001001100111110011000100011001110000010000101010101011011011110111011011011111010101100000100
000001001100100101001110111011010101000010000101010101011011011110111011011011111010101100000100
000001001100011010000110001000001111000010000101010101011011011110111011011011111010101100000100
000001001000101101110101011001110000000010000101010101011011011110111011011011111010101100000100
000001000111100001100011111111111100000010000101010101011011011110111011011011111010101100000100
000001000011110010111100100011111110000010000101010101011011011110111011011011111010101100000100
000000111110111000011100100110101101000010000101010101011011011110111011011011111010101100000100
000000111100110110111101101001101101000010000101010101011011011110111011011011111010101100000100
000000111011000001001111110101010111000010000101010101011011011110111011011011111010101100000100
000000111010000011110000010100100101000010000101010101011011011110111011011011111010101100000100
000000110110001011101011011111110001000010000101010101011011011110111011011011111010101100000100
000000110100001011000100001111010000000010000101010101011011011110111011011011111010101100000100
000000101011111011001001110101010010000010000101010101011011011110111011011011111010101100000100
000000011111101000110101001010110111000010000101010101011011011110111011011011111010101100000100
000000011111000110110001111100100100000010000101010101011011011110111011011011111010101100000100
000000011000011111111100110010100111000010000101010101011011011110111011011011111010101100000100
000000010011000001110000001000100110000010000101010101011011011110111011011011111010101100000100
000000001011011100011101110010101010000010000101010101011011011110111011011011111010101100000100
